3 0 150 287 
3 1 193 225 
2 2 181 
3 3 102 236 
3 4 126 271 
3 5 121 231 
3 6 130 207 
4 7 105 186 237 
3 8 158 253 
3 9 135 275 
2 10 217 
2 11 235 
3 12 192 249 
3 13 128 219 
3 14 114 272 
3 15 160 268 
3 16 201 291 
3 17 127 226 
3 18 164 251 
3 19 157 244 
2 20 178 
4 21 140 230 296 
3 22 139 218 
3 23 176 256 
4 24 101 199 270 
3 25 191 259 
3 26 113 190 
3 27 125 242 
3 28 170 257 
3 29 136 208 
4 30 106 228 286 
3 31 146 238 
2 32 179 
2 33 227 
4 34 132 195 293 
4 35 115 173 232 
3 36 162 292 
3 37 163 233 
4 38 149 210 289 
2 39 141 
3 40 159 279 
3 41 171 246 
2 42 216 
3 43 169 280 
3 44 109 185 
3 45 104 221 
3 46 166 269 
3 47 196 295 
2 48 203 
3 49 215 281 
3 50 167 243 
4 51 118 194 277 
4 52 129 209 273 
3 53 151 297 
2 54 200 
3 55 111 254 
3 56 116 278 
3 57 182 239 
4 58 110 211 298 
3 59 154 262 
4 60 120 206 285 
4 61 107 198 288 
3 62 133 229 
2 63 197 
3 64 112 261 
3 65 153 252 
3 66 103 204 
3 67 137 265 
3 68 172 223 
3 69 142 258 
3 70 152 263 
3 71 143 284 
4 72 122 189 267 
3 73 174 266 
3 74 168 240 
2 75 155 
3 76 148 247 
3 77 144 260 
3 78 124 220 
3 79 165 264 
3 80 183 245 
3 81 175 214 
4 82 117 224 299 
2 83 213 
3 84 138 290 
2 85 180 
3 86 119 255 
3 87 156 283 
2 88 188 
2 89 212 
2 90 131 
4 91 123 202 294 
3 92 145 241 
4 93 100 147 248 
3 94 184 276 
4 95 134 222 274 
2 96 205 
3 97 177 250 
3 98 161 234 
4 99 108 187 282 
