27 0 249 80 246 276 290 187 57 79 232 174 241 122 26 3 61 73 42 119 205 292 141 256 94 52 132 183 
26 296 88 259 260 150 156 226 277 128 146 254 268 170 114 283 138 112 12 176 297 231 279 270 293 169 2 
26 168 110 4 286 133 227 56 38 213 281 284 271 177 22 6 25 98 223 55 142 30 251 272 84 257 175 
24 167 108 75 220 193 273 63 21 32 40 185 209 197 190 70 16 196 155 154 262 240 178 77 165 
25 34 41 8 299 210 92 285 44 113 39 28 217 295 27 140 10 124 255 31 182 43 126 135 211 151 
25 85 294 162 95 225 263 261 200 245 230 244 111 191 160 48 101 291 20 51 152 47 143 49 274 130 
22 180 72 7 24 127 15 19 91 282 121 243 23 76 131 45 266 67 215 186 69 9 247 
21 275 103 62 137 74 198 96 172 222 64 158 89 269 235 201 250 104 120 233 153 149 
24 54 148 159 58 218 18 267 224 102 239 50 11 147 90 118 139 238 289 280 17 206 37 189 173 
19 87 134 13 107 129 166 188 29 204 82 236 237 93 5 181 59 97 1 208 
18 216 212 203 136 144 60 53 214 202 207 253 163 83 248 78 71 229 278 
14 184 164 161 105 125 14 86 117 195 287 265 145 288 194 
10 99 171 68 258 81 219 106 66 228 46 
8 116 157 298 35 115 192 100 123 
4 109 199 242 252 
1 264 
0 
0 
0 
0 
0 
0 
0 
0 
0 
0 
0 
0 
0 
0 
0 
0 
0 
0 
0 
0 
0 
0 
0 
0 
0 
0 
0 
0 
0 
0 
0 
0 
0 
0 
0 
0 
0 
0 
0 
0 
0 
0 
0 
0 
0 
0 
0 
0 
0 
0 
0 
0 
0 
0 
0 
0 
0 
0 
0 
0 
0 
0 
0 
0 
0 
0 
0 
0 
0 
0 
0 
0 
0 
0 
0 
0 
0 
0 
0 
0 
0 
0 
0 
0 
