58 110 174 247 358 446 507 574 596 664 739 836 906 1028 1151 1250 1276 1355 1424 1512 1623 1683 1725 1787 1851 1964 2065 2152 2216 2285 2371 2412 2521 2586 2749 2823 2859 2940 3088 3134 3242 3336 3458 3516 3564 3682 3709 3759 3838 3965 4010 4110 4215 4275 4341 4369 4441 4498 4566 
57 0 122 179 253 325 390 504 595 765 860 954 1029 1140 1240 1310 1372 1458 1518 1587 1617 1645 1731 1833 1874 1944 2046 2102 2188 2262 2377 2520 2565 2629 2676 2764 2851 2926 2962 3031 3112 3160 3236 3290 3396 3539 3597 3684 3749 3885 3961 4060 4210 4316 4454 4530 9888 9941 
56 1 142 212 266 370 558 634 725 813 903 972 1043 1171 1235 1275 1357 1414 1481 1562 1642 1754 1841 1915 1976 2057 2117 2179 2280 2418 2489 2552 2626 2734 2834 2886 2949 3033 3083 3204 3259 3384 3488 3576 3633 3721 3818 3917 4054 4101 4177 4241 4302 4352 4443 4539 4642 
53 2 144 283 365 420 513 591 668 785 885 964 1026 1103 1193 1318 1402 1476 1600 1679 1746 1819 1914 2014 2104 2199 2309 2441 2563 2621 2715 2870 2937 3016 3106 3207 3275 3420 3459 3549 3627 3712 3774 3849 3925 3991 4083 4197 4254 4363 4416 4458 4529 4617 
58 3 154 278 354 414 468 585 683 752 776 871 912 981 1097 1182 1232 1313 1453 1538 1618 1686 1759 1894 2013 2165 2269 2369 2447 2604 2684 2742 2856 2920 3004 3086 3148 3200 3246 3345 3412 3512 3591 3710 3830 3939 4000 4085 4140 4251 4309 4409 4477 4504 4549 4591 9906 9907 9967 
60 4 87 173 233 295 353 486 535 599 630 747 849 949 1048 1156 1255 1326 1436 1488 1548 1663 1741 1861 1987 2093 2143 2202 2233 2286 2370 2457 2543 2612 2700 2806 2863 2963 3062 3193 3288 3364 3434 3528 3582 3680 3740 3796 3876 3936 3953 4021 4124 4196 4274 4429 4518 4573 9885 9896 9936 
60 5 124 171 220 252 309 346 456 497 552 655 717 788 877 946 1009 1055 1107 1166 1243 1300 1384 1470 1550 1632 1762 1815 1863 1901 1971 2064 2148 2253 2346 2374 2433 2512 2576 2707 2799 2854 3001 3067 3230 3328 3402 3443 3500 3590 3634 3722 3873 3987 4066 4137 4198 4362 4445 4511 4644 
58 6 115 180 270 367 439 485 565 710 859 971 1050 1131 1216 1301 1374 1469 1533 1697 1770 1884 1936 1996 2066 2141 2210 2264 2342 2405 2564 2608 2698 2737 2803 2918 2958 3030 3064 3202 3282 3419 3482 3535 3603 3669 3785 3815 3921 3958 4009 4139 4189 4219 4258 4384 4434 4528 4604 
59 7 145 237 302 429 462 490 554 624 737 864 922 966 1030 1125 1265 1356 1393 1505 1593 1693 1768 1937 1966 2075 2142 2198 2305 2355 2442 2510 2610 2687 2765 2833 2887 2974 3117 3222 3272 3304 3350 3369 3472 3530 3643 3764 3840 3907 4005 4178 4255 4378 4448 4501 4587 4651 9912 9954 
58 8 99 221 271 336 464 520 572 734 826 926 1057 1088 1136 1230 1325 1376 1471 1539 1656 1726 1859 1885 1983 2036 2129 2217 2278 2361 2468 2592 2640 2743 2830 2933 3000 3061 3126 3196 3313 3363 3498 3565 3637 3715 3865 3932 4024 4097 4180 4225 4365 4439 4515 4632 9951 9960 9965 
55 9 168 280 449 540 618 688 762 850 892 961 1027 1161 1203 1290 1409 1482 1574 1678 1745 1837 1930 2055 2125 2172 2268 2341 2402 2507 2582 2600 2648 2760 2872 2929 2986 3056 3159 3276 3422 3485 3562 3714 3816 3878 3967 4028 4117 4209 4342 4475 4565 4647 9931 9952 
54 10 96 189 276 411 515 601 702 809 832 916 1023 1078 1147 1283 1399 1506 1589 1705 1821 1935 1997 2078 2128 2254 2382 2410 2518 2637 2732 2798 2866 2925 3073 3184 3258 3297 3395 3494 3616 3745 3779 3809 3866 3904 4052 4121 4179 4253 4333 4391 4482 4563 4645 
57 11 156 208 258 356 442 495 588 724 807 856 928 1017 1135 1168 1260 1295 1368 1448 1531 1658 1728 1792 1868 1917 1999 2058 2163 2232 2291 2401 2493 2536 2628 2724 2763 2832 2878 2979 3079 3128 3210 3368 3444 3527 3596 3658 3750 3812 3933 3974 4100 4207 4257 4338 4426 4571 
60 12 140 185 322 381 409 445 570 667 767 841 901 959 1056 1081 1211 1322 1390 1460 1557 1601 1756 1840 1916 2030 2126 2187 2242 2337 2391 2466 2567 2593 2654 2695 2753 2791 2902 2959 3048 3136 3201 3337 3388 3460 3552 3628 3734 3822 3911 3960 4012 4058 4130 4270 4347 4424 4552 9988 9989 
64 13 88 138 199 318 349 424 549 640 715 787 896 982 1077 1212 1281 1416 1465 1508 1580 1631 1715 1767 1878 1951 1998 2079 2147 2181 2292 2375 2439 2544 2649 2768 2819 2941 2988 3018 3068 3138 3197 3232 3299 3353 3447 3533 3642 3698 3777 3851 3927 3981 4038 4112 4162 4263 4312 4390 4442 4595 9926 9939 9943 
65 14 109 223 294 339 441 522 598 686 761 817 884 1063 1177 1296 1332 1375 1467 1510 1584 1655 1694 1817 1869 1958 2092 2166 2231 2289 2380 2469 2496 2562 2602 2716 2773 2881 2976 3054 3150 3281 3375 3450 3517 3585 3741 3829 3877 3941 3996 4035 4107 4183 4247 4332 4430 4508 4554 4597 9917 9918 9920 9932 9978 9985 
56 15 158 235 286 338 440 506 543 605 639 690 744 814 929 983 1073 1170 1286 1350 1417 1455 1542 1598 1644 1740 1803 1886 2042 2173 2255 2326 2378 2438 2478 2596 2664 2779 2869 2951 3058 3180 3248 3424 3479 3588 3696 3772 3827 3897 4015 4150 4236 4323 4417 4496 4584 
59 16 132 246 327 376 503 623 685 741 843 908 970 1053 1157 1302 1377 1478 1572 1647 1732 1806 1879 1927 2027 2076 2138 2218 2277 2388 2448 2508 2579 2668 2727 2801 2846 2913 2992 3065 3157 3229 3311 3400 3438 3510 3557 3619 3681 3820 3929 3985 4095 4126 4192 4286 4339 4420 4463 4522 
52 17 121 172 282 345 434 518 587 650 736 872 921 1040 1095 1181 1233 1311 1383 1489 1547 1634 1737 1838 1920 2020 2089 2225 2304 2344 2421 2545 2646 2756 2811 2935 2997 3087 3211 3296 3413 3537 3578 3657 3742 3879 3915 4019 4125 4259 4361 4476 4626 
59 18 105 184 311 417 499 577 646 694 808 876 962 1038 1141 1237 1307 1381 1484 1555 1724 1749 1844 1899 1977 2062 2132 2248 2323 2379 2432 2506 2559 2663 2710 2787 2865 3021 3135 3149 3214 3352 3429 3568 3617 3695 3781 3810 3882 3988 4032 4175 4265 4317 4386 4446 4483 4542 4577 9996 
59 19 123 201 292 368 425 500 581 649 704 749 803 852 1031 1118 1254 1329 1385 1495 1610 1757 1866 1924 2004 2063 2145 2220 2297 2364 2430 2504 2625 2751 2829 2946 2991 3052 3124 3219 3267 3372 3431 3476 3581 3663 3733 3791 3893 3969 4053 4123 4211 4292 4366 4405 4484 4550 4602 9946 
58 20 137 190 307 401 487 531 600 673 759 874 993 1069 1138 1226 1284 1380 1441 1583 1707 1832 1909 2033 2122 2193 2245 2319 2395 2454 2547 2652 2797 2868 2927 2978 3097 3151 3273 3399 3487 3611 3679 3780 3846 3903 3992 4030 4061 4104 4158 4264 4308 4377 4438 4487 4545 4594 4674 
57 21 103 161 215 300 380 465 594 658 726 795 882 994 1083 1114 1266 1361 1437 1479 1558 1702 1805 1959 2045 2074 2169 2205 2240 2335 2435 2531 2575 2683 2790 2943 3023 3129 3217 3271 3340 3398 3470 3524 3584 3677 3778 3906 3983 4075 4204 4277 4372 4526 9915 9933 9949 9953 
53 22 165 250 324 372 423 586 663 766 822 880 984 1072 1158 1303 1396 1490 1578 1651 1721 1789 1870 1972 2099 2204 2274 2426 2495 2569 2660 2745 2853 2923 3011 3084 3172 3227 3327 3415 3506 3579 3645 3776 3847 3908 4041 4118 4299 4407 4455 4564 9928 9999 
59 23 112 229 314 408 491 556 613 654 799 823 879 947 998 1044 1124 1210 1314 1363 1461 1609 1712 1785 1873 1980 2047 2108 2185 2298 2360 2423 2492 2653 2730 2808 2848 2912 3006 3089 3122 3171 3213 3298 3418 3490 3648 3748 3832 3860 3968 4082 4228 4252 4303 4389 4451 4502 4625 9894 
62 24 127 200 251 320 389 481 606 652 727 820 897 1016 1045 1123 1234 1274 1339 1422 1519 1577 1638 1685 1758 1835 1903 1982 2121 2243 2310 2399 2452 2530 2617 2679 2788 2930 2956 3017 3105 3158 3226 3312 3351 3462 3504 3580 3606 3689 3731 3783 3833 3854 3892 3955 4013 4057 4116 4190 4307 4412 4514 
54 25 94 166 243 369 460 501 708 778 829 902 930 1022 1091 1256 1351 1407 1451 1543 1625 1739 1810 1953 2037 2114 2200 2333 2481 2549 2618 2682 2733 2818 2893 2942 3015 3119 3245 3303 3366 3492 3577 3655 3753 3805 3834 3977 4076 4154 4261 4370 4507 4599 9987 
58 26 80 226 277 386 470 575 684 748 811 878 973 1079 1196 1271 1344 1406 1514 1570 1627 1680 1719 1784 1888 2011 2123 2197 2301 2340 2459 2519 2598 2671 2709 2784 2873 2939 3029 3111 3205 3269 3365 3441 3499 3560 3656 3724 3807 3891 3973 4062 4134 4248 4331 4383 4495 9893 9998 
59 27 136 272 360 433 483 578 633 700 768 851 980 1058 1160 1238 1345 1485 1552 1639 1700 1798 1906 1947 2000 2109 2157 2238 2294 2351 2393 2434 2541 2605 2692 2769 2831 2888 3005 3028 3123 3163 3261 3374 3465 3548 3676 3771 3857 3938 4007 4129 4163 4235 4325 4360 4435 4513 4600 9969 
53 28 95 157 196 275 384 484 562 628 691 750 846 944 986 1076 1172 1247 1438 1503 1576 1671 1761 1825 1925 1990 2052 2131 2207 2328 2419 2526 2589 2688 2847 2947 3069 3144 3183 3329 3417 3518 3641 3720 3850 3975 4087 4203 4290 4335 4474 4543 4593 9908 
60 29 139 193 267 340 431 502 580 676 732 844 910 957 1037 1089 1139 1214 1308 1353 1412 1498 1569 1596 1652 1733 1827 1876 1992 2070 2168 2244 2398 2453 2542 2645 2728 2814 2900 2981 3094 3234 3323 3373 3430 3486 3558 3610 3668 3769 3853 3923 3964 4102 4169 4280 4345 4428 4521 4592 9897 
63 30 160 211 317 400 471 593 660 757 821 939 1054 1150 1175 1253 1288 1370 1421 1529 1597 1654 1744 1843 1904 1988 2041 2112 2156 2215 2343 2467 2540 2614 2699 2755 2827 2885 2977 3045 3139 3283 3319 3416 3454 3522 3621 3705 3752 3806 3868 3959 4048 4089 4168 4221 4322 4444 4488 4535 4579 4654 9947 9955 
59 31 151 242 323 452 542 636 740 875 933 1084 1119 1176 1204 1245 1352 1403 1504 1554 1611 1729 1829 1941 2016 2051 2151 2213 2334 2431 2573 2611 2772 2807 2862 2908 2967 3047 3113 3164 3305 3432 3477 3587 3671 3717 3760 3889 3982 4068 4166 4239 4283 4329 4402 4473 4567 4650 9914 9992 
57 32 120 224 284 362 444 526 616 635 751 800 934 987 1051 1137 1257 1369 1440 1520 1628 1703 1836 1961 2005 2082 2189 2256 2352 2429 2499 2665 2748 2802 2842 2884 2969 3055 3131 3238 3338 3390 3496 3526 3571 3604 3673 3787 3883 3978 4045 4167 4272 4346 4433 4497 4569 9991 
62 33 90 178 234 373 430 478 560 610 698 782 830 870 909 985 1036 1101 1200 1259 1341 1387 1474 1560 1646 1720 1776 1891 1957 2007 2103 2150 2270 2349 2464 2509 2584 2632 2708 2816 2845 2950 3019 3114 3174 3203 3310 3391 3451 3613 3674 3737 3821 3945 4036 4105 4199 4268 4355 4400 4506 4613 9956 
62 34 119 218 291 375 422 521 603 651 784 919 956 1018 1061 1113 1152 1221 1291 1378 1413 1590 1738 1865 1921 1986 2034 2097 2146 2194 2279 2322 2417 2500 2548 2574 2643 2722 2789 2879 2998 3095 3140 3177 3190 3362 3427 3523 3586 3651 3744 3888 4077 4132 4226 4328 4431 4486 4598 4649 9898 9899 9981 
57 35 128 197 260 348 457 524 656 764 883 943 1011 1086 1192 1285 1338 1418 1515 1614 1691 1800 1877 1939 1985 2043 2091 2155 2290 2445 2513 2581 2670 2762 2858 2909 3002 3143 3187 3301 3380 3464 3555 3623 3691 3762 3841 3950 4027 4086 4148 4243 4310 4403 4464 4555 4585 9902 
64 36 93 170 244 319 383 448 493 551 669 742 797 890 967 1102 1149 1264 1312 1434 1532 1586 1672 1766 1818 1945 2059 2130 2182 2235 2327 2413 2471 2538 2588 2647 2717 2800 2883 2961 3037 3090 3130 3252 3285 3330 3410 3468 3502 3575 3666 3707 3739 3793 3934 4016 4127 4171 4227 4324 4387 4468 4525 4633 9986 
60 37 148 192 248 398 496 547 592 666 729 763 833 915 975 1116 1224 1305 1366 1494 1540 1622 1668 1793 1875 1898 2001 2073 2153 2229 2303 2373 2414 2477 2590 2661 2718 2826 2922 2984 3074 3125 3208 3251 3341 3386 3536 3600 3703 3843 3902 3944 4014 4113 4186 4260 4306 4337 4397 4466 4558 
57 38 83 149 228 296 344 437 545 659 771 873 963 1049 1121 1180 1277 1324 1395 1464 1565 1629 1795 1881 1978 2069 2113 2196 2281 2394 2488 2568 2672 2731 2825 2919 3038 3110 3198 3231 3359 3403 3514 3593 3650 3706 3743 3836 3935 4006 4059 4165 4216 4304 4356 4432 4516 4616 
58 39 86 169 227 352 391 436 523 617 723 779 887 1005 1071 1132 1231 1335 1408 1477 1537 1669 1708 1811 1928 2018 2095 2164 2276 2368 2487 2533 2659 2766 2875 2932 3051 3147 3216 3274 3358 3408 3507 3605 3644 3693 3775 3844 3894 4020 4109 4195 4284 4340 4425 4536 4582 9923 9950 
57 40 102 198 239 308 382 427 508 641 713 786 867 958 1013 1143 1199 1327 1427 1462 1513 1588 1637 1723 1802 1850 1931 2024 2124 2175 2353 2387 2446 2523 2571 2667 2729 2805 2914 2975 3007 3046 3081 3146 3243 3333 3433 3545 3728 3802 3863 3930 4031 4115 4220 4368 4450 9910 
60 41 163 230 274 332 407 494 583 701 812 888 953 1001 1094 1155 1209 1268 1348 1404 1535 1633 1673 1748 1794 1968 2039 2139 2206 2275 2359 2524 2627 2703 2750 2898 2945 3009 3060 3186 3257 3322 3414 3480 3544 3629 3704 3761 3800 3862 3926 3990 4080 4138 4237 4319 4374 4461 4572 9983 9990 
65 42 92 164 186 209 313 359 461 529 569 611 675 735 858 938 1033 1087 1178 1227 1319 1450 1527 1612 1710 1763 1839 1938 1994 2060 2119 2190 2250 2296 2416 2501 2599 2669 2704 2774 2901 2960 3025 3118 3185 3300 3381 3453 3529 3554 3636 3711 3773 3831 3874 3956 4079 4146 4231 4330 4388 4453 4559 4614 9977 9982 
62 43 85 176 290 378 416 482 536 584 662 707 756 831 898 978 1062 1110 1159 1218 1246 1323 1371 1497 1541 1670 1780 1852 1902 1952 2029 2127 2224 2358 2397 2450 2517 2597 2675 2757 2844 2906 3043 3071 3137 3194 3315 3383 3437 3519 3572 3662 3738 3784 3852 3948 4063 4176 4300 4376 4500 4603 9942 
58 44 133 191 262 304 341 402 473 539 672 728 824 942 1014 1099 1184 1236 1316 1435 1579 1659 1742 1772 1816 1934 2028 2160 2230 2318 2390 2475 2546 2639 2719 2828 2915 2980 3104 3250 3318 3409 3505 3566 3652 3699 3736 3803 3859 3937 3995 4042 4141 4234 4301 4398 4548 4605 9919 
65 45 106 217 249 334 396 447 546 629 738 804 839 925 1015 1082 1154 1223 1299 1358 1432 1499 1566 1643 1704 1781 1858 1900 1942 2009 2048 2228 2325 2385 2455 2486 2556 2651 2720 2792 2891 3022 3096 3170 3221 3295 3349 3387 3440 3550 3624 3697 3789 3848 3931 3986 4092 4182 4293 4343 4404 4481 4523 4578 4634 9984 
59 46 113 207 297 410 498 590 680 774 862 889 999 1096 1128 1194 1244 1337 1447 1524 1606 1682 1736 1856 1912 1967 2083 2177 2251 2350 2392 2461 2558 2634 2723 2770 2896 2999 3027 3108 3179 3218 3289 3371 3426 3569 3659 3732 3795 3826 3922 3979 4051 4160 4217 4267 4382 4472 4520 4615 
58 47 126 183 281 329 403 530 597 695 783 894 1008 1041 1148 1248 1410 1454 1511 1621 1711 1804 1872 1922 2022 2133 2226 2283 2365 2458 2566 2607 2657 2711 2746 2821 2892 2987 3098 3199 3253 3377 3513 3570 3635 3814 3966 4029 4064 4119 4185 4287 4393 4524 4621 9900 9901 9904 9905 
60 48 101 202 293 387 450 517 602 657 720 837 904 969 1067 1134 1222 1347 1428 1468 1573 1636 1661 1760 1824 1889 1989 2084 2214 2288 2320 2406 2497 2583 2650 2780 2820 2903 2936 3003 3099 3247 3343 3421 3520 3598 3632 3725 3871 3954 4017 4153 4201 4281 4354 4499 4568 9887 9903 9940 9974 
61 49 107 214 328 432 538 653 712 758 881 952 990 1111 1242 1287 1388 1445 1526 1616 1657 1681 1808 1895 2002 2098 2149 2267 2324 2424 2460 2534 2656 2776 2864 2882 3014 3078 3168 3284 3411 3478 3556 3719 3828 3942 3989 4056 4108 4188 4208 4245 4314 4373 4427 4491 4532 4609 9924 9934 9944 9995 
60 50 100 147 245 351 405 480 541 644 714 794 868 940 1074 1185 1251 1354 1446 1496 1528 1630 1690 1750 1786 1857 1955 2023 2068 2159 2246 2315 2409 2494 2620 2689 2738 2822 2973 3050 3209 3294 3357 3423 3457 3491 3612 3713 3756 3804 3881 3940 4070 4205 4285 4320 4413 4510 4561 4653 9994 
63 51 114 216 268 363 466 563 671 792 838 950 1020 1064 1144 1201 1239 1294 1391 1473 1549 1608 1677 1714 1791 1855 1905 2006 2107 2209 2236 2300 2381 2449 2553 2615 2694 2754 2781 2874 2911 3036 3103 3239 3314 3378 3466 3567 3690 3763 3801 3845 3920 3972 4034 4164 4250 4318 4415 4556 4611 9886 9945 9972 
58 52 116 238 301 394 525 621 674 745 806 893 941 992 1092 1215 1289 1333 1398 1546 1684 1775 1943 2026 2137 2259 2356 2422 2437 2472 2514 2591 2712 2812 2861 2938 2982 3075 3156 3228 3324 3360 3449 3508 3620 3685 3726 3880 4039 4088 4142 4212 4364 4399 4478 4547 4648 9964 9973 
55 53 134 273 347 476 548 612 682 773 863 1002 1075 1153 1272 1317 1405 1463 1545 1624 1718 1774 1848 1946 2015 2201 2272 2348 2389 2440 2476 2613 2697 2744 2817 2964 3057 3175 3233 3320 3394 3509 3599 3692 3839 3896 3971 4046 4114 4200 4289 4367 4422 4465 4588 9948 
59 54 117 236 305 388 467 576 692 789 840 923 1070 1145 1190 1241 1346 1429 1492 1530 1567 1650 1699 1769 1834 1896 1979 2008 2101 2158 2258 2311 2396 2505 2606 2678 2782 2813 2907 2971 3066 3166 3225 3325 3407 3540 3646 3723 3792 3913 3997 4069 4122 4184 4262 4395 4493 4583 9938 9966 
62 55 162 263 298 343 404 454 516 645 693 754 801 861 979 1060 1163 1229 1349 1423 1487 1582 1613 1674 1713 1801 1892 1923 2010 2087 2180 2260 2367 2465 2525 2603 2706 2783 2860 2944 3032 3076 3173 3292 3335 3471 3559 3618 3718 3819 3901 3962 4044 4099 4136 4172 4279 4326 4452 4560 9881 9882 9971 
59 56 89 255 306 374 419 527 642 705 760 911 965 1025 1046 1104 1183 1315 1397 1507 1559 1615 1730 1783 1854 1919 2061 2134 2167 2261 2347 2411 2515 2601 2662 2714 2793 2849 2985 3115 3155 3260 3385 3515 3574 3630 3688 3794 3928 4043 4096 4156 4224 4266 4344 4396 4490 4540 4607 4623 
58 57 81 155 240 371 474 567 665 719 772 818 927 1010 1112 1219 1340 1426 1517 1602 1653 1717 1782 1828 1926 1962 2012 2085 2120 2222 2284 2376 2463 2555 2585 2713 2809 2880 3024 3120 3189 3279 3361 3425 3446 3534 3683 3798 3884 4049 4133 4214 4269 4375 4503 4627 9883 9921 9980 
59 58 98 188 264 337 392 435 553 643 709 781 848 932 1034 1117 1280 1321 1382 1483 1591 1716 1807 1880 1948 2056 2105 2192 2263 2329 2420 2485 2641 2685 2775 2897 2966 3039 3109 3152 3220 3306 3376 3393 3436 3561 3639 3686 3817 3918 4018 4067 4135 4240 4297 4353 4456 4541 9927 9935 
64 59 91 187 256 330 412 492 514 615 677 731 835 917 976 1066 1133 1220 1309 1394 1475 1561 1640 1688 1734 1778 1831 1933 1984 2038 2115 2170 2252 2312 2383 2498 2560 2631 2726 2778 2835 2889 2953 3020 3070 3182 3263 3309 3397 3511 3607 3667 3746 3811 3858 3914 3943 4002 4050 4187 4282 4351 4460 9895 9911 
54 60 135 205 289 361 451 509 550 627 696 810 869 1000 1108 1167 1191 1225 1330 1420 1516 1619 1665 1722 1809 1918 1993 2094 2183 2241 2363 2451 2522 2595 2693 2771 2857 2990 3101 3178 3249 3326 3404 3563 3653 3729 3900 4040 4161 4313 4401 4479 4586 9891 9892 
60 61 146 232 366 453 528 608 697 798 886 945 1035 1169 1188 1263 1334 1386 1443 1620 1709 1777 1845 1940 2090 2239 2273 2357 2444 2511 2561 2638 2740 2796 2904 2996 3100 3192 3235 3280 3339 3473 3553 3649 3708 3788 3887 3998 4120 4181 4294 4327 4414 4447 4485 4531 4596 4659 9961 9962 9963 
58 62 141 194 285 326 426 512 579 637 755 866 900 977 1120 1197 1292 1359 1379 1534 1605 1675 1853 1897 1969 2031 2086 2191 2308 2400 2491 2619 2681 2759 2838 2917 2970 3049 3121 3191 3255 3302 3355 3448 3495 3541 3640 3755 3837 3890 3957 4022 4157 4273 4392 4440 4538 4628 9957 
59 63 150 203 303 455 566 607 647 733 815 865 937 1007 1068 1142 1186 1297 1364 1415 1466 1553 1648 1743 1814 1867 1973 2049 2135 2234 2339 2427 2482 2550 2636 2739 2840 2955 3102 3181 3206 3287 3392 3463 3525 3602 3678 3754 3855 3976 4093 4128 4174 4232 4296 4381 4517 4557 4635 9970 
61 64 153 254 315 357 463 537 689 753 828 924 989 1039 1100 1122 1198 1304 1401 1502 1603 1696 1765 1826 1954 2140 2223 2287 2321 2366 2474 2529 2577 2616 2701 2758 2855 2910 2965 2983 3042 3093 3167 3244 3308 3379 3467 3547 3625 3735 3790 3842 3909 3947 4011 4106 4151 4298 4449 4512 4620 9916 
58 65 167 287 335 477 589 681 769 854 955 1065 1126 1205 1252 1298 1367 1430 1493 1595 1687 1753 1823 1911 1963 2080 2171 2221 2293 2354 2425 2483 2570 2624 2655 2690 2810 2850 3008 3077 3132 3256 3307 3405 3469 3595 3654 3757 3924 3984 4033 4170 4222 4305 4349 4436 4509 4606 9937 
59 66 104 175 310 379 459 561 622 718 805 845 948 1024 1109 1213 1270 1342 1459 1564 1635 1747 1860 1975 2054 2096 2212 2266 2336 2443 2554 2674 2735 2804 2877 2957 3035 3092 3165 3212 3240 3286 3316 3382 3497 3592 3638 3767 3808 3895 4004 4071 4155 4249 4379 4419 4505 4580 9890 9979 
60 67 181 257 350 421 519 571 609 716 780 816 935 995 1052 1098 1164 1261 1343 1449 1509 1556 1607 1662 1752 1797 1864 1907 2019 2154 2203 2295 2384 2462 2484 2587 2658 2736 2841 2921 2989 3053 3107 3169 3293 3346 3474 3601 3700 3766 3870 3899 3946 4047 4143 4206 4271 4380 4470 4537 4612 
61 68 84 159 204 259 377 438 532 564 614 679 746 793 905 968 1012 1080 1130 1179 1269 1360 1480 1544 1594 1667 1755 1847 1908 1995 2035 2136 2195 2249 2307 2428 2532 2630 2666 2752 2867 2948 3072 3154 3188 3277 3348 3445 3532 3573 3661 3782 3875 3949 4055 4084 4149 4230 4311 4418 4494 4608 
59 69 118 210 331 399 489 568 631 790 899 988 1090 1187 1306 1400 1457 1522 1581 1660 1735 1799 1910 1950 2032 2081 2219 2316 2408 2490 2539 2635 2680 2785 2839 2899 2972 3044 3085 3141 3262 3332 3401 3442 3551 3615 3660 3770 3824 3898 4008 4090 4147 4233 4291 4371 4421 4480 4544 9976 
56 70 125 195 261 395 458 533 620 687 721 819 907 960 1106 1165 1278 1411 1551 1599 1701 1751 1813 1890 1965 2044 2118 2161 2265 2338 2473 2502 2594 2702 2795 2905 2954 2995 3041 3176 3268 3347 3435 3531 3609 3687 3765 3864 3910 3951 4072 4173 4242 4358 4462 4546 4663 
55 71 97 152 219 265 342 428 505 573 661 730 802 855 931 1021 1115 1228 1328 1431 1523 1689 1773 1846 1956 2021 2071 2144 2211 2302 2345 2456 2557 2644 2741 2871 2931 3040 3080 3142 3195 3264 3334 3481 3589 3672 3799 3869 3993 4098 4229 4334 4437 4533 4601 9909 
62 72 82 177 222 316 443 510 555 632 678 770 834 914 1003 1085 1162 1206 1282 1389 1456 1568 1666 1698 1779 1820 1871 1970 2040 2072 2111 2184 2271 2332 2404 2527 2580 2725 2837 2916 2993 3116 3162 3224 3367 3452 3626 3665 3716 3751 3786 3813 3919 3994 4081 4111 4152 4238 4276 4385 4457 4553 9922 
65 73 143 269 413 544 626 711 796 853 913 997 1059 1173 1258 1331 1433 1491 1571 1604 1706 1771 1849 1913 1974 2053 2106 2237 2306 2386 2503 2572 2642 2705 2794 2876 2928 2994 3063 3161 3270 3321 3370 3406 3461 3483 3521 3622 3664 3758 3861 3916 3963 4037 4074 4094 4191 4223 4288 4350 4408 4471 4562 4619 9884 9959 
58 74 111 213 288 385 418 559 638 743 920 996 1127 1207 1249 1373 1444 1500 1592 1692 1796 1882 1949 2017 2067 2162 2247 2317 2407 2480 2516 2633 2691 2786 2852 2895 3010 3091 3223 3265 3342 3455 3493 3538 3594 3701 3823 3867 3905 4003 4026 4193 4218 4359 4459 4534 4581 4655 9993 
56 75 131 206 333 364 469 511 625 706 827 891 1019 1093 1195 1293 1362 1425 1472 1536 1641 1695 1822 1862 1929 2003 2088 2176 2313 2403 2537 2622 2696 2761 2890 2968 3059 3153 3241 3317 3439 3484 3542 3614 3694 3797 3912 4025 4103 4202 4256 4348 4394 4467 4527 4576 4643 
55 76 129 241 321 415 475 534 699 825 895 991 1032 1105 1202 1273 1336 1392 1521 1676 1812 1883 1981 2100 2178 2314 2415 2528 2623 2677 2777 2894 2952 3012 3127 3254 3331 3489 3543 3647 3702 3835 3952 4001 4091 4131 4194 4321 4410 4489 4574 9913 9929 9930 9975 9997 
60 77 108 231 312 406 488 604 648 722 777 847 936 1042 1174 1217 1267 1419 1452 1525 1585 1649 1727 1788 1830 1893 1960 2077 2174 2208 2282 2331 2362 2479 2535 2686 2824 2924 3013 3082 3215 3278 3354 3475 3546 3675 3747 3825 3886 3980 4073 4145 4213 4295 4336 4357 4423 4469 4589 9958 9968 
57 78 182 299 397 472 557 619 703 791 842 951 1006 1146 1208 1279 1365 1442 1486 1563 1664 1790 1887 2025 2110 2186 2257 2330 2436 2551 2578 2721 2767 2815 2843 2934 3034 3145 3266 3356 3389 3456 3503 3608 3631 3730 3768 3856 3970 4023 4065 4144 4246 4315 4411 4519 4570 9925 
58 79 130 225 279 355 393 479 582 670 775 857 918 974 1004 1047 1129 1189 1262 1320 1439 1501 1575 1626 1764 1842 1932 1991 2050 2116 2227 2299 2372 2470 2609 2673 2747 2836 3026 3133 3237 3291 3344 3428 3501 3583 3670 3727 3872 3999 4078 4159 4244 4278 4406 4492 4551 4624 9889 
