21 2735 1335 6663 4143 6916 6228 5868 1866 741 6658 7114 2718 5284 3242 6153 7992 5057 611 4490 7953 6487 
30 6689 6466 3549 8962 7109 8274 9180 4643 715 1407 1248 6163 6932 3811 9611 6764 7788 7651 3570 5427 1395 8966 6104 2933 3198 995 5138 5545 6505 3984 
25 3090 7429 7499 5716 7401 622 4214 1066 1273 271 4693 3170 1803 7483 1885 7449 2903 5850 5951 9342 8972 8900 3492 6968 9999 
11 1209 7928 4307 6381 9563 7028 9052 2784 3608 5352 7773 
23 5018 8878 580 7846 9190 5006 823 6475 6662 2314 2368 3086 2088 2394 7566 9793 8036 1425 603 3558 5842 1452 6690 
18 9313 2356 4637 2559 585 5424 2313 7455 1353 9670 864 1651 1421 8088 8397 7304 4817 8046 
16 2519 7957 474 4842 1560 7329 8728 4546 6558 318 313 3936 7813 9921 4614 8684 
26 549 6541 1724 7862 3119 6669 7014 4406 5042 7849 5180 1182 4629 4898 974 1152 2493 3642 3587 9296 4745 5889 9067 390 6991 3286 
22 4525 8773 7940 6352 1967 9043 1501 1448 614 7396 6431 1011 312 3244 3609 1824 7744 7261 9756 1064 2704 1619 
19 5934 4618 8758 3430 7709 1530 7226 7019 4656 7103 6580 1686 5156 5511 3116 9754 9919 3234 6610 
19 4679 1949 3565 1693 9353 9246 709 2076 6426 3865 847 3507 2693 1435 4961 9911 8634 1445 5573 
39 88 5497 187 6198 4058 7929 6199 7140 6493 8406 6849 5034 113 1838 7379 4965 4714 1531 4343 4357 4009 6674 2279 7385 1780 4582 94 7974 8153 420 3125 9467 8626 5364 759 6461 4350 1360 4732 
25 2465 3307 2135 5769 6039 7926 8228 2808 2438 683 9408 2495 434 6146 613 9798 8132 5897 3681 4473 9850 1404 1576 2457 2253 
34 519 1776 8950 8489 5304 567 2917 2695 9402 7471 3294 9951 3249 2904 3029 7282 8189 607 3215 7043 1561 6251 7653 5416 9524 2825 1936 31 2007 3185 4760 6944 2318 1653 
25 4309 9325 7965 2432 9679 8520 8086 8459 7398 3067 961 6418 3368 6454 4016 6425 1735 364 9750 1262 3792 3884 707 4023 4865 
7 5970 672 6031 7097 1817 4476 2563 
20 4839 6277 1543 677 6695 3743 606 3607 8204 489 7108 7113 4853 2541 8753 5410 3665 8818 7335 3237 
36 5324 713 2986 7799 6724 2944 9636 493 4815 2320 2061 6480 8237 4930 5582 7718 6733 8498 9318 3247 2400 8905 3186 7022 5916 123 1419 4780 3956 4993 7219 2628 1156 3975 2227 859 
22 719 1977 6956 2635 2738 7643 5619 9130 2769 3305 4211 541 1218 2923 5804 2732 5832 2851 6520 556 2070 9451 
18 423 4008 2720 1135 9231 2654 8051 4454 6267 6773 1877 54 2361 1662 587 1809 6191 4310 
31 5335 8175 5445 2247 3555 9291 2316 3276 7993 6740 5377 3193 6793 2109 3352 8909 6306 8961 4581 2705 281 2650 8242 7473 1990 1035 1375 7136 3115 9865 7834 
45 4758 3817 2576 2941 5299 3371 4687 1113 3168 4635 4387 1013 166 7840 7665 1365 9132 7883 9799 3462 6987 4888 6605 5329 2033 9103 1383 7939 3594 4773 3506 8476 4738 6933 1144 1379 2579 7338 4116 9918 8443 3871 4185 6533 7855 
23 3580 8102 3655 8731 6877 1489 9267 9890 6786 3138 8637 8715 3291 1416 2966 2534 2046 299 8790 1258 3730 994 7649 
25 6252 984 3697 9556 326 8224 8486 4123 3315 3829 3613 6429 8533 4188 8621 9074 8109 3165 6760 9257 8048 6158 8908 562 4568 
22 1867 9675 8395 920 4742 6780 157 9207 7889 5237 6952 3575 2975 4056 4428 6327 7347 2486 3809 3310 5629 9196 
10 6822 7070 8840 8420 5649 3475 1860 5457 1048 1339 
8 1178 1111 9604 4958 9487 9920 5885 6544 
14 3055 8477 9121 1411 6801 1 5459 7059 8199 7722 5190 5438 6693 3931 
10 8890 9579 6363 3604 3766 8971 7184 3020 6349 7214 
33 6002 4855 4059 5300 9550 3468 8324 596 1369 4327 8030 6446 2118 9874 5039 6000 8624 4400 2719 5552 4299 3980 8360 426 5482 5607 4118 4492 559 9290 1730 2487 9404 
15 8292 9449 2031 7435 2036 1352 5779 7466 4937 881 947 7195 7262 2990 6591 
37 7475 5086 1315 268 9084 6654 2774 8736 7088 7561 5971 3554 69 9684 9195 9923 2810 4639 6925 2882 3117 3075 5389 7397 1786 3684 4612 7897 2097 2655 8240 2879 2002 5784 5454 79 1086 
19 5235 3988 5341 3692 6815 9733 8559 3471 9852 726 4071 1524 9633 5054 9345 9845 3770 2324 1880 
41 9409 2883 7956 117 5161 8509 3025 9685 6656 9820 2942 4537 6473 8823 3512 3149 8796 1587 2640 2771 817 4749 8536 4828 1834 4371 6235 3145 1670 345 6542 2059 60 3140 9781 9448 2454 888 2746 2880 4795 
25 2920 2015 211 5426 2388 5875 5514 601 5373 4032 3962 9428 1959 262 573 2945 953 2149 7785 5595 5010 7878 8137 7393 5790 
38 4094 1097 5860 273 769 3167 8564 6044 789 7314 1640 8902 951 4384 3354 9089 2745 4787 8440 5556 714 3231 2274 7082 7532 2269 9509 2494 3423 6007 1403 2211 4778 4916 3440 910 1740 9088 
18 3629 1305 8670 3767 7003 8248 6050 5030 644 3019 1906 1643 9568 6177 2868 7603 4192 5127 
24 9752 3869 311 5954 3451 4497 6741 6034 4064 4871 9187 8244 6460 3915 8554 2150 3977 4997 2932 5918 3155 9041 1744 4321 
40 6670 29 3444 700 7064 4346 6783 9020 3546 9003 5060 9935 1970 9503 6450 8713 7574 141 640 1913 4150 9322 8749 1217 7697 2311 2156 5542 647 2943 3087 7826 7388 783 9168 8613 7978 9024 7358 8770 
43 1757 7952 3030 6767 6901 6900 7186 8739 109 6420 4003 7434 1843 4882 5698 1655 3403 9357 8026 8574 8419 6728 6436 4634 3981 4942 1886 7735 9822 4152 4265 8013 4382 4917 6423 4151 132 6592 7803 2666 4165 8276 5953 
19 5440 6961 8675 4601 3321 3774 5570 2844 8427 9443 858 3106 7290 648 6242 8311 4277 6997 2210 
28 9514 222 2571 2008 4788 1227 658 9864 3338 8323 7546 3261 8871 3846 4638 7662 6830 2860 798 3911 6136 8221 6761 8716 3679 8001 729 4305 
27 563 8973 560 4481 2187 6357 782 6283 8416 6905 4119 933 5155 5062 9518 878 6775 5786 971 3000 4971 4963 4077 1333 7382 2816 3388 
16 7657 4494 4894 7227 7671 8810 6230 5623 4697 3383 5119 8884 8269 2862 7371 1247 
22 8708 4435 9619 9626 8698 9698 3564 9305 7141 2788 7864 457 7373 4233 950 5858 8610 9159 9381 6274 7298 2346 
32 9847 9283 9581 2327 3457 6843 666 2184 9018 1443 2335 3079 1982 670 9039 8366 8525 1171 4459 2139 8140 6759 8907 3098 9307 5775 8925 9432 1881 6074 2878 9811 
12 9913 502 846 1634 267 2831 5267 3439 3760 6644 2030 9849 
33 9976 1105 5756 5678 6380 9628 2075 3773 7812 777 9062 8937 397 6996 9547 1165 5249 1714 7121 3725 4215 4498 8579 1611 8441 1249 2035 5274 3026 7416 1892 4315 9387 
6 4078 8342 7716 8231 8969 6960 
27 8310 9888 1005 9979 957 5693 5027 1323 3176 6263 5425 8426 4493 8421 4398 989 2898 7679 1325 40 3992 5908 1541 7590 3331 8336 3341 
24 303 7040 8703 4495 8179 1414 7687 5381 1625 3358 8394 4517 5544 1878 9794 1726 1909 2363 8337 391 840 6246 6492 1136 
27 1138 7399 3281 7911 4536 1438 2838 4583 8277 873 3292 5532 4092 7411 454 3206 7593 7027 21 5011 1173 9271 6943 6365 265 1718 3274 
21 7013 8345 85 8560 4893 3290 7351 2875 5372 7294 4210 4191 1107 2692 294 6514 8726 7723 3097 5798 8012 
28 9707 9216 3855 7229 6269 734 1879 9996 9144 9965 248 2982 9171 6529 8915 4274 6164 5562 3330 5450 221 7202 3595 2188 7374 4402 8080 3064 
14 7861 372 3103 2912 3253 1888 8484 3239 1406 5598 8104 4112 9927 5891 
28 5192 7913 5359 849 6927 3531 2333 6279 9980 7770 3754 4566 112 3351 7498 4082 3187 446 7480 2223 7378 307 4611 9668 4252 5390 1887 4383 
26 7463 3578 5679 5913 8981 2192 4584 1289 7354 6709 8738 6443 4110 9727 6640 1049 8358 534 6992 3484 4925 5597 3562 8744 8163 4186 
16 3696 9109 5491 8843 720 2011 5385 9872 518 6036 2308 9099 7100 5195 1574 9910 
24 4377 8518 2949 4379 6633 6456 7129 9463 4255 6851 4421 3420 4807 1023 7291 9040 2533 8095 4983 5883 1680 9993 4268 8267 
10 6412 1040 7468 3246 4994 9301 4691 955 4242 4662 
27 3442 6831 2020 7640 554 4066 3311 4648 3409 7585 9925 7153 6174 9399 1366 3434 5470 690 7702 3480 472 1822 263 2659 7008 2090 1507 
18 6403 208 4101 7512 1079 4605 2731 9678 897 7086 7779 4052 3488 1408 4695 325 7002 8216 
12 3156 7119 7293 5902 5387 8262 5245 8786 7810 4720 9680 3202 
5 2384 7194 7832 2740 5059 
24 9393 24 3693 19 7020 7346 5250 7065 5317 6416 7012 2085 6948 2636 6791 5834 652 9059 9438 7221 163 8891 1542 3035 
23 1515 8640 4098 9523 3667 6139 8965 9392 5097 1622 2841 4800 1904 4640 6528 9739 3243 4000 9600 4922 7964 5125 2138 
26 1992 297 5402 9411 2603 5881 1269 9011 2511 41 6705 3112 5371 7139 1606 331 1788 4272 6934 5339 7955 2287 1290 1958 2252 8947 
20 6807 3654 5384 2189 8475 6495 2047 9279 149 1116 3273 9434 5741 8633 1698 1205 1951 9971 5046 2492 
35 375 6160 5343 3005 6607 4575 209 1794 5182 2523 8785 2817 3818 8629 1260 2589 4087 3661 3939 7551 6156 7786 7096 6683 4564 9500 1164 6995 107 7667 1663 5647 6500 6569 9215 
20 8329 84 6424 8587 190 9473 8783 8020 6649 739 8029 977 1835 2857 1564 2969 9284 1934 4628 2939 
12 9140 1528 1563 3325 6818 3906 8111 8998 115 5840 9489 6285 
17 6706 445 4090 61 9901 6404 9137 2123 2026 9640 3990 1399 4811 9115 5408 6964 4538 
15 5717 6965 3008 7711 1192 9021 1548 4509 1187 831 9391 7615 4338 4683 2038 
10 768 1773 7116 2278 2736 6521 8461 9277 4779 9311 
21 2869 4829 5815 8743 8767 740 4591 3277 6386 8288 217 8097 264 4174 1484 5549 9719 3922 2606 70 4041 
9 6115 1833 1664 5222 2507 8302 7210 8967 7376 
15 568 1993 4644 7534 3073 6744 3536 5687 3504 171 9308 5937 8503 9025 3347 
16 55 1978 3647 5475 1292 547 6077 5326 3703 1720 3762 5524 5493 8913 4374 9005 
22 4948 8458 1024 513 6634 1326 3038 6068 8521 3532 5777 5743 7075 1706 5661 8424 2873 3781 7395 9203 1254 8789 
3 5406 2418 7678 
6 583 8184 2128 4347 7316 6190 
14 6321 6378 1926 6886 3195 5677 6315 2404 7767 7904 8802 185 5707 1216 
13 7877 2429 6912 2132 1179 3062 2557 9657 9490 7627 4746 959 8253 
11 8578 2480 9341 6567 6548 3300 2552 7842 2978 9181 5979 
26 610 2828 3245 9090 7319 8586 4223 2928 1186 1797 1100 6809 7562 7081 6238 7359 7995 9223 4700 1095 2595 9960 3503 6632 6400 5592 
16 7318 8213 6502 8787 477 5727 4706 3601 5808 245 8573 1674 8346 4794 2570 2573 
16 4586 3333 6745 4017 5553 6397 6432 4600 4542 7517 366 6606 6715 7489 4095 8712 
27 6694 3049 9347 1384 696 1973 3534 2667 8616 4250 2994 528 1941 4701 1919 6355 2127 9955 6895 5731 9942 6045 3369 6701 9119 44 2170 
15 219 2176 6154 5789 1753 1291 7216 6194 8781 6899 4753 5175 9599 5896 8607 
29 1815 3410 5227 3918 1609 3236 8209 8435 874 6029 2717 2330 1203 3428 3433 4144 3299 220 1615 5401 5257 7038 2953 868 5414 4308 5331 6869 2993 
26 8271 7188 4475 5818 3579 5358 1734 5990 8157 9815 9804 4673 4376 1580 4352 3750 6926 1034 4881 8845 3890 8452 3337 5508 1202 4622 
28 6361 2531 1447 3826 6884 6200 7196 6630 8079 4944 9949 5941 9889 2057 7062 7006 3894 2093 6707 2340 8218 8478 9034 3350 7305 8340 3028 8572 
21 6913 4984 4885 2742 1689 2791 7102 7787 5748 6270 5602 6825 7732 368 932 4626 430 4790 9304 231 2658 
29 394 1194 6189 4867 7631 1792 8989 6647 9702 9105 5031 255 4433 2768 2004 9017 2753 2872 5625 226 4567 2730 5149 5778 3417 4606 2529 8232 5697 
16 1332 4877 3147 3986 1914 2473 6679 8245 1322 2310 2373 7348 1661 5874 7485 4022 
9 2296 9405 8425 6123 9452 7948 5653 1478 9885 
18 1883 8149 5213 5948 3208 6110 1251 7117 730 8370 448 3830 146 9819 2250 9297 993 7110 
9 6794 3257 5480 362 2488 9253 257 2491 3857 
7 3708 7924 8428 1603 7809 5272 6889 
10 8227 1582 2909 7073 6049 4162 3214 5806 4972 3559 
25 9046 8158 4414 1874 2209 514 4543 9789 1275 4549 3896 6530 8357 363 2469 5229 4974 6341 6010 6539 2961 3048 1380 6258 9829 
14 3527 1605 4781 2536 7357 7325 712 6464 5095 7402 3819 9759 3631 5179 
31 9166 1170 3596 9985 2881 5089 6206 4405 1311 106 9620 8932 3854 4104 1902 1861 8819 332 9624 6303 9006 651 4367 8528 763 8717 3644 662 5435 8463 3349 
16 4873 2297 6910 8918 6856 592 5350 7497 576 3801 134 6586 1925 6955 298 7519 
15 8630 1492 5991 8598 8457 5630 6691 7509 4946 7095 7264 2728 2175 1056 630 
34 5218 2424 7891 2605 150 2973 1550 1518 3557 2896 3782 3258 8952 5140 6014 3010 4692 2052 6094 7071 9126 6233 4488 6867 667 2905 7814 1898 7315 8363 8222 4393 8939 8171 
21 1228 6485 2714 1637 1002 3685 5540 8933 2025 283 153 3763 5171 7280 1991 5033 1347 6687 8707 3478 2764 
9 5615 2233 945 3424 8848 2782 6536 168 5982 
37 3540 7553 5487 9768 4164 5017 8434 8085 6338 1508 4154 9075 4404 2422 6584 8504 74 8534 5694 2065 8539 9821 2137 2560 4486 6130 4114 4122 548 4189 7845 4261 3523 913 8808 2130 6828 
13 1784 3197 9406 5393 2293 1121 4717 5008 4403 6790 4176 4513 7147 
23 1512 2748 6752 4208 2079 3947 8348 3490 7792 4035 2077 8772 2639 1193 8617 767 2760 4768 6253 7179 4237 9076 7621 
15 2166 4959 6457 3651 3329 3891 4467 174 8235 5419 1858 9614 124 2625 9736 
38 7612 7320 9128 8021 9559 2426 4202 7567 3196 2641 3058 3105 1142 9527 5310 5135 5907 5076 7873 5158 7501 1125 4512 6344 824 7486 7386 3815 2054 5785 731 195 5703 2617 2251 5463 9533 9532 
25 8557 1630 3640 8699 7927 498 8991 7934 2751 25 7063 3059 4322 7107 8186 5671 6524 3063 6351 6330 7954 5051 7123 710 3224 
14 9649 2357 6377 7854 8946 8126 5242 6368 3715 4501 522 5068 5652 8120 
38 7156 6150 8784 825 7870 5732 9666 617 6026 2377 772 2121 5626 2513 3946 357 7197 1255 3645 6413 509 3293 1277 4621 1446 3832 4457 1552 9862 165 3415 7001 9876 2623 3107 1226 5476 1950 
21 8290 2147 9104 7465 3680 3334 2787 1644 6648 7876 9836 369 2504 214 5484 1850 139 5590 6140 2811 835 
10 8024 2512 2915 206 482 3148 5955 4624 2660 7391 
26 7287 7180 6747 5332 2439 3163 2144 7099 7921 4849 8887 5099 3568 7547 2733 1798 8866 6614 5157 7831 8349 8123 7311 980 9227 3517 
25 8711 867 5045 8494 8800 2228 5050 9407 9900 1656 6802 3387 3081 8500 7238 7981 304 9145 7084 4926 4157 5423 5348 5987 3514 
31 6135 7198 8449 5049 8254 9492 5699 9610 7683 7637 5535 4285 3566 9647 2043 7312 1937 8481 5610 8935 9762 2226 4900 8895 205 7032 3543 7996 5836 4978 4399 
10 1372 699 902 4260 8462 7224 5721 3833 853 4887 
19 6329 7230 9544 5654 5369 5554 435 2198 442 5724 4585 3319 3694 8605 3926 4178 3042 9211 9069 
25 2538 9191 1984 3951 5510 1852 9602 8447 4666 9944 9100 8791 6985 1676 8160 4278 7474 261 8669 235 4739 1096 8780 5961 5478 
22 8055 7704 6168 6053 5295 4029 2105 6208 3905 7301 3345 8551 2613 9734 3150 7352 733 2024 7222 8286 4235 3207 
22 3758 6304 5112 5771 6360 3921 7248 47 1252 5285 4588 2186 1128 5772 5131 6675 664 5749 2243 2750 452 8865 
27 5113 2006 2143 3459 6307 4437 2401 9769 9805 4661 2626 8376 992 1175 8037 8951 2140 4024 7682 6880 5021 9963 1956 6384 4553 8100 9854 
14 627 328 3024 2681 7804 2749 4425 787 1849 4339 5531 9259 1540 9499 
28 1593 2899 892 2963 1030 128 9274 8073 4836 2343 5957 3761 9871 2478 1286 4333 3917 201 2427 3419 4859 6976 3283 4783 2371 9555 7577 3158 
9 4511 6455 9459 6441 1374 8106 4129 2208 1336 
22 2436 9412 9595 3017 6951 5620 9385 895 6261 1143 6980 8822 6720 8894 6954 9898 6250 1115 7968 1306 5443 7133 
14 6735 6159 4665 8548 8198 5710 1054 8059 6155 5917 5263 4302 9954 7568 
38 1090 9974 6924 9691 2690 8653 4953 5214 9947 2927 9065 66 4677 2122 618 5268 2086 6727 5217 6827 4541 7582 1463 9086 5277 5346 5321 2344 747 9775 9446 7739 4418 794 2196 4484 1293 2853 
22 842 3160 4170 4184 5507 9830 5996 172 3605 8835 6601 2600 7494 4441 5279 8766 4645 137 694 5102 8565 6527 
14 7575 9366 8592 8944 2965 1704 2091 3235 6796 7721 5412 3959 4203 2586 
27 5572 5466 481 2711 5887 3779 6989 1106 9457 4163 8644 6218 1700 1523 3952 819 7328 929 727 8570 5621 2616 7408 8070 3229 7356 2307 
16 7104 7677 4194 1267 7867 9282 9483 788 4631 6700 3002 12 8141 6358 3184 5828 
19 400 2957 8774 3066 7668 3795 7438 135 674 2212 101 5936 6057 3688 6080 3664 9309 8874 8543 
37 7451 5856 9255 1955 3866 277 6742 6749 4115 6652 7428 4485 1491 8309 3623 1660 821 9729 3054 8298 7337 5421 7326 6292 894 7966 738 6653 9193 3465 1594 2689 8364 9747 8714 5819 9573 
20 5744 9851 9813 9306 6875 3317 7710 5751 8128 3732 7580 6359 8860 3082 2290 5120 6134 8576 826 4471 
25 3384 8792 854 35 5662 7762 6746 8159 2174 8691 8446 7446 7394 4852 5919 3864 7844 532 8162 2073 4057 108 7138 4803 8131 
20 8566 1363 4935 199 6711 7994 4088 6280 1460 1415 645 9177 8988 2037 2565 3470 1235 8110 1682 3491 
31 2106 3849 7768 8803 615 8614 4940 1324 7912 2072 7628 6757 4213 7209 5040 4204 4443 1804 126 1519 1166 286 4251 8778 8060 8322 7295 8165 3324 3134 1288 
33 315 6804 2566 200 5746 802 6392 419 9116 7442 965 3181 2900 8945 4270 7172 230 7857 2443 5004 3447 946 814 2396 333 7945 3018 9339 2125 1274 3336 7157 4580 
15 1635 4455 1697 4011 9848 4864 5938 1103 110 7023 3971 7349 9639 1472 8861 
33 3104 1869 1527 3603 3842 95 3047 1386 1272 2937 8882 3721 9912 30 4658 5212 3574 8063 4857 2931 5882 7034 9531 3308 2237 451 6278 4812 4757 5599 3856 5682 4013 
15 9087 5517 6192 5983 5098 8305 1487 7350 6723 2929 3254 9931 8980 4955 9536 
7 2520 3572 1778 6904 5862 1163 5513 
27 5500 2642 608 511 8285 9071 6066 6902 5160 189 5593 5864 4187 4550 2739 7910 9230 5247 4229 3563 5926 5177 8522 3113 6624 7283 4671 
35 8979 3461 9469 409 7638 6550 5829 6316 2434 1494 4195 6615 2921 843 5642 7274 67 543 5512 7461 2630 4647 2500 8513 351 7031 6302 9783 746 3978 9323 9875 5718 4292 7105 
21 499 8493 8807 7907 5101 4921 3031 1876 1696 3909 8064 1623 7545 7083 1490 2475 7409 7917 5977 5439 4908 
17 4200 9401 4910 3188 3991 8207 9681 6842 6638 9858 7684 9732 450 7611 1713 4337 4332 
12 4084 8464 7174 2180 5344 2288 1129 8084 3448 8282 9294 302 
16 3976 8892 6409 3114 3050 2497 292 2686 9158 2044 4686 7610 6513 7256 9379 2430 
19 9495 3910 1208 6006 4289 3967 6938 3344 1895 9098 503 9567 8451 4769 9507 3787 8152 3698 443 
23 6004 9806 4225 4863 9042 1565 1725 2539 1474 880 2537 3039 6187 9331 5708 3930 3432 8511 1960 5258 3399 8777 4301 
16 6239 2074 6128 9654 4659 2482 9262 2967 9964 3453 3509 8667 319 1470 7672 2591 
30 661 2455 4349 8338 4050 697 210 856 5892 6089 3949 9897 8403 330 9482 9225 1762 5681 2218 4565 6578 129 1851 2202 8197 4766 7989 579 8611 5037 
32 2230 3129 4507 780 2181 8410 1509 9273 1276 1453 1628 1688 8383 7769 2756 3356 2796 8567 5468 695 3736 4175 9953 960 8180 5750 9010 6295 7024 1575 3413 7742 
12 8978 6756 1206 1245 23 3071 9189 4079 4678 4311 2597 4841 
29 8203 2657 3786 1010 9485 7323 1503 9631 6133 5712 3901 2409 6751 7624 7843 3970 1598 6083 1781 6129 6935 2194 1793 1356 4054 8053 4378 1210 8480 
19 5189 3396 7255 9743 4502 266 2352 3191 2585 3636 348 6121 9701 9823 7726 8510 8105 22 492 
10 1588 7975 9030 428 476 3848 5144 8942 4392 757 
18 5890 5636 1830 6879 9708 6459 4073 5153 4518 5823 2433 4747 49 4354 4448 5266 6465 7641 
26 3989 4080 1233 9926 7380 6173 3622 4913 8815 5650 2498 78 5278 42 4603 7199 5863 9423 1385 3301 7168 1259 6323 5461 3080 3378 
28 530 4848 6265 9382 1430 39 8413 3691 3802 395 11 2479 4777 5211 9460 6937 9001 3285 8638 4577 1893 4998 4424 6522 1699 1327 3153 6073 
29 9320 8328 9869 6474 4207 3366 8155 7277 6081 5240 7176 8741 275 5313 399 2884 1417 3660 4578 9958 361 4442 5073 2812 9764 6390 5150 2697 5370 
32 4833 1995 6003 212 2000 1755 3904 2323 2393 3710 3425 9328 7080 282 6778 5564 6056 748 3823 8841 3472 6891 6440 2197 4674 3886 9154 1085 7288 3797 1691 8499 
16 7355 7149 515 8992 412 9665 1331 3582 3001 5353 2582 9648 8569 3633 2806 6993 
20 9316 7249 4826 7085 9078 2754 9199 9186 2302 5432 1638 3040 6568 3422 9239 9690 9635 6978 4641 8594 
20 9627 4980 9045 7572 1986 5888 5920 3022 1223 254 4245 4939 816 8597 1840 256 1727 3161 558 2620 
32 4196 3068 6245 8187 830 9134 8530 7211 4966 3373 1232 4703 3783 7727 2916 692 9941 9541 698 9699 5496 9697 7886 3941 5429 7087 2069 3162 5714 2326 1076 2238 
18 7406 3510 6836 439 7430 9712 4615 5701 8176 7613 5492 2908 1938 9465 3589 2886 8941 7681 
29 8832 565 6220 5816 5303 4593 6523 2453 7278 4247 3205 3624 7817 3701 6589 2406 6719 5921 866 5139 4912 4182 9398 2795 1659 5555 4 9522 2615 
7 6410 7000 8940 3539 2049 7820 9476 
17 3362 5417 7750 808 5168 9880 6829 3296 4465 1007 1141 2521 6770 2940 6212 4474 2322 
28 3092 3821 4228 2112 6399 2270 177 280 8938 5764 582 388 5739 4316 7454 1071 4856 7332 2863 8145 7644 6847 9169 2968 3576 4108 6093 7980 
20 9012 4109 6202 9251 589 4847 2832 5618 6516 2674 6697 5246 4721 7518 8114 1093 2540 5398 8044 9312 
31 4630 2780 119 7236 9562 4410 8816 7372 6896 8652 4862 7984 4782 6078 4221 5670 1368 7777 5558 3895 2034 5327 1089 940 1572 4269 8202 1579 1157 144 3033 
30 6296 1177 9286 6498 417 5124 8595 1910 671 3807 531 8058 6619 5768 9632 8760 8656 508 3776 1388 6231 4505 5594 620 3109 26 1131 8825 4040 3012 
19 7648 4048 7630 2596 6622 7130 1237 7729 5986 6588 781 3914 973 1091 4731 4540 7310 5811 1823 
13 9543 1200 1221 6645 8795 2126 6597 2207 3502 7967 1702 9644 7206 
26 6765 3602 3541 6771 5627 5783 4007 4613 4872 2235 1355 3102 6346 9038 1117 7633 5133 215 2148 118 7743 72 6572 3171 4086 7909 
29 5307 9751 1346 8300 7715 832 3615 3657 9141 4456 6488 6716 2984 8857 1458 9534 1329 5956 5271 2902 5867 8142 6209 7591 393 3662 2786 3076 9354 
19 5025 2649 6058 3585 7663 8272 6966 3225 6725 3897 1172 525 7776 5797 7758 1191 1120 20 8301 
34 5205 6125 4153 8042 4806 5566 5601 9068 7811 5452 8257 2206 3421 6806 46 5879 7529 7389 6240 7626 7072 198 4573 2612 1413 2911 6444 270 8685 1801 4506 1829 7251 143 
32 5282 9705 98 3414 2442 92 1201 6305 3199 8987 649 2776 3194 6064 6486 5104 77 6204 889 9959 2545 3385 9967 8523 1782 407 5736 2155 197 2098 9891 2888 
22 8040 718 4830 8868 4938 5347 4802 5914 1119 5103 7734 9221 4609 6095 471 6145 2914 5388 7771 5230 6919 5944 
28 5541 956 4482 1908 3220 5952 353 7193 6255 4899 8544 8470 8916 7531 4503 8304 8872 5733 1401 2282 5164 2752 4982 9956 5773 7946 7597 6322 
33 8382 7557 6984 7686 7602 646 9738 4099 2505 6737 6313 3476 9388 127 453 5210 9333 9234 3757 7871 8997 2358 5456 6626 33 6144 5609 7977 6317 4680 5753 7044 8278 
31 3426 9575 6563 2651 6247 2291 9972 91 5291 7712 3793 2568 1029 1681 8148 5023 2861 7949 6171 3844 9594 5336 914 6673 2637 5506 756 6958 2421 749 5048 
21 4761 2382 1102 8379 6213 1098 1433 5382 8881 4335 5374 5298 2331 238 8702 5754 8663 1495 4218 8625 1052 
17 3381 7962 5729 6962 8347 4889 7583 5448 9302 5053 4146 5142 3641 2815 7368 4755 3883 
18 8351 3816 4558 3840 7464 3635 1032 9285 6564 5634 4771 4126 5002 6079 5065 5876 3218 770 
21 9744 6293 7882 3759 9731 1729 6503 3263 9607 6682 693 7620 8353 9506 9618 7239 8762 8948 2847 1701 9749 
9 8588 3614 17 6289 8811 7419 3178 3023 9693 
17 1313 8133 8747 3083 164 5082 655 6272 8585 1787 8788 9148 4341 7154 9782 246 8365 
21 8448 4020 4137 415 4344 8851 4705 1891 7164 1016 6382 1775 4809 9222 7452 73 4239 4364 3711 8332 4886 
25 5516 9757 7579 2425 5503 9265 1647 3326 9156 657 3269 2977 584 305 9516 7299 1859 985 6371 9994 2103 6046 4303 8606 3204 
26 5757 6922 4141 7092 4372 2167 9232 3731 1297 9837 4470 7933 5992 8039 4012 3074 3927 5788 7313 4416 6594 3835 2114 1987 5855 2329 
8 7666 306 301 790 8352 9396 6417 8308 
21 5090 9549 4973 6967 2653 7150 6319 9784 6116 5793 7746 1684 9161 3431 3132 7918 673 5893 2836 5446 1439 
27 4875 483 6718 7554 6942 5375 5422 5170 178 7246 3646 2160 9106 1709 4074 774 9240 3201 8010 7815 581 1185 2779 5776 411 432 7241 
9 533 8219 6430 8412 2119 8303 5084 590 1923 
33 975 1240 9586 572 4602 3875 2856 5433 3228 4798 1568 5462 7793 151 4690 4453 4845 9866 3521 4263 2741 5608 8067 9173 7898 478 6105 5657 4620 1764 6631 6534 6339 
29 839 1777 3398 8035 2304 2261 4699 5663 4834 8746 1756 7879 8093 7425 7689 4369 6308 8081 5349 7538 6604 6551 4999 1358 1624 7950 8880 4075 9049 
15 6547 7685 2518 4990 7874 120 7558 9992 3211 6463 2131 1772 3898 5363 7093 
17 2399 9252 8821 7167 9218 3670 3519 5325 2257 3551 7639 182 9365 2638 3712 6768 8677 
17 2783 9735 7692 8116 7284 4361 7258 6599 3626 6394 9250 9007 2372 3335 762 7476 4271 
22 284 4869 4028 100 7759 5228 6186 3839 4776 408 6953 4326 5221 9659 7340 8318 8405 2191 5604 8384 2334 4649 
29 4246 2305 5668 3544 9118 8259 1215 6082 4587 3974 833 9948 1051 6680 6042 3429 2068 9212 8852 5176 7800 8608 4737 8238 3505 8151 6509 2544 3618 
25 9696 3632 4396 3411 1723 9795 9564 9037 9475 8164 2799 1872 4824 1768 9767 7781 8725 4033 4786 7960 4212 7652 9592 7932 1545 
11 7243 2056 7884 7535 1168 3230 3955 7753 389 6795 5111 
18 3200 9349 2264 2084 7192 609 6037 3834 5843 3526 9124 3658 944 1244 7606 431 4049 7586 
29 3717 6021 6012 4450 2663 8485 8742 907 121 5692 5453 3139 8692 9444 9101 6389 1525 5088 9413 6106 6396 8658 6448 9642 7181 2821 9545 6011 6185 
9 4920 8146 5686 7152 8306 2133 7524 2408 1038 
30 3739 6526 4034 6216 5835 7191 7187 9361 3583 6290 4266 2501 6176 5715 8627 8169 4754 7853 1321 6668 5640 480 981 2594 1301 5159 1976 5044 7039 2508 
9 1994 57 4411 1236 6065 8139 6792 242 1285 
28 3108 3966 6903 5069 381 2952 1537 6703 9833 524 9229 6462 4804 8763 9403 4373 9431 5117 184 1133 3460 6779 4861 6959 4479 5939 9484 5988 
10 1997 9613 2440 9464 8173 425 2362 5909 8284 7061 
15 2216 1601 5234 102 2551 1529 884 632 6577 2262 3485 6914 8959 6300 2145 
21 4107 290 5719 8575 9419 8609 6832 2470 5134 4046 5587 5305 7132 5216 3372 983 3888 1253 6214 4438 3705 
29 935 6141 5241 930 7041 886 4636 6181 6581 2715 3379 4397 7914 8052 5660 7426 7336 1848 404 2980 7051 5912 1966 4446 5280 6918 9753 4124 8375 
33 6069 8856 3616 3051 8167 5803 7837 529 7737 1348 7203 969 6699 8492 2634 5959 449 9480 3152 4055 9730 9553 9843 3876 2294 966 9606 6334 1927 4823 1350 4962 6853 
12 3375 6340 8191 942 6356 4879 949 7595 5702 7383 8875 7482 
23 5711 9002 7245 300 5695 6593 6248 2246 3940 3127 1471 6262 7046 3085 1789 8732 8893 4570 1846 6084 336 845 7751 
26 9254 9634 9511 2041 9450 4297 3958 6182 1557 7477 5100 3499 9832 7805 9645 1123 7847 6167 1302 2680 1464 890 6374 4234 6543 2709 
30 4733 3938 1222 665 753 3036 5799 2790 1943 4957 9242 4293 991 7599 6883 6376 8004 8017 7827 4524 3902 1708 6651 602 3427 9013 1295 2890 7460 1929 
21 6710 2338 7492 9135 1436 382 7490 4062 6888 9884 8101 4358 7502 8926 1391 80 288 3764 291 1183 218 
15 1500 9164 3542 506 1146 1836 8729 5759 7470 3322 6195 6229 8839 535 1426 
15 3445 6023 161 4065 2959 9479 3141 484 1612 887 9348 9704 6219 2029 9515 
11 9289 1381 8344 654 2962 7074 1149 8251 6616 5460 7731 
24 4657 982 3993 4544 4409 5169 2556 1963 5074 8649 7363 6868 5614 7796 909 653 4461 2858 1354 9663 6099 2818 818 4296 
16 497 8682 3789 8806 629 6969 1553 9928 8099 3007 3070 3799 5534 7802 2960 6517 
23 2992 1873 507 9981 3663 8546 928 9110 6331 7790 3256 1616 1953 4155 7708 5568 5989 3716 213 6490 8943 3252 5821 
25 9625 5012 3537 4744 516 4031 987 9000 1181 8516 9498 6157 350 7443 3597 4460 5151 2855 1442 4180 7244 2010 8255 4909 6917 
14 2934 5477 354 1496 7808 3232 1922 6684 681 341 5705 3887 5817 3458 
14 7690 2577 6739 8368 1627 1721 8273 2842 2652 2938 6114 8721 6047 9824 
12 656 3879 7922 4021 4063 2527 1752 6512 6921 7453 8623 807 
3 7444 8108 8596 
17 3666 8768 8995 1263 9165 5107 9481 6930 9496 8876 501 6437 4832 3173 4660 4019 8824 
13 3885 7190 6076 380 1733 2415 4317 5141 7863 7307 2922 9097 5726 
18 3740 4764 3778 9070 5070 8038 9741 5559 6326 4106 9056 2687 7598 5397 4719 2317 7439 9803 
14 8192 1533 3355 9772 5096 6291 6489 2987 8501 7112 3858 797 234 6623 
28 9557 378 9617 7232 9138 1480 8645 7208 4227 3867 3999 6726 979 7543 972 7047 7030 4096 7841 8230 7659 7423 5202 7836 3929 906 8350 1658 
25 3972 1667 2981 4532 544 5690 2958 9785 4595 1999 537 8325 3599 7260 4960 1126 4427 6612 8467 2564 4702 9745 7559 8090 3850 
26 9512 4205 6762 8990 97 1004 3907 7296 3339 1468 8593 1671 359 4097 4954 1382 2325 4500 5664 8195 4968 3954 8392 623 8519 5110 
31 2245 9179 5830 8761 7275 6659 5163 4330 1583 9508 536 546 2906 7592 8074 5747 829 815 7500 595 2349 9204 460 3151 131 6769 5825 2691 3713 3346 2554 
16 4520 6297 3553 520 9835 5085 1964 1608 4726 8837 5949 2593 4996 2671 5399 9334 
29 1685 225 241 422 5853 7698 3785 1062 636 938 490 495 5763 8844 1748 1486 7670 3011 4391 8295 6941 4684 2259 3998 2450 6999 4091 616 7 
8 9314 9497 6062 8062 7479 9303 3450 2053 
25 8681 6729 922 159 6805 952 9028 7516 5583 1045 6772 9298 1050 9998 6696 2678 3303 3094 3456 5121 1868 0 1722 3172 1972 
27 1863 8445 6024 7916 9263 3843 8505 9810 3877 6808 3625 243 8954 3707 1434 8299 6660 1389 7160 1739 7317 3683 9243 9427 13 6665 8654 
24 5351 8034 4652 908 2272 1428 6223 5872 8400 5999 5728 3547 8125 9961 1806 8734 8689 3545 3486 5787 5147 3749 900 4445 
5 6575 5287 9364 8854 4027 
28 32 8955 6244 5437 7276 4300 4623 9054 800 865 6243 9539 5105 4650 6385 7292 771 3142 2027 6388 8423 7269 879 7069 3126 2185 5415 5588 
31 4291 9182 4880 8555 374 1256 4552 6579 4866 8804 6336 5302 4617 7145 2395 5092 8343 2178 4989 6990 9201 6928 7178 6688 2496 9660 8704 7035 2998 2298 3780 
9 152 2997 6402 6484 4449 8407 4014 1061 8330 
19 9064 761 4555 233 8077 8922 9978 7979 7053 8124 2643 5148 7303 8838 1952 8372 4759 5543 6750 
26 6438 1046 7816 1476 2260 52 5238 3722 5123 1130 9237 1566 2051 5428 7642 160 988 5320 5355 9390 5269 9332 6685 1837 9831 948 
25 5539 4914 1294 2930 7162 7344 4884 4111 4840 6833 5529 3997 9724 1316 7675 7201 7584 6532 5118 9455 2604 9266 1974 6035 8722 
6 3270 3370 2781 3493 8378 5091 
17 9477 5187 8194 5674 7829 3648 6885 7920 2835 9566 1264 4947 2713 8450 2804 7760 9525 
15 2999 4171 9375 3418 4792 4709 6850 6391 754 9213 5233 1396 1979 8107 8047 
14 6538 8112 4986 4704 8719 628 6732 9597 6666 8561 6348 441 9714 7825 
16 8831 5656 8367 1319 6184 7944 6797 4290 8172 3561 1683 1462 7052 2389 7011 1153 
7 8071 2767 3718 5974 9058 962 3238 
17 6119 6398 552 5584 7342 1947 2023 5323 5473 8007 9706 7462 4105 3748 2268 2866 7405 
12 2060 5495 8188 9429 6333 6491 5356 1639 3210 8307 2633 1555 
28 1465 9538 8642 7636 9035 7010 1884 2374 6345 7573 3765 1199 2345 3323 1965 7231 6906 2162 605 8931 8356 5239 9454 3275 2286 2280 1526 8497 
12 2464 1281 2979 1250 5866 5684 2910 4415 8976 4851 4892 1855 
24 4139 896 704 7134 9962 8214 5400 7614 6681 3159 659 4902 7353 4336 8491 6774 9384 5767 63 7822 1059 5752 2824 2669 
17 376 475 7901 9151 6907 6864 2407 4688 9440 1394 538 3227 2918 9643 334 6555 3367 
25 8236 8529 1745 8263 9133 4117 1429 1532 1110 7730 9321 4043 2936 9946 7550 3217 2295 2365 6860 2725 750 5669 9552 5293 1359 
16 4318 9761 9737 5260 384 3508 7930 6531 3548 7526 9157 571 1225 6266 1732 5665 
30 3057 3477 3435 2706 2852 9623 5451 3673 9027 6165 7403 8115 9435 2757 3913 9892 5115 7925 5577 2003 1728 274 7851 9014 1497 6546 1204 685 6494 758 
10 6048 7856 8737 1864 6197 10 2710 4135 9867 9360 
24 986 9209 643 9127 2095 4314 9474 4426 7488 4535 6469 6224 687 619 9009 574 6175 5056 6421 1703 3359 3771 8541 706 
10 1845 8671 1239 8094 7271 7778 1695 6972 7694 3861 
12 7253 660 6222 2648 2082 2115 5780 3837 1479 6994 1150 9472 
25 4854 6698 7135 2164 7456 8665 6882 4060 1747 385 5061 2154 6545 6211 2471 736 7204 5392 5024 1517 4240 140 5047 5499 3279 
16 6101 5043 7745 3190 3530 9082 4651 8540 7588 1459 5518 3297 8885 5404 4844 9601 
14 5036 5409 9742 9612 7364 6041 2319 7972 7089 3084 8280 5407 296 9990 
12 8615 4070 4952 836 8389 9063 6667 6314 3860 8098 3588 6063 
25 169 6814 6618 2954 3469 1738 2614 1790 8883 4366 7414 8906 6072 7765 287 1675 9502 4422 6535 2182 899 6981 3734 2618 3637 
23 9410 633 6196 1595 4819 1431 8312 7761 7021 9441 5877 4625 9856 3282 6731 3280 8417 3189 5311 7300 5494 9770 204 
25 6537 708 2355 7513 2543 7754 4821 8293 7016 7749 3416 8920 8136 4053 7835 8752 9667 4508 5469 7540 3405 4918 7623 9915 4018 
29 9202 9842 1631 775 244 5844 751 2234 5041 1461 1008 6178 8779 3474 5019 9902 8668 752 9903 3223 3943 416 8619 5342 7126 7185 5774 1614 6096 
12 2217 6639 2602 8220 2809 8182 3077 9908 9571 1668 7142 8402 
13 9537 8118 5366 872 5081 8456 2827 2460 9129 4554 5591 1147 6518 
20 9576 871 2919 3524 6596 65 1591 7560 9780 8006 2619 9760 6108 322 9591 6702 4273 1645 4951 58 
12 6009 3729 9933 803 2022 7821 7056 9922 3727 3934 1894 6019 
29 5628 5838 3393 8956 5700 387 9983 4248 1771 9324 3487 9275 4464 9327 6838 3567 500 5200 8041 1083 6810 1673 8526 1238 7530 3014 8327 3128 7183 
28 9710 7448 3122 4244 6865 3592 1317 2561 2766 1827 1715 2535 2532 8241 8045 6447 1174 5972 4081 9873 1044 2080 148 9461 4923 5077 7111 2770 
13 2696 1746 7941 4664 6067 4006 7343 8455 8275 6477 8083 3412 8210 
28 7548 4607 4331 9561 5994 6179 3295 4477 5083 9292 6970 1337 7361 9244 3924 7571 9163 9863 2350 8829 8201 1398 5683 1961 5270 7676 5474 181 
14 9033 3124 5766 4256 8782 9809 2885 9319 7987 3610 5262 8974 2445 8019 
10 2171 7387 2622 6643 8033 7990 2376 5035 5631 9317 
19 1349 494 8695 3157 7407 8928 2645 458 7094 4915 4219 4280 9471 7706 7218 9501 9808 4904 8119 
21 3169 4089 9655 9652 8316 2309 2526 2089 2151 742 8813 2354 5255 9788 9122 4765 236 3581 3312 8319 5003 
15 9546 9394 3099 9248 4159 8984 862 9968 6515 7951 3522 9792 1549 9637 7714 
24 6871 3784 403 444 8028 9160 7830 684 6863 7536 9578 8676 3004 3248 8205 4534 6637 5696 7705 5467 4531 8674 5275 321 
25 9276 9570 3746 377 6582 2948 7091 9462 8646 6820 3406 3353 855 1361 1648 7054 9786 4814 9605 324 3836 5122 4728 7242 6650 
22 4713 1985 8018 4594 8662 8687 1980 8693 3501 8549 2204 5984 1814 5947 5488 6852 3034 8409 9439 5561 3903 8870 
13 1613 8243 9641 883 4734 4539 9299 8755 2213 678 6332 5969 1087 
12 921 2673 8075 7971 9272 1330 8027 7506 2583 4530 722 5449 
24 2385 1511 3203 6237 6677 8339 352 6103 6915 6824 3828 5930 3397 9437 7688 8809 3995 4956 1377 925 3518 8648 638 2225 
21 3775 990 9458 6587 7629 3845 9264 8212 6982 5219 9554 7510 7728 1945 2524 468 4548 2370 4005 5950 5884 
21 6570 1169 4356 7309 1176 2802 2375 9270 7503 8264 4632 7327 9080 1853 347 1036 7302 1736 4390 7182 6193 
27 5837 2386 1862 459 81 1942 2601 7339 1420 8460 2248 5360 1493 9470 8439 2668 1440 6100 9997 8043 1577 5685 2609 2019 6271 8185 4729 
14 1441 7171 2275 9019 5965 3777 8751 191 7859 5839 9589 9791 3043 5063 
12 6132 2675 7564 4236 15 6059 4045 1741 5391 9079 4329 5616 
23 7263 6013 5557 4981 9433 561 2142 6142 4407 7265 7233 806 1712 7170 5960 1905 1812 8174 7079 6433 3928 5244 8582 
10 8190 2173 9817 9346 2005 7163 8723 3407 1652 4197 
10 1968 252 1455 8266 5792 8968 3889 2490 1437 792 
26 2578 3669 4147 6800 130 8296 3621 9026 1320 6940 2398 7797 9572 2549 6846 3037 2503 7755 8639 7469 2820 4556 8386 9932 4741 1935 
20 3513 7068 285 5603 4682 2452 2042 7552 4992 9748 8317 8986 2555 5276 9984 5813 5490 3265 1137 8138 
19 9466 691 4858 7903 5481 7680 586 5301 2631 43 1554 9519 103 4751 5644 5162 8008 8454 8964 
27 2661 6422 5193 1779 3798 2901 3862 9812 1819 7819 6713 9224 7782 1666 8469 7144 3982 1928 7539 4067 7905 7696 9210 8130 9787 6016 5571 
26 3482 2045 2558 7764 2846 1338 8134 9694 9934 1911 7440 37 3948 28 1499 4727 2646 5165 2063 7780 4375 466 637 755 3733 8215 
10 5622 8827 7122 9861 4598 3327 2096 5666 805 224 
13 2665 4756 7169 2525 4068 7205 7384 202 7935 6975 3824 8641 1805 
25 6893 5579 711 396 9844 4224 5725 6839 2765 2850 7604 689 4044 4562 125 4025 5997 4466 323 8468 9521 4267 6445 2964 3619 
21 6407 6784 5809 8239 8431 7865 2437 7507 2950 5080 7703 9235 2267 373 861 9051 3287 6766 2502 3965 2337 
25 3364 1475 9031 6566 3454 5314 433 6375 4718 5379 701 5183 9653 4312 1807 6427 7736 5924 5814 7478 8066 5354 9608 3723 9766 
23 9846 7988 4924 1521 5933 527 3174 5734 7520 3392 1618 3960 3937 8472 5197 75 9661 4670 5596 9938 2785 6051 7617 
19 1422 2107 1799 4642 7341 1871 4209 9300 1842 723 8975 964 1600 9373 2301 5204 1400 1092 7673 
23 156 5910 599 4491 2048 1012 5464 9658 8705 6861 7508 5383 2699 2201 3634 5126 4943 3464 5617 5831 828 5318 4286 
26 1189 1211 1299 7894 2179 2040 6312 8590 5519 5259 3137 3511 3391 8473 9337 7893 2708 8756 4284 3131 6844 7756 1586 8226 1731 7527 
19 64 7118 4328 1710 9370 7334 249 7635 6406 3805 1933 9588 4183 5781 4510 7725 4140 1559 1084 
20 2240 2702 8864 2402 3213 3714 594 9293 591 8531 4389 5575 6022 8333 1820 386 834 3627 6311 3111 
6 5713 5962 2292 6909 7078 5903 
9 5576 175 1309 5847 1844 6595 1454 2772 2169 
20 2797 8970 967 9228 8830 6325 6226 4262 6180 356 6866 7658 9746 2830 4149 6310 1602 7189 7228 7766 
10 9044 6276 941 8985 9057 1397 455 3687 1473 4883 
21 1109 7445 8542 8953 3851 3271 4365 2104 8659 4198 2834 4468 4945 570 6328 6117 7969 5286 4808 3041 7600 
9 5405 578 2315 5094 5801 2567 9358 641 8147 
15 6971 6188 3133 7515 5915 5878 1282 4279 4394 4190 8571 3791 7565 3313 526 
22 4355 2924 934 4353 8904 4675 4906 6102 4608 5530 9261 2514 1811 2158 8270 2822 5207 7151 7985 8260 7496 2441 
24 6172 8694 9950 7370 6120 2021 3699 9378 9456 9447 7177 6671 2028 4827 9142 2222 3935 8577 6107 784 5130 5613 5361 7700 
21 5116 9478 2972 9208 7900 7392 8903 6137 7549 1314 1167 9233 1069 4950 4275 7839 6553 9336 7057 9726 1088 
11 9763 4142 9008 8144 2647 7869 6611 2321 5055 8558 4599 
21 2360 5014 7048 6672 7037 3278 1590 2712 6704 8771 4936 1763 5894 1607 1694 1599 635 3110 5395 7537 2353 
26 1081 5899 8014 7654 7872 9800 9351 8603 5520 9073 8390 7806 8496 1450 2195 2066 1124 5128 1481 5075 2347 9909 6878 8374 7833 9771 
21 7555 3790 9288 3466 6452 4533 9442 1818 8294 1621 5378 6854 7050 2823 8002 5928 6661 1865 4911 1483 1569 
10 4696 3675 2412 486 3957 5203 9878 4160 9970 3950 
10 876 5526 4838 3056 5078 4977 8482 5264 9123 8113 
24 6946 7234 365 1197 8072 716 3251 5600 232 863 5292 5166 1229 4722 5191 1025 9826 8234 4010 7413 5294 8089 8527 7983 
19 553 5824 1364 7998 5486 1424 510 2611 8297 8643 1765 4380 885 2807 1234 1268 269 9061 1562 
22 1160 542 7422 2467 2229 7587 3449 3689 7798 4890 5357 4306 9491 2621 2258 9488 937 7973 82 6087 343 1456 
22 105 6161 1393 8225 2241 3772 5527 6920 4168 9758 6813 4340 7747 3804 8537 8949 9986 7268 1677 869 7481 5547 
13 4724 8869 9077 9226 6848 355 3182 3443 1307 1154 3404 2414 5071 
10 1246 8776 3552 9893 9147 631 7215 2865 2134 8196 
21 5087 2547 1716 9192 4711 1679 1328 7217 8661 5000 6301 5946 9162 7544 2367 1847 9936 936 1939 6458 5563 
15 7693 1412 3314 1981 3751 5072 50 5966 4822 2522 167 5585 6347 5826 1284 
18 379 4282 1104 9330 624 2546 2351 1068 5589 158 4131 7225 5800 6086 5322 229 9350 3380 
3 9505 6657 4796 
18 7457 138 7931 8814 5256 463 8620 7125 4559 4810 5550 4551 5560 8015 8636 8078 3455 3741 
21 4130 8506 8373 1539 8193 517 173 9725 7137 8886 3996 1373 2707 4283 5927 2120 8683 9669 1161 9721 4846 
11 9975 2477 461 4772 1188 8745 999 7720 8936 4004 9914 
10 9249 8031 9616 3706 2685 2249 1585 5935 3591 4241 
6 9952 147 523 4206 8103 9287 
13 8996 2220 4685 7645 6451 4472 4964 9683 7331 1265 912 3060 6090 
25 7066 1912 8023 8502 2874 7525 8960 6085 1946 5005 6777 2239 2459 8651 625 5013 5079 3899 1390 9674 1641 8076 6585 8532 2677 
28 5861 5995 7493 3584 133 5658 1075 7286 5981 3808 3598 3361 4740 8775 9662 8911 9713 3630 8589 7660 598 5923 1514 2113 7976 1158 2724 8612 
20 6476 6268 1944 3135 6298 2700 7076 7848 6299 9093 577 3979 9989 38 4434 51 9048 2289 764 2276 
11 7576 4528 4934 4462 2976 9178 911 7772 5854 5198 3069 
25 1101 462 2108 1896 7794 1271 1692 5411 5567 7866 4217 8166 8268 4903 2956 2299 6372 5980 5206 9755 793 7852 9703 7938 8433 
14 9424 8798 9838 6367 4775 1988 2955 809 6816 9774 3395 9740 5471 1207 
6 6098 5064 9574 680 3709 9569 
18 1620 5465 4249 1198 3672 9709 776 8863 1918 6947 5509 1270 7892 8508 2656 316 4735 3612 
22 2110 4784 1791 1907 8963 1767 3121 4264 2762 3101 9420 4440 1854 3516 8914 2575 4672 5022 2843 3611 9281 3880 
14 8631 1589 5635 7791 2359 3061 6646 1749 6249 7158 8223 6988 2499 7784 
28 8686 485 1220 5009 3498 2607 6722 4669 2205 857 4515 4561 9136 7106 5880 6556 3212 2489 4708 4619 4514 6557 3695 1351 8999 5434 7017 8490 
9 1257 5770 7724 2417 9015 1037 9245 7447 9530 
23 2867 5998 8901 2 7148 2859 9917 9278 8291 8584 4368 2895 9883 8387 3728 2672 8859 2985 705 6273 5637 737 6870 
9 4969 193 8801 4113 4125 5340 8334 5052 2528 
8 7143 5394 6857 8820 8289 4712 1058 6686 
17 5632 3044 6642 2722 9143 6692 5925 4521 5945 192 2801 5365 2701 4991 289 4220 3820 
20 2515 4907 5569 9859 9584 1774 4523 1989 968 3674 7875 4169 9905 9206 5745 5251 16 5248 6124 6840 
14 3735 9238 9167 6873 5911 1690 6234 1810 3525 2485 4576 9108 3720 1140 
2 5441 5538 
2 9377 5334 
22 4895 9268 5306 724 7077 6714 1932 2789 6862 3796 2506 5505 2336 2403 9096 1678 8678 8354 4231 7427 8879 8156 
7 3146 7415 4085 6203 3267 3963 2758 
23 5967 6562 2599 3494 5220 7101 9896 9085 340 7029 2871 7646 5645 7450 2255 7175 5942 6789 8168 4545 8265 7783 4348 
22 7569 3859 2989 5026 6898 3222 6565 9092 4351 3473 5 7963 2405 9715 3268 3250 488 5688 1043 6364 3812 8850 
13 1785 3822 1567 6890 2624 743 8479 927 6354 4723 1633 7828 2271 
20 5001 1504 5901 7267 9072 4276 9083 2517 8388 3118 8381 4774 2946 8488 8515 3987 5362 5758 8898 7281 
14 7915 3874 4167 2397 5472 272 1072 5032 4876 2837 5993 5742 6152 2839 
4 1376 2516 8957 6434 
17 5782 1875 1466 4487 1761 3233 4770 9542 8415 3438 4193 8393 5873 3676 8666 5224 438 
23 4653 2907 2468 6743 3847 8591 9023 1283 6763 9368 2215 9583 3452 8733 3497 9094 4458 2050 251 3923 7818 2032 8122 
17 7691 7366 8793 7285 4100 6055 2012 8757 9032 4610 6950 6876 8249 5964 9217 6676 7042 
18 7207 342 8562 8550 3753 6038 5548 414 9113 6471 3920 3873 827 116 9269 5943 6275 4325 
8 9526 9720 1067 7719 4295 8552 5029 7441 
9 799 9219 7542 5444 9371 6112 7943 59 9677 
18 3394 1392 779 1800 8150 8524 1042 2991 2263 7923 6506 1362 9966 6015 9650 5760 1003 9198 
21 6393 2366 2383 7757 4232 3912 8049 467 4681 3401 8177 5680 8828 8899 418 1957 3180 9494 6911 4298 5659 
20 1930 196 402 1513 9929 8281 3752 4579 3878 1754 344 3348 5740 3095 6573 401 1195 3500 8797 8877 
