21 2735 1335 6663 4143 6916 6228 5868 1866 741 6658 7114 2718 5284 3242 6153 7992 5057 611 4490 7953 6487 
30 6689 6466 3549 8962 7109 8274 9180 4643 715 1407 1248 6163 6932 3811 9611 6764 7788 7651 3570 5427 1395 8966 6104 2933 3198 995 5138 5545 6505 3984 
30 3090 7429 7499 5716 7401 622 4214 1066 1273 271 4693 3170 1803 7483 1885 7449 2903 5850 5951 9342 8972 8900 3492 6968 8684 3899 5230 5499 8375 6675 
11 1209 7928 4307 6381 9563 7028 9052 2784 3608 5352 7773 
23 5018 8878 580 7846 9190 5006 823 6475 6662 2314 2368 3086 2088 2394 7566 9793 8036 1425 603 3558 5842 1452 6690 
18 9313 2356 4637 2559 585 5424 2313 7455 1353 9670 864 1651 1421 8088 8397 7304 4817 8046 
15 2519 7957 474 4842 1560 7329 8728 4546 6558 318 313 3936 7813 9921 4614 
26 549 6541 1724 7862 3119 6669 7014 4406 5042 7849 5180 1182 4629 4898 974 1152 2493 3642 3587 9296 4745 5889 9067 390 6991 3286 
22 4525 8773 7940 6352 1967 9043 1501 1448 614 7396 6431 1011 312 3244 3609 1824 7744 7261 9756 1064 2704 1619 
19 5934 4618 8758 3430 7709 1530 7226 7019 4656 7103 6580 1686 5156 5511 3116 9754 9919 3234 6610 
19 4679 1949 3565 1693 9353 9246 709 2076 6426 3865 847 3507 2693 1435 4961 9911 8634 1445 5573 
39 88 5497 187 6198 4058 7929 6199 7140 6493 8406 6849 5034 113 1838 7379 4965 4714 1531 4343 4357 4009 6674 2279 7385 1780 4582 94 7974 8153 420 3125 9467 8626 5364 759 6461 4350 1360 4732 
25 2465 3307 2135 5769 6039 7926 8228 2808 2438 683 9408 2495 434 6146 613 9798 8132 5897 3681 4473 9850 1404 1576 2457 2253 
34 519 1776 8950 8489 5304 567 2917 2695 9402 7471 3294 9951 3249 2904 3029 7282 8189 607 3215 7043 1561 6251 7653 5416 9524 2825 1936 31 2007 3185 4760 6944 2318 1653 
25 4309 9325 7965 2432 9679 8520 8086 8459 7398 3067 961 6418 3368 6454 4016 6425 1735 364 9750 1262 3792 3884 707 4023 4865 
7 5970 672 6031 7097 1817 4476 2563 
20 4839 6277 1543 677 6695 3743 606 3607 8204 489 7108 7113 4853 2541 8753 5410 3665 8818 7335 3237 
36 5324 713 2986 7799 6724 2944 9636 493 4815 2320 2061 6480 8237 4930 5582 7718 6733 8498 9318 3247 2400 8905 3186 7022 5916 123 1419 4780 3956 4993 7219 2628 1156 3975 2227 859 
22 719 1977 6956 2635 2738 7643 5619 9130 2769 3305 4211 541 1218 2923 5804 2732 5832 2851 6520 556 2070 9451 
18 423 4008 2720 1135 9231 2654 8051 4454 6267 6773 1877 54 2361 1662 587 1809 6191 4310 
31 5335 8175 5445 2247 3555 9291 2316 3276 7993 6740 5377 3193 6793 2109 3352 8909 6306 8961 4581 2705 281 2650 8242 7473 1990 1035 1375 7136 3115 9865 7834 
45 4758 3817 2576 2941 5299 3371 4687 1113 3168 4635 4387 1013 166 7840 7665 1365 9132 7883 9799 3462 6987 4888 6605 5329 2033 9103 1383 7939 3594 4773 3506 8476 4738 6933 1144 1379 2579 7338 4116 9918 8443 3871 4185 6533 7855 
23 3580 8102 3655 8731 6877 1489 9267 9890 6786 3138 8637 8715 3291 1416 2966 2534 2046 299 8790 1258 3730 994 7649 
25 6252 984 3697 9556 326 8224 8486 4123 3315 3829 3613 6429 8533 4188 8621 9074 8109 3165 6760 9257 8048 6158 8908 562 4568 
22 1867 9675 8395 920 4742 6780 157 9207 7889 5237 6952 3575 2975 4056 4428 6327 7347 2486 3809 3310 5629 9196 
10 6822 7070 8840 8420 5649 3475 1860 5457 1048 1339 
8 1178 1111 9604 4958 9487 9920 5885 6544 
14 3055 8477 9121 1411 6801 1 5459 7059 8199 7722 5190 5438 6693 3931 
10 8890 9579 6363 3604 3766 8971 7184 3020 6349 7214 
33 6002 4855 4059 5300 9550 3468 8324 596 1369 4327 8030 6446 2118 9874 5039 6000 8624 4400 2719 5552 4299 3980 8360 426 5482 5607 4118 4492 559 9290 1730 2487 9404 
15 8292 9449 2031 7435 2036 1352 5779 7466 4937 881 947 7195 7262 2990 6591 
37 7475 5086 1315 268 9084 6654 2774 8736 7088 7561 5971 3554 69 9684 9195 9923 2810 4639 6925 2882 3117 3075 5389 7397 1786 3684 4612 7897 2097 2655 8240 2879 2002 5784 5454 79 1086 
19 5235 3988 5341 3692 6815 9733 8559 3471 9852 726 4071 1524 9633 5054 9345 9845 3770 2324 1880 
41 9409 2883 7956 117 5161 8509 3025 9685 6656 9820 2942 4537 6473 8823 3512 3149 8796 1587 2640 2771 817 4749 8536 4828 1834 4371 6235 3145 1670 345 6542 2059 60 3140 9781 9448 2454 888 2746 2880 4795 
25 2920 2015 211 5426 2388 5875 5514 601 5373 4032 3962 9428 1959 262 573 2945 953 2149 7785 5595 5010 7878 8137 7393 5790 
38 4094 1097 5860 273 769 3167 8564 6044 789 7314 1640 8902 951 4384 3354 9089 2745 4787 8440 5556 714 3231 2274 7082 7532 2269 9509 2494 3423 6007 1403 2211 4778 4916 3440 910 1740 9088 
18 3629 1305 8670 3767 7003 8248 6050 5030 644 3019 1906 1643 9568 6177 2868 7603 4192 5127 
24 9752 3869 311 5954 3451 4497 6741 6034 4064 4871 9187 8244 6460 3915 8554 2150 3977 4997 2932 5918 3155 9041 1744 4321 
40 6670 29 3444 700 7064 4346 6783 9020 3546 9003 5060 9935 1970 9503 6450 8713 7574 141 640 1913 4150 9322 8749 1217 7697 2311 2156 5542 647 2943 3087 7826 7388 783 9168 8613 7978 9024 7358 8770 
43 1757 7952 3030 6767 6901 6900 7186 8739 109 6420 4003 7434 1843 4882 5698 1655 3403 9357 8026 8574 8419 6728 6436 4634 3981 4942 1886 7735 9822 4152 4265 8013 4382 4917 6423 4151 132 6592 7803 2666 4165 8276 5953 
19 5440 6961 8675 4601 3321 3774 5570 2844 8427 9443 858 3106 7290 648 6242 8311 4277 6997 2210 
28 9514 222 2571 2008 4788 1227 658 9864 3338 8323 7546 3261 8871 3846 4638 7662 6830 2860 798 3911 6136 8221 6761 8716 3679 8001 729 4305 
27 563 8973 560 4481 2187 6357 782 6283 8416 6905 4119 933 5155 5062 9518 878 6775 5786 971 3000 4971 4963 4077 1333 7382 2816 3388 
16 7657 4494 4894 7227 7671 8810 6230 5623 4697 3383 5119 8884 8269 2862 7371 1247 
22 8708 4435 9619 9626 8698 9698 3564 9305 7141 2788 7864 457 7373 4233 950 5858 8610 9159 9381 6274 7298 2346 
32 9847 9283 9581 2327 3457 6843 666 2184 9018 1443 2335 3079 1982 670 9039 8366 8525 1171 4459 2139 8140 6759 8907 3098 9307 5775 8925 9432 1881 6074 2878 9811 
12 9913 502 846 1634 267 2831 5267 3439 3760 6644 2030 9849 
33 9976 1105 5756 5678 6380 9628 2075 3773 7812 777 9062 8937 397 6996 9547 1165 5249 1714 7121 3725 4215 4498 8579 1611 8441 1249 2035 5274 3026 7416 1892 4315 9387 
6 4078 8342 7716 8231 8969 6960 
27 8310 9888 1005 9979 957 5693 5027 1323 3176 6263 5425 8426 4493 8421 4398 989 2898 7679 1325 40 3992 5908 1541 7590 3331 8336 3341 
24 303 7040 8703 4495 8179 1414 7687 5381 1625 3358 8394 4517 5544 1878 9794 1726 1909 2363 8337 391 840 6246 6492 1136 
27 1138 7399 3281 7911 4536 1438 2838 4583 8277 873 3292 5532 4092 7411 454 3206 7593 7027 21 5011 1173 9271 6943 6365 265 1718 3274 
21 7013 8345 85 8560 4893 3290 7351 2875 5372 7294 4210 4191 1107 2692 294 6514 8726 7723 3097 5798 8012 
28 9707 9216 3855 7229 6269 734 1879 9996 9144 9965 248 2982 9171 6529 8915 4274 6164 5562 3330 5450 221 7202 3595 2188 7374 4402 8080 3064 
14 7861 372 3103 2912 3253 1888 8484 3239 1406 5598 8104 4112 9927 5891 
28 5192 7913 5359 849 6927 3531 2333 6279 9980 7770 3754 4566 112 3351 7498 4082 3187 446 7480 2223 7378 307 4611 9668 4252 5390 1887 4383 
26 7463 3578 5679 5913 8981 2192 4584 1289 7354 6709 8738 6443 4110 9727 6640 1049 8358 534 6992 3484 4925 5597 3562 8744 8163 4186 
16 3696 9109 5491 8843 720 2011 5385 9872 518 6036 2308 9099 7100 5195 1574 9910 
26 4377 8518 2949 4379 6633 6456 7129 9463 4255 6851 4421 3420 4807 1023 7291 9040 2533 8095 4983 5883 1680 2820 4577 3545 2508 7509 
10 6412 1040 7468 3246 4994 9301 4691 955 4242 4662 
27 3442 6831 2020 7640 554 4066 3311 4648 3409 7585 9925 7153 6174 9399 1366 3434 5470 690 7702 3480 472 1822 263 2659 7008 2090 1507 
18 6403 208 4101 7512 1079 4605 2731 9678 897 7086 7779 4052 3488 1408 4695 325 7002 8216 
12 3156 7119 7293 5902 5387 8262 5245 8786 7810 4720 9680 3202 
5 2384 7194 7832 2740 5059 
24 9393 24 3693 19 7020 7346 5250 7065 5317 6416 7012 2085 6948 2636 6791 5834 652 9059 9438 7221 163 8891 1542 3035 
23 1515 8640 4098 9523 3667 6139 8965 9392 5097 1622 2841 4800 1904 4640 6528 9739 3243 4000 9600 4922 7964 5125 2138 
26 1992 297 5402 9411 2603 5881 1269 9011 2511 41 6705 3112 5371 7139 1606 331 1788 4272 6934 5339 7955 2287 1290 1958 2252 8947 
20 6807 3654 5384 2189 8475 6495 2047 9279 149 1116 3273 9434 5741 8633 1698 8267 6606 6715 7489 4095 
35 375 6160 5343 3005 6607 4575 209 1794 5182 2523 8785 2817 3818 8629 1260 2589 4087 3661 3939 7551 6156 7786 7096 6683 4564 9500 1164 6995 107 7667 1663 5647 6500 6569 9215 
20 8329 84 6424 8587 190 9473 8783 8020 6649 739 8029 977 1835 2857 1564 2969 9284 1934 4628 2939 
12 9140 1528 1563 3325 6818 3906 8111 8998 115 5840 9489 6285 
17 6706 445 4090 61 9901 6404 9137 2123 2026 9640 3990 1399 4811 9115 5408 6964 4538 
15 5717 6965 3008 7711 1192 9021 1548 4509 1187 831 9391 7615 4338 4683 2038 
10 768 1773 7116 2278 2736 6521 8461 9277 4779 9311 
21 2869 4829 5815 8743 8767 740 4591 3277 6386 8288 217 8097 264 4174 1484 5549 9719 3922 2606 70 4041 
9 6115 1833 1664 5222 2507 8302 7210 8967 7376 
15 568 1993 4644 7534 3073 6744 3536 5687 3504 171 9308 5937 8503 9025 3347 
16 55 1978 3647 5475 1292 547 6077 5326 3703 1720 3762 5524 5493 8913 4374 9005 
22 4948 8458 1024 513 6634 1326 3038 6068 8521 3532 5777 5743 7075 1706 5661 8424 2873 3781 7395 9203 1254 8789 
3 5406 2418 7678 
6 583 8184 2128 4347 7316 6190 
14 6321 6378 1926 6886 3195 5677 6315 2404 7767 7904 8802 185 5707 1216 
13 7877 2429 6912 2132 1179 3062 2557 9657 9490 7627 4746 959 8253 
11 8578 2480 9341 6567 6548 3300 2552 7842 2978 9181 5979 
23 610 2828 3245 9090 7319 8586 4223 2928 1186 1797 1100 6809 7562 7081 6238 7359 7995 9223 4700 1095 2595 9960 6441 
16 7318 8213 6502 8787 477 5727 4706 3601 5808 245 8573 1674 8346 4794 2570 2573 
17 4586 3333 6745 4017 5553 6397 6432 4600 4542 7517 366 7985 234 9555 3664 9309 8874 
27 6694 3049 9347 1384 696 1973 3534 2667 8616 4250 2994 528 1941 4701 1919 6355 2127 9955 6895 5731 9942 6045 3369 6701 9119 44 2170 
15 219 2176 6154 5789 1753 1291 7216 6194 8781 6899 4753 5175 9599 5896 8607 
29 1815 3410 5227 3918 1609 3236 8209 8435 874 6029 2717 2330 1203 3428 3433 4144 3299 220 1615 5401 5257 7038 2953 868 5414 4308 5331 6869 2993 
26 8271 7188 4475 5818 3579 5358 1734 5990 8157 9815 9804 4673 4376 1580 4352 3750 6926 1034 4881 8845 3890 8452 3337 5508 1202 4622 
21 6913 4984 4885 2742 1689 2791 7102 7787 5748 6270 5602 6825 7732 368 932 4626 430 4790 9304 231 2658 
28 6361 2531 1447 3826 6884 6200 7196 6630 8079 4944 9949 5941 9889 2057 7062 7006 3894 2093 6707 2340 8218 8478 9034 3350 7305 8340 3028 8572 
30 394 1194 6189 4867 7631 1792 8989 6647 9702 9105 5031 255 4433 2768 2004 9017 2753 2872 5625 226 4567 2730 5149 5778 3417 4606 2529 5592 3110 1293 
16 1332 4877 3147 3986 1914 2473 6679 8245 1322 2310 2373 7348 1661 5874 7485 4022 
9 2296 9405 8425 6123 9452 7948 5653 1478 9885 
18 1883 8149 5213 5948 3208 6110 1251 7117 730 8370 448 3830 146 9819 2250 9297 993 7110 
9 6794 3257 5480 362 2488 9253 257 2491 3857 
7 3708 7924 8428 1603 7809 5272 6889 
10 8227 1582 2909 7073 6049 4162 3214 5806 4972 3559 
25 9046 8158 4414 1874 2209 514 4543 9789 1275 4549 3896 6530 8357 363 2469 5229 4974 6341 6010 6539 2961 3048 1380 6258 9829 
14 3527 1605 4781 2536 7357 7325 712 6464 5095 7402 3819 9759 3631 5179 
31 9166 1170 3596 9985 2881 5089 6206 4405 1311 106 9620 8932 3854 4104 1902 1861 8819 332 9624 6303 9006 651 4367 8528 763 8717 3644 662 5435 8463 3349 
16 4873 2297 6910 8918 6856 592 5350 7497 576 3801 134 6586 1925 6955 298 7519 
14 8630 1492 5991 8598 8457 5630 6691 1798 8866 6614 3503 6632 5144 8942 
34 5218 2424 7891 2605 150 2973 1550 1518 3557 2896 3782 3258 8952 5140 6014 3010 4692 2052 6094 7071 9126 6233 4488 6867 667 2905 7814 1898 7315 8363 8222 4393 8939 8171 
21 1228 6485 2714 1637 1002 3685 5540 8933 2025 283 153 3763 5171 7280 1991 5033 1347 6687 8707 3478 2764 
9 5615 2233 945 3424 8848 2782 6536 168 5982 
36 3540 7553 5487 9768 4164 5017 8434 8085 6338 1508 4154 9075 4404 2422 6584 8504 74 8534 5694 2065 8539 9821 2137 2560 4486 6130 4114 4122 548 4189 7845 4261 7264 4501 3586 7288 
13 1784 3197 9406 5393 2293 1121 4717 5008 4403 6790 4176 4513 7147 
23 1512 2748 6752 4208 2079 3947 8348 3490 7792 4035 2077 8772 2639 1193 8617 767 2760 4768 6253 7179 4237 9076 7621 
15 2166 4959 6457 3651 3329 3891 4467 174 8235 5419 1858 9614 9993 4268 1336 
38 7612 7320 9128 8021 9559 2426 4202 7567 3196 2641 3058 3105 1142 9527 5310 5135 5907 5076 7873 5158 7501 1125 4512 6344 824 7486 7386 3815 2054 5785 731 195 5703 2617 2251 5463 9533 9532 
25 8557 1630 3640 8699 7927 498 8991 7934 2751 25 7063 3059 4322 7107 8186 5671 6524 3063 6351 6330 7954 5051 7123 710 3224 
14 9649 2357 6377 7854 8946 8126 5242 6368 3715 2728 2175 1056 630 8594 
38 7156 6150 8784 825 7870 5732 9666 617 6026 2377 772 2121 5626 2513 3946 357 7197 1255 3645 6413 509 3293 1277 4621 1446 3832 4457 1552 9862 165 3415 7001 9876 2623 3107 1226 5476 1950 
21 8290 2147 9104 7465 3680 3334 2787 1644 6648 7876 9836 369 2504 214 5484 1850 139 5590 6140 2811 835 
10 8024 2512 2915 206 482 3148 5955 4624 2660 7391 
24 7287 7180 6747 5332 2439 3163 2144 7099 7921 4849 8887 5099 3568 7547 2733 5740 9542 5506 756 6958 2421 5697 2169 8196 
26 8711 867 5045 8494 8800 2228 5050 9407 9900 1656 6802 3387 3081 8500 7238 7981 304 9145 7084 4926 4157 5423 5348 5987 3514 3517 
33 6135 7198 8449 5049 8254 9492 5699 9610 7683 7637 5535 4285 3566 9647 2043 7312 1937 8481 5610 8935 9762 7339 3979 3312 5098 5429 7087 2069 9854 3863 4909 5046 7820 
10 1372 699 902 4260 8462 7224 5721 3833 853 4887 
19 6329 7230 9544 5654 5369 5554 435 2198 442 5724 4585 3319 3694 8605 3926 4178 3042 9211 9069 
25 2538 9191 1984 3951 5510 1852 9602 8447 4666 9944 9100 8791 6985 1676 8160 4278 7474 261 8669 235 4739 1096 8780 5961 5478 
22 8055 7704 6168 6053 5295 4029 2105 6208 3905 7301 3345 8551 2613 9734 3150 7352 733 2024 7222 8286 4235 3207 
20 3758 6304 5112 5771 6360 3921 7248 47 1252 5285 4588 2186 1128 5772 5131 5068 5652 4339 5157 2492 
28 5113 2006 2143 3459 6307 4437 2401 9769 9805 4661 2626 8376 992 1175 8037 8951 2140 4024 7682 6880 5021 9963 1956 6384 4553 8100 2307 1848 
15 627 328 3024 2681 7804 2749 4425 787 1849 1623 8008 8454 4719 7183 7112 
28 1593 2899 892 2963 1030 128 9274 8073 4836 2343 5957 3761 9871 2478 1286 4333 3917 201 2427 3419 4859 6976 3283 4783 2371 6300 8332 4886 
8 4511 6455 9459 5531 9259 5474 4298 7441 
22 2436 9412 9595 3017 6951 5620 9385 895 6261 1143 6980 8822 6720 8894 6954 9898 6250 1115 7968 1306 5443 7133 
14 6735 6159 4665 8548 8198 5710 1054 8059 6155 5917 5263 4302 9954 7568 
38 1090 9974 6924 9691 2690 8653 4953 5214 9947 2927 9065 66 4677 2122 618 5268 2086 6727 5217 6827 4541 7582 1463 9086 5277 5346 5321 2344 747 9775 9446 7739 4418 794 2196 4484 2853 7105 
35 842 3160 4170 4184 5507 9830 5663 3191 8856 529 7737 2434 1494 4195 6615 2921 843 5642 7274 9230 6868 9708 6459 4073 5153 4518 5823 2433 4747 49 4354 4448 5266 6465 7641 
14 7575 9366 8592 8944 2965 1704 7095 9699 602 3427 7039 6626 6616 5434 
27 5572 5466 481 2711 5887 3779 6989 1106 9457 4163 8644 6218 1700 1523 3952 819 7328 929 727 8570 5621 2616 7408 8070 3229 7356 8569 
16 7104 7677 4194 1267 7867 9282 9483 788 4631 6700 3002 12 8141 6358 3184 5828 
18 400 2957 8774 3066 7668 3795 7438 135 674 2212 101 5936 6057 3688 6080 5682 1191 4399 
38 7451 5856 9255 1955 3866 277 6742 6749 4115 6652 7428 4485 1491 8309 3623 1660 821 9729 3054 8298 7337 5421 7326 6292 894 7966 738 6653 9193 3465 1594 2689 8364 9747 8714 5819 4978 8499 
19 5744 9851 9813 5996 6410 3614 589 4847 2832 5618 6516 2674 6697 5246 1231 1506 2197 6065 8722 
17 3384 8792 854 35 5662 7762 6746 8159 2174 8691 8446 7446 6353 928 9110 9379 2430 
20 8566 1363 4935 199 6711 7994 4088 6280 1460 1415 645 9177 8988 2037 2565 3470 1235 8110 1682 3491 
31 2106 3849 7768 8803 615 8614 4940 1324 7912 2072 7628 6757 4213 7209 5040 4204 4443 1804 126 1519 1166 286 4251 8778 8060 8322 7295 8165 3324 3134 1288 
11 315 6804 3317 839 4020 476 3848 8558 3971 7766 20 
16 1635 4455 1697 4011 9848 4864 4946 1329 5956 8392 6011 4203 4378 5150 2697 6348 
34 3104 1869 1527 3603 3842 95 3047 1386 1272 2937 8882 3721 9912 30 4658 5212 3574 8063 4857 2931 5882 7034 9531 3308 2237 451 6278 4812 4757 5599 3856 8138 6439 5110 
19 5746 9306 6875 718 1177 8035 2304 2984 3602 7684 9732 3626 6394 9250 7591 393 3662 2786 8921 
13 9087 5517 6192 5983 6684 681 7024 1575 3413 7742 6400 5354 1658 
7 2520 3572 1778 6904 5862 1163 5513 
18 5500 2642 965 428 5799 8040 5088 9424 1685 1787 8788 9148 4341 7154 9782 7783 9635 455 
19 8979 3461 9469 409 7638 6550 5829 6316 8530 7211 4966 3373 1232 4703 3783 7727 2916 692 4471 
18 499 8493 8807 7907 5101 4921 3031 1876 1696 3909 8064 1085 4464 4229 3563 5926 6295 807 
42 4200 9401 4910 3188 3991 8766 98 3414 2442 92 1201 6305 3199 608 1168 5120 6134 6808 2959 8576 6719 5921 319 544 8074 6543 1117 7774 6145 3683 9243 2725 1952 7781 4731 4540 7310 3928 4160 1157 144 3033 
29 4084 8464 7174 7494 5347 5674 7769 2173 9539 7633 5133 215 2148 1727 703 7313 5805 6103 706 4030 8061 5924 270 8685 1801 4506 1829 7251 3838 
30 3976 8892 6409 3114 3050 2497 292 2686 6601 7513 8860 3082 2561 2766 5353 5080 4335 5374 5298 3158 8846 6107 8139 9764 6390 1210 758 5596 9938 2521 
19 9495 3910 1208 6006 4289 3967 6938 3344 1895 9098 503 9567 2475 7409 7917 5977 5439 4908 2130 
34 6004 9806 4225 8207 8128 2305 4558 4686 2291 9972 91 9320 4920 3862 5584 2178 4989 4236 1772 9548 9583 3452 9667 3526 9124 7423 2807 7771 5867 9312 5294 3698 443 4803 
28 6239 2074 6128 9654 4659 2482 9262 2967 9964 4441 5279 6681 4764 8755 1436 8004 8017 6556 4578 9958 361 9525 7053 8124 3670 6624 4075 9049 
31 661 2455 4863 8747 3083 164 5082 655 6272 8585 1474 880 1075 7286 5981 7879 3473 3841 213 6490 9704 2884 4166 8317 6999 755 3733 3633 2806 6993 8712 
15 2230 3129 4507 780 2181 8410 1509 9273 1276 1453 1628 1688 5919 558 2620 
12 8978 6756 1206 1245 23 3071 9189 4079 4678 4311 2597 4841 
25 8203 2657 3786 1010 9485 7323 9071 8412 5260 4798 6771 1985 8018 4297 3895 122 4060 5344 5763 6847 6600 4303 8606 3204 638 
27 5189 3396 8835 2056 7884 8795 2126 6597 4824 1768 3624 7817 3701 6589 2406 9991 1719 3592 1916 836 5669 1476 2456 1185 5363 3012 5456 
26 1588 7975 9030 4705 6430 6066 6902 5160 189 5593 5864 4187 4550 2739 7910 8895 205 1036 16 6779 4861 8384 8232 6229 2625 124 
10 5890 5636 1830 6879 3635 5986 6588 781 4313 1626 
17 200 2566 8588 6984 6058 3585 7663 8272 6966 3225 6725 5037 8467 3520 9120 8837 2983 
32 3989 4502 5920 3022 1223 3885 3542 9138 39 816 8597 1840 256 9643 8748 9080 6810 9565 2741 5608 4351 2222 5657 3720 8997 1131 1327 3153 7586 5931 3713 8674 
9 530 4848 419 9926 1503 9631 9252 8108 8596 
15 4833 1995 6003 212 2000 9743 9564 2653 7150 412 4806 9106 1709 129 5071 
7 7355 7149 515 8992 2264 2590 6753 
30 9316 4080 1233 7666 6503 3263 3477 2802 1537 6703 1716 9192 7296 3339 1468 8593 4947 2713 6962 8347 4889 7583 7624 4005 3864 7844 532 1961 1966 4446 
34 9627 4980 9045 7572 4826 7085 4587 7580 832 8187 5701 8176 7380 524 9229 6462 4804 8697 5303 7620 9455 5946 5912 5328 5905 9814 1158 6401 1462 7052 2389 9201 4018 1813 
19 4196 3068 6245 9002 7245 300 415 2809 8182 3077 5564 2248 5715 1027 2376 5399 8980 7906 8612 
25 7406 3510 6836 439 7430 9712 4615 4503 6832 2470 5134 9118 2395 5092 9880 8115 7419 3178 2290 2372 5736 9648 6917 5471 1207 
17 8328 9869 9251 17 6289 8811 1298 8354 5392 1806 8197 4766 7989 579 8611 504 8943 
27 8832 565 6220 5816 9575 3636 348 9557 9265 1647 9370 7334 249 7189 1989 4212 7652 9592 2334 8318 8405 2191 6935 7083 9721 8120 7606 
20 3362 5417 7750 808 5168 964 3353 2542 3359 3771 5585 2842 3897 1172 525 4269 8202 1579 2145 8123 
17 3092 3821 4228 2112 6399 2270 7278 4880 6921 7453 8623 1731 1456 5973 5395 480 3522 
33 697 7648 3632 2382 4914 9634 5422 5170 3759 649 2776 3194 7712 671 5519 4106 6974 6581 7510 7728 3099 5288 404 2980 8600 4647 5685 911 8053 4193 3637 9281 4951 
11 9012 4109 6202 9549 4048 7630 2596 3389 9933 2044 2951 
23 4630 2780 5712 3615 1994 7602 4652 9464 8173 425 1891 7164 1016 6382 1775 4809 9222 7452 73 4239 4364 3711 6152 
12 6296 9744 6293 7882 657 9981 3663 8546 5739 4316 7454 4301 
29 7372 975 1240 9586 572 1729 1755 3904 2323 2393 3710 9420 865 1513 7560 9780 8006 6240 6557 1577 1964 8805 5490 3265 8090 3858 4416 7918 4641 
25 2539 3875 5516 1777 8831 2981 4532 3974 1297 9837 4470 8687 6043 1331 3582 3001 8206 571 4427 6612 1708 9878 5788 5063 3120 
15 9543 1200 7255 6474 4207 3366 8155 4415 2663 7686 2319 7972 4337 4332 2814 
30 6765 119 7236 9562 4410 8816 6402 1553 9928 2852 6359 5074 9027 6165 3949 3256 4786 7960 4262 6180 5056 2194 1793 1356 4054 7705 8865 2358 5449 8850 
29 9078 5205 6718 8146 5686 7152 1430 8038 9741 5559 6326 9225 1762 5681 2218 4565 6578 1572 3499 9516 53 2369 5162 9212 2968 3576 8152 9484 7784 
8 5307 9751 1346 3802 4636 2288 3749 962 
6 3541 4153 1500 7000 8940 3539 
28 5025 9382 511 8285 9738 2171 1721 8273 6345 395 11 2479 4777 5211 9460 6937 9001 3285 8638 3309 804 2823 1397 4769 9507 3787 8508 7241 
13 5282 210 856 5892 6222 1725 9950 7370 9324 4340 7122 1087 1204 
15 5541 2537 2518 9286 5656 8367 1319 4361 7368 4755 5302 7518 3431 3132 3259 
29 8382 6125 7193 6255 1863 2954 4244 7698 3785 3429 6737 8741 275 8383 1053 5005 6777 8039 8201 6660 8729 5759 705 1812 8174 5316 3959 7450 5575 
28 3426 6645 5650 6512 9158 4031 987 9000 7515 5700 387 9983 5061 2154 5904 9946 9783 1382 2325 9618 7239 4998 7051 3023 2843 7303 8838 3378 
19 7249 1986 5888 2216 1601 5234 704 7477 7176 1831 9054 800 405 1461 7178 4850 9740 5616 8941 
34 4761 3966 7685 330 3666 8575 9419 3524 3970 377 6659 7208 7004 5952 2765 8294 6758 7866 7961 5261 4943 3399 1743 1859 3171 8639 7469 2027 8647 5072 9454 3275 4348 5512 
17 3381 7962 5729 9375 4330 7887 7797 2201 1712 7170 5960 5048 7673 8282 6266 1732 1038 
35 1221 533 8219 4137 1845 4938 4245 2505 4613 4689 3940 3127 1746 5428 7642 8116 6137 7982 7299 2295 2365 6860 5989 3447 7487 1617 1337 3464 6635 1092 7426 7946 9971 8002 980 
32 8351 3816 2167 9116 7442 3938 7191 643 1104 890 6374 3108 5495 6313 3476 6483 7549 5992 3707 4086 2350 8829 3941 8305 1487 6209 5096 6291 6489 9398 2886 3238 
28 4349 8338 4050 5240 6012 4450 8595 8368 691 5768 9632 8760 7231 3498 2754 7250 9969 2282 5164 2752 5085 276 3519 5325 2257 9339 495 4987 
4 2649 6141 4830 2591 
36 6265 7557 3583 5539 8042 9033 9576 2355 7915 5690 2958 9785 4595 2796 6772 9298 8169 4754 7853 8164 7470 8668 653 9142 8409 1673 8526 8825 9690 8168 4545 6339 6507 5720 4923 5047 
26 1313 8133 9042 4482 629 2180 5557 4074 774 9240 686 5827 350 5643 764 7571 4674 6796 7721 5412 7436 1076 2294 9940 5543 2671 
22 8448 4657 2235 4007 761 4326 8243 4331 1101 7364 6041 4453 3610 5262 4688 9440 3372 9894 4004 903 9506 8727 
28 5757 6922 6563 2651 507 7778 9276 862 7796 4409 9333 9234 3757 6940 7743 72 6572 1385 3301 7168 9873 1044 6914 8959 6723 5485 9786 5407 
29 5090 6842 656 6048 9450 3124 982 3993 4544 8194 2261 2804 2241 8609 9541 698 5498 6551 4999 1358 1624 3978 9323 9875 5718 1748 4220 7676 4846 
16 4875 956 7172 3453 6398 7203 9948 4819 2977 584 3496 1050 6001 9351 5 7909 
17 6547 4973 9199 9186 5492 5640 6702 8015 8636 5949 3126 2185 6317 2638 1120 9711 3836 
18 2399 4246 417 3840 7464 5103 7734 9221 4609 6095 471 4735 7708 7681 2312 7625 8898 2890 
28 2783 9735 7692 1565 9681 969 531 8058 6619 736 6064 6486 5104 77 4336 8491 6774 9384 5767 664 2701 3162 1149 8251 2258 9488 7192 2408 
30 6942 935 5069 7759 5228 6186 3839 4776 7080 5764 582 388 8721 5333 3769 3412 735 1373 63 7822 9056 5177 8522 3113 6978 3254 9931 6193 5538 8677 
22 284 4869 4028 100 381 2952 1250 1583 3646 7595 2568 15 3232 1922 301 790 8352 9396 9227 616 7 9472 
12 1908 172 3605 8955 6244 5437 7276 8192 1129 8084 936 1939 
8 9696 306 2767 8948 2847 1701 9749 2055 
15 7243 9705 4411 1236 1244 5258 1091 6496 9427 5065 5836 9596 6676 5334 5244 
18 3200 9349 6297 3553 520 9835 8307 6768 5550 4551 5560 8365 9465 7696 8044 1195 3860 8098 
20 3411 802 5719 4602 3398 8379 6213 1098 1433 5382 8881 1590 8027 7753 389 1238 5432 8540 828 5446 
30 3717 6021 7579 7535 6716 5452 8257 2206 3421 6806 46 6290 4266 2501 6176 2861 7949 6171 3844 9594 5336 3102 2647 6302 7836 9895 424 9178 9956 9887 
11 3544 5711 4366 3482 7971 7857 5256 463 6081 4784 8303 
25 3739 6526 4034 6216 5835 7729 4099 3278 7610 3391 8473 6184 8643 1765 4380 4702 407 4456 1437 792 2550 845 7751 7390 1823 
24 1997 9613 2856 5433 3784 7456 8665 1110 5933 5603 6730 6437 2580 1320 6129 5997 5469 9605 324 8451 7623 8215 8106 4129 
25 2440 6498 3220 475 6089 6062 1872 379 8343 4685 9136 7106 6243 9431 1196 4389 6891 5750 673 5893 2836 4554 2221 4158 2450 
14 4107 7277 7690 4593 6523 2453 8806 2467 4854 7754 52 5102 8565 6527 
24 2425 7874 4141 7092 4372 1355 5766 7162 7344 4884 4111 5094 8326 6855 3659 4559 6792 242 7973 526 86 3518 9522 2615 
15 6069 5668 9795 3370 506 1146 884 2202 8734 2091 1390 1274 869 7302 1699 
26 3375 6340 8191 942 6356 4879 6896 9156 6883 320 581 4221 5670 1368 2500 8513 351 7031 8386 9932 746 6212 4474 914 2353 6559 
30 9254 4782 1102 494 2979 659 9482 6056 3007 3070 3799 5534 2341 1819 7819 6083 1781 6667 3953 4182 3889 8315 2010 8255 4462 5322 7069 6087 6750 8308 
34 7554 665 1723 1873 3057 552 5566 7232 159 2585 97 6248 2246 9444 9101 9496 278 7505 1239 6488 8646 9096 1678 7871 3509 4148 229 1225 5591 1147 8501 7527 3880 9637 
28 4733 3445 3502 5291 8990 949 8995 4617 7145 353 2612 9237 1566 4012 3074 695 5118 7181 6599 4375 7538 6032 8455 8275 4479 5939 3712 818 
26 9757 2245 9179 8682 3789 8652 4862 7984 1612 8093 7425 3340 4992 9748 5660 5993 418 9726 9162 899 5609 7977 3422 9239 176 6241 
10 57 6903 4065 8353 1264 2614 1790 8883 5052 2528 
21 6710 2338 7492 9135 6247 516 2362 2397 6268 7256 6331 7790 7205 517 5793 7746 1684 9161 9372 2005 1022 
32 290 6392 2041 6739 1910 9202 1557 1627 6729 6484 3181 4533 151 4690 9877 6604 3511 6915 9480 3152 4055 4912 3094 3456 793 5078 3223 3943 302 8622 9439 762 
15 9289 7847 1281 6762 6106 1638 3793 7389 233 4465 1007 1141 6434 6051 8964 
23 8868 9511 3807 3036 922 5453 7448 7811 6181 1071 4856 4985 6680 2160 4936 1763 3996 855 4808 3041 1868 8156 7204 
19 497 4205 5695 9127 1455 8266 9570 8645 5163 1282 2997 4317 8162 2073 4057 108 7138 757 8797 
31 2992 8681 3879 2600 3493 4607 9364 5012 3314 7573 3765 6223 9272 1330 595 1715 2535 5872 8400 6047 8916 7531 7142 2646 5165 2063 9501 9808 5202 1426 251 
29 9625 2409 6638 6023 4355 1667 1211 8094 8901 6751 5004 9512 3501 889 8511 1960 1450 8928 4342 5873 3296 5084 5749 3040 6568 4271 9123 784 7281 
27 2934 5477 4957 3732 6336 908 2272 1428 537 8325 2213 8920 8136 4155 4370 9053 5747 829 2396 9373 2301 5204 1400 6249 7996 7611 6419 
32 830 5351 8034 1222 5107 907 374 1256 4552 6579 7777 1176 3731 127 453 5210 1905 851 8927 158 3806 3810 6281 3455 9365 8877 4556 8541 6819 8372 4759 8377 
26 483 3616 3051 8167 5803 4477 230 3227 3625 243 693 359 4097 632 6577 6187 9331 4928 2936 8567 421 5109 5494 9639 1472 6623 
14 7444 3955 6347 1417 3660 2894 7659 1205 8321 1549 5797 6019 1083 7851 
23 3740 4990 5187 6407 7169 4139 6013 1259 9474 4426 7488 4535 9941 4762 815 7500 3356 6109 7124 1483 8341 7476 7600 
16 1963 6575 9617 102 2551 1529 8344 654 2985 2490 6731 7126 2750 2165 5884 3820 
18 3972 6076 380 1733 6969 4642 2901 7745 716 5999 9812 3691 9403 6622 7130 1520 7439 9803 
28 266 2352 2999 3169 7933 6893 1710 4699 2558 3271 9232 1197 6102 4608 5530 9261 8742 2003 1631 7944 6797 6666 8561 8704 2226 3797 1691 4292 
13 4520 7046 3085 1789 8732 6108 322 8349 598 5714 1540 9499 3969 
21 9164 7190 4645 9833 6173 8864 2402 3877 9479 742 8813 2354 5255 4460 5151 2855 2131 3128 6311 7951 7700 
9 9314 354 1496 1942 646 244 5844 1752 9287 
28 7710 9538 9832 8768 7457 9710 5221 9659 9508 536 546 2906 7592 4025 5984 1814 5947 5488 9423 985 6371 9994 2103 6046 8885 1082 6534 6444 
26 5627 5783 7246 9068 6618 5782 5725 6726 979 8460 4489 5770 6375 6504 279 8281 5762 6388 8423 1927 2155 197 2098 9891 2888 8654 
12 32 753 4709 9044 1836 2707 4500 2289 9390 5269 9906 6288 
11 2577 3270 9064 7548 5866 5087 9652 8316 3867 3999 2758 
15 4396 7922 9537 8118 5043 6182 177 7837 6587 2866 486 3957 5203 1894 432 
26 3537 5628 9035 7010 7342 2989 1911 280 8938 5247 2938 6114 3508 7930 9597 1782 9802 7776 3886 9154 7089 3084 5726 8861 9616 5563 
16 4291 9182 986 2781 9477 7903 3173 586 5959 1069 2715 1140 3523 913 900 2029 
3 152 5091 9569 
29 6438 2799 8236 8529 8259 1215 6082 1943 5567 6571 4449 866 5139 5702 399 3948 28 6224 7258 9491 198 9338 2080 148 9461 7869 5311 398 1374 
5 5503 378 3364 1745 2053 
13 6538 8112 4986 1381 3297 103 4751 5644 4284 8304 998 2243 749 
7 8071 2133 7863 7307 2618 1153 5077 
10 6119 6133 4913 5100 1309 8661 9152 8437 7362 8147 
26 4704 7856 8737 1864 1004 9641 1294 5323 5473 8007 9706 7462 4105 3748 2268 3201 8010 7815 8663 6157 6594 3835 2114 1987 5855 7115 
7 2060 3435 8306 7719 8265 8497 7343 
25 1465 1046 7808 3393 8101 8953 3851 3648 2829 543 9607 6682 8976 8359 5136 5496 9697 7886 9197 5928 5467 7035 2998 2298 1758 
4 2464 751 7901 4027 
21 5601 9410 633 711 9612 408 6953 1396 1979 8107 4175 968 7589 466 5822 1080 9660 9269 488 9642 5460 
11 376 4070 8875 5349 2575 4650 7268 8751 2593 4996 8217 
19 241 1349 161 8996 8815 3621 8926 1391 1681 8471 723 8975 5898 9760 5604 6959 6840 7257 181 
14 4318 7284 8776 5910 3706 2685 2249 6828 6986 51 9048 7182 7111 2770 
31 8445 6024 7916 9263 3843 3657 382 1123 8431 7865 9328 754 9213 5233 5558 6738 26 4902 2428 8393 5191 5728 4312 4680 9746 2830 6334 9669 3716 1633 7093 
23 9037 9475 7135 2556 5622 285 4651 9566 121 4359 6325 6226 9661 4721 8483 5752 7545 4860 9787 2502 3965 4197 9536 
9 9497 5124 137 9826 8014 8571 3837 1479 6994 
22 1884 7253 5409 2119 4397 833 7275 6319 694 9009 9957 4524 3902 1124 5128 6406 9683 844 9986 6509 2544 3618 
14 5751 7636 8804 1862 459 5837 3798 3211 6463 8468 143 5551 3791 4013 
25 8854 4171 1613 6196 8761 826 6885 7920 2835 8793 7387 4514 2756 9995 6117 4218 8625 9807 4183 436 140 1398 5458 5248 9573 
25 6101 5287 1595 660 6346 8403 7726 8830 2850 7604 689 4044 9998 6696 2678 184 1103 110 7023 9551 8313 2747 5825 2691 321 
15 5036 6871 4555 1263 9165 2386 1181 9070 5070 4924 274 806 7507 2950 1000 
8 2207 9429 9737 9897 9038 4014 1061 8330 
11 8615 4344 4756 1246 8809 3995 182 7983 2219 8888 1562 
29 9209 2385 1511 3326 7693 9388 4113 9300 3443 8105 7587 3449 7749 5909 1119 4660 4019 3240 1440 8183 4132 6876 8249 4445 9332 6931 383 7537 635 
30 169 6814 3958 7041 403 444 2790 2234 5041 8764 4219 5929 9724 5548 5529 3997 3241 1965 6510 3385 9967 8523 2168 6256 3942 4324 5950 2255 6853 8280 
12 6078 5169 872 9843 3876 4684 2259 3998 6990 7185 5774 0 
16 6537 2706 871 7894 7508 8562 7794 624 2546 7872 9233 9863 9534 2022 9358 641 
10 422 5853 6422 3122 6197 10 2710 4135 9867 9360 
22 8188 5576 6009 9082 4907 8450 7823 5801 4840 3700 538 2532 2727 1851 3039 1957 3407 4230 1764 6631 1055 590 
13 2217 9742 3205 8968 2987 8658 6448 7042 9776 8690 4531 5555 4091 
27 2900 4021 4063 9731 6367 886 8214 4045 6451 4365 2104 8659 5216 9248 9302 6532 2708 1616 1953 2347 1659 8974 5930 5319 7524 4931 7472 
13 3778 1160 542 7422 8505 8293 7645 485 1598 6713 9224 7782 8402 
21 225 9761 9481 9645 8339 508 1431 8312 7761 6778 9908 7635 6211 4234 748 8537 8949 1847 3611 9552 8154 
12 8671 5366 7558 9992 7493 6515 4952 1043 1497 948 2134 3069 
21 5830 553 952 9028 5176 8220 5880 7807 9593 6262 6372 5980 6086 4534 3189 6611 9413 2337 5159 1976 5044 
14 7479 8555 6805 578 8827 178 2048 1012 8833 7898 7167 4356 905 8047 
24 5375 1441 9458 990 8945 4270 254 575 8906 9447 7177 1707 2918 1820 6688 2496 6037 5275 5431 4670 7349 7350 6477 1599 
16 3190 896 2661 9546 9394 2407 4130 65 4654 4125 5730 877 8470 5969 1559 431 
25 8642 9242 5838 2673 8075 4117 1429 8746 680 2370 4248 5122 5958 7417 8958 2242 9310 9905 9758 9984 5813 6621 7969 5286 3322 
11 2696 8876 7941 4664 2260 5998 2444 9077 2095 1871 9868 
9 5241 930 1846 8869 6946 3432 2021 9644 7206 
21 6643 9842 4713 2220 2652 8550 9800 7594 5523 4899 7967 1702 5479 347 7032 7925 5577 3392 1618 6555 3367 
10 9134 2930 4256 9962 2045 342 6120 3216 1844 8019 
22 6967 4744 6850 6391 5105 8291 4906 4789 4730 5851 1554 5965 1183 8931 5791 5198 3080 3076 7831 4901 3458 452 
16 2919 2578 2602 2527 2415 8857 1458 2684 8143 6743 4625 5810 2911 3306 8356 1190 
16 708 3418 4792 1521 7730 7764 2846 1338 8134 9023 1283 1073 8076 5975 2516 2865 
13 6639 156 5994 6179 3157 5486 1424 3210 4915 6478 7340 814 7482 
18 921 8151 5914 3494 5220 7101 9896 827 116 4548 628 228 2120 8683 7269 879 3903 8870 
23 3775 5579 9133 6593 4491 6882 4775 5464 9658 3323 4831 1591 8828 5588 6022 8333 6105 7160 973 2822 5753 7044 1300 
21 6570 1169 1109 5899 2292 6909 5901 81 5340 1029 2793 6055 9456 6072 7765 8839 5224 7530 3014 778 7899 
27 6132 2675 7564 8956 5915 9319 7987 7516 5583 1045 5073 2955 809 1690 6234 5270 80 1188 631 9791 3441 5055 2821 8091 3690 9915 7459 
22 7263 2665 4328 7068 3469 9299 3282 6609 6038 7680 5648 785 2283 5580 3268 3658 5002 6079 796 3652 8078 5273 
24 8190 4089 9655 4858 5569 5201 6059 9157 2498 78 5278 42 4603 7199 5863 6852 8005 2726 4061 7833 9771 3571 2940 4049 
9 7816 967 7614 5684 5394 7521 5911 4329 6650 
28 1968 4872 8984 7805 7830 1198 3295 2874 8904 4675 9553 4472 3004 8172 8068 8234 7421 5355 1675 9502 4422 6535 2182 1526 8211 7375 7404 4319 
24 3513 4696 2924 1738 2885 4227 1299 9968 6389 1525 9902 9175 5462 1578 7529 9730 6027 7400 7841 8230 4390 3887 5817 9329 
26 9466 8970 4834 6930 1532 6562 6231 1081 7755 3597 4810 8954 5053 4146 5142 912 7317 3671 9792 1514 2113 2158 7175 5280 6918 9753 
21 3530 799 5632 883 67 186 2607 2452 887 9348 7292 771 3142 3118 8381 9601 8762 2908 1938 2326 1972 
19 7171 5238 8851 4353 8334 6983 4590 803 9630 4238 6798 3628 5271 386 238 8702 5754 3111 722 
22 8695 5193 636 938 490 2694 8129 6734 9155 2522 7333 160 3823 8841 3472 3143 8680 9663 6099 3872 1261 5312 
7 3729 6276 3736 6408 4991 1270 3705 
12 9846 4300 9151 6907 6864 3845 9264 8212 6982 5219 7990 3755 
9 6698 4006 9519 8893 4570 3954 2280 336 8131 
14 9858 5809 1480 3746 6865 3753 7506 2583 6981 3734 3287 5461 1931 2322 
23 1422 2107 1799 9694 9934 5154 8031 8299 4681 3777 9029 7798 4890 5066 8914 8270 1242 9703 4918 2815 7828 3950 6342 
13 775 9019 9293 1648 7054 2699 2391 1219 9350 7559 1285 5505 4040 
26 8378 5713 5962 6476 8296 5289 9859 9584 6566 8125 1747 385 6800 8362 2757 3913 5320 7835 6287 8859 4672 5022 4726 1602 3043 5865 
19 9561 876 9882 2547 8413 8688 7220 83 2645 7187 684 6124 5178 605 3529 609 2858 9650 5760 
22 6784 8694 1912 8373 1539 2437 9441 5877 4845 2587 1486 8723 7447 2367 5121 4504 4067 4598 3327 2096 5293 1359 
19 1189 8542 7503 2680 1464 9208 5314 433 6866 5705 1666 4466 323 1442 8278 4451 3780 966 7173 
21 64 7118 7988 8667 6839 2151 2164 8656 7552 414 4198 2834 4468 4945 4956 7725 7688 7405 4820 2819 4599 
16 2240 2702 2543 3751 5481 7363 2584 3365 5215 2672 1694 6217 926 1174 5633 3533 
3 7134 8263 1855 
12 8719 7599 8180 9966 6015 7660 6294 1312 906 2914 3945 2152 
30 3669 6161 1393 8225 2315 5083 8025 1756 3808 7137 2360 4708 4619 4740 9218 3674 9591 9016 6878 8577 3577 6841 3882 411 3109 5536 316 7460 8350 9476 
21 120 8028 9160 8103 7148 3547 4561 6617 1596 9725 1971 7377 9989 9841 145 8765 7617 6872 7163 4530 8430 
22 2797 175 5792 9478 3722 5123 1130 4988 8127 9113 6661 1253 6214 4438 7431 9417 3172 6890 68 6603 5174 2824 
22 252 147 9288 3466 4358 7502 4440 1854 4734 1769 7914 8052 2876 850 8144 6837 4134 9437 4140 8083 1677 7825 
23 5405 8485 1896 9701 9823 2601 7629 9270 3752 8750 4597 3689 9788 9122 4765 236 3581 5845 9007 7244 9206 5631 6417 
15 6971 6188 3133 4653 2948 8099 9073 6085 1946 2084 8662 8067 2572 5612 2445 
13 7309 3622 8782 8300 1679 5708 3930 6785 1466 1314 1167 701 9723 
23 6172 3228 8229 5014 2374 1980 1008 6178 8779 3474 5019 7271 3438 2403 1818 1795 1361 8880 7283 4671 3687 1473 4883 
3 5116 9377 5821 
14 9763 5081 5448 344 7055 6553 9336 2157 5024 5587 1495 5225 8543 4124 
13 5400 9505 6657 9368 202 6939 4718 5379 7361 9244 3924 2177 6595 
22 7555 8510 352 4594 2 991 9767 3963 9709 776 8863 3567 500 5200 8041 5365 6766 4580 5812 9922 3914 8648 
21 105 4147 7843 9574 3772 5527 6920 7091 8516 9498 8549 2204 6309 4131 7225 5800 9147 2499 4275 5857 207 
25 4724 3203 7048 6121 7542 7407 561 5658 9361 3919 958 154 4903 7550 3217 3695 1351 8983 6732 2643 5148 1703 2698 669 2321 
4 6672 7037 7078 5903 
16 9809 9975 5995 2972 8987 4002 5692 3673 2443 3973 4407 7265 7233 4076 4763 1545 
8 1062 9346 8986 5871 5869 1427 9097 9198 
3 5847 3790 4796 
21 2275 4623 5824 1364 2042 3699 9378 118 2398 6061 1770 8886 1933 6564 5634 4771 9646 1118 3630 142 2554 
11 9249 4722 6769 7736 5264 1683 9714 8327 6271 4813 2225 
7 9952 7613 4823 1350 4962 2238 5361 
23 6237 2115 1504 2023 2477 1459 3776 1388 9092 1058 9470 6846 5972 4081 2460 9129 9063 8515 3987 5362 5758 6919 5944 
17 7445 7715 2108 5009 8801 6333 5664 37 6332 3448 7461 4505 5594 4442 7155 9343 9693 
13 7066 523 4206 138 7490 4062 6888 9884 9810 3139 8692 7741 3560 
15 5861 1220 6067 3584 3505 9141 5305 4394 3874 8177 9185 3556 4851 4892 6090 
20 1412 8631 2648 2082 7900 7384 2390 4043 8264 4632 9665 6988 2863 1736 9997 9745 3591 2604 2845 8022 
9 461 7569 3230 4934 6950 8999 7228 7980 1722 
20 8506 8023 5879 1639 3137 1668 1842 3061 6646 5561 2349 9204 460 3151 4108 7157 3898 7756 7937 2273 
17 1475 9031 5451 8033 1924 5380 6692 3269 305 6554 6972 1821 1586 6545 1001 1825 6273 
15 6491 7576 2525 7045 1930 6452 6861 1308 5704 8524 2205 9268 4710 8689 5886 
10 4838 4527 752 9903 4510 6314 3500 7818 2032 9770 
18 3675 396 4247 6677 6301 4515 1875 384 288 7526 1161 1490 4728 7242 685 131 4156 750 
21 6098 599 4282 4772 8745 2034 2364 8289 6628 1025 3881 8604 5223 5696 1585 5935 2592 4216 7824 4042 6111 
12 462 9228 7931 8814 9321 594 9718 4964 9978 7979 5742 6063 
17 1620 7829 8820 7341 4314 6678 7125 1265 9275 7932 2517 8388 7852 3486 5787 5147 6 
23 2110 5064 1947 6970 8268 3130 1810 6975 5675 4096 9688 9571 4982 1811 4190 8706 6787 7669 4977 7057 4273 4432 170 
6 3901 8407 1067 6911 7943 4725 
10 8062 4528 2302 191 2795 9909 5814 5111 7758 7017 
8 458 8664 8798 4711 130 1783 22 492 
18 1779 4293 9623 7392 5709 2359 946 50 5966 6144 9857 373 2125 5207 360 8641 1805 4142 
22 934 4969 4159 2179 2040 6519 1692 8261 6848 2722 510 2611 8297 7945 3018 3551 7639 192 1751 8411 8122 7950 
21 8686 1051 9687 4569 3404 2414 7018 941 2582 2524 1089 3834 7839 6373 7484 3718 5676 5029 9334 557 2410 
9 1257 5526 6379 4209 8148 5023 4138 8319 5003 
17 1302 2867 1791 1907 8963 6167 7143 6131 3912 2336 7752 7893 6318 6668 2621 33 9914 
5 2515 6582 2630 4802 4941 
20 9817 7691 6838 3328 527 3174 5734 7520 3805 6949 7159 940 8066 623 291 3627 1865 3408 1020 8301 
11 3735 4046 4167 193 5878 8553 2656 2610 4281 8238 4729 
1 5441 
24 4895 3044 1774 8547 3267 857 4093 5565 1882 7536 162 6712 551 5945 1028 2050 204 6998 6088 6354 4723 6522 1935 9766 
22 3146 7415 4224 6641 2089 4290 173 6149 7327 4870 9170 3060 2991 7800 8608 4737 1481 8482 4649 8057 6073 58 
22 5967 4866 365 4939 1534 732 8361 484 7605 6286 8584 4368 2895 9883 8387 3728 8142 2631 9369 7888 7496 2441 
16 5465 4249 688 2142 2619 569 4572 4589 6166 3179 8166 5418 4295 8226 3218 770 
9 2412 3056 9653 625 9294 392 1084 9716 2818 
23 5356 1589 9720 1271 1470 9987 9376 4232 8049 467 6859 333 9844 2763 5357 8655 9521 6447 5839 642 5735 927 1015 
12 1785 5197 75 9953 960 3015 4752 4180 5666 805 224 4296 
18 5001 8401 3561 8826 4085 6203 9150 1307 1154 3 1296 1477 4694 1432 3521 2001 9529 1284 
4 1376 6016 7437 8910 
8 7234 1348 310 5141 1278 3702 7146 1378 
3 7724 76 1159 
10 9238 9167 724 6699 8492 6469 43 9588 4933 9515 
20 7207 7793 6898 3454 744 2431 9755 4385 3303 5781 5283 9057 3460 8130 9371 6112 8417 6637 9004 8054 
19 9526 8603 5635 7259 4667 2837 9079 5738 7094 416 3960 8651 4169 4463 6770 401 7079 2922 6470 
13 3394 1392 9015 1037 3516 5327 5673 2723 5468 3927 9608 4363 8331 
12 6393 7998 9838 7525 8960 282 7021 9330 34 2419 3920 6686 
19 8239 4539 2281 3416 5117 4280 2461 4033 7890 5509 3548 6673 2637 438 3923 5876 9545 3402 7201 
23 4767 6596 3925 6963 1761 8903 8673 125 4036 1017 5706 6310 2420 2801 3822 6411 5831 885 4424 3250 7772 5854 2300 
19 3859 5301 4499 3672 1394 1328 7217 6042 2859 8911 4573 9295 574 6175 6936 983 1354 447 1808 
15 2907 2229 4523 2662 7345 1457 6561 2485 1621 5378 9840 6782 7215 7731 6467 
21 4068 7267 7403 6829 5852 8627 2215 3379 1567 591 8531 5938 3764 9893 915 2772 8858 9210 3298 5894 925 
