21 2735 1335 6663 4143 6916 6228 5868 1866 741 6658 7114 2718 5284 3242 6153 7992 5057 611 4490 7953 6487 
30 6689 6466 3549 8962 7109 8274 9180 4643 715 1407 1248 6163 6932 3811 9611 6764 7788 7651 3570 5427 1395 8966 6104 2933 3198 995 5138 5545 6505 3984 
30 3090 7429 7499 5716 7401 622 4214 1066 1273 271 4693 3170 1803 7483 1885 7449 2903 5850 5951 9342 8972 8900 3492 6968 8684 3899 5230 5499 8375 6675 
11 1209 7928 4307 6381 9563 7028 9052 2784 3608 5352 7773 
23 5018 8878 580 7846 9190 5006 823 6475 6662 2314 2368 3086 2088 2394 7566 9793 8036 1425 603 3558 5842 1452 6690 
18 9313 2356 4637 2559 585 5424 2313 7455 1353 9670 864 1651 1421 8088 8397 7304 4817 8046 
15 2519 7957 474 4842 1560 7329 8728 4546 6558 318 313 3936 7813 9921 4614 
26 549 6541 1724 7862 3119 6669 7014 4406 5042 7849 5180 1182 4629 4898 974 1152 2493 3642 3587 9296 4745 5889 9067 390 6991 3286 
22 4525 8773 7940 6352 1967 9043 1501 1448 614 7396 6431 1011 312 3244 3609 1824 7744 7261 9756 1064 2704 1619 
19 5934 4618 8758 3430 7709 1530 7226 7019 4656 7103 6580 1686 5156 5511 3116 9754 9919 3234 6610 
19 4679 1949 3565 1693 9353 9246 709 2076 6426 3865 847 3507 2693 1435 4961 9911 8634 1445 5573 
39 88 5497 187 6198 4058 7929 6199 7140 6493 8406 6849 5034 113 1838 7379 4965 4714 1531 4343 4357 4009 6674 2279 7385 1780 4582 94 7974 8153 420 3125 9467 8626 5364 759 6461 4350 1360 4732 
25 2465 3307 2135 5769 6039 7926 8228 2808 2438 683 9408 2495 434 6146 613 9798 8132 5897 3681 4473 9850 1404 1576 2457 2253 
34 519 1776 8950 8489 5304 567 2917 2695 9402 7471 3294 9951 3249 2904 3029 7282 8189 607 3215 7043 1561 6251 7653 5416 9524 2825 1936 31 2007 3185 4760 6944 2318 1653 
25 4309 9325 7965 2432 9679 8520 8086 8459 7398 3067 961 6418 3368 6454 4016 6425 1735 364 9750 1262 3792 3884 707 4023 4865 
7 5970 672 6031 7097 1817 4476 2563 
20 4839 6277 1543 677 6695 3743 606 3607 8204 489 7108 7113 4853 2541 8753 5410 3665 8818 7335 3237 
36 5324 713 2986 7799 6724 2944 9636 493 4815 2320 2061 6480 8237 4930 5582 7718 6733 8498 9318 3247 2400 8905 3186 7022 5916 123 1419 4780 3956 4993 7219 2628 1156 3975 2227 859 
22 719 1977 6956 2635 2738 7643 5619 9130 2769 3305 4211 541 1218 2923 5804 2732 5832 2851 6520 556 2070 9451 
18 423 4008 2720 1135 9231 2654 8051 4454 6267 6773 1877 54 2361 1662 587 1809 6191 4310 
31 5335 8175 5445 2247 3555 9291 2316 3276 7993 6740 5377 3193 6793 2109 3352 8909 6306 8961 4581 2705 281 2650 8242 7473 1990 1035 1375 7136 3115 9865 7834 
45 4758 3817 2576 2941 5299 3371 4687 1113 3168 4635 4387 1013 166 7840 7665 1365 9132 7883 9799 3462 6987 4888 6605 5329 2033 9103 1383 7939 3594 4773 3506 8476 4738 6933 1144 1379 2579 7338 4116 9918 8443 3871 4185 6533 7855 
23 3580 8102 3655 8731 6877 1489 9267 9890 6786 3138 8637 8715 3291 1416 2966 2534 2046 299 8790 1258 3730 994 7649 
25 6252 984 3697 9556 326 8224 8486 4123 3315 3829 3613 6429 8533 4188 8621 9074 8109 3165 6760 9257 8048 6158 8908 562 4568 
22 1867 9675 8395 920 4742 6780 157 9207 7889 5237 6952 3575 2975 4056 4428 6327 7347 2486 3809 3310 5629 9196 
10 6822 7070 8840 8420 5649 3475 1860 5457 1048 1339 
8 1178 1111 9604 4958 9487 9920 5885 6544 
14 3055 8477 9121 1411 6801 1 5459 7059 8199 7722 5190 5438 6693 3931 
10 8890 9579 6363 3604 3766 8971 7184 3020 6349 7214 
33 6002 4855 4059 5300 9550 3468 8324 596 1369 4327 8030 6446 2118 9874 5039 6000 8624 4400 2719 5552 4299 3980 8360 426 5482 5607 4118 4492 559 9290 1730 2487 9404 
15 8292 9449 2031 7435 2036 1352 5779 7466 4937 881 947 7195 7262 2990 6591 
37 7475 5086 1315 268 9084 6654 2774 8736 7088 7561 5971 3554 69 9684 9195 9923 2810 4639 6925 2882 3117 3075 5389 7397 1786 3684 4612 7897 2097 2655 8240 2879 2002 5784 5454 79 1086 
19 5235 3988 5341 3692 6815 9733 8559 3471 9852 726 4071 1524 9633 5054 9345 9845 3770 2324 1880 
41 9409 2883 7956 117 5161 8509 3025 9685 6656 9820 2942 4537 6473 8823 3512 3149 8796 1587 2640 2771 817 4749 8536 4828 1834 4371 6235 3145 1670 345 6542 2059 60 3140 9781 9448 2454 888 2746 2880 4795 
25 2920 2015 211 5426 2388 5875 5514 601 5373 4032 3962 9428 1959 262 573 2945 953 2149 7785 5595 5010 7878 8137 7393 5790 
38 4094 1097 5860 273 769 3167 8564 6044 789 7314 1640 8902 951 4384 3354 9089 2745 4787 8440 5556 714 3231 2274 7082 7532 2269 9509 2494 3423 6007 1403 2211 4778 4916 3440 910 1740 9088 
18 3629 1305 8670 3767 7003 8248 6050 5030 644 3019 1906 1643 9568 6177 2868 7603 4192 5127 
24 9752 3869 311 5954 3451 4497 6741 6034 4064 4871 9187 8244 6460 3915 8554 2150 3977 4997 2932 5918 3155 9041 1744 4321 
40 6670 29 3444 700 7064 4346 6783 9020 3546 9003 5060 9935 1970 9503 6450 8713 7574 141 640 1913 4150 9322 8749 1217 7697 2311 2156 5542 647 2943 3087 7826 7388 783 9168 8613 7978 9024 7358 8770 
43 1757 7952 3030 6767 6901 6900 7186 8739 109 6420 4003 7434 1843 4882 5698 1655 3403 9357 8026 8574 8419 6728 6436 4634 3981 4942 1886 7735 9822 4152 4265 8013 4382 4917 6423 4151 132 6592 7803 2666 4165 8276 5953 
19 5440 6961 8675 4601 3321 3774 5570 2844 8427 9443 858 3106 7290 648 6242 8311 4277 6997 2210 
28 9514 222 2571 2008 4788 1227 658 9864 3338 8323 7546 3261 8871 3846 4638 7662 6830 2860 798 3911 6136 8221 6761 8716 3679 8001 729 4305 
27 563 8973 560 4481 2187 6357 782 6283 8416 6905 4119 933 5155 5062 9518 878 6775 5786 971 3000 4971 4963 4077 1333 7382 2816 3388 
16 7657 4494 4894 7227 7671 8810 6230 5623 4697 3383 5119 8884 8269 2862 7371 1247 
35 8708 4435 9619 9626 8698 9698 3564 9305 7141 2788 7864 457 7373 4233 950 5858 8610 9159 9381 6274 3328 9739 4067 6774 3308 4082 3187 3330 3745 3180 9494 165 4311 9661 1898 
32 9847 9283 9581 2327 3457 6843 666 2184 9018 1443 2335 3079 1982 670 9039 8366 8525 1171 4459 2139 8140 6759 8907 3098 9307 5775 8925 9432 1881 6074 2878 9811 
12 9913 502 846 1634 267 2831 5267 3439 3760 6644 2030 9849 
33 9976 1105 5756 5678 6380 9628 2075 3773 7812 777 9062 8937 397 6996 9547 1165 5249 1714 7121 3725 4215 4498 8579 1611 8441 1249 2035 5274 3026 7416 1892 4315 9387 
6 4078 8342 7716 8231 8969 6960 
27 8310 9888 1005 9979 957 5693 5027 1323 3176 6263 5425 8426 4493 8421 4398 989 2898 7679 1325 40 3992 5908 1541 7590 3331 8336 3341 
24 303 7040 8703 4495 8179 1414 7687 5381 1625 3358 8394 4517 5544 1878 9794 1726 1909 2363 8337 391 840 6246 6492 1136 
27 1138 7399 3281 7911 4536 1438 2838 4583 8277 873 3292 5532 4092 7411 454 3206 7593 7027 21 5011 1173 9271 6943 6365 265 1718 3274 
21 7013 8345 85 8560 4893 3290 7351 2875 5372 7294 4210 4191 1107 2692 294 6514 8726 7723 3097 5798 8012 
27 9707 9216 3855 7229 6269 734 1879 9996 9144 9965 248 2982 9171 6529 8915 4274 6164 5562 2533 9398 2795 1659 5555 755 3733 9312 4691 
14 7861 372 3103 2912 3253 1888 8484 3239 1406 5598 8104 4112 9927 5891 
28 5192 7913 5359 849 6927 3531 2333 6279 9980 7770 3754 4566 112 3351 7498 517 5793 7746 1684 9161 3431 4972 3246 2421 1488 9034 3350 7586 
26 7463 3578 5679 5913 8981 2192 4584 1289 7354 6709 8738 6443 4110 9727 6640 1049 8358 534 6992 3484 4925 5597 3562 8744 8163 4186 
16 3696 9109 5491 8843 720 2011 5385 9872 518 6036 2308 9099 7100 5195 1574 9910 
23 4377 8518 2949 4379 6633 6456 7129 9463 4255 6851 4421 3420 4807 1023 7291 9040 8780 1484 5549 4820 2908 9172 5588 
12 6412 1040 7468 712 6464 5095 7402 3819 9759 525 4269 1758 
27 3442 6831 2020 7640 554 4066 3311 4648 3409 7585 9925 7153 6174 9399 1366 3434 5470 690 7702 3480 472 1822 263 2659 7008 2090 1507 
18 6403 208 4101 7512 1079 4605 2731 9678 897 7086 7779 4052 3488 1408 4695 325 7002 2223 
12 3156 7119 7293 5902 5387 8262 5245 8786 7810 4720 9680 3202 
5 2384 7194 7832 2740 5059 
24 9393 24 3693 19 7020 7346 5250 7065 5317 6416 7012 2085 6948 2636 6791 5834 652 9059 9438 7221 163 8891 1542 3035 
23 1515 8640 4098 9523 3667 6139 8965 9392 5097 1622 2841 4800 1904 4640 6528 1083 5750 3254 1696 8777 4303 8606 3204 
26 1992 297 5402 9411 2603 5881 1269 9011 2511 41 6705 3112 5371 7139 1606 331 1788 4272 6934 5339 7955 2287 1290 1958 2252 8947 
20 6807 3654 5384 2189 8475 6495 2047 9279 149 1116 3273 9434 5741 8633 1698 8267 6606 6715 7489 4095 
35 375 6160 5343 3005 6607 4575 209 1794 5182 2523 8785 2817 3818 8629 1260 2589 4087 3661 3939 7551 6156 7786 7096 6683 4564 9500 1164 6995 107 7667 1663 5647 6500 6569 7964 
20 8329 84 6424 8587 190 9473 8783 8020 6649 739 8029 977 1835 2857 1564 2969 9284 1934 4628 2939 
17 9140 1528 1563 3325 6818 3906 8111 446 7480 3804 5275 5431 4670 9876 8522 4900 2836 
17 6706 445 4090 61 9901 6404 9137 2123 2026 9640 3990 1399 4811 9115 5408 6964 4538 
15 5717 6965 3008 7711 1192 9021 1548 4509 1187 831 9391 7615 4338 4683 2038 
10 768 1773 7116 2278 2736 6521 8461 9277 4779 9311 
20 2869 4829 5815 8743 8767 740 4591 3277 6386 8288 217 8097 264 4174 139 3641 8714 5819 1905 2427 
9 6115 1833 1664 5222 2507 8302 7210 8967 7376 
15 568 1993 4644 7534 3073 6744 3536 5687 3504 171 9308 5937 8503 9025 3347 
16 55 1978 3647 5475 1292 547 6077 5326 3703 1720 3762 5524 5493 8913 4374 9005 
22 4948 8458 1024 513 6634 1326 3038 6068 8521 3532 5777 5743 7075 1706 5661 8424 2873 3781 7395 9203 1254 8789 
3 5406 2418 7678 
6 583 8184 2128 4347 7316 6190 
16 6321 6378 3595 8689 4251 8778 8060 8322 5197 1526 6700 3002 12 3690 9915 7459 
13 7877 2429 6912 2132 1179 3062 2557 9657 9490 7627 4746 959 8253 
11 8578 2480 9341 6567 6548 3300 2552 7842 2978 9181 5979 
26 610 2828 3245 9090 7319 8586 4223 2928 1186 1797 1100 6809 7562 7081 6238 7359 7995 9223 4700 1095 2595 9960 3503 6632 6400 5592 
16 7318 8213 6502 8787 477 5727 4706 3601 5808 245 8573 1674 8346 4794 2570 2573 
17 4586 3333 6745 4017 5553 6397 6432 4600 4542 7517 366 7985 234 9555 3664 9309 8874 
27 6694 3049 9347 1384 696 1973 3534 2667 8616 4250 2994 528 1941 4701 1919 6355 2127 9955 6895 5731 9942 6045 3369 6701 9119 44 2170 
15 219 2176 6154 5789 1753 1291 7216 6194 8781 6899 4753 5175 9599 5896 8607 
20 1815 3410 5227 3918 1609 3236 8209 8435 874 6029 2717 2330 1203 3428 3433 7904 5627 1237 7729 4557 
29 8271 7188 4475 5818 3579 5358 1734 5990 8157 9815 9804 4673 4376 1580 4352 8998 115 5966 6144 3132 6516 148 451 6278 4812 4757 5599 4047 5449 
32 6361 2531 1447 3826 6884 6200 7196 6630 8079 4944 9949 5941 9889 2057 7062 7006 3894 2093 6707 2340 8218 8478 2723 1708 6651 1391 176 5462 2853 5460 7731 2499 
21 6913 4984 4885 2742 1689 2791 7102 7787 5748 6270 5602 6825 7732 368 932 4626 430 4790 9304 231 2658 
29 394 1194 6189 4867 7631 1792 8989 6647 9702 9105 5031 255 4433 2768 2004 9017 2753 2872 5625 226 4567 2730 5149 5778 3417 4606 2529 8232 5697 
20 1332 4877 3147 3986 1914 2473 6679 8245 1322 4983 5883 1680 2820 4577 1483 4446 2770 4841 4271 7509 
9 2296 9405 8425 6123 9452 7948 5653 1478 9885 
18 1883 8149 5213 5948 3208 6110 1251 7117 730 8370 448 3830 146 9819 2250 9297 993 7110 
8 6794 3257 5480 362 2488 9253 1216 1374 
7 3708 3750 3124 5451 8268 3648 4471 
14 8227 1582 2909 7073 6049 4162 3214 5806 6770 7533 1001 1207 1972 4348 
27 9046 8158 4414 1874 2209 514 4543 9789 1275 4549 3896 6530 8357 363 2469 5229 4974 6341 6010 6539 2961 3048 1380 6258 2606 70 4041 
11 3527 1605 4781 2536 7357 7325 5813 3359 3771 304 302 
31 9166 1170 3596 9985 2881 5089 6206 4405 1311 106 9620 8932 3854 4104 1902 1861 8819 332 9624 6303 9006 651 4367 8528 763 8717 3644 662 5435 8463 3349 
16 4873 2297 6910 8918 6856 592 5350 7497 576 3801 9489 3848 5144 8942 124 2625 
12 8630 1492 5991 8598 8457 5630 6691 1798 8866 6614 6441 1691 
27 5218 2424 7891 2605 150 2973 1550 1518 3557 2896 3782 3258 8952 5140 6014 3010 4692 2052 6094 7071 9126 6233 4488 4022 3887 5817 9329 
19 1228 6485 2714 1637 1002 3685 5540 8933 2025 283 153 3763 5171 7280 1991 5033 1347 5272 6889 
9 5615 2233 945 3424 8848 2782 6536 168 5982 
36 3540 7553 5487 9768 4164 5017 8434 8085 6338 1508 4154 9075 4404 2422 6584 8504 74 8534 5694 2065 8539 9821 2137 2560 4486 6130 4114 4122 548 4189 7845 4261 7264 4501 3586 7288 
13 1784 3197 9406 5393 2293 1121 4717 5008 4403 6790 4176 4513 7147 
23 1512 2748 6752 4208 2079 3947 8348 3490 7792 4035 2077 8772 2639 1193 8617 767 2760 4768 6253 7179 4237 9076 7621 
15 2166 4959 6457 3651 3329 3891 4467 174 8235 5419 1858 9614 9993 4268 1336 
38 7612 7320 9128 8021 9559 2426 4202 7567 3196 2641 3058 3105 1142 9527 5310 5135 5907 5076 7873 5158 7501 1125 4512 6344 824 7486 7386 3815 2054 5785 731 195 5703 2617 2251 5463 9533 9532 
25 8557 1630 3640 8699 7927 498 8991 7934 2751 25 7063 3059 4322 7107 8186 5671 6524 3063 6351 6330 7954 5051 7123 710 3224 
14 9649 2357 6377 7854 8946 8126 5242 6368 3715 2728 2175 1056 630 8594 
34 7156 6150 8784 825 7870 5732 9666 617 6026 2377 772 2121 5626 2513 3946 357 7197 1255 3645 6413 509 3293 1277 4621 1446 3832 4457 1552 9862 7310 5811 2491 3857 8802 
27 8290 2147 9104 7465 3680 3334 2787 1644 6648 7876 9836 369 2504 214 5484 1850 3650 1623 7545 3916 4763 3864 9600 4922 9215 7157 5571 
11 8024 2512 2915 206 482 3148 5955 4624 2660 6285 144 
22 7287 7180 6747 5332 2439 3163 2144 7099 7921 4849 8887 5099 3568 7547 2733 5740 9542 5506 756 6958 7527 762 
25 8711 867 5045 8494 8800 2228 5050 9407 9900 1656 6802 3387 3081 8500 7238 7981 9217 7583 7624 4005 8452 3337 5508 1202 2321 
32 6135 7198 8449 5049 8254 9492 5699 9610 7683 7637 5535 4285 3566 9647 2043 7312 1937 8481 5610 8935 9762 7339 3979 3312 5098 5429 9145 401 6911 7133 7160 4803 
10 1372 699 902 4260 8462 7224 5721 3833 853 4887 
20 6329 7230 9544 5654 5369 5554 435 2198 442 5724 4585 3319 3694 8605 3028 1327 3153 9747 5456 8171 
27 2538 9191 1984 3951 5510 1852 9602 8447 4666 9944 9100 8791 6985 1676 8160 4278 7474 261 8669 235 4739 1096 1236 5681 2218 1063 1956 
29 8055 7704 6168 6053 5295 4029 2105 6208 3905 7301 3345 8551 2613 9734 3150 7352 733 2024 7222 8286 4235 6687 4769 9616 5563 605 6294 2322 170 
22 3758 6304 5112 5771 6360 3921 7248 47 1252 5285 4588 2186 5677 6828 8837 5949 1829 7251 9069 1293 1456 452 
33 5113 2006 2143 3459 6307 4437 2401 9769 9805 4661 2626 8376 992 1175 8037 8951 2140 4024 7682 6880 5021 9963 7274 3438 7743 72 5561 389 8572 706 746 3978 5836 
16 627 328 3024 2681 7804 2749 4425 787 1849 4339 5157 7831 8349 8123 7311 980 
28 1593 2899 892 2963 1030 128 9274 8073 4836 2343 5957 3761 9871 2478 1286 4333 3917 201 8064 1085 9414 7983 1704 6212 4474 914 2353 5037 
8 4511 6455 9459 5531 9259 5474 4298 7441 
21 2436 9412 9595 3017 6951 5620 9385 895 6261 1143 6980 8822 6720 8894 6954 9898 6250 1115 8080 3064 5538 
14 6735 6159 4665 8548 8198 5710 1054 8059 6155 5917 5263 4302 9954 7568 
37 1090 9974 6924 9691 2690 8653 4953 5214 9947 2927 9065 66 4677 2122 618 5268 2086 6727 5217 6827 4541 7582 1463 9086 5277 5346 5321 2344 747 9775 9446 7739 4418 794 4393 7836 7820 
28 842 3160 4170 4184 5507 9830 5663 3191 8856 529 7737 2434 1494 4195 6615 2921 843 5642 1098 7267 524 1682 5763 6847 6600 8070 3229 3458 
7 7575 9366 8592 8944 2965 8400 9693 
28 5572 5466 481 2711 5887 3779 6989 1106 9457 4163 8644 6218 1700 1523 3952 819 7328 929 727 8570 5621 2616 7408 2298 9650 5760 5078 868 
15 7104 7677 4194 1267 7867 9282 9483 788 4631 9204 664 5749 9878 5788 5063 
18 400 2957 8774 3066 7668 3795 7438 135 674 2212 101 5936 6057 3688 6080 5682 1191 4399 
37 7451 5856 9255 1955 3866 277 6742 6749 4115 6652 7428 4485 1491 8309 3623 1660 821 9729 3054 8298 7337 5421 7326 6292 894 7966 738 6653 9193 3465 1594 2689 8364 5198 3080 9786 1939 
22 5744 9851 9813 5996 6410 3614 589 4847 2832 5618 4448 4524 3902 855 4808 3041 6193 1462 4091 616 7 7696 
16 3384 8792 854 35 5662 7762 6746 8159 2174 8691 8446 7446 7394 4852 5919 4301 
21 8566 1363 4935 199 6711 7994 4088 6280 1460 1415 645 9177 8988 2037 2565 3470 1235 8110 1516 2535 2265 
31 2106 3849 7768 8803 615 8614 4940 1324 7912 2072 7628 6757 4213 7209 5040 4204 4443 1804 126 1519 1166 286 3545 4000 5084 8755 9597 8152 9484 7784 7391 
9 315 6804 3317 839 4020 476 2133 7524 2408 
13 1635 4455 1697 4011 9848 4864 4946 7095 3926 4926 4157 5423 8654 
20 3104 1869 1527 3603 3842 95 3047 1386 1272 2937 8882 3721 9912 30 4658 5212 3574 8063 4857 2346 
17 5746 9306 6875 718 1177 8035 2304 2984 3602 7684 9732 3626 6394 9250 8340 722 7289 
15 9087 5517 6192 5983 6684 681 8100 9854 3517 1974 7315 8363 8222 4741 8499 
7 2520 3572 1778 6904 5862 1163 5513 
26 5500 2642 965 428 5799 8040 5088 9424 1685 6868 3635 5986 6264 6006 3344 1895 9098 503 9567 2475 7409 7917 5977 5439 4908 9931 
38 8979 3461 9469 409 7638 6550 5829 6316 8530 7211 4966 3373 1232 4703 3783 7727 2916 692 7769 2756 3356 2796 8567 5468 695 3736 4175 9953 960 8180 4193 8451 8707 204 9635 6624 7283 4671 
21 499 8493 8807 7907 5101 4921 3031 1876 5585 2842 3897 7447 2367 964 189 129 1851 2202 685 632 6342 
37 4200 9401 4910 3188 3991 8766 98 3414 2442 92 1201 6305 3199 608 1168 5120 6134 6808 2959 8576 6719 5921 319 544 8074 6543 1117 7774 6145 3683 9243 6586 1925 6955 298 7519 8196 
16 4084 8464 7174 7494 5347 5674 7724 280 8938 6762 8990 8571 6384 2671 7714 9211 
32 3976 8892 6409 3114 3050 2497 292 2686 6601 7513 8860 3082 2561 9539 6977 4190 77 4336 8491 6510 7514 9149 4550 2739 7910 8895 205 7032 3543 7996 7611 5848 
18 9495 3910 1208 412 9665 1331 3582 3001 5353 1762 6065 1007 9439 7591 393 3662 2786 1558 
31 6004 9806 4225 8207 8128 2305 4558 4686 2291 9972 91 9320 4920 3862 5584 2178 4989 4236 1772 9548 9583 3452 9667 3526 9124 7423 2807 7771 8139 7182 1288 
25 6239 2074 6128 9654 4659 2482 9262 2967 9964 4441 5279 6681 4764 4862 7871 3509 9447 3660 2894 7659 1678 5831 4598 4075 9049 
32 661 2455 4863 8747 3083 164 5082 655 6272 8585 1474 880 1075 7286 5981 7879 3473 3841 213 6490 9704 2884 4166 8317 6999 2433 7378 4540 8704 7001 4178 3042 
27 2230 3129 4507 780 2181 8410 1509 9273 1276 1453 1628 1688 9379 8540 7588 5136 8116 9991 1719 3592 9998 1624 7950 8880 6766 8722 7181 
22 8978 6756 1206 7924 1873 5240 4074 774 9240 3201 8010 7815 8663 1859 3171 7024 1575 3413 7742 5942 20 2509 
29 8203 2657 3786 1010 9485 7323 9071 8412 5260 4798 6771 1985 8018 4297 3895 122 4060 5344 134 3194 7295 8165 3324 4996 3094 3456 4484 1579 2145 
27 5189 3396 8835 2056 7884 8795 2126 6597 4824 1768 3624 7817 3701 6589 2406 8673 8428 5270 80 619 5104 642 2301 5204 1400 1092 1562 
29 1588 7975 9030 4705 6430 6066 6902 5160 9738 4099 3278 7610 3391 8473 6184 8643 4073 5153 4518 5823 2197 4674 6796 7721 5412 3959 4203 4378 5399 
12 5890 5636 1830 6879 9708 6459 8307 6768 5550 4551 7039 89 
16 200 2566 8588 6984 6058 3585 7663 8272 6966 3225 6725 6323 3591 8523 6302 3069 
31 3989 4502 5920 3022 1223 3885 3542 9138 39 816 8597 1840 256 9643 8748 9080 6810 9565 2741 5608 4351 2222 5657 3720 8997 1131 1093 2540 5398 8044 1038 
9 530 4848 419 9926 1503 9631 9252 8108 8596 
14 4833 1995 6003 212 2000 9743 9564 2653 7150 6319 694 5102 8565 6527 
7 7355 7149 515 8992 2264 2590 6753 
20 9316 4080 1233 7666 6503 3263 3477 2802 5374 1785 3071 6668 5754 6015 3040 6568 6364 5266 6465 7641 
38 9627 4980 9045 7572 4826 7085 4587 7580 832 8187 5701 8176 7380 7490 4062 6888 9884 8101 4358 4388 1389 9077 6478 7340 7084 6447 1174 5972 4081 3567 421 5109 5494 2764 8501 7112 3858 4783 
18 4196 3068 6245 9002 7245 300 415 2809 8182 3077 5564 2248 5715 1027 2376 5035 5631 58 
28 7406 3510 6836 439 7430 9712 4615 4503 6832 2470 5134 9118 2395 5092 9880 8115 7419 3178 2290 2372 5736 9648 2307 1848 4531 5407 296 9990 
17 8328 9869 9251 17 6289 8811 1298 8354 532 8162 9170 6509 6621 4218 8625 1052 1226 
12 8832 565 6220 5816 5303 4593 3802 4636 2288 4337 4332 2814 
22 3362 5417 7750 808 5168 2142 6240 6557 3353 5110 8899 526 6022 8333 1820 9591 5989 3447 8156 2257 2521 7215 
17 3092 3821 4228 2112 6399 2270 7278 4880 6921 7453 9148 5414 4308 5331 9906 6288 623 
35 697 7648 3632 2382 4914 9634 5422 5170 3759 649 2776 9319 4117 1429 7777 1396 1979 531 8058 6619 3285 8638 9783 4030 8061 5924 270 8685 1801 2725 1952 7781 7450 1722 3172 
11 9012 4109 6202 9549 4048 7630 2596 3389 9933 2044 2951 
26 4630 2780 5712 3615 1994 7602 4652 9464 8173 425 1891 7164 1016 4144 2443 6314 6976 3283 1103 110 7023 3971 7349 9639 1472 2890 
11 6296 9744 6293 7882 657 9981 3663 8546 5864 4187 3824 
27 7372 975 1240 9586 572 1729 1755 3904 2323 2393 3710 9420 865 1513 1787 361 4442 4342 5873 1157 7767 2204 8411 7559 5637 1559 6185 
21 2539 3875 5516 1777 6886 1181 9070 5888 6121 9701 4645 1320 2614 1790 8883 5052 7327 4870 9456 558 2620 
18 9543 1200 7255 6474 4207 3366 8155 4415 2663 7686 2319 7972 1129 8084 8053 2586 9719 8301 
22 6765 119 7236 9562 4410 8816 6402 1553 9928 2852 6359 1297 9837 4470 7933 5992 8039 4012 3074 3909 4313 1626 
15 9078 5205 6718 8146 5686 7152 1430 8038 9741 5559 6326 4106 6974 6581 9360 
7 5307 9751 1346 6523 2453 4892 1855 
6 3541 4153 1500 7000 8940 3539 
22 5025 9382 511 8285 6392 3636 348 9557 7576 2525 826 6885 7920 2835 9758 7856 5219 7990 1087 2130 9354 131 
23 5282 210 856 5892 6222 4532 3974 833 7275 6297 3553 116 2255 7124 4453 5898 9760 4735 7708 7681 9721 8120 7472 
10 5541 2537 2518 9286 5656 8367 1319 4361 4678 3870 
17 8382 6125 7193 6255 1863 2954 4244 7698 3499 6140 3210 5247 8788 3523 913 8808 2618 
16 3426 9575 6563 2651 6247 4366 5998 7145 353 2612 3135 7046 3085 4978 5 7909 
15 7249 1986 5711 4245 2652 5803 2558 4709 350 8645 5163 6187 9331 3689 3491 
16 4761 3966 7685 330 3666 8575 9419 3524 3970 377 6659 7208 9106 1709 8284 7061 
15 3381 7962 5729 6869 4238 736 9525 7053 8124 3670 6588 3287 5461 1385 9891 
26 1221 533 1601 5234 4141 7847 5899 2292 2754 4449 866 5139 1681 809 6816 9774 5320 7898 4419 4998 7051 7918 4641 5294 3698 7589 
32 8351 3816 2167 9116 7442 3938 7191 643 1104 890 6374 3108 5495 6313 3476 6483 5428 7642 160 3823 8841 8741 3876 340 5791 2034 8299 2886 8216 5974 9058 962 
12 4349 8338 4050 3411 802 6739 8368 1627 8868 4938 8510 2053 
23 2649 6141 4830 1721 8273 7726 8830 9232 1197 3940 3127 703 7313 5805 6103 6949 9807 4183 5781 4510 5392 1285 5950 
29 6265 7557 3583 5539 8042 4806 6216 7342 8682 3789 6737 2360 5635 6703 1716 8817 5453 9780 8006 2619 5492 5772 5131 5068 5652 5257 7038 2953 7163 
6 1313 8133 9042 4482 5593 2591 
11 8448 6645 9199 9186 4465 4516 6217 926 6631 6534 6339 
27 5757 6922 4782 8831 2981 1725 9950 7370 9324 4340 5133 9023 4840 3700 4316 7454 1071 4856 9588 9502 6667 5316 3023 2843 2492 9488 2185 
15 5090 6842 656 6048 9450 8615 4070 2302 6315 259 1636 7374 4402 9552 5293 
28 4875 956 7172 3453 6398 7203 9948 4819 2977 584 3496 1050 6001 9351 4708 4619 2371 6617 5641 9961 191 2310 2373 7348 7705 8865 2358 5512 
32 6547 4973 7535 6716 5452 8257 2206 3421 6806 46 11 2479 4279 4372 7531 9835 9748 5660 9384 3268 3658 5707 6055 6105 8015 8636 8275 6723 5485 3378 8847 9956 
16 2399 4246 417 3840 7464 5103 7734 9221 4609 6095 471 2806 6993 653 1813 1961 
17 2783 9735 7692 1565 6012 1480 1282 2997 4317 229 8825 9690 9776 8690 9796 7795 8569 
23 6942 4657 2235 7034 2338 3502 8631 9158 2362 5909 7125 2084 7192 609 1769 9683 1782 407 3695 5774 0 8959 6300 
27 284 4869 4028 100 7759 5228 6186 3839 4776 7080 5764 582 388 5739 538 1274 6854 4573 2325 4500 6935 7083 9383 7202 7758 4013 8169 
26 1908 172 3605 507 8595 3530 5382 8827 8705 6861 3099 5005 6777 3707 4086 2350 6937 9001 5768 595 6214 323 2131 7625 8898 7673 
7 9696 306 2767 579 8611 504 8943 
8 7243 9705 4411 3955 7753 8623 807 2134 
8 3200 9349 8031 7616 3590 4487 7511 8330 
28 3717 6021 2261 665 753 3036 2585 949 7595 2568 15 3232 3691 9403 7960 4212 7652 9592 2334 6867 9294 4982 9336 7154 9782 246 8365 5179 
18 3544 6340 1496 9429 7256 9731 4602 9073 7122 5141 7863 466 7776 3886 2064 5390 1887 4383 
18 3739 4450 137 7176 8872 5976 2062 83 6389 1525 7239 1572 637 2643 5148 5828 9642 7105 
21 1997 9613 2856 5433 3784 7456 8665 1110 5933 9440 1487 916 7749 6726 5002 7805 9688 8846 490 495 1545 
17 2440 8192 8875 5349 7538 9659 8206 1812 8174 6358 3184 7303 6295 8280 2169 3713 8674 
15 2216 57 6538 4137 5695 9127 6896 9156 2220 4685 23 3837 1479 6994 2677 
26 4107 7277 7690 2577 9035 7010 1884 7516 969 6699 8492 5878 1827 8776 5910 6444 3820 5490 3630 2830 2027 8647 5072 9454 3275 2865 
29 2425 935 381 2952 1537 7808 7276 4300 4623 9054 9908 9571 1668 2938 1770 7872 9233 9863 5336 3102 2647 4923 7144 8251 6616 9676 2604 6260 9637 
15 6069 5668 9795 3370 506 1146 884 3039 1957 3407 3942 4324 5505 7676 2697 
31 7874 2934 6575 9135 3879 9561 3227 8353 1264 161 1461 1008 8495 6486 8511 5401 7560 9437 5117 184 1133 3460 6779 4229 3563 5926 4570 3954 8392 6011 8217 
33 3375 4613 2352 6526 5036 5566 1864 5100 1309 1368 2900 9421 2437 7507 2501 6176 6758 7866 7961 5261 8141 2003 1631 1126 4427 6612 8467 3520 9120 6087 6750 181 8210 
32 9254 5719 9511 3807 9538 6244 5437 230 7857 4843 6920 8099 3007 3446 1965 198 4386 6047 6083 6841 9091 3379 3070 1158 1600 9373 1076 2294 966 9396 6417 1705 
32 7554 1723 2992 761 4555 6023 4355 1667 9516 177 2874 8904 9833 7368 5600 8725 4033 4786 7258 2045 4362 9767 5196 4456 1437 3600 7530 3014 1185 5363 3012 3617 
17 4733 3445 7492 2551 1529 8344 654 1244 8151 9269 5912 3240 5753 7044 2326 4129 2208 
13 9757 2245 9179 5830 8761 6013 5557 9784 6116 9239 2236 905 8047 
13 6710 9314 354 8191 942 6356 8820 3211 6463 8468 143 6032 7968 
22 290 830 9512 5069 1239 9133 6593 1245 8945 4270 254 6908 6655 3161 8721 785 2283 6124 3248 5935 1153 7623 
29 9289 7092 2696 8876 2041 7988 9897 8403 3799 5534 2341 1819 7819 9110 5313 4831 5165 2063 581 1748 1486 8723 5176 4747 758 5596 9938 2785 2276 
15 497 4205 3949 8667 4957 9242 4293 8916 1355 4594 8004 2173 2766 8553 8147 
18 9625 5012 3537 266 9742 9612 2866 1836 2707 221 4392 1549 5797 7606 8166 9753 9146 790 
33 8219 9164 1102 8379 6213 2781 3493 8164 2799 1872 2370 121 5692 2861 7949 6171 3844 9594 6320 7970 5216 9248 6092 6522 8145 8863 3427 9013 1295 6623 3863 8350 9476 
26 483 3220 475 6089 6062 6962 7987 3610 2804 2241 5041 8764 4219 5929 9724 7680 8828 2201 1712 7170 5960 5048 535 1426 5894 7281 
12 7444 1533 7292 771 973 1091 3505 1793 1356 4054 936 5857 
33 5477 32 8955 5690 7448 3122 3469 1738 7984 1612 8093 7425 7689 4369 2924 5548 5529 3997 9605 7273 1926 3711 7736 5264 3744 9007 349 1703 8683 9669 3716 1633 9350 
12 6903 4065 938 7730 9321 4043 7187 684 6249 9534 5961 5478 
14 3740 4990 5351 1109 3326 8652 7493 6515 4952 836 5669 8106 6890 3950 
8 1963 5650 6512 9364 2409 5844 1752 9287 
14 3972 4409 8188 5576 6081 1256 8401 552 6437 4832 3173 4660 4019 8824 
24 6498 5107 9497 7558 3901 8407 979 1746 97 8815 7521 6938 9415 4535 6878 8577 3577 6477 2005 7257 1699 1225 2848 7302 
6 4520 9718 3597 1816 9389 5067 
19 3616 8768 8995 1263 7811 6729 6345 7573 3765 6223 6106 7529 7389 233 7844 7437 9606 2993 5273 
26 3398 3993 4544 8194 6491 5356 1647 9370 7334 249 7189 1989 4262 6180 356 6866 7658 5365 4375 4684 2259 3998 2450 8083 3412 3533 
28 8681 9681 9832 1250 1583 5014 2115 120 4491 152 5962 9333 9234 3757 6940 2398 7790 3256 6310 1806 8197 4766 7989 3718 5676 5029 5865 3043 
4 7710 5751 7636 4027 
24 7579 2207 127 2675 7564 8956 5700 387 9983 4248 4121 1551 232 863 5292 6129 8762 5432 1638 7660 7079 2922 9097 9198 
28 7190 6076 380 1733 2600 9276 862 7796 4552 3295 4477 5083 275 8383 1053 4559 2646 1073 7175 5869 6702 9057 8082 8332 4886 3656 1950 2508 
15 4396 5783 4007 7364 494 2979 659 9482 6056 1047 793 5221 7800 9188 6686 
10 4291 9182 986 7232 8303 5825 2069 6917 2055 8022 
13 9064 2180 5503 9265 1046 7778 2229 8460 2715 1140 5616 9749 8304 
12 6438 1557 5291 6967 9037 646 244 9652 8316 3867 3999 2758 
25 3270 1222 7246 9068 6618 5782 5725 6839 5073 2955 2498 78 5278 42 4603 7199 5863 9423 985 6371 9840 7089 3084 5726 8861 
15 8034 922 1281 4704 8719 3297 8885 9339 1938 9465 9427 13 6099 2818 818 
24 982 8854 102 7816 4834 6930 9496 4756 1051 6680 2160 8470 8906 3508 7930 3634 5126 4943 4149 4295 9644 6595 557 86 
29 3051 1215 9134 159 4328 7068 1004 8007 9706 7462 4105 3748 2268 9531 7016 9009 574 6175 5056 2194 7158 3162 1149 9967 1846 6084 336 845 1510 
24 378 9617 6336 908 9444 9101 6926 1034 4881 4004 3339 1468 6906 2889 6506 4312 4680 9746 522 5047 6918 7011 748 2564 
26 9477 5187 422 5853 6182 5866 671 6537 2467 4854 7754 52 2505 8917 5984 1814 8258 717 9245 440 7242 6226 9507 1343 480 3110 
18 2999 4171 9375 3418 2930 7162 7344 4884 4111 5094 5801 3924 6622 7130 7944 6797 7439 9803 
14 6173 4913 1381 9699 9266 6489 2987 8658 6448 108 8939 9517 5065 5987 
7 8071 301 26 6573 1089 8371 2224 
30 6119 6133 7263 6638 9858 9859 4775 4344 9228 586 6983 4590 803 9697 8318 7549 2569 9413 5594 3303 4182 3889 5591 1147 571 7828 2623 3107 5446 9766 
7 2060 3435 8306 7719 4951 2100 7833 
27 1465 6969 8609 5952 1745 1799 4642 2901 9033 2042 508 3776 9237 395 9572 2931 3768 2125 628 1059 5752 9129 4554 3518 2243 6229 5884 
25 7922 3057 7477 629 7548 6367 886 9694 7231 3498 7440 6898 624 2546 8886 2155 4589 6166 9197 5928 5467 7035 2998 3134 7049 
16 1910 9202 9842 4713 178 7135 3230 1238 5469 7540 3238 8666 5224 3929 906 797 
14 2464 3732 4607 3205 3181 4866 3798 3722 5123 1130 4988 8105 22 492 
32 5601 9410 633 711 2648 4872 1774 9300 3443 352 9460 8293 997 801 4804 8697 8234 5733 1401 5938 8706 3033 3037 2503 5685 911 1661 5874 7485 669 1599 635 
2 5091 9569 
12 4139 7284 8975 6792 242 860 5355 9390 6388 948 7937 6390 
23 376 1294 4792 6346 2404 9655 382 1123 7296 8974 2431 9755 4625 9856 3282 7841 8230 9189 4079 8278 7042 4729 5125 
22 8236 8529 8259 2119 4397 907 7843 2547 776 1946 4326 9653 7271 1763 3996 1373 2391 1219 9147 7476 1868 6470 
25 241 1349 8190 8485 8742 6333 2272 1428 537 8325 2213 8920 8136 4053 8050 2226 2876 850 2855 1442 4180 2858 4759 3712 8850 
21 4318 5287 8243 4331 1101 459 5837 6800 130 8296 3621 399 1981 3751 6362 7835 5325 8202 7720 2152 1009 
25 8445 6024 7916 9263 3843 3657 6751 1199 2345 3323 5999 5728 3429 2068 9212 8852 3399 1743 6157 3516 251 6661 9932 2196 5159 
24 1845 8671 2527 9566 2260 1943 5567 6571 9843 8025 1756 9348 9299 450 3963 5496 9726 4239 5840 4460 5604 8384 1923 8612 
20 7253 660 7479 6196 2706 871 7407 4125 5914 1119 4373 8125 4620 3217 1577 2481 9764 1312 182 3741 
29 6101 5043 7745 930 7041 403 444 2790 2234 9458 8177 9185 8958 2242 4845 570 6328 5061 4919 7218 9501 9808 5202 7839 3627 8008 8454 4719 6311 
4 8112 3778 5298 5903 
27 9209 2385 1511 4063 6331 6882 8901 6059 9157 5915 7807 3072 3893 5738 7443 7822 9056 5759 7470 3322 9958 7539 3327 2096 1540 9499 3969 
21 169 6814 9165 9570 3746 9812 6672 4617 2444 408 6953 5558 2295 2365 6860 4936 5000 6301 5946 9601 4987 
7 6078 5169 2556 5622 285 4651 2430 
22 2217 6639 2602 8220 952 9028 6743 5658 9361 3919 958 6552 2582 1933 6564 5634 4771 8295 4010 9940 4273 4432 
17 4595 3729 6276 8408 7908 1172 5800 6086 4721 4257 2701 8090 4424 4341 590 3279 6273 
10 751 7901 704 9475 6805 6243 1067 2502 3965 4197 
22 225 9761 9481 9645 6248 2246 6181 6462 6318 6947 5747 829 9222 1308 564 8442 7932 5664 8195 3927 4160 432 
29 9537 8118 5366 5241 5879 1589 4221 2397 6268 1198 9480 3152 4055 3813 4915 941 2091 3235 9174 4707 7752 667 2905 7814 6433 3928 7350 4901 757 
19 9576 2355 105 6161 1393 7592 680 379 9055 103 4751 5075 307 4222 3882 879 7069 3126 3914 
22 6009 4089 1211 8094 2104 8659 8926 9709 1779 6117 7969 8107 7703 912 7317 4462 5322 3113 6978 1128 3611 1120 
28 5628 8378 5713 6407 7169 3190 1930 7712 3793 93 3494 4096 6488 8646 6820 3406 8928 9877 6628 9125 7895 4934 51 7241 6637 7577 6545 869 
14 9710 8555 3169 8687 8984 3157 9968 8214 4045 1741 5391 9079 4329 1020 
24 5375 1441 6484 2548 2829 536 546 2906 8334 4335 3004 8172 8068 9989 9841 5236 5812 9922 8423 1573 3836 3860 8098 5244 
28 8642 3513 4696 1862 3146 7415 4224 6406 3392 8798 3141 484 7605 2354 2752 5085 1964 1608 4726 7054 3076 2157 1882 1614 5587 9334 9668 8648 
10 4986 5124 9346 486 3957 8455 8078 3455 8279 8238 
21 2171 7387 2095 1871 3454 5314 433 9506 8127 9113 8911 8809 999 2763 8964 2594 1301 7496 4861 6959 6840 
21 4021 5766 4256 9962 708 5070 698 9337 1854 2911 8347 4889 1068 5589 4275 8589 1894 5644 5162 1865 2410 
10 6643 3482 8737 1455 8266 5792 8968 4844 1473 4883 
23 9546 896 2661 6422 5193 636 1459 1431 4168 4076 8241 8045 6038 3142 7852 3486 5787 944 2962 3945 1645 8265 220 
21 9737 81 1942 2601 7967 7998 1283 8881 1590 63 4964 2672 1648 1361 1694 8849 9301 5867 3633 5434 2280 
28 2919 4034 2386 6871 7761 3930 2543 5959 4690 2645 458 7094 2584 1450 4370 9053 5509 5151 9051 781 2827 4199 8724 4242 8327 3128 2813 4296 
17 3958 5409 3775 990 6566 4209 991 7599 6883 6376 1229 7050 2823 1397 1736 8319 5003 
22 8167 5838 3393 3466 196 3673 9027 6165 7403 6829 6891 9725 7137 7405 5877 8914 4715 7571 6788 2193 9663 6665 
7 1613 1475 9031 8505 9810 928 9824 
13 921 2673 8075 7971 9272 1330 8027 7506 2583 2098 5536 3922 1261 
24 6570 1169 4356 7309 1176 3731 3432 8692 3139 6696 2678 9674 7299 2801 4422 4578 6195 1621 4108 1506 3571 2940 4292 900 
25 6132 8695 374 2315 516 6713 9143 6692 3269 305 8362 2757 2396 333 9844 7639 1028 1476 4161 4444 2195 4688 1354 447 1808 
18 8806 1436 8851 5603 1771 7178 7132 4198 5958 3 815 7500 7893 2708 1616 1953 2347 9359 
16 1968 252 9019 5965 1183 8931 4097 3727 3934 3780 8488 8515 3987 5311 398 1823 
7 2578 3669 4147 365 3216 1844 3749 
7 9394 4006 9519 8893 5177 4904 8119 
17 9466 691 4858 7903 5481 7363 742 8813 6372 5980 9372 8986 140 1398 5683 2936 5854 
23 2665 8804 9151 6907 6864 2407 3851 3271 6452 4533 151 6928 9899 496 2779 73 3941 8305 9791 3637 2138 1055 6019 
22 7171 5238 2702 4072 8339 6785 1466 1314 8550 3599 7260 8627 7919 673 2849 1351 5930 5319 8838 321 3652 2983 
12 6893 5579 1595 1246 7947 7669 8282 6732 441 9714 4662 8377 
16 4664 3675 396 4247 6677 6197 10 5904 9470 6137 7982 53 1818 6325 9713 6834 
29 3364 3785 1062 7691 1081 1532 2179 2040 5105 8291 485 5210 967 8289 7886 5420 2483 45 2459 9973 7806 1043 6317 2638 316 5044 1732 5665 8677 
13 9846 8263 9641 9268 7508 8562 7794 8661 3088 8641 9971 5046 1150 
14 6698 4699 7837 6587 7629 8373 9462 2191 5997 351 7031 8386 2824 2669 
10 1422 2107 9388 4113 987 9541 4135 9867 5975 5174 
13 775 4227 8869 6946 9038 4014 1061 1940 9745 8482 4649 8057 9770 
9 4744 9044 9063 4556 7869 6611 3797 7146 1378 
23 156 5994 6179 6579 8746 215 6120 2722 9224 7782 1666 8469 5947 5488 6852 3034 6599 2631 4434 6046 1586 3158 5988 
13 6784 5809 8239 2164 9298 386 6262 2532 5824 1654 9924 2029 9515 
15 1189 8542 8953 4130 65 4654 543 9607 6682 693 7620 1554 9672 9529 1284 
15 64 7118 4838 5081 5448 9302 1099 291 6373 7484 8948 2847 1701 6853 406 
26 2240 1458 4068 7205 7502 5308 7542 278 7505 2854 689 4044 1317 9092 8067 2572 413 2452 8409 1329 5956 7481 3769 8751 2593 4220 
12 7134 8782 8300 1679 9474 4426 7488 3873 2190 7797 9914 5471 
15 7941 461 8028 9160 7830 5004 2956 2299 8135 7725 9946 3309 804 9664 7458 
25 2797 8970 8014 3425 9328 2402 3877 9479 173 5323 1420 3266 279 8281 9471 7706 7168 9873 1044 2080 49 4354 5575 6721 7093 
10 7633 872 3056 3464 2022 7821 7427 8879 7487 2609 
23 5405 578 7078 542 2390 8212 6982 7167 1976 7798 4902 9498 8549 288 5609 6396 5871 185 2747 7951 3522 9792 3021 
22 6971 6188 3133 7515 3874 7764 2846 1338 5702 9026 8599 2918 5418 5378 3011 404 6496 6411 1665 5404 4823 1951 
20 6172 883 6850 6391 754 9213 8193 7384 1781 7853 1321 1444 9857 1916 1337 1242 5333 6499 7713 6439 
19 5116 9478 7894 2048 1012 5464 1031 5122 8431 4681 3777 9029 6382 8017 2120 3252 7436 5735 4241 
10 9763 9293 8859 4672 2637 488 5688 796 6559 6073 
19 5400 9505 8312 7381 7793 37 1402 1702 5479 1789 8732 4647 7755 8639 7469 2629 770 1341 2664 
27 7555 2972 4206 8103 7305 8148 3450 5340 1029 9941 8833 8524 2205 9416 3805 7578 7875 625 2562 2010 324 3441 5055 8558 7151 6817 3559 
14 876 5526 7066 5064 67 2153 1307 1154 2451 1988 963 1821 3705 6063 
21 553 7503 2680 1464 9208 257 3061 5640 4809 1296 1390 7343 5203 6990 7185 8138 9032 4723 5939 6271 6096 
7 1160 2948 4496 2374 1980 8693 1555 
18 8694 7048 6657 5306 4365 6114 3828 9047 4468 8215 1334 5207 4611 6546 1454 1195 9123 5361 
5 4724 9288 3228 8662 9377 
24 6082 7693 7234 6067 3584 6909 9441 9994 3222 6604 3511 6915 6824 8016 4722 5191 1025 9826 5643 764 3687 6291 383 7537 
8 9809 9975 5995 9687 6641 9823 7237 8563 
12 5087 9896 1791 202 7935 5143 5651 4217 806 4464 7142 8402 
24 5847 3790 1299 5486 4330 1045 6772 9882 2621 6231 4505 6286 8584 4368 2895 2726 4061 6281 2554 5022 4506 7751 7390 2544 
16 7457 599 7422 7392 716 1348 924 6366 3672 3372 9894 9230 3018 3551 6427 3207 
7 2275 7613 1536 5551 3791 443 976 
12 9249 7421 9094 8985 3935 4102 8270 2822 9787 6016 9831 8178 
14 9952 147 523 1639 5208 2151 4711 4851 2644 634 723 3659 2811 835 
30 6237 1912 8023 3474 2477 3625 4879 2017 1342 5074 8649 8250 4740 9218 3674 7858 9551 9365 6017 9905 6440 4610 2490 6731 7126 2750 2165 9461 5944 7938 
20 8996 4981 7361 1470 7672 6102 4608 8954 4954 1382 7634 3385 2522 5617 4226 7959 7977 6676 5334 1658 
25 175 7445 6178 2141 4821 9167 6064 7265 8294 3561 5527 3336 743 1032 9285 4572 7838 1632 9173 4563 3189 5362 5758 2158 5248 
11 5861 118 2415 6041 2713 4266 7077 3856 4903 8437 7362 
19 1412 3203 5835 4031 7604 6865 9433 7021 2837 3913 1471 238 470 4001 5722 5993 418 3728 218 
22 6476 934 1710 1417 3845 9264 1907 8963 6167 1302 8264 2381 3355 1775 9016 2336 3890 7431 5395 1764 784 3838 
19 8506 7931 1598 6722 4669 5211 812 6855 983 3481 6660 8729 2028 1893 631 2238 4911 295 9608 
25 1521 7715 2108 1896 5009 9226 7654 9015 1504 2506 9355 7520 7914 3796 9363 4252 2555 5276 6673 750 3179 9206 5368 4580 3631 
12 3622 4969 5684 2910 2383 561 8343 1328 7217 7802 2960 6517 
21 6098 138 9838 1800 8150 6833 1921 5258 1591 5614 9386 6838 8005 9883 8387 5142 7377 4977 7057 6322 954 
21 3646 5632 3044 4772 1188 3487 9275 1469 4597 5164 8065 861 4755 5302 7518 9280 188 9210 2964 3619 8321 
4 462 3314 76 1159 
19 1620 7829 5709 2359 8745 2611 8297 359 8356 6109 8999 1270 1234 6088 6354 8308 6 6650 8131 
27 2110 4784 1692 6451 4472 2417 4561 9136 7106 5880 6556 3212 449 7201 7584 6532 5118 9455 4814 1825 1585 925 5923 1514 2113 8374 6467 
11 8062 4528 7675 7756 7892 8735 9875 5718 5978 3880 2271 
21 8686 9632 1259 9238 2935 7865 8760 8656 7552 4992 2405 904 3223 3943 3301 7997 6348 5130 4156 638 5077 
19 7037 4939 8413 8688 4093 5565 6798 3628 5271 735 5183 6763 8679 6108 322 6035 2516 1731 9184 
10 1257 5770 8444 1922 5762 3304 7228 3734 4650 1615 
15 2867 8033 5188 6642 2958 9785 1783 7587 3449 5708 3078 5301 1358 9358 641 
18 7143 8072 5256 194 6085 8793 4148 8734 2188 7850 3448 4134 2289 7824 6507 5720 3514 392 
16 2515 4353 8987 3547 1875 384 6072 7765 8839 9580 2389 9343 2794 4451 702 8870 
21 9817 1947 9800 2159 7510 8432 6778 6385 8003 9244 7247 9096 3419 4859 6754 5560 5845 828 2337 8087 9834 
20 3735 1433 3752 405 9395 1485 7018 6027 6697 3810 4632 7694 7644 810 9010 7244 5855 7976 9937 2172 
1 5441 
21 4895 4907 1069 8864 1960 8547 4899 6975 5675 4359 2850 972 7047 4438 3982 1928 8696 3702 2698 5931 3825 
19 5967 6562 3501 6625 7626 3948 28 6224 687 2863 6578 4380 4702 602 8888 7426 7946 1805 7356 
19 1220 8801 9000 9553 9082 5872 909 2950 5080 1610 9615 9468 7688 2550 5645 4731 3335 6518 7460 
12 7569 3859 4734 4539 5519 9225 8603 5520 2834 1371 1603 7809 
10 5465 4924 6821 9508 9554 732 1566 2051 2256 7025 
12 6582 4314 2332 527 2729 4810 5925 1253 2974 7523 6107 1190 
5 2412 2349 1618 6555 3367 
12 5001 9584 4394 2078 594 7250 9969 2282 3960 3401 752 4818 
12 7915 9623 2023 8225 7823 9247 1911 8993 6708 1145 4890 4646 
21 4249 4675 8814 6211 3045 9163 1310 4730 9895 9978 7979 5288 3241 2083 5581 3485 9773 1495 5225 8543 9536 
12 2885 402 8857 4499 2633 1538 3847 453 4440 5026 5761 7760 
3 1376 5821 9573 
20 4653 2907 2468 355 678 9368 282 5396 4569 3296 6972 2317 6666 8561 8249 4445 9332 6931 4968 3346 
2 7207 4796 
17 1364 2607 5305 7266 5386 7091 8516 1889 8390 2545 2428 8393 6769 4230 4408 1427 3120 
26 9526 9720 1271 7525 4085 5442 4667 744 5670 8283 3912 8049 467 1370 2303 1167 2553 6256 5223 5696 2976 8396 56 2610 795 410 
18 799 9219 7148 2859 1042 4263 7285 4100 9788 9122 4765 236 3581 4284 7204 8226 6603 8002 
18 3394 1392 779 1810 320 3159 9155 3213 3714 2524 468 4548 4146 2262 8927 3111 737 8582 
8 193 6379 8326 8960 2129 5969 5318 4286 
22 6393 5901 4046 612 9376 4232 6469 1357 887 3808 3598 3933 7029 2871 8977 968 1811 8398 8877 9522 2615 5895 
22 8664 9881 5201 7614 857 4515 8903 6846 4694 2485 3525 346 7646 3013 9966 6594 3835 2968 3576 8508 7138 1547 
16 4159 9513 9397 3489 2765 5502 2237 8845 2815 4728 2683 9771 6445 7307 6458 3618 
