36 3090 961 734 4586 7435 7198 5721 933 6615 6216 4593 3439 7569 7931 8988 6406 7879 3473 4454 6469 2785 703 3820 5505 4462 7963 7878 5345 4918 6088 1826 3860 8098 8122 5543 5672 
18 7957 4214 8698 1447 1605 7180 8848 7792 442 4088 2333 6969 2771 8804 7745 8245 9479 6527 
29 519 9679 9550 2654 1168 1458 3421 7145 7920 2835 4038 678 6939 5715 7790 8432 6738 2283 4240 4672 9692 8867 2583 797 234 6840 5682 5108 4374 
12 6689 6663 7913 7097 3215 8303 5825 4 2243 1418 181 8054 
14 1776 1866 7810 7948 6349 3080 3378 9818 7335 1718 2441 2897 9476 3857 
14 606 5860 273 3578 7113 6391 5039 692 9716 8299 6859 8498 4868 3286 
17 4679 3119 4366 7169 6163 979 6905 6515 8572 383 7906 8612 2227 4725 2276 3883 4841 
30 7499 4058 8102 1407 3596 9985 8464 7174 7364 1443 9408 7316 4019 612 9376 3828 7124 5035 1894 5528 4926 2775 2503 5131 8205 131 9454 5494 1652 3643 
24 5934 6228 3692 5881 3708 6085 8544 3009 9727 1291 4621 1446 3365 574 2727 5338 4928 5252 8174 5737 7289 7393 8147 8543 
33 5324 8703 1664 9207 4066 4536 5727 3579 1013 1635 7117 277 7637 9696 7870 6818 3906 9180 1537 388 698 8031 1371 3525 6464 9695 9500 4229 1390 5141 4305 7996 437 
16 2735 7040 4143 2912 5161 8787 7156 6199 3196 2736 7813 8722 3120 3346 1653 757 
21 563 8973 560 4441 3305 4211 8901 8534 5694 4620 9244 5747 4579 6759 6887 8056 4753 5563 5758 5063 4243 
24 8758 9636 3036 2059 1565 1725 711 7516 9298 7266 5023 2861 3856 8763 8680 7345 1457 8340 486 7784 7235 9860 3880 1948 
26 9409 9449 2132 2140 8615 4344 106 1364 7998 3924 4073 279 3299 7782 1119 5103 5989 324 9391 7251 6250 2100 447 8057 4592 939 
25 5235 3988 268 3655 7512 3572 9316 3786 6327 4869 8128 8173 2368 4528 101 7349 8790 598 8429 8327 8884 1082 1139 1150 9472 
28 4758 622 8086 3197 2714 5746 3601 2455 47 1252 9538 1324 9647 2045 5160 5465 1934 3610 6138 1337 2213 3016 1827 7969 5980 717 3504 1545 
10 6916 3555 5341 9291 7293 1784 1372 7210 8967 7376 
31 9888 5086 4346 4495 8271 2324 4781 4885 5112 2520 5049 502 956 35 8995 1263 6744 9021 6611 9603 4707 4596 5773 2013 791 8391 5977 1962 5944 2818 1212 
24 8477 2559 5716 4829 9082 7857 3846 9358 3011 6975 5729 7418 963 4936 7910 8570 362 6606 16 9749 2814 3559 9131 247 
31 2316 4894 2008 2944 3430 4875 8614 4940 292 6618 425 1891 5155 3534 5810 9686 3801 7003 1917 6781 593 4743 2643 7869 5311 1581 3853 9829 7937 8850 2090 
23 2061 8395 2327 4873 2297 7940 1383 4890 4430 7556 7728 4738 9455 3954 6954 3604 2098 6035 7391 7042 1207 4042 8022 
26 4618 1005 9979 6361 6843 666 6297 7754 3925 4443 1065 9194 3379 8280 5430 9582 8777 289 3265 9936 70 758 4790 4799 1038 5538 
21 7929 741 9020 554 6912 8809 9838 8334 581 5217 5607 9122 4015 389 1536 4649 796 3975 8582 3380 2658 
19 1867 6961 489 9698 3697 3005 8158 1625 6307 8309 9586 3842 3936 932 8982 8606 6919 6342 4795 
20 3817 6695 9523 8342 7711 8020 5060 6068 6756 6836 439 8766 4411 9750 8666 7673 6481 2203 7825 9326 
22 7401 2576 585 7318 8965 9231 8992 9732 3649 5873 1157 9794 7348 299 6209 7905 2843 3718 7789 5225 6467 8789 
14 4855 920 2020 7640 7227 2759 8923 1983 7123 7131 5939 4158 9329 391 
17 3444 2869 2941 2176 3246 36 2266 2689 4337 7985 3093 9577 3110 4047 9796 1929 9931 
24 117 1978 1724 1838 7889 7704 3160 892 5890 6202 9104 6316 5511 8768 5751 8094 7066 8075 7727 2373 7147 3028 7713 6439 
19 3549 8962 6649 2313 7455 3358 3774 7774 7181 182 410 9493 2679 749 8106 8690 1055 4268 5841 
36 3855 297 2429 8587 190 3640 8449 7768 5120 7172 9002 5428 8037 2320 7187 833 7407 9300 5305 8646 1031 1154 1229 5416 7517 6144 5438 3226 3600 5246 9007 4180 31 2007 6453 6870 
39 3371 8559 9411 2531 8149 6135 6493 2106 2143 2511 1010 4246 417 1601 5234 102 5724 2602 5514 2612 2034 3186 4979 5520 5793 1237 4954 9904 3728 1366 7676 4570 1148 9650 4311 8087 2544 3618 9334 
18 6831 3103 7877 3647 305 9119 3668 2066 6084 3835 9309 8222 8797 4540 7719 7410 5571 2862 
28 9675 8520 1227 658 9864 5815 7729 6932 8182 8105 8291 5097 8246 4631 220 2496 7244 7644 3189 6341 7744 3715 4759 2138 7011 3043 4120 4023 
28 8708 372 3281 7911 6485 8458 3170 1778 9462 1743 8060 5966 420 9598 9453 9713 8625 7540 60 3140 8090 9123 8463 2322 4013 8210 7404 7223 
14 6198 9581 3667 6139 817 3208 6752 7355 1416 5183 5979 3749 2225 8942 
18 5769 4150 7799 6529 8484 2942 8435 2335 5983 1582 7717 6876 8249 9396 5046 9970 2273 5586 
8 2384 1670 9663 5081 7491 3932 4556 3638 
35 4307 9216 6160 9733 3249 4583 2538 9191 8328 2649 1 5228 3958 8597 5579 1595 1429 1532 6562 7610 386 1253 2351 114 2572 5153 9857 8723 9953 440 1074 9637 6052 7017 5646 
14 7070 3654 5284 6539 3387 3081 3810 345 2822 8468 8279 685 8947 8377 
13 375 8420 6418 8932 7891 7373 849 8306 6521 5449 9990 2664 8301 
19 6381 7141 61 3168 1492 8739 6164 4815 9757 3319 6398 3732 9033 3102 4130 4278 1376 5891 1293 
8 1040 7468 5531 6311 7951 4904 8119 1680 
20 9325 445 3008 1323 2436 3461 9469 5920 4405 1146 1706 8180 5935 3957 6093 4490 5848 1019 2755 5244 
21 3307 541 583 7229 2589 6740 3779 5816 5303 378 2919 3345 1521 4031 3946 163 6680 5364 276 2430 1452 
14 222 157 3743 6913 5858 4164 2718 712 108 6158 6819 4803 9766 4538 
22 3167 29 610 4056 7140 9935 7116 7575 8231 5085 9149 6383 38 3766 4484 8836 927 2998 3134 6458 4145 8700 
15 423 1135 2913 9786 2183 7550 8977 9308 1928 4401 1213 2697 6911 6288 7986 
7 5300 4842 9121 9471 5638 3407 3207 
20 8329 3471 3321 5463 1616 6852 8611 2588 5822 3745 2064 4886 5661 8424 8941 1547 5629 4186 1134 3458 
37 5424 957 2507 477 699 7082 4194 2566 1233 9951 9512 2551 5622 3623 4944 7221 3476 3547 4582 1034 3553 5195 6267 7240 5795 426 4751 5075 1600 5224 7154 679 8939 4350 8185 7467 4865 
29 4071 7862 1111 8445 5660 1985 3429 30 538 6452 1832 72 8873 4461 850 4719 931 1258 7776 6796 6411 9223 5883 2289 7824 1805 5665 144 1662 
35 549 8179 7188 6662 4260 4537 2523 825 3585 483 1627 5674 3290 105 6161 5188 4263 3163 3438 6675 5863 2403 2487 9404 3423 8036 1490 4230 9168 5413 8043 3335 6518 7182 7111 
28 9799 7119 19 9090 5572 8370 9944 2605 3795 3114 3325 7816 4834 3157 384 5739 2214 110 1713 9600 8888 3781 3500 1254 3724 8847 6185 3569 
16 6277 24 1353 8184 9763 5197 3702 8452 5434 2280 906 263 8375 5697 8921 6390 
37 7952 6694 9405 5387 7471 7846 7927 3073 9680 1729 8042 5601 9068 3122 3829 4314 2332 527 3902 4878 8361 2700 7047 2420 3144 2889 8393 8577 2716 562 1658 637 7991 2880 4332 4177 8654 
21 1273 1888 5381 5402 3918 4693 7104 7677 4794 2539 3875 1500 3615 3038 2105 6213 8909 9377 5174 2813 2252 
17 6807 3693 7028 9052 9768 7804 8394 5079 9051 1231 8503 2606 2329 6242 2845 8131 7441 
14 8670 6755 2097 6497 9261 5765 9040 2302 4808 6627 4641 5334 224 7049 
15 4637 5649 3468 1246 7992 8899 4860 5459 6534 7863 898 778 7783 9677 9005 
25 6115 1833 1563 6066 4776 7915 281 2901 3070 5092 6495 3142 2682 3538 9211 7027 8756 4983 9642 4723 9215 8396 6931 9374 5173 
22 5885 1528 5902 2828 3245 1773 6735 5377 2916 1106 3194 3181 659 9837 4114 5519 7689 9361 4747 5243 3130 8824 
18 8890 8954 632 3059 2932 2002 6236 7481 4616 9703 9656 8580 8308 3887 1343 2508 1288 7509 
16 2917 55 6321 6947 4373 8634 2707 2574 9601 2806 8083 406 8178 1510 7795 9430 
26 2720 9283 1993 3410 5227 7398 9128 166 2915 206 482 4826 1201 7492 7284 884 6017 9008 1739 7268 6177 6051 9241 6364 1439 1823 
35 2883 6541 4475 1860 8715 7638 3830 9353 9164 6446 3663 2482 6336 6698 4328 3754 4111 5094 2205 7781 970 6142 7095 8135 7336 6095 5144 7989 3492 2833 4197 8138 7943 6350 1300 
17 1209 2986 3239 2418 7671 6394 6828 8501 5209 8602 4079 1327 9545 2271 8874 4662 8163 
19 5445 8406 4788 3527 109 3608 9072 5525 9966 3023 9016 2743 8802 148 2836 2337 6 1020 626 
32 769 5598 1815 3333 7287 2079 945 7585 3426 9575 4957 2178 6719 1864 286 76 8911 8516 8811 9630 8473 8623 1807 6427 8913 6573 401 3224 5294 4277 6191 9380 
10 6466 6724 6607 8736 6884 3334 8868 2250 9738 7110 
27 9514 3030 6767 7687 1803 2184 5725 5692 2535 4997 4632 9506 7388 3662 9791 2849 2726 9340 3128 7183 7112 3543 2019 6271 6613 3617 8925 
34 9140 5304 6633 1228 8459 7224 4665 6245 3453 1215 6589 461 8945 808 9574 8460 4489 356 3413 1477 7360 2226 3034 5797 4466 4760 2888 251 7138 4018 1306 675 6260 9916 
19 4742 3149 6039 2769 3550 4518 4136 8779 6734 500 1990 4500 6792 9439 9668 5753 5637 722 8217 
24 6815 8840 8564 8557 6658 8021 9666 8832 2973 9254 846 2754 9199 9075 2453 4677 3173 5247 2153 6785 8359 2522 6126 978 
25 1138 5406 4644 7534 3657 9980 280 2513 8064 1236 5561 1836 8852 2800 4178 9206 5290 2976 5431 7057 1614 8001 7766 2659 2627 
36 4059 8204 7064 8302 8376 8774 9559 1904 7337 8530 5453 9158 6359 1297 2234 2383 561 134 6556 2563 4804 3437 8427 4370 6660 5010 5178 9689 8352 5065 2554 9371 7834 7899 8019 8957 
35 5018 7561 6900 7186 9402 4648 7546 9640 3058 2570 761 3636 4607 8761 7275 7712 8063 3 8169 9183 2721 2552 1828 2371 7306 2071 1506 5037 5544 4134 7228 4479 6507 5720 7036 
19 9313 3025 6269 2424 1609 2123 2711 368 5384 1749 6124 9893 4465 8441 3180 9494 6087 343 3737 
33 3055 8675 6780 8213 6502 7993 2512 6741 2198 935 9527 9923 8228 7643 4884 3799 1470 9056 9421 7788 4258 4336 8757 9032 5671 891 5641 9048 6514 5790 9532 3289 6492 
33 2519 1735 7849 8630 3236 2641 4959 6457 3029 6804 6450 8448 5054 2981 4532 6987 5306 714 7101 4963 96 6309 5509 2692 4509 6195 4463 7618 1599 2312 9753 1887 1569 
35 4525 1269 7329 1363 5699 4250 32 3879 3477 921 2969 2043 1096 1907 8307 6262 6006 2093 4478 335 4524 3171 8032 3179 5251 9773 1809 316 3712 818 1261 3812 4955 9536 4348 
21 88 9305 3457 4098 6794 8055 1852 530 4848 4225 7085 9620 5495 6313 9900 8542 3507 6462 4912 5577 180 
27 7109 977 1835 871 2108 9516 7339 1791 202 7566 9205 4135 9801 5570 7780 2363 4721 2529 308 7606 7035 8613 7751 7459 4987 6997 2163 
31 2465 768 3311 4635 2690 511 3502 2732 3098 3099 4236 1960 2 255 6908 4217 806 3674 2943 3374 3431 1156 8655 7055 2114 8195 6148 82 5508 9673 7252 
30 1097 8728 1794 1170 8262 2357 7346 5250 4330 1395 909 1145 9331 6264 3926 6295 2824 6100 9580 8238 6496 9427 7964 5202 7818 8372 6585 5408 7375 4124 
27 6822 4687 1879 9347 5990 3067 4084 2382 7628 6182 552 595 9070 8686 9553 9000 3992 4942 2039 9442 213 6490 9621 5997 351 6358 218 
35 7861 3564 219 3049 3826 1734 1588 150 5957 4376 7579 6967 4744 6416 9219 6375 5389 5587 6858 8532 8810 3955 2222 8365 3048 1242 4391 4161 5322 3113 5855 327 3994 557 6111 
38 9003 580 6044 1637 739 7320 328 3024 2681 5554 326 6475 2651 1281 5695 3451 6237 5452 4939 8764 9671 2947 7285 7661 5288 9201 4755 8677 8658 7660 9922 4861 8384 2623 7896 6405 4432 2208 
20 2015 211 5426 6178 1748 8721 9026 693 359 4166 1971 750 8389 4563 5204 6782 1892 8980 7731 464 
28 4309 5717 6965 4984 9852 400 7379 3770 3261 4895 6041 4453 5664 3808 2358 855 4001 6229 7242 9338 7669 8080 5436 910 2130 9354 5723 3984 
26 5970 6456 5027 8029 3138 457 2112 7692 6280 9570 843 8296 7488 8807 1736 2749 2587 1155 6371 4600 3633 4735 2172 7460 2117 6693 
26 4839 6952 2774 8489 1630 6110 6924 9691 1002 3722 3999 7538 1882 2269 1691 1484 4967 3971 5596 4531 5057 840 8123 5273 1378 4319 
37 4601 6901 9626 1332 3294 4428 2788 874 1276 5955 7787 4587 4652 7912 4503 6832 6925 5301 4499 9085 90 9798 7549 3700 1375 2489 2022 1126 1085 2925 8696 8508 8726 5280 5415 3021 7133 
8 719 3338 8996 3750 3341 7641 3097 6494 
18 8731 6424 6654 3575 9996 8203 2657 8915 5888 6293 39 7075 7947 3792 432 1931 1646 231 
23 6031 4666 6526 1352 3205 3624 7267 7630 1342 5326 9788 673 8759 2450 8849 4611 6546 828 5318 5631 1006 20 4399 
25 187 4948 5393 2293 1121 4717 8344 9967 9181 7932 1816 6553 4253 143 1801 3002 2219 7163 8311 2200 759 3514 3402 6221 8046 
22 1066 713 8578 1325 6850 412 9029 6102 6813 8016 5594 9672 7559 3322 9336 2157 9387 6073 6257 9906 5606 8171 
28 5335 5245 315 3092 839 4020 330 531 2385 8324 6946 4113 8494 4772 6830 2279 253 5336 4513 2701 5403 7980 4774 9451 3185 472 9227 5501 
20 8175 6706 9901 3546 2233 9452 5466 481 3717 830 6438 4585 5422 7203 9846 8263 3909 987 4472 492 
13 1560 9187 9166 6150 8786 8536 6425 7668 7438 1023 2533 3889 1018 
14 672 4882 113 5218 2536 3951 5510 513 9869 7226 6575 9617 4027 8594 
13 3580 7716 6154 9066 7518 9426 6477 4242 6635 2457 566 3408 4622 
24 6252 7732 8101 578 7078 4675 6888 9783 6116 9239 974 5590 5680 1162 1577 1607 5276 4434 1149 6207 2819 9281 6479 5179 
28 6263 2278 394 2603 7612 3990 3849 5214 4980 4064 6021 8079 5593 2343 9038 9994 8140 6281 6129 6935 9745 4859 4261 3641 3042 5931 7601 616 
27 1305 8950 7088 1113 661 1142 6338 3199 3220 1365 7777 9357 636 6696 8108 3052 7461 227 6938 5987 4999 2723 7059 6614 6441 3478 6063 
18 7965 8509 4877 1874 6793 3221 5689 6204 9086 1164 2965 2895 1036 2001 1793 1021 8683 5254 
20 2432 5222 3540 9685 1489 6455 2147 9251 7071 5333 7858 1760 4183 3486 899 3983 2277 1642 8862 142 
26 1105 1949 9138 8667 1568 2670 3392 2956 2644 7653 9431 6079 7887 4425 5488 8733 764 2970 7577 3014 9717 8674 5476 6750 4091 4891 
13 9752 9670 1883 7325 8663 1868 913 107 6212 392 1304 2597 1507 
23 1178 5352 9972 4636 9624 8225 1591 2244 5778 3682 4333 5772 4680 630 4174 5269 2211 6993 8211 8865 5265 1559 1410 
19 5192 5343 9649 2928 2642 989 5477 7382 1529 4932 5802 8853 8837 5048 7297 7748 6465 6795 3985 
30 700 8189 726 2975 9282 8588 6474 7994 7096 6374 2884 4699 3896 8664 9881 5201 2599 8576 8476 7848 5181 4612 6929 9891 9266 491 6979 9146 5293 5370 
18 6002 9563 7709 8290 7314 8637 7323 9871 7685 6357 5344 2288 4697 1576 794 3069 710 9915 
20 8773 7194 7672 4789 4730 4560 5605 2617 3956 2342 8124 5750 2361 1585 4203 7565 321 1003 8350 5398 
30 9619 6656 1512 2748 5710 6208 9702 1349 9177 8617 2525 1193 1598 2938 5768 5154 5391 812 9055 3187 446 9622 7214 7374 9446 3172 4506 1088 9573 4185 
14 8292 5971 7114 4414 9851 7779 7483 1450 2996 3446 4517 4736 2055 3931 
6 3607 311 3539 6016 4929 2770 
25 7657 1194 1908 172 9018 8421 8882 4664 1859 2885 1692 9319 3135 9337 7735 5349 2873 5993 5677 1462 7593 7821 9540 5731 3288 
21 5497 8518 2296 1438 7129 7451 8073 3833 5917 3778 5298 1716 6838 8326 129 50 3244 8651 9047 3996 4417 
13 2247 9820 7108 2110 5610 7809 1129 8152 5047 8374 1318 8710 976 
9 7475 677 8227 9921 7563 5455 5865 9770 3664 
20 2920 9847 9046 4208 4437 2422 6410 9487 2212 3809 7487 9521 3886 2993 8648 4741 1573 4160 3929 4846 
22 4094 9976 6189 6329 1024 3865 730 1997 9613 66 2930 3326 6737 9817 852 515 9718 4234 4526 6400 6370 2951 
12 3629 1414 3148 8209 2426 4661 5205 5507 306 2502 7146 2169 
22 6670 8783 8425 5743 3329 9274 493 2440 656 5371 6980 4116 2392 9145 4702 1077 3836 4883 3656 4553 1247 5859 
27 1757 567 8711 4449 3372 6857 6290 7547 8906 4144 1596 2676 6254 4271 6992 2779 9719 2310 5839 4905 3780 8897 2238 4911 295 3588 8120 
9 5440 696 6123 2838 3202 5653 1939 3562 7173 
5 2571 7864 5237 6377 7678 
22 7429 3147 6582 6864 5556 6298 5655 8927 9895 9279 860 5207 1398 7039 5735 1514 6246 1602 5666 9638 3032 5399 
12 8878 2425 4016 8791 6985 5642 7684 4386 785 6723 1759 7432 
24 9913 1186 6523 4485 7278 6279 9228 2760 8741 6423 5259 1516 4000 6086 7890 7247 5414 3941 9942 7423 7888 5460 8433 5592 
15 4078 1384 6849 5744 4170 4575 209 1399 9997 7215 7537 980 6721 5020 4393 
18 8310 4008 3276 9463 6875 3017 7444 9839 6050 373 861 3814 1219 756 5896 707 5953 3969 
17 303 5615 4706 842 2791 6304 4630 3200 3966 6076 5679 8819 8649 3447 2204 8971 773 
20 1335 3409 9137 4352 6630 8244 8289 5919 7970 2083 4412 4700 1095 7151 6266 9937 325 3589 2530 7820 
32 3442 6404 9473 5818 5487 8426 5425 69 8219 4137 4704 9564 7309 147 2315 8481 4212 6565 4745 668 7652 1498 8356 9772 3914 7611 7801 1084 9940 398 2134 4778 
17 7013 9366 4280 5850 3634 5126 9343 971 1184 6217 7008 2253 3522 3838 7586 4156 7058 
25 1315 6745 6762 9440 1391 1930 6684 5523 126 9571 6387 7032 8522 6549 9115 8011 7170 7705 1952 2196 7496 4951 7533 3825 7281 
17 9707 2166 5856 5006 5307 7882 3759 649 8851 3710 1612 2319 7972 1093 805 3204 638 
19 5299 2738 5948 2899 8447 8254 3840 7464 1623 603 6487 6046 8893 9307 1141 3255 4133 4103 2408 
21 6783 3696 2480 7984 5567 8159 6223 2933 3139 4316 7454 1486 4740 7656 3713 5199 4306 7981 6194 5447 8994 
20 7463 6412 789 9011 9562 4141 7092 2696 9684 1862 1101 8631 2648 2468 8624 5444 6384 6789 3850 1226 
34 4377 2135 8024 9974 1251 1959 8991 9681 85 9381 3155 352 6103 6883 4378 5172 3141 453 9080 2433 5255 9310 9414 6355 452 1665 8724 6112 6664 2864 5029 5253 9517 8069 
8 2949 4494 3257 9459 5813 8808 2724 3064 
13 1543 5991 1744 6508 1881 6074 7938 1403 9061 8607 4683 6152 7527 
25 6403 208 9537 9165 5374 6121 1541 9221 5472 1501 6042 9629 1068 27 124 6988 7431 6731 1128 3681 6715 2794 811 4338 7700 
19 3156 9406 7553 9412 1564 3614 9933 6432 3472 5788 9339 145 5429 7073 2326 1972 298 6170 2318 
12 9393 3651 1192 165 9606 4994 4769 5395 5545 2677 2840 3626 
31 1515 1406 9246 1697 4154 1580 2686 6034 4021 4063 5914 6363 4903 731 4694 2485 9969 6091 6787 3118 1362 6440 650 4041 8380 4267 9782 3107 8770 8527 8414 
23 1992 5808 4387 3459 7428 3368 601 5627 9949 4930 4384 8782 3394 4104 5559 4825 4237 1999 5975 6644 2848 8480 3517 
24 7928 5213 3758 4233 6192 8157 4107 4493 7282 6476 7103 509 7392 3328 2614 2580 8599 1107 3548 2251 5138 1488 2922 2983 
18 4435 7020 8713 6786 5954 4202 1684 9130 4017 5553 229 4728 9714 1290 1210 5125 3313 3871 
21 8640 5491 4223 5500 3188 3108 210 354 7276 120 2270 5998 2104 4358 517 2611 4152 2763 1032 5774 835 
19 5693 9920 6296 4867 8434 8133 8747 7208 6809 9364 1412 1299 8830 1513 4982 6560 2331 8474 5886 
19 3869 4379 5358 5034 4910 7372 2783 4520 9293 2894 4603 1122 8949 8411 7350 6569 1230 8898 6127 
9 3253 7230 9544 499 3292 7106 3242 4289 3827 
18 474 4546 6558 8277 4196 565 2338 6305 7759 767 872 788 8507 4901 9878 590 2691 1558 
13 5868 5875 5332 5133 4290 4660 3913 5320 2378 2514 7332 3733 9910 
28 4090 5113 1090 4184 4080 9557 2000 8273 5082 7315 2477 5619 8446 484 8650 594 7250 9807 4933 1661 3934 8355 1086 4977 7831 790 4296 1562 
12 84 1651 1421 8088 4811 2073 9589 2449 59 9776 8535 170 
32 9084 627 1100 5369 1267 3191 3414 6814 896 704 2377 7466 1752 8148 953 5026 9541 7798 1535 7121 7030 9173 8678 140 8707 2877 3327 4049 9811 5390 4292 8232 
23 7956 1593 1973 1861 8976 6083 1296 786 7107 6180 4945 9236 8206 3033 1848 3415 2886 1479 3863 7002 2964 3619 9203 
29 2695 1984 7357 6206 1218 2537 9071 2207 7256 9858 8585 5941 8511 320 3536 6504 4681 3777 2282 6555 5916 8409 7257 3868 1847 1454 8552 8870 4750 
9 2356 902 8274 4836 2984 8968 5348 1015 5784 
9 7399 8586 5089 1208 174 4157 1456 8113 5854 
17 568 4511 9267 9890 3193 6325 2876 1056 1858 8240 3644 937 6959 8265 3347 7472 2853 
29 2006 1530 5189 3396 2305 5668 6538 8504 46 1583 5014 9612 5608 8017 918 1387 5484 8438 9448 4175 6259 4580 5581 9850 4962 9558 6748 136 9304 
27 6747 5698 8902 951 1102 8379 6013 4105 3986 4840 6833 3053 3796 9363 6372 1151 2872 9099 8066 4668 7044 349 9210 5973 7881 9097 8154 
29 2026 1524 2216 4297 1222 6648 8116 826 3165 6426 2248 3474 4718 9247 405 8673 125 4036 4389 6315 3953 6976 8456 1279 9771 6323 8482 6917 3755 
29 864 5295 9657 4806 7211 3802 6956 2753 4270 7715 5076 3859 7659 7077 6970 7351 7417 5738 7056 7634 7826 9200 7885 2730 9025 9938 8517 8556 2321 
29 5359 2784 8574 8207 6634 8795 9209 2857 9222 7532 7817 4892 2125 7599 1622 2336 4771 132 2811 1542 4908 2628 602 4976 6881 7772 7714 7161 3386 
25 6877 4833 1995 3544 9735 5830 553 7498 9433 3039 9583 3406 2413 7322 5270 5118 7105 5321 4766 2165 1663 3965 4606 994 2586 
15 8699 8979 2957 3603 4705 2077 7232 6584 4786 6062 1872 2264 3757 3174 5226 
7 8104 5480 8139 6943 6365 1722 2618 
8 8323 1030 9012 1221 5212 7662 1817 3259 
9 3384 9813 4507 9954 6285 2593 962 3528 587 
23 8566 8462 5887 7934 475 6089 4415 4773 912 3377 7130 2197 9111 94 521 2466 8322 9525 555 8386 7603 5147 1009 
30 5654 7406 128 435 2261 3420 3701 6024 1169 514 5702 6268 1198 2601 1800 946 6612 676 1618 7168 3815 7022 3678 2182 6300 6015 831 9827 5504 5857 
8 3104 364 7291 4923 9365 7756 3705 7093 
18 1689 5996 4109 5025 9382 6352 8772 6119 6133 2543 4989 550 5804 1772 9348 2256 4210 8727 
29 6851 6669 4807 7884 161 4958 6971 5844 1589 9720 3782 5041 216 6897 3841 7397 8889 6532 9855 1712 4131 3876 2704 6107 4691 6973 2698 2410 8618 
30 8629 6168 5771 6360 3921 164 7840 7665 3904 6344 2023 15 6059 2024 5216 6020 738 3000 8886 3206 5791 7283 4519 9390 2103 540 770 6241 465 8337 
26 8792 2881 9511 9116 823 907 2386 1098 5001 5630 9800 3714 8343 8863 7839 9389 1780 3440 3324 4303 4189 4731 8541 6994 9117 5874 
19 271 2401 7446 6340 8191 2673 5951 7837 2121 355 2042 5786 512 7520 6175 6704 7838 5573 5616 
15 9595 9401 9255 7086 9947 98 2635 152 9497 7558 847 2796 2713 4487 4471 
25 2963 200 9385 5756 9419 8298 2954 4244 8871 5380 9444 8049 149 534 3628 4754 2047 4118 4492 8762 488 6151 3719 998 8331 
15 9087 5517 212 4115 3807 8188 5576 6081 1912 7122 9861 2287 2411 5988 7115 
30 9306 9627 7465 4920 7554 665 2245 1460 6825 5382 7334 9015 4562 4440 4906 4647 8314 8436 1361 9096 2803 5612 7478 2629 5806 2259 3046 8078 737 6113 
8 7319 6003 6058 2982 9171 2660 2049 1898 
28 3424 4935 1054 7000 8940 4990 7068 8051 2229 3772 2945 6712 5061 1714 7195 8317 983 3888 7545 3768 5842 5669 9552 9876 8008 6559 3631 9311 
26 3891 9602 5636 6473 3566 4764 8151 9833 524 2281 5909 4898 1053 5645 2085 9108 1440 7526 2249 5469 1419 9296 1408 1579 7758 8740 
20 4455 608 3381 7962 1696 7238 1505 3806 4110 3695 3063 4542 1903 7269 6717 7424 1951 3892 9172 9918 
23 2742 1640 290 6356 4139 8742 2404 7456 4969 5684 2910 235 4688 1042 7551 5796 1124 743 7667 5884 4447 7437 3870 
14 4200 3354 498 5156 5584 7342 7778 5635 7791 5191 2159 4950 5513 644 
18 1674 2626 697 9030 9925 6687 87 7827 5613 4283 2353 9467 1570 4695 3218 8453 8044 3035 
32 6155 8784 5626 6739 8368 6705 2900 5766 1441 6484 6106 8918 4669 618 740 4312 9480 333 9318 9170 8771 7185 4480 6022 8333 1173 3003 2671 1497 948 4127 9736 
19 3976 9965 4299 854 908 8160 8661 9152 985 3881 6075 3864 8364 5749 9169 9095 6533 3690 4716 
27 3176 3129 1518 9524 8110 6896 9263 9133 9912 929 1199 7132 836 5157 528 4051 416 7589 9243 7696 1812 4354 4308 729 5474 4320 5407 
17 9495 3557 2663 4615 9035 9948 4819 2977 1328 9498 8549 9447 8347 4765 226 3852 2709 
17 6004 7249 7572 9769 1723 5539 6638 4639 9539 2866 2131 8866 6941 8216 4286 3679 2509 
6 6239 6409 2442 5091 5821 9196 
34 6159 3989 5535 1200 8521 4404 2041 2952 6026 8671 9604 9731 2558 1117 5105 21 8935 2396 877 682 3076 2868 2317 2427 3658 9178 9069 6501 8589 8581 8332 3279 4446 795 
33 2230 8224 9705 3616 5107 422 5866 1738 4045 4347 8316 1638 6235 9139 1310 9193 4739 6754 8013 334 7868 5826 1103 6278 4812 1617 8369 5368 5342 7311 6603 5230 6853 
23 9503 7102 8681 6729 7191 379 4981 6880 9706 4429 8107 7706 2111 5038 9615 6011 1825 8398 8877 4779 8519 1923 1137 
3 4467 9436 7206 
7 8892 199 1550 476 8397 1705 86 
16 873 5417 6862 1266 456 1671 2381 3355 5392 3558 4431 9787 6348 2540 3480 5547 
25 8548 3821 718 640 381 1910 9202 5853 6422 7216 7150 6319 9880 5870 471 6145 5918 9999 1295 1312 5798 4909 2773 9834 1425 
18 6053 9830 5663 1797 6512 5279 9478 9141 6866 7178 4457 5117 9821 9233 4039 5985 5471 431 
29 8978 8835 6012 4658 9037 646 2817 8378 4356 2292 6909 9441 2037 6926 6167 4232 7583 5589 158 3726 7199 8712 8276 6631 6998 443 6258 5458 4241 
7 4112 3991 3602 7567 3565 3026 4887 
23 3773 4863 2825 5628 1494 9505 1048 9482 9810 2959 6513 9335 7786 3342 4238 3998 573 2624 2094 7052 5533 3012 6060 
15 965 428 5602 4291 4544 7785 6247 40 8638 463 5289 9734 2722 9142 2939 
28 9556 5541 9804 6601 7548 1453 4617 6098 5451 3673 8502 5527 3339 6578 4810 7930 721 919 1127 7740 1495 3095 8371 2224 2608 9176 1001 7001 
17 3291 9843 8025 4382 1072 3738 6225 337 7841 915 5264 4269 702 7702 3858 3586 2609 
18 7347 3027 7098 1606 331 5355 6632 8558 9551 4193 5644 5949 6147 6433 9700 9635 2839 8499 
28 9320 3068 3411 6550 5650 5366 2128 8288 5302 9908 575 8074 7402 2016 3503 7893 4816 681 1347 9885 307 1698 8858 2940 5058 1701 1359 2185 
16 4255 7737 506 9118 8642 1256 9019 5190 5028 7127 9280 6334 5362 9220 3620 3723 
13 3910 4686 5158 1762 1182 4588 9519 5044 8168 2821 4140 2463 7814 
15 4624 3050 8989 4481 9546 9394 2790 716 6800 6140 5268 434 7734 3397 5968 
6 245 8573 4048 1123 8431 1000 
26 6200 7196 2556 7654 3454 2400 1468 859 1094 8732 205 653 5266 642 3302 5560 8454 955 5439 9781 6944 9993 9560 424 6650 8321 
16 3362 4365 4993 9863 6777 3353 5456 591 8709 4827 2575 1244 1070 8716 9555 240 
6 6951 9927 4476 1677 2170 8267 
10 1869 7580 6430 633 1436 2388 5021 5163 624 4941 
14 3947 1260 9042 8854 3169 4089 1896 9701 8620 9784 1314 5969 1087 1204 
17 3317 1223 4703 4973 2751 3214 1925 5820 5691 7300 6701 3287 3676 6968 2221 8718 1758 
25 2118 9874 7312 8093 1634 6580 2406 5564 5074 5256 6571 9043 243 217 7721 1890 9756 1442 3942 8320 1966 9317 7356 9721 2038 
17 9806 975 2518 7686 7209 2044 3524 9652 4561 1980 3115 2390 5785 3455 3521 6090 3791 
30 9845 2856 2967 8575 832 4862 3793 4552 3798 3790 2804 8007 9722 6682 5350 5106 1851 5585 9342 8287 8985 5142 2637 7530 3762 8404 9214 3535 6595 1958 
23 3510 615 1508 9872 942 2745 9156 7176 7065 3256 385 6117 8936 4239 3357 6640 2488 7484 1726 8879 1341 7733 302 
9 2074 6856 9314 233 2284 9327 43 7771 8000 
15 7648 1830 9654 5779 4024 7263 4798 4838 3297 1374 1367 8385 3400 8490 2152 
22 5748 9628 1843 2639 4065 2693 9534 1753 1116 8729 6282 1432 7623 5924 429 8223 265 1837 6665 9764 4424 2210 
4 4421 3105 2573 8319 
22 5540 57 2731 3493 9475 2076 4497 3675 3731 7624 6824 8745 3161 631 4676 7955 6302 1350 7524 5876 4281 44 
28 1177 8419 5351 8034 992 9276 6805 7812 7234 3997 9724 8450 2063 8415 183 6758 6667 5761 7367 3056 9568 6950 4310 4295 5361 5714 4568 8684 
26 7248 5712 8682 922 169 9678 2126 2675 3228 5700 7898 695 1783 3266 6977 972 3684 9588 7038 4864 3744 5787 6373 8082 3111 9831 
28 2495 8856 7883 5187 6537 1509 178 6579 7805 3843 9438 1392 4014 2737 6625 4351 801 6478 5186 6276 7511 4934 5435 5623 9909 5376 5159 2521 
19 1970 2577 5135 6346 7555 4433 2272 6036 5473 2137 8470 9955 6505 3832 8442 1469 3935 3943 2620 
30 7975 2904 6942 3666 9190 100 8403 91 8970 967 5959 4690 2151 7368 2414 9395 9865 207 6599 5461 8919 8183 5942 3369 9 9711 8701 1909 3665 8363 
17 1955 7602 802 4410 6764 2470 9429 4070 7519 2460 9690 1731 2421 4522 4897 5819 9004 
25 2782 5347 2787 6927 8806 3839 5835 9623 2645 7091 17 4323 4614 4122 2454 8568 4392 5926 1278 2423 9369 2286 6210 3284 868 
13 720 7867 6392 3270 611 5799 9273 5962 6907 9659 6312 7819 9824 
14 8440 4830 9751 1346 9963 1220 7794 8125 1061 5272 1118 5900 9614 8226 
9 7631 2717 4965 2557 6463 1064 9765 2926 7649 
13 9543 6718 8146 4782 4656 2781 6639 156 6659 1067 8959 3591 2032 
24 3403 7236 119 6563 313 6893 3315 3469 9322 8767 2990 6130 4597 4322 1451 5648 4609 9841 1144 1645 762 4220 4057 2376 
22 6765 780 266 2352 4450 5550 3044 6775 776 7944 6776 4165 8181 8392 5542 9726 7054 6153 3797 7476 4040 8278 
28 9078 2399 6413 9345 146 6989 6716 4163 3851 897 5329 3295 2375 9270 3300 8281 760 2149 1916 1764 3100 8092 9154 1180 1841 3518 1472 535 
22 8198 3816 4558 2235 9179 6399 5100 6746 7680 4128 1649 7646 3013 6588 5893 6936 2005 2747 2592 3928 430 2300 
25 3541 7876 9289 225 4123 9027 2035 9238 6839 7755 3593 4845 7016 28 8528 3320 3515 7359 7946 3422 6955 5923 1865 6294 9259 
27 248 9105 6742 3537 2852 2362 3622 8956 6067 4564 3007 5411 9779 1402 6629 6574 6061 1136 1806 4900 4548 3071 1991 9484 7303 3688 8430 
26 409 6220 3583 5267 1369 4477 6460 342 3845 8268 8177 433 1078 9929 3598 2380 7157 6099 623 3734 317 845 3611 2847 6080 4922 
22 332 4396 4659 7856 8737 9101 8984 8214 5569 9229 613 8121 5468 3318 3831 3944 6673 7836 8948 1522 8137 1115 
4 6879 1289 6869 923 
11 2780 6029 3554 6771 982 3993 1613 1475 9031 6190 7568 
21 41 3632 4029 2033 6132 9284 1433 8345 2762 940 2155 9662 3309 4814 9875 4530 3923 4554 635 5443 1699 
27 9805 3866 1986 4613 2999 4171 7041 403 444 5764 8760 2078 5470 6552 1727 7974 5614 3582 162 6328 2801 3177 5328 5897 7158 5242 2448 
10 8346 1655 6842 9743 3433 5437 8500 6120 3216 1555 
26 4502 9633 6645 7535 8800 7770 8857 4711 4851 3241 6105 8010 1011 3332 4650 71 4095 246 3922 5667 436 6461 6434 3229 5446 2307 
30 5282 5240 1430 7387 2095 7271 8026 3127 8963 5442 6047 7326 5565 6137 9704 4452 7063 3545 2012 5832 8600 1091 8639 7324 3252 7436 7166 1191 5647 9277 
30 8040 4228 9477 8529 7642 4724 7197 7361 9106 319 7004 5880 5249 3045 9237 5675 1171 1650 7439 4678 1360 9502 8515 2301 7412 4077 9747 6978 5232 8622 
14 8382 7557 8059 6886 1181 9952 6865 7793 1012 724 2501 732 9470 7061 
23 4761 507 4403 9062 883 5062 8212 518 7718 42 8845 5947 3834 5946 9197 5928 7343 8282 6981 2456 7968 5312 4474 
18 1804 6186 8796 8955 6244 8272 2107 2907 1695 6230 9124 7485 7959 1728 4364 3687 9569 900 
13 8351 3083 596 5662 1331 4400 9151 8014 6848 8253 4339 9461 8091 
26 6255 8285 5719 7442 1175 8609 952 9028 7207 1417 8743 7205 614 7860 3813 9899 160 2579 2705 1877 7833 844 4823 4451 8641 3264 
14 6536 4657 3057 2473 115 7903 4301 8891 5077 9646 6676 2516 56 2610 
23 9744 5503 9410 5557 1004 2846 2241 2909 2694 1988 77 7076 2991 2772 63 827 7470 8633 2262 1158 7600 8070 6273 
21 5017 9549 4409 6222 2374 6389 2341 4569 9651 9755 7578 6841 9728 9094 4284 9746 2604 5811 6470 579 2816 
18 9631 8823 3938 3116 5952 353 799 1424 8775 4547 9739 7543 4102 2590 2672 3497 5365 6018 
27 7430 3022 4914 1294 177 374 8869 5033 544 862 5040 2621 3501 9941 733 5166 2254 2003 5119 4381 2379 5096 6291 926 3848 5150 8717 
29 5285 135 2036 7190 2927 2217 7595 244 5526 193 3862 1292 7949 4121 1534 7510 1057 6376 8354 9076 1172 8924 2067 1303 4785 8735 1052 3903 6623 
32 1527 9297 6710 1491 3051 8353 2640 2072 7873 516 6345 9694 9934 9778 8545 232 510 1824 9725 4817 8417 4304 6586 7053 9814 3274 58 9486 9383 1377 455 2492 
15 4349 6000 5783 7246 8951 2652 3930 6333 5317 1519 6332 3448 641 1961 6872 
21 6125 1628 3112 4372 2585 6407 7693 2948 8099 3282 2851 262 5315 5066 4380 2734 4172 5889 5652 5536 1120 
28 6265 4050 7277 8236 8937 5837 3434 4491 2048 6898 4768 1277 361 6286 6337 621 5261 3087 4737 7241 8423 49 8943 0 3126 9499 5055 4729 
27 3263 5711 1474 3418 7513 2174 5878 8366 6743 3847 2960 742 6525 8907 3764 3306 1927 7279 2878 783 4408 7722 7742 9669 7219 662 3987 
27 1313 1503 1685 9127 64 9195 6283 3981 9844 2366 7384 1876 304 7615 6308 8283 3736 7703 4146 6472 8626 3978 9010 8838 7069 2961 3349 
9 5562 2439 3625 5986 2398 1945 8402 5127 8196 
25 4673 6567 7253 5409 1415 4871 8603 5462 4654 7842 2978 322 2215 3519 8561 7954 3950 5685 6070 9014 4927 3238 9024 9198 390 
23 3462 1240 4028 8194 3940 969 6218 9379 1420 8590 863 6996 9886 870 2517 8388 2069 8983 9294 7087 7977 807 4996 
25 6711 95 3783 9492 241 1487 3393 4828 2393 959 3645 9542 7978 363 8704 988 3243 9590 2435 4510 1147 9977 5485 5760 3275 
24 8410 8653 9135 300 2075 9992 3211 4625 256 5309 7582 1493 8583 8668 4822 7892 1404 2014 755 5895 6118 1633 9507 4783 
14 3512 1977 4643 2434 2665 4888 8164 485 4800 865 4426 1747 2175 6517 
23 3490 3605 4602 8831 8546 4087 4055 5180 7570 3101 3010 6928 3018 2232 3019 191 7859 7310 5718 4273 5978 12 9120 
20 5516 1777 3789 7901 3530 6910 8540 4044 4770 4188 6803 9425 8697 5203 6651 3272 6914 4069 5817 7953 
17 5757 6922 7434 6048 8118 7730 930 3609 8510 777 3308 8960 8492 2994 9162 4100 3491 
30 7666 7683 4101 7663 380 6587 462 5099 1389 6519 5999 3449 4092 2348 5522 4748 9285 1270 1520 4670 6468 7307 4315 2683 7409 2786 5591 2113 669 6524 
8 7255 6984 8035 9186 8752 3698 7983 2669 
7 8338 9349 2486 18 6045 3741 2625 
21 6420 4003 2409 3232 9836 8373 7262 3416 4251 964 8039 8201 1268 312 2870 8142 3819 1287 5659 5937 690 
29 9045 1994 2167 2464 1232 2661 1109 3203 8827 9089 6769 6622 414 841 3483 9730 2708 9050 3125 7144 4298 5814 7803 5922 6057 8 8538 5688 1301 
17 9286 2934 9182 3721 2578 4331 7576 3086 5965 522 5657 4791 8910 1586 1195 9129 8636 
7 168 5566 9625 2997 141 6544 2650 
28 5090 3885 3542 9457 3117 4756 5995 7493 215 5373 8872 4168 8141 9510 8829 7973 6937 9932 7067 5185 6335 3627 9960 1473 9792 6685 8260 6934 
24 7574 3375 7494 4986 772 4213 6882 5933 7866 3948 7288 6773 1740 5175 2405 2127 2168 6892 7539 8341 5604 5551 9290 8861 
9 9144 9252 7153 5945 192 2638 5281 3041 2914 
12 5829 5620 7698 7034 4854 9044 4367 9984 4390 3652 8156 6448 
12 4720 8192 7089 1153 7074 8100 3460 5248 8647 3571 9608 4363 
12 533 3398 7682 3532 7515 3895 3225 6725 8313 329 5198 763 
28 9815 950 984 5043 709 1110 5915 8801 3432 4486 9292 6436 6486 7265 8294 6162 1434 5319 6551 4402 1185 5095 2764 7165 4820 2908 1938 9759 
25 9926 5686 7152 853 629 2415 8659 8926 4608 2144 5421 116 6385 2459 9587 9529 8706 4313 6417 9676 5599 9793 6576 3637 4445 
23 6547 1667 9832 7162 7344 6902 9729 4802 894 3630 3376 4847 9437 4581 5297 6516 68 9808 1482 4324 2193 6322 5296 
15 284 2181 6480 8485 4775 8843 7006 3894 11 8591 3824 5011 3417 667 480 
17 3066 3594 6101 7811 2115 8952 4734 4523 4572 3209 4757 5146 6986 3671 4149 4844 438 
16 4153 4629 81 2989 6437 5208 338 4698 2186 1409 1007 5775 2812 2298 901 5404 
22 655 2056 2937 9842 1631 775 7679 1431 5379 6122 4173 9372 7264 6092 8880 9660 1356 3310 3520 1043 4383 3184 
16 4207 8085 1913 5241 4696 9812 1259 3278 1590 3212 2017 155 6545 903 6878 820 
14 419 4482 895 6261 4034 3785 542 6915 275 4329 4052 3533 5964 3612 
31 7243 3915 4245 751 5050 2160 6784 6962 6566 779 3574 37 8993 1953 5396 2389 9605 3344 3642 5940 5609 8467 4458 7427 6317 5148 6019 7184 421 1060 7681 
14 318 6173 4326 8243 2966 6610 3837 648 9775 5388 188 5499 3945 7405 
19 1206 8815 5929 8166 7353 8165 8221 2303 3485 504 7390 5932 2905 1544 3576 6991 3787 9971 2746 
15 5777 6749 4938 6078 4371 949 1282 947 3753 7506 3405 5051 13 7202 8012 
17 8803 7193 1079 9242 5701 9272 1785 3720 2798 4896 2458 7880 6958 4968 8089 7489 9956 
21 3739 881 254 2192 7120 9155 3877 7125 4876 9017 503 3804 2647 4108 99 9067 4126 3390 2145 1619 8908 
9 4011 3911 4726 2827 3304 2594 8488 1641 1202 
6 4285 5892 9795 3370 4007 5982 
16 9485 6503 4645 6274 4879 7564 2541 8235 5489 3441 9797 1683 6007 6844 7395 9567 
12 1326 7710 660 4709 9896 5534 65 2636 3145 9295 5215 4818 
13 8816 6454 6966 1745 1062 9346 7213 4413 2946 7413 2133 7051 176 
5 3475 782 9064 1686 2591 
23 9109 1647 5433 3784 674 2867 1348 890 6683 1756 4992 8969 6801 2469 3303 3348 5337 7469 1636 360 3898 296 5130 
24 448 9450 2060 3435 2706 8058 7843 1461 3606 1308 2854 2634 5852 2500 8318 3132 2258 411 4375 1813 2656 7950 371 5003 
25 6128 3680 1496 5913 8981 2702 3210 7296 9213 1818 3283 3916 2728 520 5736 3166 869 6788 1234 4813 6096 3872 9013 6933 4545 
24 5732 2600 2180 5375 4256 74 4714 1531 1464 924 3123 9428 999 701 9423 9961 8065 981 8702 5024 3677 1751 5894 6702 
15 6069 1272 2323 6643 7043 4006 4931 6895 1014 4418 2550 7083 6368 7261 6770 
22 7874 267 8367 4713 369 4147 8186 1946 9225 7340 7330 7997 8483 9373 4780 1133 2161 469 4752 3488 6032 792 
25 8554 3047 2799 671 4595 7933 8062 8644 6757 1069 9167 9754 9355 4218 288 4514 6720 3937 6330 7317 6435 9596 5846 3298 1594 
13 4733 5678 1733 4605 8694 4247 5221 1871 6920 5976 2062 2445 3084 
23 5621 7922 8259 9742 1644 9288 3466 196 6165 1668 3551 1502 3004 7258 6577 8455 5145 2725 746 5845 4162 7136 9184 
10 2896 4035 92 7411 643 2407 4167 4096 6488 8563 
25 5182 6498 753 7479 5045 1257 5770 9074 7542 9968 680 7046 449 3873 250 3704 569 3581 5961 9147 5833 3388 8825 3727 9887 
25 2031 5291 8665 546 1943 8401 8416 7231 1967 3573 9816 5502 7720 5807 3096 3094 9777 5121 314 7026 1467 6445 9432 6700 1552 
25 2497 1386 8155 657 7762 4397 1944 2808 4692 887 1125 4512 3961 4870 1373 7855 3526 2255 4022 2491 3995 2985 3250 5432 4054 
24 3445 6023 6251 5260 3874 6699 8705 6171 9112 1351 4684 4187 7294 5286 6232 1426 9986 5239 221 197 966 2564 5960 4978 
13 497 4953 1968 4872 9822 6596 7865 2526 7650 5625 9688 8047 6690 
21 2992 1873 1693 2171 3905 8627 2345 3323 1567 3331 8336 5906 5930 7979 7126 6761 6616 8251 8451 1935 2223 
2 9483 1546 
21 8348 7916 7633 8028 7149 6820 2129 1340 4276 5921 1265 2419 8461 7851 270 5781 7523 6193 7369 6598 89 
14 7690 1465 986 6871 1152 990 23 7204 822 3703 2046 7597 8275 7739 
6 9634 8071 2767 2070 9648 7617 
11 856 9100 2240 3230 1225 2703 1969 944 7416 9854 9088 
21 6903 9712 127 9458 934 1710 2052 2931 5992 9533 6429 3419 6506 8769 5030 4551 341 5812 7079 2865 204 
19 3740 9981 8938 8998 3751 103 5482 4423 6572 6661 8315 1080 7544 427 2598 8130 5831 2490 2815 
14 1792 9065 3124 7134 8018 4594 7614 4317 301 2823 6136 3254 4129 1336 
21 1963 9341 7135 3685 5709 2359 3508 6736 1648 9098 8765 8144 9260 6421 3529 5867 3162 5162 1549 1437 8738 
23 3972 5656 529 7019 6593 6248 8097 1071 7024 9697 6590 5524 7201 5078 167 9443 4132 3260 3343 8487 911 1285 5423 
26 1755 572 7477 5899 9526 1639 8293 3661 1870 467 2068 3912 3195 8003 2688 1856 3670 1401 7775 8114 1940 259 2879 5410 8053 1950 
6 7380 3760 6594 5515 6005 4181 
19 9579 6677 793 7502 9490 239 1854 2911 5759 3363 4275 4226 4257 6401 5673 9217 4504 9465 479 
14 9464 1884 2304 4792 3465 2958 2057 5486 3222 6604 9748 5128 9258 9803 
13 1863 6402 1553 454 4074 6726 366 7298 1140 2349 2830 3464 1575 
24 6141 5263 1355 6597 2515 2898 8691 4085 133 5314 9554 9978 6033 1187 1632 340 6500 781 1571 8894 5869 1427 6520 6817 
19 5012 9610 9576 2355 8506 8023 8551 639 9658 4468 4191 4148 5467 4508 9585 6621 6482 8685 5836 
18 6703 5069 7239 938 1317 2844 6655 7177 600 1763 706 9257 9434 705 8295 1379 7290 7338 
22 9819 348 2797 3373 1309 8533 4787 1368 4533 4590 6540 2354 2752 336 6071 3653 834 5972 4231 9301 9058 5555 
22 8187 645 9466 691 7604 4653 2630 7620 8692 6692 7699 4222 8305 7200 2372 6343 258 4010 4416 8269 526 6890 
12 4205 2979 3867 3691 2766 3509 8150 7363 8153 9914 1788 8818 
17 1557 3818 9159 8560 1455 3621 4767 816 4033 4075 9988 3078 5575 195 2150 3401 7632 
11 1046 7808 3901 8407 3271 6064 2595 1956 1354 8934 1829 
18 6652 617 8030 4119 8687 7609 2805 3152 223 2615 54 3280 8145 1669 3106 2080 5683 2096 
10 3054 708 4274 2547 3496 5073 5780 4199 2136 9599 
19 607 2802 4327 9641 4498 365 8793 5763 6637 1687 8643 1540 323 5316 9189 6065 5974 1987 1708 
20 376 8190 2314 7503 6386 6451 4651 7529 8817 5019 3360 9053 3109 5177 6028 3143 3742 5676 1483 1694 
19 4318 5287 1721 8229 4221 6240 7626 2308 9509 33 2391 4083 111 4633 3040 9898 1380 8132 79 
12 2741 4541 5713 1081 2395 8610 8111 2987 5871 8929 73 3899 
21 1845 9645 1660 9859 8491 3285 1396 122 8009 8258 4395 3730 564 5236 8095 8834 5617 2339 6889 2188 925 
16 1245 5124 1779 2246 5864 8593 1604 8676 3412 291 8497 5634 4610 810 8999 1216 
19 6647 1480 408 1411 5093 104 1853 347 6568 4671 6049 4444 3683 8657 4998 4288 1161 51 8964 
2 1381 2265 
20 7847 1250 9964 230 2370 8748 8750 3763 5728 2004 2367 5327 2146 2968 1112 2474 3015 6592 4972 532 
12 415 2667 3648 9632 9849 9826 6602 1538 7622 5742 1659 664 
23 3082 3970 5803 4623 5211 7148 2859 5292 6940 6608 2995 5448 344 5110 4192 9063 4422 6535 4995 3882 879 5776 9417 
20 5036 9262 1768 9054 2534 3672 1394 5102 1286 7725 2471 6646 6797 7688 5580 8096 652 9271 5354 747 
19 8112 1902 5838 4195 4857 2082 9240 7009 2684 5984 1485 3001 2050 5151 1059 6845 3273 2902 8002 
17 3366 8876 9234 886 9496 7573 130 7383 7747 4215 4763 6108 9873 1044 6489 8230 1174 
12 7386 4966 97 7924 8428 7440 9083 1932 9957 7175 7925 8730 
18 559 1846 7907 5070 6181 6353 928 3756 470 7396 9924 2795 4061 9057 1280 4599 4640 1076 
19 2776 3482 1620 7829 52 7749 83 6447 4746 8628 7871 8006 3587 5938 8405 960 8608 5521 1022 
16 9761 2394 9132 5310 2842 9667 9362 4473 238 8881 1533 7670 7033 8714 597 9359 
8 1319 3822 6768 4589 9609 1798 1808 3456 
18 6196 6272 1511 1937 2972 3231 4343 1592 5340 686 3844 4849 5114 9352 7225 5800 6275 1190 
17 1587 159 3952 6999 9474 9593 1761 7939 5220 4076 6990 2542 8912 6624 269 2446 7458 
12 5690 3062 7301 3258 9911 4209 6713 8571 1795 5927 3020 5745 
18 9375 1311 189 5394 9302 7237 9384 4369 7605 6511 4527 7473 1675 6183 4516 1481 4005 3897 
17 6009 1942 1016 7394 8917 8143 6014 7541 8215 5643 8751 4534 8579 1849 3248 6760 1478 
12 9710 8555 3669 5782 6211 399 5122 4368 1920 2685 7921 9360 
26 4749 3775 5400 2875 4062 5372 4550 501 2438 2596 173 5068 6027 7400 9825 8531 1243 6688 4179 228 1802 2962 1517 1878 6766 8443 
18 2653 7988 4924 9157 6292 2546 8813 9674 1839 6072 9528 5834 6419 5726 7426 5549 5588 8569 
2 3190 1880 
8 7245 5238 382 7926 4899 4138 6867 7450 
8 4880 7425 7613 5325 4577 5454 5275 8744 
10 4913 2330 310 8479 5283 3175 2194 5912 9126 5493 
22 4555 5088 6657 3499 1466 4266 9321 4388 7321 6318 6314 4362 9445 885 2807 1899 236 8619 4142 3350 3884 3153 
20 1676 4784 1203 4539 5651 2231 2632 6763 7072 2871 5330 6166 5056 3964 5752 3240 6964 2347 5618 4732 
16 2119 7118 2260 4584 7490 9351 3201 6187 8250 5558 9835 1033 9093 8466 4037 766 
4 7448 5193 5441 9312 
