9 0 690 1018 1845 2179 2491 2802 3069 3397 
8 1 777 1226 1605 1981 2347 2749 3296 
10 2 583 1075 1489 1756 2138 2428 2831 3126 3529 
9 3 689 975 1331 1764 2136 2598 2976 3393 
7 4 472 886 1311 1616 2009 2500 
9 5 546 850 1330 1632 1992 2483 2928 3326 
9 6 543 981 1292 1657 2126 2525 2898 3269 
8 7 512 868 1174 1637 1978 2502 3104 
7 8 453 872 1874 2708 3064 3501 
9 9 417 800 1266 1642 2201 2546 3075 3454 
7 10 587 990 1376 2551 3041 3338 
7 11 533 958 1237 1550 1875 2247 
8 12 603 962 1285 1803 2724 3110 3411 
9 13 590 1056 1505 1843 2200 2529 3001 3489 
8 14 570 913 1178 2172 2675 3074 3406 
10 15 528 1076 1388 1747 2127 2610 2942 3314 3602 
10 16 540 882 1239 1721 2046 2365 2674 2970 3435 
9 17 558 844 1290 1613 2017 2420 2825 3320 
10 18 755 1030 1317 1715 2076 2405 2858 3305 3607 
10 19 401 803 1207 1506 1823 2063 2458 2845 3229 
11 20 418 941 1293 1535 1898 2231 2545 2838 3180 3523 
10 21 737 1138 1531 1871 2321 2643 2931 3252 3721 
9 22 568 1154 1496 1933 2242 2523 3022 3556 
8 23 1157 1552 1905 2218 2621 3014 3510 
9 24 622 1051 1441 1727 2060 2459 2826 3285 
9 25 792 1156 1596 1916 2296 2694 3076 3473 
10 26 691 1006 1361 1749 2145 2605 2839 3133 3432 
10 27 642 968 1194 1796 2118 2553 2893 3261 3618 
7 28 488 1100 1504 1897 2324 2774 
10 29 523 795 1148 1480 1692 1989 2197 2513 2876 
10 30 443 799 1447 1809 2180 2495 2884 3172 3533 
10 31 759 1044 1416 1929 2268 2568 2956 3284 3644 
10 32 639 900 1171 1553 2002 2386 2707 3056 3551 
8 33 762 1168 1495 1889 2308 2809 3282 
9 34 454 1040 1487 1900 2258 2741 2978 3259 
7 35 769 1115 1512 1956 2827 3235 
8 36 487 1004 1282 1631 1880 3304 3672 
8 37 672 949 1350 1769 2185 2540 2866 
10 38 545 881 1229 1736 2162 2636 2941 3264 3674 
9 39 659 973 1400 1792 2169 2485 2936 3335 
9 40 758 1033 1462 1938 2239 2615 3083 3373 
9 41 620 1134 1451 1825 2144 2680 3093 3446 
9 42 709 1014 1472 1856 2207 2592 3026 3325 
10 43 746 1099 1423 1790 2186 2608 3062 3370 3698 
10 44 423 789 1270 1509 1777 2153 2539 2882 3392 
10 45 574 909 1281 1628 2111 2426 2832 3102 3492 
9 46 687 1122 1453 1821 2350 2789 3071 3524 
10 47 757 1036 1405 1768 2181 2517 2814 3228 3619 
9 48 775 1090 1477 1906 2328 2686 3089 3465 
10 49 475 932 1455 1789 2233 2606 2932 3227 3684 
6 50 669 1114 1984 2285 2756 
9 51 628 1068 1403 1722 2238 2631 3016 3375 
11 52 449 841 1172 1465 1701 2052 2438 2783 3190 3514 
8 53 413 781 1146 1949 2423 2766 3030 
11 54 463 810 1198 1644 1896 2224 2562 2909 3216 3581 
8 55 698 966 1303 1706 2297 3293 3642 
9 56 459 786 1206 1990 2374 2671 2961 3388 
10 57 606 847 1337 1645 2054 2421 2750 3077 3488 
10 58 627 934 1271 1562 2050 2377 2735 3033 3405 
8 59 572 1002 1732 2112 2520 2812 3348 
8 60 539 883 1351 1682 2177 3082 3477 
9 61 624 1015 1554 1888 2301 2639 2994 3364 
10 62 416 836 1261 1608 1986 2400 2641 2964 3419 
11 63 473 805 1173 1502 1779 2272 2492 2952 3336 3605 
10 64 506 893 1231 1668 2049 2577 2894 3310 3589 
9 65 518 916 1379 1704 2099 2885 3247 3576 
10 66 648 1057 1244 1589 1878 2235 2543 2985 3343 
10 67 747 1071 1320 1839 2175 2538 2930 3208 3521 
8 68 446 840 1218 1687 1987 2430 3448 
10 69 682 960 1205 1551 2094 2406 2767 3249 3600 
9 70 636 1199 1693 2036 2467 2805 3265 3601 
10 71 778 1123 1415 1710 2103 2399 2720 3047 3407 
9 72 548 1116 1463 1822 2149 2505 2781 3161 
9 73 600 1046 1426 1863 2274 2663 3167 3590 
9 74 725 974 1348 1634 1998 2872 3267 3645 
10 75 668 1103 1448 1753 2075 2471 2840 3175 3484 
10 76 708 1059 1437 1740 2092 2460 2829 3150 3400 
9 77 588 1127 1419 1673 1953 2245 2541 3433 
8 78 544 860 1358 1785 2590 2958 3204 
10 79 562 921 1273 1674 2051 2482 2820 3139 3349 
9 80 728 1095 1490 1895 2263 2780 3109 3511 
9 81 611 1020 1357 1731 2070 2552 2924 3242 
10 82 711 926 1342 1675 2023 2310 2683 3140 3528 
10 83 662 1010 1412 1811 2122 2475 2901 3301 3648 
9 84 722 1133 1454 1808 2236 2656 3018 3395 
10 85 650 848 1181 1576 1928 2241 2548 3084 3471 
10 86 567 947 1409 1828 2156 2519 2842 3206 3496 
9 87 435 953 1277 1713 2289 2584 2944 3571 
9 88 415 923 1735 2124 2604 2935 3369 3625 
9 89 1034 1424 1733 2072 2432 2754 3144 3517 
9 90 700 1101 1310 1716 2150 2479 2859 3276 
9 91 502 995 1421 2014 2376 2905 3254 3639 
9 92 616 880 1280 1780 2312 2706 3091 3470 
8 93 718 1119 1413 1778 2748 3050 3447 
9 94 495 905 1340 1689 2178 2550 2892 3281 
10 95 605 959 1395 1699 2062 2398 2689 3034 3412 
10 96 602 997 1264 1654 2079 2449 2828 3220 3575 
10 97 754 1005 1401 1660 2013 2425 2770 3055 3502 
10 98 630 1012 1360 1679 2116 2576 2868 3258 3598 
9 99 437 1111 1518 1925 2395 2727 3105 3409 
8 100 576 1186 1772 2146 2549 2921 3243 
9 101 770 1189 1624 1892 2309 2618 2995 3353 
7 102 577 820 2096 2474 2896 3482 
11 103 402 783 1166 1526 1934 2208 2532 2910 3191 3490 
7 104 470 845 1278 1603 1943 2266 
7 105 644 1067 2055 2441 2815 3181 
10 106 652 1129 1499 1908 2190 2510 3054 3331 3646 
8 107 411 798 1246 2114 2465 2793 3215 
9 108 727 1139 1475 1807 2130 2504 2965 3389 
10 109 542 1066 1289 1818 2213 2501 2860 3171 3554 
9 110 696 1121 1457 1788 2198 2509 2902 3302 
10 111 683 879 1363 1820 2134 2451 2912 3256 3569 
8 112 565 1029 1314 1691 1922 2796 3303 
10 113 723 1025 1417 1702 2084 2484 2834 3212 3515 
7 114 560 888 1200 1521 1855 3306 
9 115 743 976 1370 1621 1932 2183 2486 3416 
9 116 671 956 1307 1771 2107 2487 2911 3425 
8 117 513 1035 1549 1890 2212 3299 3584 
10 118 434 830 1223 1570 1970 2411 2846 3103 3461 
10 119 556 967 1315 1709 2174 2585 2955 3319 3631 
9 120 704 1048 1334 1620 1964 2319 2700 3045 
9 121 486 1089 1483 1781 2192 2657 3012 3394 
8 122 579 1124 1442 1967 2329 2775 3125 
9 123 479 831 1356 1942 2427 2806 3148 3520 
10 124 643 1096 1449 1729 2066 2387 2784 3151 3547 
10 125 549 1079 1383 1726 2154 2536 2927 3237 3659 
9 126 697 873 1752 2077 2433 2799 3106 3462 
9 127 741 1011 1267 1723 2071 2531 2900 3205 
9 128 451 1024 1491 1755 2221 2602 2972 3360 
8 129 525 878 1319 2194 2613 2953 3266 
10 130 621 890 1191 1516 1870 2209 2726 3099 3476 
9 131 527 852 1481 1884 2165 2599 3067 3443 
9 132 597 834 1211 1641 1995 2364 2717 3421 
11 133 481 980 1295 1577 1931 2334 2699 2984 3313 3623 
10 134 421 815 1240 1647 1917 2195 2589 3065 3487 
9 135 592 1021 1557 1842 2322 2638 2990 3374 
9 136 444 952 1478 1926 2318 2673 3061 3426 
9 137 811 1238 1606 2020 2354 2795 3160 3499 
12 138 478 806 1130 1511 1840 2148 2522 2787 2999 3308 3627 
8 139 433 812 1192 2493 2841 3114 3428 
8 140 703 1042 1460 1776 2228 2561 3086 
8 141 719 1627 2005 2353 2786 3168 3519 
10 142 482 1001 1275 1559 1997 2342 2801 3200 3549 
9 143 555 1013 1422 1923 2282 2654 3199 3668 
9 144 581 1155 1445 1757 2129 2473 2867 3246 
9 145 438 1091 1341 1670 2335 2678 3122 3553 
9 146 647 991 1444 1907 2205 2542 2883 3268 
9 147 656 1125 1485 1800 2121 2564 2917 3318 
10 148 688 1179 1458 1782 2135 2555 2963 3238 3621 
10 149 635 986 1259 1615 2151 2526 2852 3226 3610 
8 150 504 825 1182 1543 1944 2448 3297 
10 151 608 889 1324 1688 2058 2440 2816 3132 3540 
10 152 517 827 1165 1530 1939 2326 2763 3096 3390 
8 153 736 1150 1541 1983 2333 2772 3214 
8 154 406 791 1167 1560 2008 2373 2843 
10 155 580 1097 1433 1846 2189 2507 2920 3222 3574 
10 156 638 950 1425 1739 2113 2498 2938 3274 3599 
9 157 561 1052 1364 1746 2133 2681 3010 3366 
7 158 594 1074 1538 2048 2412 3239 
11 159 439 897 1212 1595 1887 2199 2512 2807 3124 3437 
7 160 673 1087 1546 2530 2908 3371 
9 161 674 1093 1446 1770 2188 2480 3116 3564 
8 162 654 895 1208 2202 2653 3005 3365 
9 163 534 935 1387 1786 2254 2688 2980 3272 
10 164 432 1050 1366 1743 2057 2408 2813 3146 3474 
6 165 773 1914 2368 2907 3372 
9 166 467 954 1367 1698 1965 2311 2645 3066 
8 167 520 835 1690 2120 2514 2967 3286 
9 168 456 1065 1359 1832 2139 2547 2973 3361 
11 169 409 824 1162 1517 1812 2184 2658 3004 3359 3673 
9 170 430 943 1852 2273 2594 2890 3255 3670 
7 171 404 768 1469 1737 2163 2528 
8 172 460 839 1263 1696 2045 2359 2968 
10 173 699 987 1386 1700 2128 2600 2861 3174 3577 
8 174 1094 1500 1858 2300 2782 3203 3481 
9 175 538 908 1611 2043 2349 2698 3039 3427 
9 176 679 910 1309 1652 2158 2535 2891 3257 
10 177 419 808 1201 1584 1952 2262 2583 3052 3387 
10 178 455 833 1318 1599 1988 2358 2710 3289 3622 
10 179 765 1142 1515 1957 2287 2716 3118 3469 3795 
8 180 1389 1728 2019 2442 2776 3156 3544 
11 181 408 979 1355 1650 1971 2269 2662 2879 3197 3506 
9 182 509 965 1333 1802 2132 2619 3142 3541 
8 183 776 1328 1582 2152 2503 2940 3391 
9 184 670 891 1193 1607 1911 2246 2668 3159 
10 185 553 924 1214 1588 1958 2271 2635 2934 3295 
9 186 610 892 1202 1556 1996 2382 2709 3512 
10 187 531 826 1245 1575 1867 2248 2696 3006 3363 
10 188 511 919 1353 1680 1893 2362 2743 3094 3439 
9 189 733 1107 1272 1643 1976 2397 2804 3070 
10 190 626 885 1335 1707 2067 2340 2666 3059 3410 
9 191 752 1112 1466 1872 2250 2567 3003 3294 
7 192 492 1783 2157 2566 2962 3312 
6 193 582 978 2303 2623 2951 
10 194 724 1102 1528 1850 2101 2435 2857 3271 3628 
10 195 618 983 1287 1622 1955 2255 2723 3101 3438 
6 196 738 969 1399 2731 3147 
10 197 655 946 1276 1683 2041 2396 2693 3037 3380 
10 198 742 1185 1497 1804 2140 2431 2895 3283 3712 
9 199 729 1038 1408 1849 2370 2800 3095 3377 
9 200 480 809 1195 1664 2074 2672 3120 3423 
8 201 468 920 1284 2160 2454 2975 3351 
10 202 541 988 1322 1665 2035 2316 2601 2933 3378 
6 203 1636 1973 2833 3128 3420 
10 204 407 816 1384 1717 2093 2457 2773 3233 3567 
10 205 426 859 1260 1741 2106 2472 2794 3154 3626 
9 206 675 998 1286 1666 2024 2391 2701 3079 
10 207 732 1126 1450 1791 2141 2419 2792 3157 3509 
6 208 713 1109 1443 1836 2214 
10 209 657 1039 1256 1592 1982 2298 2629 2966 3345 
9 210 569 912 1316 1795 2307 2664 3117 3424 
8 211 938 1254 1601 1940 2372 2759 3324 
7 212 774 1190 2170 2478 2926 3403 
10 213 464 857 1233 1571 2000 2345 2682 2997 3422 
10 214 547 861 1220 1561 2039 2383 2747 3176 3585 
7 215 563 1625 1951 2338 2730 3119 
9 216 761 1086 1468 1759 2119 2422 2862 3231 
10 217 749 1017 1298 1639 1974 2253 2622 2981 3586 
7 218 1144 1529 2369 2665 3027 3518 
7 219 595 1000 2261 2527 3019 3436 
10 220 651 1080 1390 1847 2203 2659 2929 3278 3661 
11 221 619 802 1160 1523 1838 2204 2496 2959 3218 3555 
10 222 457 1084 1373 1659 2081 2450 2848 3196 3475 
10 223 613 1060 1371 1719 2011 2330 2712 3068 3453 
9 224 684 1170 1514 1854 2305 2609 2948 3384 
10 225 508 982 1326 1815 2161 2560 2869 3275 3550 
10 226 634 874 1234 1508 1972 2257 2684 3184 3606 
8 227 678 896 1248 1619 2029 2346 3327 
10 228 461 801 1161 1510 1877 2279 2617 3029 3385 
8 229 766 1635 1975 2259 2652 2969 3429 
6 230 767 1196 1519 1962 2384 
8 231 607 1027 1865 2234 2612 3112 3467 
10 232 458 877 1213 1558 1910 2281 2632 2971 3328 
7 233 1105 2030 2375 2714 2998 3478 
10 234 584 1032 1308 1677 2033 2402 2744 3137 3579 
9 235 633 1022 1798 2109 2533 2855 3245 3604 
8 236 494 1081 1464 1946 2270 2628 3008 
9 237 469 842 1175 1492 1947 2490 2850 3309 
10 238 575 1041 1327 1703 2159 2524 2878 3183 3526 
10 239 425 1054 1430 1814 2167 2588 2865 3244 3543 
8 240 1083 1459 1851 2229 2554 2886 3217 
7 241 641 1411 2065 2356 2810 3211 
9 242 550 1098 1479 1903 2168 2556 3021 3368 
10 243 695 942 1332 1694 2073 2381 2703 3078 3449 
9 244 537 1016 1484 1813 2252 2572 3011 3329 
9 245 403 782 1147 1540 1904 2277 2695 3224 
7 246 524 1063 1352 1705 2053 3445 
9 247 693 1235 1604 2012 2332 2650 3060 3582 
9 248 489 813 1274 1695 2299 2651 3046 3525 
6 249 730 1135 2534 3025 3408 
9 250 500 821 1177 1640 2056 2414 2764 3138 
9 251 653 940 1392 1678 1993 2325 2742 3129 
9 252 466 922 1283 1751 2251 2745 3152 3452 
9 253 589 1106 1394 1816 2110 2582 3024 3347 
9 254 721 994 1470 1765 2164 2563 2875 3298 
10 255 637 899 1299 1661 2080 2351 2687 3009 3330 
10 256 551 936 1378 1810 2088 2544 2847 3134 3444 
10 257 498 870 1349 1745 2108 2453 2757 3155 3588 
9 258 705 1007 1527 1853 2173 2728 3131 3542 
8 259 750 1131 1573 1935 2288 3189 3557 
9 260 598 1077 1498 1866 2388 2778 3198 3417 
10 261 692 945 1230 1583 1901 2244 2677 3195 3527 
8 262 499 1534 1979 2392 2798 3108 3460 
9 263 496 906 1258 1748 2027 2337 2821 3100 
9 264 604 1049 1429 1730 2078 2499 2849 3260 
9 265 707 1078 1471 1835 2343 2711 3058 3334 
10 266 462 823 1203 1564 1948 2283 2738 3049 3398 
10 267 745 1003 1252 1612 1999 2446 2803 3127 3498 
9 268 664 1028 1407 1797 2147 2516 3043 3457 
7 269 712 1236 1610 2182 2669 3399 
9 270 552 828 1343 1760 2098 2511 2916 3352 
9 271 667 970 1323 1648 2003 2481 2957 3277 
10 272 557 927 1224 1532 1826 2142 2494 2954 3537 
9 273 483 930 1204 1686 1924 2306 2788 3221 
9 274 507 971 1269 1919 2409 2824 3136 3497 
10 275 573 993 1288 1590 2089 2469 2950 3250 3597 
10 276 452 858 1188 1434 1761 2105 2470 2873 3280 
6 277 649 1064 1456 1787 2191 
8 278 609 1137 1537 1930 2361 2751 3568 
10 279 424 999 1391 1718 2100 2558 2897 3223 3562 
10 280 485 817 1228 1773 2059 2434 2752 3201 3464 
9 281 586 977 1486 1775 2240 2722 3023 3545 
10 282 515 911 1249 1581 1885 2302 2702 3130 3451 
8 283 529 853 1159 2439 2771 3121 3472 
9 284 665 856 1414 1754 2087 2464 2871 3253 
8 285 631 929 1291 1656 2068 2357 2740 
10 286 445 917 1187 1520 1827 2104 2518 2923 3442 
6 287 734 1143 1920 2323 2758 
10 288 471 898 1406 1734 2095 2437 2761 3141 3479 
10 289 441 849 1380 1681 2031 2508 2808 3188 3658 
7 290 535 989 1325 1833 2292 2578 
9 291 676 903 1227 1565 2032 2462 2817 3135 
8 292 477 1037 1658 2042 2429 2739 3149 
8 293 571 1023 1977 2416 2856 3169 3587 
8 294 497 972 1381 2371 2768 3107 3463 
10 295 490 925 1210 1548 1841 2166 2797 3166 3573 
11 296 448 796 1158 1482 1799 2226 2570 2864 3165 3558 
10 297 735 1008 1338 1630 1937 2313 2565 2919 3292 
10 298 615 1053 1377 1829 2223 2627 2991 3339 3666 
9 299 612 948 1439 1921 2366 2655 3031 3485 
10 300 436 819 1300 1725 1954 2360 2667 3028 3634 
6 301 780 1219 1626 2729 3143 
10 302 566 951 1428 1774 2097 2417 2769 3162 3561 
10 303 701 866 1304 1669 2010 2304 2557 2982 3418 
9 304 559 867 1488 1794 2278 2616 2913 3440 
10 305 763 1149 1525 1857 2249 2648 2943 3279 3593 
7 306 1578 1864 2286 2596 2937 3413 
7 307 599 904 1397 1817 3085 3458 
11 308 503 887 1265 1653 1968 2232 2625 3040 3379 3664 
9 309 447 787 1164 1545 2390 2691 3013 3459 
9 310 1117 1402 1663 2155 2521 2870 3240 3572 
8 311 1221 1586 1966 2276 2647 2996 3337 
9 312 680 1132 1533 2040 2385 2737 3081 3455 
10 313 764 1145 1435 1899 2230 2595 2903 3273 3677 
7 314 681 1055 1369 1684 1991 2445 
10 315 516 1019 1336 1623 2069 2407 2835 3213 3531 
10 316 442 862 1225 1655 2007 2403 2690 3044 3468 
10 317 715 1043 1312 1597 1891 2327 2721 2979 3342 
9 318 756 1104 1432 1861 2317 2661 3017 3494 
10 319 640 1026 1467 1824 2210 2515 2853 3098 3505 
10 320 686 1047 1438 1714 2018 2352 2571 2925 3234 
9 321 521 822 1313 1697 2083 2456 2830 3209 
9 322 677 902 1396 1784 2091 2466 2880 3232 
10 323 760 1180 1591 1927 2267 2607 2918 3178 3617 
9 324 717 1062 1440 1793 2211 2603 2922 3344 
11 325 491 804 1197 1476 1766 2115 2455 2791 3113 3480 
9 326 578 1120 1362 1805 2196 2637 3048 3382 
10 327 720 964 1255 1542 1902 2264 2679 3042 3396 
9 328 645 1058 1524 1985 2339 2719 3015 3350 
8 329 617 854 1257 1638 1961 2336 2718 
10 330 629 937 1294 1685 2125 2580 2988 3307 3691 
10 331 493 955 1268 1614 1862 2219 2611 2992 3316 
10 332 714 1082 1436 1762 2082 2348 2755 3170 3513 
9 333 526 928 1232 1563 2477 2837 3097 3415 
7 334 661 961 1297 1758 2143 2581 
10 335 505 914 1250 1568 2022 2315 2704 3072 3538 
10 336 694 944 1301 1662 2021 2389 2734 3092 3548 
10 337 658 863 1262 1672 2001 2341 2630 3115 3401 
9 338 601 1128 1503 1848 2225 2569 2960 3290 
10 339 740 1073 1385 1831 2137 2424 2746 3051 3466 
9 340 716 996 1354 1806 2291 2762 3219 3616 
8 341 585 843 1183 1539 1909 2265 3111 
9 342 532 1069 1393 1830 2222 2575 2983 3354 
11 343 431 794 1141 1461 1869 2243 2644 2945 3251 3570 
10 344 663 838 1242 1547 1876 2171 2705 3053 3376 
10 345 412 901 1243 1617 1894 2355 2646 2889 3322 
5 346 726 1153 1555 2733 
10 347 429 807 1374 1600 1969 2452 2785 3173 3493 
9 348 646 894 1513 2037 2413 2863 3080 3414 
9 349 519 784 1345 1572 1844 2947 3241 3535 
10 350 793 1110 1418 1720 2117 2468 2753 3087 3402 
6 351 751 992 1398 1676 2176 
9 352 731 1061 1859 2260 2614 2946 3236 3657 
8 353 666 1544 1868 2284 2715 3177 3546 
10 354 739 907 1375 1651 2131 2574 2993 3332 3652 
10 355 422 915 1279 1646 2025 2489 2877 3186 3495 
9 356 744 1070 1431 1960 2294 2676 3020 3456 
9 357 410 779 1118 1580 1886 2215 2593 3179 
10 358 596 864 1368 1711 2028 2344 2642 3182 3500 
10 359 405 797 1169 1536 1980 2320 2670 3038 3355 
8 360 625 1072 1404 1712 2061 2461 3002 
9 361 706 1031 1346 1763 2367 2633 2989 3450 
9 362 788 1372 1629 2047 2410 2854 3270 3596 
10 363 660 884 1427 1936 2363 2713 3057 3357 3683 
8 364 1216 1598 1915 2237 2685 3036 3386 
9 365 564 1088 1585 2006 2393 2725 3063 3430 
11 366 427 814 1247 1594 1860 2275 2587 2974 3311 3656 
8 367 772 1152 1493 1873 2216 2640 2977 
7 368 1184 1501 1767 2034 2436 2851 
10 369 632 939 1217 1579 1950 2217 2624 2987 3323 
9 370 428 963 1306 1708 2038 2404 2836 3340 
10 371 623 837 1329 1618 2004 2488 2874 3153 3483 
10 372 536 957 1365 1819 2220 2559 2881 3164 3532 
10 373 591 855 1215 1522 1837 2256 2634 3007 3383 
9 374 510 1009 1382 1744 2295 2692 2949 3333 
10 375 753 1092 1410 1738 2086 2380 2765 3185 3630 
7 376 501 876 1344 2497 2819 3315 
8 377 702 1140 1913 2379 2697 3090 3434 
10 378 530 832 1222 1574 1941 2293 2626 2899 3248 
10 379 771 1108 1507 1801 2193 2443 2818 3123 3486 
10 380 420 818 1176 1609 1963 2314 2732 3032 3346 
9 381 710 1085 1473 1959 2463 3000 3317 3713 
9 382 748 1136 1474 1918 2331 2790 3192 3522 
7 383 465 918 1321 1742 2085 2418 
9 384 829 1251 1567 1879 2444 2914 3263 3592 
9 385 484 931 1305 1649 2090 2401 2844 3356 
6 386 476 1881 2227 2620 3508 
9 387 685 1045 1347 1750 2123 2586 2915 3300 
8 388 790 1151 1452 1883 2187 2537 2986 
7 389 785 1163 1587 1882 2415 2760 
9 390 450 984 1566 1945 2280 2597 2906 3210 
9 391 522 865 1241 1602 2026 2506 2811 3262 
9 392 593 933 1494 1834 2102 2476 3035 3441 
10 393 614 985 1420 1724 2016 2447 2822 3187 3431 
9 394 414 869 1253 1671 2044 2394 2779 3145 
9 395 554 846 1296 1667 2015 2888 3287 3609 
7 396 400 875 1339 2649 3073 3404 
11 397 440 871 1302 1593 1912 2206 2579 2904 3163 3565 
10 398 514 851 1209 1569 1994 2290 2777 3194 3566 
9 399 474 1113 1633 2064 2378 2823 3158 3636 
