21 2735 1335 6663 4143 6916 6228 5868 1866 741 6658 7114 2718 5284 3242 6153 7992 5057 611 4490 7953 6487 
30 6689 6466 3549 8962 7109 8274 9180 4643 715 1407 1248 6163 6932 3811 9611 6764 7788 7651 3570 5427 1395 8966 6104 2933 3198 995 5138 5545 6505 3984 
30 3090 7429 7499 5716 7401 622 4214 1066 1273 271 4693 3170 1803 7483 1885 7449 2903 5850 5951 9342 8972 8900 3492 6968 8684 3899 5230 5499 8375 6675 
11 1209 7928 4307 6381 9563 7028 9052 2784 3608 5352 7773 
23 5018 8878 580 7846 9190 5006 823 6475 6662 2314 2368 3086 2088 2394 7566 9793 8036 1425 603 3558 5842 1452 6690 
18 9313 2356 4637 2559 585 5424 2313 7455 1353 9670 864 1651 1421 8088 8397 7304 4817 8046 
15 2519 7957 474 4842 1560 7329 8728 4546 6558 318 313 3936 7813 9921 4614 
26 549 6541 1724 7862 3119 6669 7014 4406 5042 7849 5180 1182 4629 4898 974 1152 2493 3642 3587 9296 4745 5889 9067 390 6991 3286 
22 4525 8773 7940 6352 1967 9043 1501 1448 614 7396 6431 1011 312 3244 3609 1824 7744 7261 9756 1064 2704 1619 
19 5934 4618 8758 3430 7709 1530 7226 7019 4656 7103 6580 1686 5156 5511 3116 9754 9919 3234 6610 
19 4679 1949 3565 1693 9353 9246 709 2076 6426 3865 847 3507 2693 1435 4961 9911 8634 1445 5573 
39 88 5497 187 6198 4058 7929 6199 7140 6493 8406 6849 5034 113 1838 7379 4965 4714 1531 4343 4357 4009 6674 2279 7385 1780 4582 94 7974 8153 420 3125 9467 8626 5364 759 6461 4350 1360 4732 
25 2465 3307 2135 5769 6039 7926 8228 2808 2438 683 9408 2495 434 6146 613 9798 8132 5897 3681 4473 9850 1404 1576 2457 2253 
34 519 1776 8950 8489 5304 567 2917 2695 9402 7471 3294 9951 3249 2904 3029 7282 8189 607 3215 7043 1561 6251 7653 5416 9524 2825 1936 31 2007 3185 4760 6944 2318 1653 
25 4309 9325 7965 2432 9679 8520 8086 8459 7398 3067 961 6418 3368 6454 4016 6425 1735 364 9750 1262 3792 3884 707 4023 4865 
7 5970 672 6031 7097 1817 4476 2563 
20 4839 6277 1543 677 6695 3743 606 3607 8204 489 7108 7113 4853 2541 8753 5410 3665 8818 7335 3237 
36 5324 713 2986 7799 6724 2944 9636 493 4815 2320 2061 6480 8237 4930 5582 7718 6733 8498 9318 3247 2400 8905 3186 7022 5916 123 1419 4780 3956 4993 7219 2628 1156 3975 2227 859 
22 719 1977 6956 2635 2738 7643 5619 9130 2769 3305 4211 541 1218 2923 5804 2732 5832 2851 6520 556 2070 9451 
18 423 4008 2720 1135 9231 2654 8051 4454 6267 6773 1877 54 2361 1662 587 1809 6191 4310 
31 5335 8175 5445 2247 3555 9291 2316 3276 7993 6740 5377 3193 6793 2109 3352 8909 6306 8961 4581 2705 281 2650 8242 7473 1990 1035 1375 7136 3115 9865 7834 
45 4758 3817 2576 2941 5299 3371 4687 1113 3168 4635 4387 1013 166 7840 7665 1365 9132 7883 9799 3462 6987 4888 6605 5329 2033 9103 1383 7939 3594 4773 3506 8476 4738 6933 1144 1379 2579 7338 4116 9918 8443 3871 4185 6533 7855 
23 3580 8102 3655 8731 6877 1489 9267 9890 6786 3138 8637 8715 3291 1416 2966 2534 2046 299 8790 1258 3730 994 7649 
25 6252 984 3697 9556 326 8224 8486 4123 3315 3829 3613 6429 8533 4188 8621 9074 8109 3165 6760 9257 8048 6158 8908 562 4568 
22 1867 9675 8395 920 4742 6780 157 9207 7889 5237 6952 3575 2975 4056 4428 6327 7347 2486 3809 3310 5629 9196 
10 6822 7070 8840 8420 5649 3475 1860 5457 1048 1339 
8 1178 1111 9604 4958 9487 9920 5885 6544 
14 3055 8477 9121 1411 6801 1 5459 7059 8199 7722 5190 5438 6693 3931 
10 8890 9579 6363 3604 3766 8971 7184 3020 6349 7214 
33 6002 4855 4059 5300 9550 3468 8324 596 1369 4327 8030 6446 2118 9874 5039 6000 8624 4400 2719 5552 4299 3980 8360 426 5482 5607 4118 4492 559 9290 1730 2487 9404 
15 8292 9449 2031 7435 2036 1352 5779 7466 4937 881 947 7195 7262 2990 6591 
37 7475 5086 1315 268 9084 6654 2774 8736 7088 7561 5971 3554 69 9684 9195 9923 2810 4639 6925 2882 3117 3075 5389 7397 1786 3684 4612 7897 2097 2655 8240 2879 2002 5784 5454 79 1086 
19 5235 3988 5341 3692 6815 9733 8559 3471 9852 726 4071 1524 9633 5054 9345 9845 3770 2324 1880 
43 9409 2883 7956 117 5161 8509 3025 9685 6656 9820 2942 4537 6473 8823 3512 3149 8796 1587 2640 2771 817 4749 8536 4828 1834 4371 6235 754 9389 4403 2909 8349 9618 3387 3081 3504 171 9308 5937 8503 9025 3107 1226 
25 2920 2015 211 5426 2388 5875 5514 601 5373 4032 3962 9428 1959 262 573 2945 953 2149 7785 5595 5010 7878 8137 7393 5790 
38 4094 1097 5860 273 769 3167 8564 6044 789 7314 1640 8902 951 4384 3354 9089 2745 4787 8440 5556 714 3231 2274 7082 7532 2269 9509 2494 3423 6007 1403 2211 4778 4916 3440 910 1740 9088 
18 3629 1305 8670 3767 7003 8248 6050 5030 644 3019 1906 1643 9568 6177 2868 7603 4192 5127 
24 9752 3869 311 5954 3451 4497 6741 6034 4064 4871 9187 8244 6460 3915 8554 2150 3977 4997 2932 5918 3155 9041 1744 4321 
40 6670 29 3444 700 7064 4346 6783 9020 3546 9003 5060 9935 1970 9503 6450 8713 7574 141 640 1913 4150 9322 8749 1217 7697 2311 2156 5542 647 2943 3087 7826 7388 783 9168 8613 7978 9024 7358 8770 
43 1757 7952 3030 6767 6901 6900 7186 8739 109 6420 4003 7434 1843 4882 5698 1655 3403 9357 8026 8574 8419 6728 6436 4634 3981 4942 1886 7735 9822 4152 4265 8013 4382 4917 6423 4151 132 6592 7803 2666 4165 8276 5953 
26 5440 6961 2008 4788 1227 658 9864 3338 8323 7546 3261 8871 3846 4638 7662 6830 2860 798 3911 6136 8221 6761 8716 3679 8001 729 
20 9514 222 2571 8675 4601 3321 3774 5570 2844 8427 9443 858 3106 7290 648 6242 8311 4277 6997 2210 
27 563 8973 560 4481 2187 6357 782 6283 8416 6905 4119 933 5155 5062 9518 878 6775 5786 971 3000 4971 4963 4077 1333 7382 2816 3388 
16 7657 4494 4894 7227 7671 8810 6230 5623 4697 3383 5119 8884 8269 2862 7371 1247 
22 8708 4435 9619 9626 8698 9698 3564 9305 7141 2788 7864 457 7373 4233 950 5858 8610 9159 9381 6274 7298 2346 
32 9847 9283 9581 2327 3457 6843 666 2184 9018 1443 2335 3079 1982 670 9039 8366 8525 1171 4459 2139 8140 6759 8907 3098 9307 5775 8925 9432 1881 6074 2878 9811 
12 9913 502 846 1634 267 2831 5267 3439 3760 6644 2030 9849 
33 9976 1105 5756 5678 6380 9628 2075 3773 7812 777 9062 8937 397 6996 9547 1165 5249 1714 7121 3725 4215 4498 8579 1611 8441 1249 2035 5274 3026 7416 1892 4315 9387 
6 4078 8342 7716 8231 8969 6960 
27 8310 9888 1005 9979 957 5693 5027 1323 3176 6263 5425 8426 4493 8421 4398 989 2898 7679 1325 40 3992 5908 1541 7590 3331 8336 3341 
24 303 7040 8703 4495 8179 1414 7687 5381 1625 3358 8394 4517 5544 1878 9794 1726 1909 2363 8337 391 840 6246 6492 1136 
27 1138 7399 3281 7911 4536 1438 2838 4583 8277 873 3292 5532 4092 7411 454 3206 7593 7027 21 5011 1173 9271 6943 6365 265 1718 3274 
21 7013 8345 85 8560 4893 3290 7351 2875 5372 7294 4210 4191 1107 2692 294 6514 8726 7723 3097 5798 8012 
28 9707 9216 3855 7229 6269 734 1879 9996 9144 9965 248 2982 9171 6529 8915 4274 6164 5562 3330 5450 221 7202 3595 2188 7374 4402 8080 3064 
14 7861 372 3103 2912 3253 1888 8484 3239 1406 5598 8104 4112 9927 5891 
28 5192 7913 5359 849 6927 3531 2333 6279 9980 7770 3754 4566 112 3351 7498 4082 3187 446 7480 2223 7378 307 4611 9668 4252 5390 1887 4383 
26 7463 3578 5679 5913 8981 2192 4584 1289 7354 6709 8738 6443 4110 9727 6640 1049 8358 534 6992 3484 4925 5597 3562 8744 8163 4186 
16 3696 9109 5491 8843 720 2011 5385 9872 518 6036 2308 9099 7100 5195 1574 9910 
26 4377 8518 2949 4379 6633 6456 7129 9463 4255 6851 4421 3420 4807 1023 7291 9040 2533 8095 4983 5883 1680 2820 4577 3545 2508 7509 
10 6412 1040 7468 3246 4994 9301 4691 955 4242 4662 
27 3442 6831 2020 7640 554 4066 3311 4648 3409 7585 9925 7153 6174 9399 1366 3434 5470 690 7702 3480 472 1822 263 2659 7008 2090 1507 
18 6403 208 4101 7512 7684 6397 6432 4600 4542 7517 366 927 4755 5302 8552 3576 8152 9484 
12 3156 7119 7293 5902 5387 8262 5245 8786 7810 4720 9680 3202 
5 2384 7194 7832 2740 5059 
24 9393 24 3693 19 7020 7346 5250 7065 5317 6416 7012 2085 6948 2636 6791 5834 652 9059 9438 7221 163 8891 1542 3035 
23 1515 8640 4098 9523 3667 6139 8965 9392 5097 1622 2841 4800 1904 4640 6528 9739 3243 4000 9600 4922 7964 5125 2138 
38 1992 297 5402 9411 2603 5881 1269 9011 2731 8681 9158 7386 3802 7209 6615 2375 9222 6179 3799 1523 7148 2997 4280 1670 7817 5019 7886 5420 5987 2175 1056 630 6545 4332 5974 8942 5973 4047 
20 6807 3654 5384 2189 8475 6495 2047 9279 149 1116 3273 9434 5741 8633 1698 8267 6606 6715 7489 4095 
35 375 6160 5343 3005 6607 4575 209 1794 5182 2523 8785 2817 3818 8629 1260 2589 4087 3661 3939 7551 6156 7786 7096 6683 4564 9500 1164 6995 107 7667 1663 5647 6500 6569 9215 
36 8329 84 6424 8587 190 9473 8783 8020 6649 739 8029 977 1835 2857 1564 2969 9284 1934 4628 2059 5268 2086 6727 3074 6270 4674 7797 2201 1712 7170 5960 5048 7673 4978 9726 5575 
21 9140 1528 1563 3325 6818 3906 8111 7139 1606 331 1788 4272 6934 5339 7955 2287 1290 1958 2252 4841 8877 
17 6706 445 4090 61 9901 6404 9137 2123 2026 9640 3990 1399 4811 9115 5408 6964 4538 
15 5717 6965 3008 7711 1192 9021 1548 4509 1187 831 9391 7615 4338 4683 2038 
10 768 1773 7116 2278 2736 6521 8461 9277 4779 9311 
21 2869 4829 5815 8743 8767 740 4591 3277 6386 8288 217 8097 264 4174 1484 5549 9719 3922 2606 70 4041 
9 6115 1833 1664 5222 2507 8302 7210 8967 7376 
17 568 1993 4644 7534 3073 6744 3536 5687 8500 7238 8861 3180 3140 6917 2376 4319 480 
16 55 1978 3647 5475 1292 547 6077 5326 3703 1720 3762 5524 5493 8913 4374 9005 
22 4948 8458 1024 513 6634 1326 3038 6068 8521 3532 5777 5743 7075 1706 5661 8424 2873 3781 7395 9203 1254 8789 
3 5406 2418 7678 
6 583 8184 2128 4347 7316 6190 
14 6321 6378 1926 6886 3195 5677 6315 2404 7767 7904 8802 185 5707 1216 
23 7877 2429 6912 2132 1179 3062 2557 9657 9490 5240 4074 5909 129 1851 2202 8197 4766 7989 579 1952 7611 1377 5110 
11 8578 2480 9341 6567 6548 3300 2552 7842 2978 9181 5979 
24 610 2828 3245 9090 7319 8586 4223 2928 1186 1797 1100 6809 7562 7081 6238 7359 7995 9223 4052 3488 1408 4695 325 1134 
16 7318 8213 6502 8787 477 5727 4706 3601 5808 245 8573 1674 8346 4794 2570 2573 
13 4586 3333 6745 4017 5553 9732 450 7781 7450 3503 6632 5144 418 
27 6694 3049 9347 1384 696 1973 3534 2667 8616 4250 2994 528 1941 4701 1919 6355 2127 9955 6895 5731 9942 6045 3369 6701 9119 44 2170 
15 219 2176 6154 5789 1753 1291 7216 6194 8781 6899 4753 5175 9599 5896 8607 
29 1815 3410 5227 3918 1609 3236 8209 8435 874 6029 2717 2330 1203 3428 3433 4144 3299 220 1615 5401 5257 7038 2953 868 5414 4308 5331 6869 2993 
29 8271 7188 4475 5818 3579 5358 1734 5990 8157 9815 9804 4673 4376 1580 4352 8998 115 5966 6144 3132 6516 148 451 6278 4812 4757 5599 3402 7111 
28 6361 2531 1447 3826 6884 6200 7196 6630 8079 4944 9949 5941 9889 2057 7062 7006 3894 2093 6707 2340 8218 8478 9034 3350 7305 8340 3028 8572 
13 6913 4984 4885 2742 1689 2791 7102 7787 5748 8306 932 7624 4005 
28 394 1194 6189 4867 7631 1792 8989 6647 9702 9105 5031 255 4433 2768 2004 9017 2753 2872 5625 226 4567 2730 5149 5778 2595 9960 1722 3172 
16 1332 4877 3147 3986 1914 2473 6679 8245 1322 2310 2373 7348 1661 5874 7485 4022 
9 2296 9405 8425 6123 9452 7948 5653 1478 9885 
18 1883 8149 5213 5948 3208 6110 1251 7117 730 8370 448 3830 146 9819 2250 9297 993 7110 
9 6794 3257 5480 362 2488 9253 257 2491 3857 
7 3708 3750 3124 5451 8268 3648 4471 
10 8227 1582 7981 304 9145 401 6911 1614 5587 1868 
25 9046 8158 4414 1874 2209 514 4543 9789 1275 4549 3896 6530 8357 363 2469 5229 4974 6341 6010 6539 2961 3048 1380 6258 9829 
14 3527 1605 4781 2536 7357 7325 712 6464 5095 7402 3819 9759 3631 5179 
33 9166 1170 3596 9985 2881 5089 6206 4405 6825 799 4114 2281 2323 2341 1819 7819 6083 1781 9783 4030 8061 5924 270 3348 5740 5203 6330 7954 5051 7123 710 3224 8594 
17 4873 2297 6910 8918 6856 592 5350 7497 576 3801 9624 3728 1849 4339 5157 2492 9488 
12 8630 1492 5991 8598 8457 5630 6691 1798 8866 6614 6441 1691 
15 5218 2424 7891 2605 150 2973 1550 1518 3557 2896 3782 3258 8952 5140 8253 
26 1228 8932 1630 4437 9544 5654 1804 7230 9562 4410 5500 7686 3414 4035 2077 8772 6962 4202 8597 1840 9884 4832 3173 4660 4019 8824 
25 6485 9406 2714 1637 4170 6159 4467 8493 8807 7907 8689 4251 8778 520 4621 1446 3832 4457 1552 9862 165 3240 5753 7044 2326 
9 5615 2233 945 3424 8848 2782 6536 168 5982 
38 3540 7553 5487 9768 4164 5017 8434 8085 6338 1508 4154 9075 4404 2422 6584 8504 74 8534 5694 2065 8539 9821 2137 2560 4486 6130 8997 1131 1623 9212 2968 5977 5439 9454 3275 4348 5449 3110 
13 1784 3197 2512 2915 206 482 3148 5955 4624 2660 6285 144 2130 
22 1512 2748 6752 4208 2079 2293 4980 9045 8219 7323 9282 9483 788 4631 6700 3002 12 8141 6358 3184 5788 5865 
21 2166 4959 6457 3651 3329 3891 7557 7355 589 7932 5763 8064 1085 9414 7983 1704 3978 9323 9875 5718 5961 
37 7612 7320 9128 8021 9559 2426 1588 6340 8187 2482 9262 2967 617 2754 867 3753 9496 7587 3449 8511 5068 9553 8992 6006 3344 1895 9162 4067 6510 8369 1894 7303 6295 8100 327 3525 2814 
33 8557 2641 7287 4511 6455 4848 3375 2690 1430 39 3496 4024 5004 3447 946 814 2396 9762 7339 500 5863 9423 3309 804 2823 8569 3633 2806 6993 5588 8098 5244 632 
16 9649 2357 6377 8819 2365 6860 4726 3322 4864 8305 1487 7350 4570 8523 6302 3069 
22 7156 6150 8784 825 7870 5732 9666 3196 8530 2434 1494 4195 5158 6907 8348 174 8235 5419 1858 9614 9993 4268 
21 8290 2147 9104 7465 3680 3334 2787 1644 6648 7876 9836 369 2504 214 5484 1850 139 5590 6140 2811 835 
20 8024 9974 6924 9691 1002 3685 9837 4470 7933 5992 9533 6951 3526 9124 7423 2807 6207 2133 7524 2408 
20 8711 9232 4939 816 9734 3150 4043 7187 684 1092 1028 8234 6214 1462 7052 4795 7163 8638 8939 3969 
16 6135 7198 8449 5049 8254 9492 5699 9610 7683 4605 9926 3930 6333 4163 4587 8303 
33 1372 699 902 4260 8462 7224 5626 6503 3263 3477 7248 47 6360 3947 6806 46 11 2513 3946 7627 4746 959 5078 1748 1486 8723 5176 7800 879 7069 1829 7251 9069 
17 3640 8699 7180 6168 6053 8614 4940 1324 35 5662 7762 3597 6181 5864 7236 4626 9251 
22 6329 5113 6747 5332 2439 3163 2144 7099 7921 4849 8887 5099 3568 7547 2733 4946 7095 3926 4926 4157 5423 5348 
39 2538 9191 1984 3951 5510 1852 9602 8447 3490 7792 2470 2642 965 3181 6930 2842 9474 4351 152 7538 4237 2796 8567 5468 695 5118 9455 5946 5912 7514 3886 2064 1898 7315 8363 8222 4393 142 3458 
22 8055 7704 8774 1955 3866 277 7637 5535 4285 3566 9647 1110 7730 7479 6272 6757 1911 1166 286 2319 7972 7713 
27 3758 6304 5112 5771 3779 9830 5507 2981 4532 3974 1297 1846 1281 6680 2160 4936 2749 9491 3001 8206 1812 8174 7946 9971 5046 7996 5836 
14 627 328 3024 2681 7804 7854 8946 4363 7917 5198 3080 9786 1939 7049 
31 1593 2899 892 2963 1030 128 9274 442 6208 8991 3839 7638 3169 3752 865 1513 1787 361 4442 4342 5873 1157 8837 7419 229 1093 2540 5398 8044 8123 4501 
7 8376 1090 5721 3833 5917 5263 4027 
21 2006 2143 2511 1010 6879 8821 7167 9218 9958 8927 8752 9667 4508 5469 5065 973 1091 4731 4540 6348 5592 
24 2436 9412 9595 41 4080 4666 9944 9100 8791 6985 1676 8160 4278 1121 2916 495 9489 5463 7 2725 750 8895 8893 6300 
29 6735 2198 8073 4836 2343 5957 3761 6366 4856 4985 5133 9945 3602 63 9001 2218 4565 9032 2197 6065 5098 4261 7264 2450 6080 3664 9309 8874 8543 
10 842 3160 5856 368 5382 28 6224 7368 9863 7909 
12 7575 9366 8592 8944 2965 4972 8704 2226 3797 5072 9781 9448 
33 5572 5466 481 2711 5887 1252 5285 135 5656 529 7737 7211 716 544 2362 3317 3345 9482 9225 1762 5681 8656 508 5000 6301 9331 4928 2936 7688 6226 4484 1456 5848 
18 7104 7677 4194 7779 6319 694 5102 8565 8172 8068 3312 9609 4203 4378 5150 2697 3559 4783 
10 400 2957 3603 428 476 3848 8558 3971 4178 1207 
7 5393 1778 6904 5862 1163 5513 9525 
15 7451 5744 1697 4011 9848 2433 4747 49 642 2301 7869 5311 398 7476 8980 
17 3384 8792 854 3849 1873 9186 9708 8467 9606 7639 4425 787 124 3715 2728 3688 8147 
29 8566 1363 4935 199 6711 7994 4088 6280 1460 1415 645 9177 8988 2037 2565 3470 1235 8110 1682 134 6586 3013 5750 3254 1696 8777 4303 8606 9499 
10 2106 499 6066 3213 7474 261 8669 235 4892 6090 
18 315 6804 6307 5996 5710 1054 5295 4029 2105 6698 7135 4245 1197 5674 3443 8105 22 492 
23 1635 4455 608 3381 2977 7168 1259 3897 7447 2367 4380 3285 2267 1467 5791 3995 7753 1961 1966 4446 2770 1210 758 
8 9851 7428 9459 5531 9259 5474 4298 7441 
29 3104 1869 5554 7927 498 9751 1346 6523 2453 3461 5351 3370 2246 6581 2715 3379 4397 7914 8052 5660 7426 7336 1848 404 2980 7051 7918 4641 9999 
20 5746 9306 6875 718 1177 8035 2304 2984 494 2835 9785 4595 8687 6043 1331 7543 972 7047 4438 4301 
24 3459 4084 8464 7174 7494 5347 8353 1222 1232 1504 1436 8004 2173 9539 3145 9471 7706 538 1274 9840 7089 3012 1708 5273 
11 9087 5517 6192 5983 101 5936 6057 651 8641 1805 5688 
13 2520 3572 4661 2626 6756 1206 7924 8428 1603 7809 5272 6889 1594 
33 8979 7768 9744 3050 2497 9738 4099 2505 9012 659 5540 3657 9141 4456 6488 6716 9444 9101 9866 3521 4263 205 1036 7302 5671 6524 3063 6351 6651 5811 8070 9354 6494 
39 4200 9401 9813 8309 6004 9806 4502 266 2352 3066 64 2781 3493 9871 4062 595 1233 3031 1876 9694 8673 3474 3701 6589 2406 9991 1719 3592 1916 836 5669 1476 2456 1185 7024 1575 2880 3713 3346 
13 6155 9869 6474 4717 7071 5534 1329 5956 5271 2484 8362 2757 7482 
10 3976 8892 6409 3114 5829 6316 3194 9954 9569 7105 
17 9495 3910 1208 2186 4326 7852 9964 9571 5793 359 8356 8139 9764 6390 7714 9211 9956 
29 6239 2074 6128 9654 2140 2235 1355 5766 1250 4920 9457 3940 509 4224 8058 6619 5768 1854 350 5643 4831 7408 3864 7844 532 6999 7404 8091 4129 
29 661 1142 3396 2305 4558 4686 8155 7558 5724 2921 843 5642 7274 9230 6868 3635 5986 6588 781 2427 3419 4859 4488 6959 790 8352 4311 9661 2618 
27 2230 4910 212 9735 7692 1565 5593 3905 7301 5041 1882 81 6385 8003 5421 7326 2871 8977 4212 7652 6673 2637 2908 1938 6955 4133 9312 
11 8548 9316 3786 5189 615 3614 17 6289 8811 1298 7147 
28 8978 4630 2780 5712 4953 5214 9947 2927 9065 66 4677 1433 7732 9302 9419 7971 6372 5980 3431 5609 8714 1296 3563 5926 3349 5130 9117 8499 
18 8203 9469 409 9030 3842 95 3047 1386 1272 2937 8506 5695 6593 8780 8661 1320 6129 3491 
18 4184 6410 5621 3938 5799 8040 5088 9424 1685 7847 7197 1255 3645 6413 5135 7802 2960 6517 
27 5890 5636 1830 3816 4507 9199 8338 507 7691 1081 1937 8481 5610 1747 8039 4012 9989 4505 5594 3624 7431 5354 8151 6509 8251 1277 9334 
32 200 2566 8588 6984 7337 7442 2930 7162 767 2760 4768 916 7749 6726 5002 7805 9688 8846 9086 5277 5346 5321 2344 747 888 705 1454 1195 3860 2785 2276 5538 
31 3989 1267 7867 9071 2207 3502 8631 3623 7176 5892 6089 8307 5999 5584 7944 5036 4578 3674 9591 4809 815 7500 3356 9076 9193 4813 5047 6918 9753 9146 3517 
29 530 9627 3129 839 5888 5920 3022 1223 254 2291 9972 4636 5452 5708 8550 9597 7729 9883 8387 7160 4176 4513 8755 2334 4908 7591 393 6339 9472 
31 9320 8328 2649 6058 3585 7663 3721 1994 8037 8951 3205 7712 671 5519 6056 3141 122 9902 7275 9699 5496 5353 2582 2155 3787 8508 983 1758 9854 3863 8350 
33 5369 9805 8198 5205 5663 3191 9769 9179 6399 1509 5764 2355 7513 7682 6880 6231 6240 5952 4478 4201 8399 1468 2743 6723 2929 4179 9351 7950 8880 7283 4671 8278 7042 
8 4833 1995 6003 1628 8940 3539 7391 2055 
29 4196 9385 1908 417 5516 2455 8101 6832 7208 4227 1417 9912 30 4658 3222 7271 8976 8359 9588 7106 9541 3256 6310 6986 5659 6444 4040 4678 5841 
20 7406 3510 6836 4703 5686 7152 895 6261 1143 6980 8822 6720 8894 6954 9898 6250 1115 7968 1306 5443 
13 8832 3017 2425 2212 8108 7076 7979 7053 8124 3670 6624 4075 9049 
21 2401 8351 7086 3783 3840 7464 5103 7734 9221 7469 6014 3010 6368 2625 6294 1312 2890 2594 1301 1293 2853 
25 9255 7975 9382 7934 2464 4050 7636 292 2686 1660 8617 8159 2174 8691 8446 7446 7394 4852 5919 7280 1991 5033 1347 6687 7623 
11 3362 5417 7750 808 5168 9880 6829 3917 201 4313 1626 
26 3092 3821 4228 2112 6703 9833 6173 8864 7633 3949 7205 517 4915 6478 7340 8318 8405 2191 4998 5202 7138 757 8797 9771 9782 7783 
33 697 7648 1527 7572 4826 1201 7372 100 3199 6125 6305 6331 2052 6094 5008 8601 8855 2856 1743 3895 2034 5327 1089 940 6935 7083 4518 2259 8501 7112 3858 4354 1473 
9 4109 6202 4733 6749 4115 6652 6186 853 4887 
26 3068 6245 9002 6903 9981 3663 8546 6462 3714 4244 7698 5422 2309 125 4025 2646 5165 2063 581 4977 432 7241 9937 7708 7681 635 
14 6296 5282 2382 7628 5620 9209 5344 2288 4337 869 8717 3644 3033 2658 
19 2657 4048 7630 2596 6622 7130 1237 7331 1265 1385 3301 7997 7310 3928 7820 7606 8685 1801 8850 
25 3188 3991 8207 8128 8173 7193 6255 7239 1071 2386 3085 9542 5506 7352 9715 4547 6106 6396 8658 6448 108 7836 6616 5460 2824 
24 2539 5120 439 5477 7085 9795 7668 3795 2119 4806 5995 3393 9810 2959 8576 826 9941 4762 386 238 4316 7454 558 2620 
28 9543 1200 8835 2056 7884 8795 2126 6597 4824 1768 9767 3963 2041 260 4440 6422 8916 7531 4503 8304 3472 351 7031 6666 8561 8722 7181 182 
28 6765 4207 5602 2999 2518 4990 7874 120 4491 2048 1012 8766 4645 137 6855 3659 5288 9605 7032 8600 5151 2855 4700 1095 3417 4606 2529 9990 
30 9078 7255 6842 9743 419 9116 6216 1884 6601 9561 6297 7754 52 5238 8289 4899 6975 7726 5747 829 6499 1129 8084 662 5435 8463 4305 7192 207 1288 
17 5307 8868 4938 1474 5847 516 2044 1104 890 6374 7935 5715 1027 6384 4553 6768 7568 
32 3541 1276 7580 6430 9557 9068 7811 2261 4699 691 1193 6437 9634 3499 9516 8917 9006 862 7796 4409 6124 3248 6440 7589 681 3854 7029 9210 6176 749 1318 2830 
22 332 6012 6526 1601 5234 7380 524 5208 4297 244 5844 8793 7966 738 1183 4950 548 4189 7845 9123 784 143 
10 5025 4665 3411 802 306 7719 8265 322 8169 2280 
28 5541 2537 1240 9586 572 1729 9948 4819 8595 9998 1624 9263 7370 7178 3913 3266 3058 2804 2553 6388 6847 6600 8452 3337 5508 1202 2321 1336 
28 8382 3105 2399 9575 6076 1721 8273 7150 412 9033 2045 3045 3135 9933 5680 8828 5276 9261 4434 7583 5316 3959 4522 7776 5797 7758 1191 4158 
8 3426 9252 8077 3465 2918 9643 7439 9803 
19 7249 1986 8410 5371 1236 6938 9415 5337 4391 8295 6941 4684 5266 1044 2080 4424 6522 1699 4474 
19 4761 3966 7685 330 3666 8575 5082 655 4485 1491 1537 1947 9800 2095 1871 9963 1956 1087 1204 
32 1221 533 7190 6563 7092 4372 4328 5228 9226 4356 6313 3476 9388 127 453 512 2766 3509 9447 3660 2894 7659 1678 5831 4598 4650 7268 8751 6087 6750 2840 6828 
26 9631 5212 9757 7579 5650 6512 9364 2397 6268 7256 9379 8540 7588 1459 5518 628 6732 2588 8522 4900 2836 5446 6770 7533 1001 5697 
27 7430 5816 5303 378 3232 5557 5394 161 1461 1008 6178 8779 2950 5080 2454 5462 960 8180 4193 2475 5363 7828 2623 664 590 8232 7185 
29 4349 3921 6220 7172 9617 7232 9138 8038 9741 5559 6326 4106 6974 723 6184 5104 77 2001 3143 4287 8515 5270 4897 2821 9545 6011 9635 8414 5111 
33 565 210 856 8188 5576 6081 1256 8401 552 5566 3862 1667 7045 5386 10 7492 9135 7507 2906 6229 356 6866 7658 9746 522 7144 2193 8156 9674 1641 6853 8280 5407 
29 6265 3083 9705 98 7602 3112 511 8285 2072 241 8407 979 1746 2121 4884 5092 1666 2350 6937 7822 9056 5759 8315 1950 2703 6988 3265 8384 2671 
7 1313 8133 8747 2338 6141 4830 2591 
30 4863 9042 4153 832 3615 8298 2954 6808 2272 1428 537 8325 2213 8920 8136 4053 8050 7222 8286 4235 6725 5037 1638 3040 6568 3422 1540 1285 9967 8674 
25 435 4028 8194 2741 4613 4872 5627 2652 5803 2558 3271 7599 6883 6376 1450 8928 4453 5898 1533 2194 1793 1356 4054 8053 5077 
20 8448 4020 4137 415 780 5298 833 384 5739 2837 3308 2237 3516 9826 1905 3914 9522 2615 4996 20 
15 5757 6922 4482 657 5069 9731 118 2415 6041 2645 458 7094 5247 8788 1559 
19 7666 8146 2934 6575 2551 1529 884 3707 4086 6891 5935 1153 8707 204 8168 1732 5294 3698 443 
28 9286 956 119 4782 1102 8379 6719 1864 1004 8094 8901 4857 2931 7761 3756 8881 1610 5877 7328 1337 6542 7400 1437 792 2550 9567 3836 3950 
27 5090 9549 4973 6967 2653 7191 2867 6367 886 5073 7650 928 9110 5313 8584 4368 2895 3954 4254 452 1440 8183 9013 7821 0 8959 7349 
16 4875 483 172 3605 7312 8093 9242 830 4696 1098 3694 8605 8162 2073 4057 6665 
28 975 3632 4869 9681 1755 7535 1338 5702 9106 1709 9784 6116 9239 8233 9742 7806 4576 6022 8333 1820 5752 6046 8885 2521 9791 3043 9690 9776 
22 6547 9696 1503 3740 4615 5701 9478 5040 1464 9208 5314 189 5984 1814 8258 717 9245 440 7242 685 948 1374 
14 2783 4520 2264 4559 1572 9155 5490 2204 8411 7559 5637 3837 9673 3626 
29 6942 4657 57 6538 922 159 2167 8953 3851 531 1875 969 6699 8492 3912 5921 319 1965 198 8126 9108 985 6371 9994 2103 8879 2499 8120 7472 
18 284 164 4652 9464 300 6762 8990 949 8995 4617 7145 7506 9831 8423 8392 623 8519 925 
22 6718 7554 665 7243 3319 7438 8445 2216 8945 7567 5453 2648 6353 3625 2358 7529 3813 2584 5258 3399 3909 9515 
17 4246 9349 8031 7616 3590 4487 7511 7519 4837 8919 5846 2196 5159 1976 1823 7289 2185 
16 4225 4705 8042 506 1146 25 7063 3059 1736 9997 9745 5461 731 59 3522 1242 
28 3200 6742 4602 3875 290 5719 1627 6729 1553 5211 6103 6915 6824 2122 6681 5943 2700 7925 3979 6187 1971 1426 9986 6631 1764 1174 9131 9876 
29 3717 6021 982 5012 4063 7912 1859 4105 3227 938 490 7508 8562 9983 5061 2154 6785 6774 1985 5115 7841 8230 5550 7898 926 2255 5248 9573 9938 
15 7000 1723 1777 4986 1381 8344 654 1244 4534 3189 6611 9413 2337 6 8196 
29 8803 656 6048 9450 1745 9858 2992 6946 907 7843 3970 1598 8494 26 3130 177 6823 9943 793 3118 8381 4448 5940 6435 8809 9747 7977 6676 231 
29 3544 6645 8665 2245 7777 8116 6213 1181 9070 2393 8063 3 3102 6346 3392 9375 9697 765 4672 4620 3217 4861 4183 3094 3456 3041 980 8949 8654 
14 3739 7882 3759 649 2776 7745 4541 1453 2612 2383 2452 2042 9644 7206 
28 9485 3885 3398 9497 1245 8609 2809 8182 3077 5564 2248 9724 5548 5529 3997 2861 7949 6171 3844 9594 2621 33 5555 755 3733 7518 6994 2145 
20 3108 7277 7690 2577 9035 3542 6705 6550 6659 65 4654 6713 8571 5342 60 1350 1526 8712 7257 6288 
25 8816 6771 753 3036 2585 3636 348 6121 9701 9823 4550 1396 1979 8107 1519 5577 8860 3039 1957 3407 6049 4239 5840 8762 3229 
12 1997 9613 2440 7284 1836 8729 3662 2575 5787 5147 3887 5817 
19 4107 8653 9712 3729 9148 4341 3282 9174 4707 5512 5109 7851 7526 2249 5432 5456 6626 5988 9931 
31 935 8059 6638 381 2952 2377 772 5428 7642 9248 3793 2568 1029 7769 2756 2924 9268 4710 6552 2091 2325 4500 4460 6108 246 4769 9507 1147 571 1225 667 
14 6069 5668 9620 3879 1175 3366 1422 5123 1568 2000 6751 1199 1168 6527 
17 5711 3453 1311 106 9027 5323 3220 4472 2417 1117 5105 8291 821 6332 5969 5471 8301 
15 9254 8192 5492 5772 6781 45 746 5269 9332 6685 234 9555 7577 3158 9476 
26 6710 9314 6023 8412 1215 6082 9156 4282 3524 216 5976 2062 2431 586 3501 4912 4182 9398 2795 1659 9797 6976 7437 9396 9227 616 
30 1500 9164 2060 5495 9037 646 2260 1943 4957 7078 388 8721 8470 851 6490 9704 7072 8668 653 4461 7942 4283 5927 2490 6731 3280 6664 1636 8934 4649 
13 3445 8682 3789 8806 629 2180 3691 4561 23 2131 1772 4580 8019 
14 9289 2651 6247 4366 5998 674 1061 1940 602 1148 1354 4220 7676 302 
14 497 2663 9429 1263 9832 8768 7595 7613 8364 2631 86 5652 5825 4013 
21 9625 2409 8112 4862 8529 9458 5879 1589 5907 5076 7873 1283 1073 774 9240 3201 9995 7721 5412 3023 9693 
10 8856 3616 3051 4880 8761 6013 3394 7425 7689 5903 
14 7444 3955 6347 5826 1391 80 619 7771 5867 8215 2847 1701 9749 7356 
13 1963 3807 2442 92 7263 4798 9064 7364 8968 5084 7154 3571 3204 
27 3972 8034 992 2600 9276 6805 952 7746 1429 8746 3952 819 3847 9111 6800 936 4902 2428 3389 2370 5397 4719 6311 8332 4886 3656 7281 
20 9512 9992 3211 2374 1980 8693 6682 693 7620 1554 7295 8165 3324 2298 9650 1205 1951 7597 8106 1972 
22 6293 9897 9737 8239 8431 7865 9328 279 8281 1999 727 5925 3412 735 1373 2054 861 9051 8460 3298 7182 5726 
17 2639 6356 9182 4396 7448 3122 3469 1738 7984 1612 8214 4045 1741 3748 2268 2866 5616 
9 4411 4465 1007 9439 762 631 7215 818 6623 
31 6498 5107 354 8191 942 7715 5690 2958 7922 1774 9300 6625 2850 7604 689 4044 1317 4881 4004 3339 8863 6406 2003 1631 1126 4427 6612 855 7054 3076 6019 
28 9511 6438 4585 3057 6026 7477 5100 5160 5838 9639 9229 698 9337 485 6556 4198 3711 8875 5349 466 5822 1080 9660 9189 4079 3084 3413 7742 
29 4141 4704 8368 5374 2181 9031 8505 8293 6926 3121 2104 8659 8926 5558 6157 1657 9142 2222 3935 8577 3577 6477 3523 913 1295 5563 2134 8865 3378 
7 6392 3270 1863 3993 4544 5091 9250 
22 7710 9538 3082 1496 1942 374 2315 5094 8326 7125 3137 1458 9534 6256 4275 7839 2443 4333 7831 6840 242 2307 
8 32 8955 6244 5437 7276 4300 275 2053 
25 3583 5539 5287 5045 9165 6746 1710 9900 1656 4014 4569 4840 3700 470 1361 1648 736 3214 5259 9266 1974 291 2604 1479 4181 
15 6739 2799 8236 5187 422 5853 6336 908 5481 1314 536 546 9914 3791 4091 
27 3537 5628 8378 1910 4555 542 4415 6850 6391 8545 4217 1647 276 2229 3342 7720 5139 3820 3359 3771 9217 9129 4554 3518 2243 2750 2165 
14 1684 7034 6969 4786 9763 9843 3876 340 6028 5024 1517 6481 828 8468 
9 4291 6119 9118 8259 5260 8662 6161 9298 8563 
12 5783 7246 6398 7203 6989 1106 377 379 8343 4685 9136 5071 
22 5503 986 6896 5050 3746 9812 6672 5914 8143 6743 4625 5166 8851 6827 9973 3548 2098 9891 2136 9827 2353 6439 
5 9477 2751 7250 2535 2265 
16 6966 9761 9481 2900 8984 4007 6737 7309 3210 6062 5600 8725 4033 5911 4329 722 
23 8831 4065 6491 5356 1639 5005 153 3763 5171 6382 1775 5989 3716 213 4401 7487 7669 8282 6266 4545 5596 9120 1510 
25 761 475 6222 1725 9950 5219 3765 6223 7857 4515 9403 7189 1989 4262 6180 9527 2478 1975 9932 5345 2423 9369 4269 8202 2597 
5 8071 2767 8948 6322 4716 
14 4205 9273 5962 2292 280 8938 7122 7343 8455 8275 4479 5939 3712 6507 
24 1465 5291 6402 6484 3904 5567 6571 6684 4805 8296 2024 7592 8074 6543 1368 2500 8513 8354 9772 5096 6291 6489 2987 6518 
17 4914 1294 1046 4764 1902 5021 4209 2498 78 3547 8125 9961 1806 8734 8985 6303 5578 
30 1557 6182 6814 704 5170 178 2613 660 4709 8883 2290 3007 3070 4535 2793 4647 4533 151 6928 9324 2379 6468 4797 5122 2764 3998 3780 8488 2032 7586 
17 5601 7548 5866 6893 7068 6197 1785 3071 5239 6867 5591 5806 195 5280 3612 7969 8138 
25 4659 102 7816 4834 91 3673 930 897 408 6953 510 2611 2561 3223 3943 4982 1811 2158 3151 4108 7157 3898 9198 2148 4729 
8 2178 5830 5279 8176 1930 6064 9607 1555 
27 3054 9537 8118 5043 8970 967 230 9054 800 9881 274 806 4464 9835 4073 9053 5509 6145 3683 9243 2120 8683 1927 4823 526 6721 7093 
28 4139 8742 8403 9570 3646 5014 9612 5608 4426 7488 3295 4477 5083 121 4359 6325 4722 5191 5728 8771 9126 6233 5781 4510 2617 2251 9461 4923 
11 376 4070 6972 7545 4860 5355 764 4230 2843 5828 737 
26 4318 7759 6009 4089 9655 9652 4221 5670 6920 8099 9073 8390 4789 4730 9895 2672 1694 8623 8639 4408 6411 4556 8541 706 4741 1935 
17 4450 425 1891 7164 1016 3508 7930 6531 6792 2995 4231 6958 2421 4771 1577 6400 170 
21 1845 8671 1239 9133 5124 1431 8312 883 3438 2398 7790 2242 4845 6790 3142 2027 2096 748 5773 6314 7700 
15 233 7610 3391 8473 8975 964 2195 944 2962 3945 2152 8526 5618 9970 5399 
24 7253 5409 8272 2680 5959 4213 395 8177 991 9718 4964 9683 4827 4187 1807 3927 3296 4952 1043 6317 4680 1083 504 8943 
12 5751 6196 8555 9475 5193 7778 5632 4159 6389 1525 50 7581 
28 8854 4171 1733 7342 7808 4441 4784 2228 3574 3174 3269 3776 9237 1566 2051 7672 103 4751 5075 1600 9373 1076 2294 966 3520 9294 5293 5665 
12 4854 9846 9394 2790 2234 3225 8663 1495 4218 8625 1052 7204 
25 3732 3958 1079 751 8652 2919 4117 929 9038 6211 6939 8334 5052 9665 2752 9748 8317 8986 5871 5703 5392 7973 4236 4599 2516 
22 6101 5366 2979 3785 3429 7120 9729 4776 6165 7403 8115 9435 3582 6137 7549 2569 7033 3920 3153 1358 1270 3705 
16 5433 3784 2527 9566 8804 1220 987 9000 7515 5700 387 7990 8083 1149 2544 2322 
10 8615 4913 872 5197 9340 8166 4943 4149 5561 3903 
23 169 9410 633 9641 3228 8148 7856 3843 3845 9264 6513 3432 5164 8065 5785 5365 4375 8216 5676 4670 4267 9834 5404 
19 6078 5169 2556 5622 285 9440 1394 8692 5664 1925 5085 1964 1608 2083 8299 2886 3238 8666 1562 
15 6537 2706 2852 4031 8164 9632 8760 7231 3498 8904 4675 9080 6810 3650 8330 
8 6024 7916 3418 4792 4130 5070 8667 2758 
29 9202 9842 4713 708 8316 3867 9928 871 3404 8027 6776 126 7635 3815 7893 2708 1616 1953 4161 4444 1279 8186 9365 2638 1120 9711 3637 9281 3880 
15 8367 1319 3178 9501 9808 2685 7617 6872 2094 7565 8327 3128 7002 770 4399 
20 2217 6133 2543 2547 1716 9192 7296 8974 83 3473 6312 1229 7405 4240 3365 5215 8982 4735 1837 5571 
23 3778 2385 4270 1211 7830 9361 4989 6898 4323 8014 4619 6813 4340 7747 3804 8537 1397 3878 1728 2114 1987 3890 7133 
13 225 8876 9564 8300 8542 578 8827 8705 4121 3088 5318 4286 7641 
26 9576 5375 2884 4331 1101 459 5837 3798 3722 8911 9462 8646 6820 525 4334 7292 771 6667 5589 9760 5044 7039 6931 383 7537 5312 
27 3435 9710 2802 3675 396 4247 6677 8815 5603 4682 6778 9908 4335 3004 5648 4609 6095 471 6055 6105 5657 6661 8008 8454 8964 4987 9796 
21 7901 896 2661 1862 7576 2525 4858 5289 9859 4775 4344 9228 173 7743 72 6572 1671 4322 7107 9091 1140 
25 9127 6871 2240 2164 7456 3710 3425 4821 37 1402 4256 3556 3127 1471 6262 7046 3363 7736 5264 8765 9157 937 323 2463 9350 
13 3190 9546 403 3530 9082 9272 1330 4690 2765 4358 8161 8553 9532 
24 8642 3513 7344 7387 2622 6643 1800 7267 7560 9780 8006 2619 2678 184 1133 3460 6779 3485 1172 7814 6433 6113 5434 795 
12 9678 7041 444 8800 5792 8857 2407 4688 3796 2506 3982 1855 
13 7245 921 7010 1752 6359 5074 6821 624 2546 7872 9233 1069 9360 
12 2696 4034 6784 3622 8782 9809 2885 7383 7258 237 1017 3367 
23 2171 1480 8645 5163 1282 4777 9917 1389 9077 4219 487 154 4903 7853 1321 6668 5754 6015 7660 3014 5978 131 669 
24 4021 9645 5241 7764 2846 8103 215 8339 352 6617 4890 7273 9801 8544 1727 6075 7798 4814 7540 160 3415 3745 5121 7600 
25 1349 8190 8485 5009 4623 8266 5527 582 5340 3968 6452 7755 8531 4389 8469 5947 5488 9008 8144 2647 8386 341 5705 3749 900 
26 9134 7278 4593 7457 599 2220 5835 6345 7573 4851 9498 7829 1145 7137 2360 5635 3060 478 9201 1901 9258 3942 4324 5950 5884 2914 
27 8882 3775 990 2395 6579 6882 6134 1907 8963 133 5658 1075 8650 3908 3881 9163 1382 3235 2043 2069 3162 9427 6096 7087 5494 8451 6060 
25 8167 2665 4607 1595 1051 6120 6696 6085 9758 5023 3241 6047 8844 5217 7521 919 5283 8015 3171 2779 73 2819 9531 4901 8648 
14 6639 3326 7693 8018 6566 3454 6463 9063 7818 1161 2312 7625 8898 6342 
25 1613 8243 5899 8664 6587 2402 8150 527 256 2607 5396 9894 8845 2403 1818 1795 4808 9953 9792 7896 5673 9608 3723 8131 4271 
10 6618 9346 4361 4180 2858 4759 4273 1645 4951 58 
23 6570 1169 1109 8869 7629 8373 7149 515 1629 6854 9682 4960 9959 2832 1162 6637 1351 5930 5319 7863 2786 1514 8119 
17 1441 7171 8737 1455 3621 6218 1700 3505 382 3323 399 7179 2948 4168 4076 4763 1545 
26 6132 3099 8956 5915 9319 7987 7516 5583 1045 6772 9882 6846 97 569 4572 7838 8805 6621 6482 1607 1549 9637 1158 3335 2922 6467 
18 380 5579 7569 8510 6864 7727 1198 3182 1681 809 6816 9774 5320 7871 5186 4527 752 4818 
21 4966 3482 353 7503 5910 9270 5134 8432 2295 6126 5038 9615 3769 6508 6318 9269 1969 5774 7427 51 7601 
26 1968 252 4552 6067 4756 1583 9219 2151 5958 9706 7462 6442 6344 824 7486 8906 4148 8776 4146 5142 4669 9787 2502 3965 5467 7035 
9 2578 2602 8220 6243 1067 7436 5735 7985 7539 
22 2673 2275 9151 7501 2935 5101 4921 1790 67 543 7752 4870 9170 2826 9855 9653 7484 2258 1400 1060 9700 9206 
4 9466 105 9377 2049 
22 8695 2675 7941 5001 8491 1466 5684 3494 5310 186 9085 7090 2381 3355 5624 8389 4367 8528 763 7017 3889 2208 
11 6407 1246 3297 7892 7412 8409 3304 7496 3727 3934 9878 
8 4664 9019 9519 5505 176 9775 7756 7146 
12 3364 4006 5965 6653 3464 2022 9358 4134 9676 9860 6273 1602 
12 1511 7445 4838 1442 9465 7696 140 1398 5458 5931 321 181 
25 775 3373 3203 7048 6657 9368 202 365 584 305 130 1025 8914 4715 8393 7084 4061 6281 2554 3641 3042 2410 4160 1658 5672 
8 4744 9044 389 1327 4296 906 1570 8308 
18 156 5994 4594 7614 618 2580 8599 5997 6394 8677 4721 8483 2902 3283 9589 1128 3611 316 
23 1189 7988 4924 8798 1047 2947 4135 9867 954 7201 7584 2168 1673 4632 4462 5322 3113 6978 845 3126 8582 3287 6073 
16 9265 3669 4147 2040 1695 1119 7571 8756 4284 7233 3581 6635 9596 1865 5361 9677 
27 7134 9962 1299 7894 2179 3672 3372 7091 8516 7217 6042 2859 2205 9416 3805 1933 6564 5634 1268 269 8372 811 6890 3218 7307 8178 8002 
9 643 3230 2302 191 2029 2827 8611 7288 2876 
12 5713 8719 2532 2727 468 4548 5141 8838 3427 295 3588 6063 
18 7118 7066 711 2115 9790 7334 249 5851 2517 8852 6428 2801 7835 5325 2257 1082 6534 8154 
13 2797 8585 7931 6865 5221 9659 4330 9113 8935 1423 1125 3953 4417 
28 5405 5824 1364 1532 7998 2972 924 6375 3561 4248 1688 8383 1053 8829 8201 6660 4692 7308 3831 4754 4422 6535 2182 899 6981 3734 5029 5063 
8 6971 6188 3133 4653 4588 9293 8859 6018 
16 4355 9234 7234 3157 5301 2702 9167 4449 866 8264 7728 914 9592 600 7910 5067 
22 6172 8694 3731 3757 912 5730 7132 5216 2739 1763 2524 9502 3455 410 5800 6086 6546 9007 2372 6193 2940 6212 
24 5116 4969 7564 550 2270 2477 6102 5692 6758 7866 7961 5261 8709 2761 9009 574 6175 5056 6421 1703 2698 2113 8374 6227 
11 5400 9505 4496 4802 1387 90 4734 4539 1310 7868 8596 
23 7555 3901 1412 5306 4365 4060 1604 7536 6604 3511 7128 3634 5126 9343 3486 2723 4463 5413 7126 1488 2019 2010 8497 
28 876 5526 1896 7794 1271 1692 2206 3421 3377 6873 1756 9348 9299 7247 9096 8322 5081 5448 344 7055 6553 9336 2157 9714 9552 7766 431 9536 
17 553 4113 9623 4394 1679 3689 3061 6320 7970 5333 2689 5812 7079 4295 4911 1483 2172 
22 1160 8263 6562 2025 283 6059 2956 2299 2354 5255 9788 9122 4765 236 958 5162 4927 2679 5362 5758 6919 1261 
22 4724 9288 3466 4907 8450 7823 5801 6253 3948 6763 6861 1945 6309 3806 3810 345 2822 5207 360 1599 9721 1300 
25 1062 1779 4293 5933 4353 4718 5379 7361 9244 3924 7960 3610 4097 4954 9904 3096 6204 7313 4416 6594 3835 8211 4197 9004 3533 
18 5087 9896 1791 2467 2670 4590 4290 2834 9479 4373 3668 5233 407 5736 9648 8082 3111 4563 
19 9975 7169 1521 3874 8644 402 8017 3436 1981 3751 1816 4051 3018 9339 2125 9642 962 8941 3985 
15 9249 6276 6906 2459 2066 2101 2701 8090 5685 911 7772 5854 4962 2238 9915 
25 9952 147 523 4206 138 7490 9420 405 8764 9194 9583 3452 2676 6945 1590 2707 4589 6166 9197 5928 5022 4506 7751 7390 3120 
10 6237 1912 8028 9160 1702 7552 733 6940 6149 2528 
16 8996 4981 9433 561 2142 6142 4407 7265 7023 413 2347 9147 605 598 5714 9770 
28 175 7837 8062 4879 934 463 8620 8960 8212 6982 3856 1065 909 8763 3336 9431 678 3628 6234 3385 2522 1506 7218 9601 2289 8527 2691 2169 
8 5861 1309 9720 8603 7143 2722 2955 9287 
17 461 2108 7724 6909 9441 9015 1037 4175 968 1754 6990 8923 1983 3987 1923 8612 557 
28 6476 5809 1188 355 2713 4266 2501 4489 5770 116 8954 7598 551 5945 192 3695 9587 7530 9922 4896 5242 1826 6052 7481 535 8636 5606 4531 
3 1475 5967 4796 
9 6098 8075 7609 3999 3416 3016 6583 5334 6479 
6 462 9370 3278 1844 6795 3812 
3 8257 1376 5821 
15 6902 8987 1799 4125 776 1946 2084 5565 6798 5117 6286 7470 5336 7908 9530 
19 1620 5465 4249 2710 3139 1328 3437 1154 9386 6838 243 2759 9957 5015 6112 8417 3892 5666 805 
14 2110 5064 9574 3772 2874 3593 6692 5734 7520 8931 6084 75 8066 923 
21 9028 7207 3314 4111 9838 7525 7384 8933 1861 2913 5357 7945 5820 6071 1713 8825 6878 8398 5148 2677 7228 
14 8686 1872 6582 4314 6578 4810 5530 8400 3497 2744 8655 9905 2616 7522 
8 7037 2023 1960 8547 2444 4138 8319 2897 
19 1257 636 9844 7502 5472 8872 8813 5872 6205 3598 3361 2371 7016 6555 3037 2503 68 1427 3134 
10 1302 2515 7903 4046 9418 2005 1141 8724 702 8870 
9 4528 1238 5640 6702 8365 416 6323 7057 8078 
25 2107 2907 7080 282 7021 9330 9333 863 5292 9275 1853 8741 1063 6027 6697 5246 2555 2391 3302 5560 5845 2300 6650 8321 8171 
18 9817 8413 8688 7220 5651 232 5026 4992 9899 496 6117 4386 1808 158 6209 2985 8433 7937 
18 3735 9238 724 8193 7392 8903 3919 6608 9565 2545 4737 7240 9590 6343 5178 3630 1654 1642 
7 7453 3056 2629 5489 3687 438 4432 
2 5441 1038 
17 4895 3044 4772 2863 6678 9055 4306 9352 1068 8456 8341 1586 8226 1731 7527 6458 3618 
9 3146 7415 2241 6515 7951 7888 8622 5696 224 
7 2412 486 3957 6249 5749 7311 2441 
24 7915 3859 2989 5380 744 8270 4388 8841 347 8250 4740 8775 9662 3822 1567 1219 2067 333 1234 6088 6354 4723 1633 8210 
20 6248 1348 1096 4128 2630 1932 1810 3682 8067 2572 5153 4514 4142 6852 6573 4702 2998 5895 4592 4445 
7 5782 5725 6839 9023 9968 6447 4941 
22 8820 7407 2479 6769 1668 2938 1770 2351 8049 3448 7461 7541 5767 460 8999 9437 5035 2608 5224 3929 5944 9176 
19 9526 8033 7542 3584 1420 4499 2633 6908 6655 3161 8732 7332 1155 289 9663 6099 2818 8957 3569 
19 193 8801 4072 1123 8830 1058 9946 5810 9924 5612 7124 9877 860 4226 7959 5855 7976 7410 8022 
15 4302 7680 2390 594 8294 1621 334 3960 3777 9029 3868 251 3923 7899 5894 
16 6393 4866 1264 6857 9321 2345 2284 6738 8347 875 9725 8649 1618 4253 441 4325 
4 3790 4104 9687 1159 
9 4767 6596 880 1307 1034 2911 9460 5742 6152 
20 8229 2141 612 9376 4232 5878 1827 1715 8496 6561 2485 8045 6797 1782 9802 5429 6035 7235 3347 3380 
5 6379 5709 2359 3828 2445 
23 8023 8502 8826 4085 5442 4667 7793 9442 2526 963 4276 4608 4603 7199 4579 87 2392 7244 2815 4728 2683 6364 1813 
18 4068 2468 2332 1042 2991 2263 7923 6506 4312 6017 9521 5177 2624 743 6817 8839 5547 336 
10 7493 7920 484 4096 6642 3216 1538 6131 2336 2430 
24 6885 4642 2901 5411 9779 1767 7440 857 9213 2437 1469 4597 9060 2283 3091 6590 8495 1825 3226 5275 5431 3327 6093 7980 
11 1944 7422 7266 3450 3699 9378 6504 3841 7414 8471 8402 
22 76 6641 5154 3027 3406 433 9506 8958 7345 2183 5843 5013 9016 7225 6841 3882 411 3109 5536 2610 5395 7906 
