8 3042 9180 327 3663 2634 2630 1911 2507 
18 8103 9999 5755 3231 9998 3056 3615 9867 8997 2208 8729 6158 293 5002 8887 6216 4659 7414 
27 4172 820 2417 4032 8294 2887 9821 9996 270 5775 2225 7888 4780 5212 5221 3374 5575 3841 8941 7926 5717 6038 2956 6088 5033 6413 6787 
34 6599 4467 6507 3123 7642 1130 3482 2174 1743 2796 8777 4905 2269 4411 2718 1765 3710 7930 378 5926 9080 7029 6755 6776 3279 5178 2215 4707 7471 4539 470 2254 722 3227 
19 3171 9037 7695 347 6894 7627 727 6662 5172 8635 8770 3173 9748 5698 1211 7568 5644 3952 5255 
10 2882 6321 1416 8362 1181 2709 1316 1875 7533 6246 
10 8033 187 3660 5260 962 9995 9330 6732 5988 7364 
13 8450 42 2484 5825 6249 7064 9085 5853 9841 5473 7049 6835 6627 
16 7590 3448 9994 1810 1081 9993 4127 798 9116 2216 7804 6161 2059 1184 7899 3399 
11 3417 4697 6520 2912 4053 9991 5960 1027 3957 4594 7368 
31 9475 8833 6815 3050 3122 6766 6242 7408 8417 8093 6167 7441 435 7009 8135 2741 2283 3250 4207 5643 7081 7932 8158 2181 2925 9015 5204 212 1993 9700 1445 
16 6428 719 3766 993 9814 9992 5016 5536 9535 3207 9987 2789 5216 9982 6051 647 
15 333 5954 2280 8189 4658 6581 4295 7563 9896 5458 3566 165 5418 1397 7010 
18 2922 8078 2452 9990 1098 1310 4785 4888 4490 251 2275 2448 4762 2487 9971 4516 9914 9895 
31 123 2080 5691 3251 8038 7588 4417 4829 3175 6670 2372 5971 5737 2729 7734 5660 6011 566 7518 6308 1629 2444 6542 2016 9882 1954 7907 124 2611 3748 2423 
23 5454 3883 6096 1386 9714 816 626 1215 1910 3433 9985 4105 3098 3938 1958 7280 5344 5280 8784 6240 8816 6405 7264 
41 9997 5679 9351 1048 9858 4757 928 3698 3322 3306 5612 4249 9484 8701 4084 7728 4309 9989 7201 662 3853 5631 5498 7495 3550 6619 8955 7521 3406 2385 4197 8959 937 6722 7435 9866 7537 9109 5561 7947 1154 
49 2446 2150 6570 4960 1472 3384 5360 682 8756 91 2762 9986 4465 9983 310 5395 8604 5200 3303 4294 6429 5450 6399 4918 8338 4276 9355 5519 9981 9709 2319 6120 7961 2164 7963 3358 3823 5232 4664 4367 1279 7411 1333 1800 1428 7214 9969 9418 592 
33 9988 2672 1824 3076 8504 8366 5492 9984 4 6374 5456 3455 4573 4408 6753 9823 9525 3193 9405 812 9174 6476 9266 7003 8054 6140 5685 321 6883 9968 1522 9958 6148 
30 6975 8315 1599 9157 6683 8523 9980 4286 2873 1740 5058 6007 3430 9289 9979 9978 2812 1834 1626 6818 7991 638 8987 9962 2544 5507 9941 9932 2103 4087 
14 9977 5091 754 5819 5582 7121 1474 6506 3311 7553 5513 1268 9163 7417 
28 9976 4410 6137 9501 8925 3377 2683 7586 1171 2251 4819 1216 5927 1006 7634 1992 4491 9663 7269 6932 3197 1071 5859 5029 5007 9192 9860 2980 
22 9975 3904 6854 2289 5861 9499 1073 3397 1078 5339 1687 5814 114 3578 8218 6311 9018 1653 6806 1990 2659 7234 
29 2635 3190 9435 3611 8453 3025 6001 8476 7670 2509 83 5329 9972 2374 5709 3995 4505 3706 3112 4320 7154 2422 6784 8164 624 2810 2217 9784 9604 
58 2234 7320 8027 8400 3951 5566 9836 5226 2633 8693 9629 6868 6554 4694 6299 1804 8790 1340 6295 3508 9973 9110 7355 6454 1214 5766 7990 2033 947 1667 623 214 3616 6786 5485 7737 297 2327 9046 4010 9965 1356 4154 516 9778 8416 4590 3985 5970 8070 6189 4548 7841 4037 7540 5723 4131 4329 
42 2368 6754 7065 9970 9281 3402 7000 7983 933 4002 1405 7404 5118 9434 8185 3199 9010 2165 7310 1598 9197 2658 3799 6302 9103 354 9953 399 44 5275 6305 6988 5678 1891 3468 7424 7850 7270 7165 9556 5208 1289 
34 6261 4182 288 7552 8049 9735 7416 6338 2185 6134 3102 7673 9950 5571 2491 9034 7647 9112 6745 4973 1115 1634 9030 8916 7261 5780 2616 7631 3366 1739 8096 4789 4300 8392 
24 3039 5254 3590 9214 2290 3571 6724 9948 7376 1930 7100 3906 2268 4552 8236 7362 2561 8479 7886 5638 4171 4014 9478 2107 
34 45 2584 9601 558 3075 281 5914 9974 2137 6481 6125 785 9147 784 7176 9964 6585 4428 213 9177 4851 8626 1806 2598 549 9947 453 5491 7854 6135 7460 1627 8385 9577 
49 9967 837 4933 4009 593 408 163 9909 4703 2591 1004 4358 9133 7541 4874 739 6584 4055 1118 5292 6378 8435 1701 7989 3010 1744 7973 1498 3028 1902 5715 6848 464 1580 235 8708 9934 6041 9927 501 3345 3664 7764 5257 8539 6561 3870 9837 6422 
22 1711 6808 3815 6791 1573 2382 2066 5974 9959 7956 8452 1476 5321 6513 4714 4923 9544 8715 6656 2582 7820 1766 
29 2854 3425 9189 1764 6543 7539 4166 528 6765 9732 7253 460 3295 1421 7161 2260 7275 6354 5998 9946 4159 4972 5276 7322 224 2661 9154 1635 519 
43 7136 4114 6424 3256 1752 6770 4632 5197 9966 3762 4715 3320 636 2389 2842 6388 8345 8380 9639 9775 8863 5145 142 8065 8427 50 8632 932 2732 2360 5599 8823 3946 717 2902 3218 6094 8774 3305 6955 1946 2623 7917 
25 9963 2279 7022 9377 2437 6579 6103 6335 3219 8032 9633 6327 9710 1881 9828 3120 1079 788 6157 7178 7996 3504 8009 6588 7527 
38 1434 5835 6229 5552 724 750 2930 4250 6005 9462 62 3667 7087 5863 541 250 4642 4454 1725 9043 7104 2632 3646 5956 2888 5790 1624 9239 9945 9101 2340 7440 4593 9918 5227 1185 9827 6479 
43 1959 3636 8346 4501 7511 6687 2330 4807 568 2939 48 9729 4146 1927 1977 9944 3600 7874 5620 8361 2773 8275 7665 543 9789 316 2566 8690 4850 7074 6499 9916 1540 2670 8290 2594 7654 655 8631 7775 2367 6065 9346 
31 1785 9961 2770 6036 6057 5396 6874 1802 3185 9854 1532 6344 4736 7682 6337 2702 5986 4086 4853 5920 4075 6465 3045 9582 730 6159 5361 2493 6017 6546 1648 
33 2758 7418 4065 5062 2146 5147 6668 5467 8657 2975 6487 2246 7350 3248 1201 5676 5722 5656 6243 6536 5449 8287 8110 5054 9580 2075 4881 6598 1235 9802 9799 5987 2504 
39 5959 2182 1833 8440 6879 3656 9470 4083 4325 5274 6740 2061 3481 4691 832 4601 8497 3029 6095 129 6047 9313 118 4283 1481 6694 1183 7480 2953 4360 547 5950 3092 9463 951 9643 7936 8694 7796 
26 2820 8330 3494 822 3490 9051 8659 8956 2390 9135 777 5761 2761 2759 337 8485 6602 1714 9642 6008 4683 4674 4512 824 3436 7649 
30 5876 577 3236 8644 2517 2713 8339 551 3579 6463 8120 2399 3259 9397 2891 8907 8734 9938 8302 2109 1716 9082 2393 4936 634 2776 2008 9900 8879 3810 
68 8854 9191 9960 2191 7337 8590 8386 8870 8592 9940 5669 4896 9956 3954 404 7519 5448 2401 4817 1032 6690 5603 9173 8222 2539 2188 9651 5162 3136 9160 1418 2056 6716 9935 3495 3891 9929 1291 2272 5778 2827 8825 1696 7254 8806 2461 2764 3538 8521 4569 4624 8965 7287 2294 3909 621 2514 3457 2904 4592 5317 6320 4775 9873 6121 8114 6202 5885 
49 6190 8121 6785 9913 8971 6640 2855 5794 9955 320 9571 6099 3558 2158 8349 5302 3711 2303 4388 7097 4334 991 9952 4258 7795 183 1673 7803 263 7248 803 1019 2199 9433 6139 2884 7583 455 9020 2559 8197 7192 5285 467 7938 7934 5779 1212 8799 
44 2440 306 4189 8595 9200 7309 450 5134 2472 5553 4533 4728 8144 9877 9928 1931 9926 7085 4445 3294 2421 4463 3947 5099 8811 88 1790 3141 2990 2248 8247 9285 6867 3041 9064 2881 3101 8640 6235 9847 8898 711 7887 4361 
34 9957 5201 7110 8239 2774 6212 1797 1046 9931 7425 4572 7373 6571 7403 9924 4531 8343 8241 486 9134 9517 4517 6972 8682 9071 9731 9293 8619 966 5877 8932 7341 2338 5107 
31 9670 5588 3423 2636 4107 9954 3215 9220 9939 5412 301 1585 2699 5441 9923 6141 2626 8100 6929 3355 575 8484 1615 3024 4940 2213 8470 1690 537 5674 7456 
27 9832 2849 473 8442 4647 2546 278 9225 5932 8326 7101 4979 6478 197 2282 5402 4459 4688 4702 2779 12 4735 282 2719 6804 8194 2436 
45 2098 5371 5919 5798 8607 9951 5537 7864 8547 2715 3524 2767 1024 2815 5867 2677 6341 3033 8111 7028 3170 2950 7924 5565 5651 4389 1623 2402 2997 6314 9920 8397 9813 3752 9912 2523 6435 8132 8167 9296 6061 9527 6511 819 694 
34 5266 4935 3452 5041 5195 6890 3383 3471 4099 5387 2640 4145 550 3176 9274 2654 525 1290 9917 9922 268 976 2650 8763 632 5408 3687 9865 6490 5937 4866 98 9741 3116 
47 6613 9106 9949 4799 2892 9436 2071 9921 5175 4435 7824 9919 7830 334 5611 1097 1661 3441 9024 9344 9911 6270 7051 5893 4216 4709 7198 9048 7182 9610 2025 5728 640 8845 415 6673 769 3161 8744 371 3580 7153 3071 849 6576 7911 4347 
24 9943 2687 3984 8000 1402 292 6948 6646 6182 3759 8255 1401 9905 9881 6076 8515 9904 6271 2668 3159 3006 5065 531 9403 
50 6812 6950 9282 3860 6897 280 3242 9407 851 760 674 7927 1887 8867 6396 8720 6288 2690 6759 8271 8199 6734 3549 5250 9879 6926 699 5039 8192 37 9074 3450 4061 8510 4877 218 9894 1446 3962 1801 3474 6762 7474 2620 6639 362 3021 6441 6614 1199 
32 156 7138 8141 175 9215 6330 9764 188 7694 7359 4809 2266 2247 4589 8645 8398 2001 8426 6060 58 1877 5386 4820 2067 8374 5591 9100 3540 1665 2565 9770 9697 
32 7759 5832 445 4049 8500 6510 6352 6811 3778 5664 3585 9008 8982 618 4164 9903 2896 121 8409 8750 9398 8501 3074 1672 6332 3868 6830 4097 7908 2587 9786 8618 
28 8948 3412 5990 6966 1677 8901 264 6555 8662 8048 9886 4468 2095 6717 3936 3717 573 7223 3226 1255 5845 7004 8240 2386 7655 1099 7534 9212 
47 8019 9145 9168 7324 4671 8545 5613 5171 2966 1715 220 6727 43 1998 6389 8741 2728 9910 2062 9862 2897 9218 1371 2900 5063 345 3464 6508 4578 9849 8739 828 7220 5629 8306 3459 5936 617 4998 5789 1559 3918 283 9607 5273 6301 969 
61 9151 102 5777 4581 436 9942 416 2557 3339 276 5113 4976 9322 171 8526 9936 9172 3745 3100 7869 3675 1083 8603 4792 9908 1754 1867 4316 9906 9902 3801 866 1830 1052 1664 4373 4072 8168 6530 9794 6111 7758 8972 955 1058 6875 5061 5267 8308 6 4959 3729 3237 4381 6660 5618 2985 3106 3059 5392 85 
37 1666 1999 746 8090 4469 9194 3492 1925 4433 5324 6294 6912 7974 9825 393 8564 8609 7988 9183 7069 2387 351 8902 1479 3493 5173 6916 5805 6203 9869 9094 1533 9838 8683 2783 1363 3232 
25 4506 5482 4141 9888 8584 5423 2167 9548 6357 9901 4670 3915 6004 9878 4695 4237 7729 8402 2968 2809 5410 8753 7134 4964 960 
36 2772 1826 666 5645 9688 4878 5245 7448 6992 2418 477 6211 9915 5693 8176 7239 6643 4341 5822 1427 7330 7450 5359 1682 8736 2866 192 2942 4895 9723 1916 4268 5635 8360 4635 5453 
48 7245 4523 6392 4474 5889 9743 1842 1442 3620 8074 5658 9937 6016 7668 1373 2622 8375 5637 9315 9898 74 6872 1431 7062 5827 3409 4623 4453 7231 2625 1357 6118 3523 6751 3848 7094 7396 7413 6783 9347 390 7002 8574 6498 7066 2296 7559 6906 
32 653 7992 3716 1293 8991 2295 2298 8494 7464 5424 6286 5911 9006 8123 6795 472 315 7594 8157 1232 9863 4026 4384 5471 4827 7966 9829 5021 946 9782 8805 5738 
46 5634 1813 1466 3240 5535 9498 3503 1756 9702 7986 4144 8765 9549 6262 6452 489 675 630 1322 80 3934 1485 8876 9796 9595 9897 9171 9026 7057 6605 1528 2240 1978 5812 7281 6920 426 2703 3607 1655 5844 3970 6947 5551 5470 7492 
50 493 3440 2874 4481 743 9149 9381 7233 6696 4414 6226 3301 1571 3418 4106 5001 8461 8333 9653 7189 7210 2700 705 2271 8839 3973 4301 9614 104 9333 6903 7301 9840 2079 3066 9342 737 2962 3588 1396 1361 2907 7837 8353 9645 1503 5284 6596 5823 1177 
41 8725 1579 5500 3265 4349 4246 8568 6154 3878 7494 9568 4091 9699 2836 2042 4123 4156 2166 2101 4903 4093 1300 7605 569 4564 2913 9497 5689 5259 7001 3178 4908 8555 9253 9452 3931 936 5365 1367 1596 6575 
30 9861 5046 92 3705 9551 7848 9875 2192 3624 8474 6517 614 7490 4907 2964 3157 6709 5725 5459 5870 5548 9765 8225 1022 1136 3403 6279 5681 2149 3082 
41 6556 8575 5229 7086 5351 456 1238 3619 3625 3604 1888 420 7468 4289 5533 545 3955 9855 9249 8855 5198 2309 5989 3432 8082 9509 7023 5799 9715 6774 8323 692 485 181 4228 7386 852 2850 6625 419 4331 
35 6440 2337 8642 5568 9309 3695 7025 1845 4868 7632 535 9801 5630 6333 8809 3497 7140 9859 9623 5341 9301 8836 2177 113 4297 4437 6028 1697 1106 6390 6133 5044 3107 1921 7207 
29 2863 1572 3671 7621 3847 2258 1996 513 9893 5567 7129 6290 6455 8962 708 6209 1454 6201 1518 41 3451 2716 9767 5609 4353 4956 6969 3555 2288 
24 7080 3216 9872 7132 90 466 5010 6433 6066 1586 5140 2612 8045 814 9065 1576 7616 4646 2567 5231 7319 9768 1298 2894 
32 9933 2135 873 4677 1003 3488 9278 6601 4932 6080 7465 4485 5300 808 2778 2046 2104 8749 8002 641 5586 4872 8011 7817 3148 1638 5481 4585 6898 9255 697 63 
54 5604 8220 7914 1769 6600 1113 7979 1983 144 9522 8052 6925 6275 1776 1025 6767 5783 4553 1276 6658 319 9704 7785 8899 1933 5913 650 2886 9846 8869 9088 5271 1984 6165 9843 2356 3655 5981 6771 4326 4108 4287 2883 581 2329 1288 8024 4793 2371 9650 825 8180 4625 9600 
24 2603 7674 2805 4891 2163 9708 7488 8257 2609 4806 9028 9834 5544 366 4222 651 2478 2467 4791 3530 5240 5320 7162 3595 
43 1179 207 8544 5801 159 8447 8125 5771 8143 4318 2940 6756 2479 9907 6322 8752 3812 1147 2082 5962 1905 608 7070 4770 7780 797 9819 4267 857 7524 7052 859 517 9705 4811 4619 677 2895 7194 1315 4690 7260 6090 
45 3060 6197 8561 2830 7047 2351 3119 9460 1339 9930 9899 5436 1441 740 7072 6143 6176 2657 8883 4633 8871 6904 4280 1713 3605 8529 2708 8667 8900 7628 9807 9396 2742 9805 9148 4840 8658 3168 3522 2357 9724 202 4576 4901 2451 
47 1566 1574 4661 8267 9248 8791 4487 5411 5600 5782 782 729 1249 3271 30 669 4340 903 4051 904 8757 17 8171 3754 9162 4451 9783 4663 9519 8173 6370 4729 5992 8542 7517 8637 6943 5809 9774 6881 4257 578 7885 1551 3570 7272 582 
48 9738 6056 2209 3145 8724 5896 2801 8368 6622 8569 4116 3651 3803 7592 9889 6185 4833 8153 7802 5346 3437 6453 815 7700 6170 7221 8310 2022 1718 3351 1281 6408 1957 2731 2819 9679 9099 5398 7726 6397 7008 2031 1991 3901 6663 8819 3876 9138 
33 7318 3155 6638 238 6985 6500 6634 3541 8532 800 5748 7046 2538 3034 3928 9852 2453 9597 4173 7389 5019 9788 1939 240 5256 9698 2915 2481 2781 7399 9431 4978 5666 
41 9058 4119 6603 4466 9887 3628 9892 6738 3192 4630 4521 4640 219 1676 1082 6860 67 9876 6282 5546 7378 2714 4013 9259 1110 7224 2284 6702 9766 4961 77 9423 3072 5374 7997 2556 4965 4063 511 7756 6207 
45 8980 3782 5503 9891 6459 555 5619 9665 9585 9456 6277 2457 8993 5366 8055 9842 161 9871 1908 7816 4825 5579 109 8534 193 6963 9624 6957 942 4783 6325 8935 196 9759 6654 2848 9687 5948 3589 9388 6865 2678 9481 3143 341 
30 691 6042 8099 5262 9692 286 4236 4057 6200 4773 6409 1223 7948 5716 8621 756 9550 8363 2667 4196 3057 8891 3030 7839 9615 1345 8964 3285 4364 3708 
50 3516 9321 3363 7735 2847 5939 3856 4259 7173 3302 7636 7790 5051 2024 1133 6779 8410 5079 9477 9753 7338 356 9673 8707 3376 3790 6058 3621 72 1748 8 9125 154 6372 9108 4336 3163 6887 7595 2261 7788 3993 990 4954 2516 1327 3769 4605 1508 7326 
41 6933 7782 7828 3968 4922 3775 548 9257 1491 2394 6027 4323 9327 8211 9126 5854 7509 1879 4943 1392 2300 8129 4094 6526 8772 2302 9713 5391 6573 4380 8228 8880 7371 5489 2829 7772 7805 2969 4871 4821 2084 
29 6198 1415 7704 9885 6210 4669 3344 7018 5695 2315 9560 2419 5806 6400 4859 1953 7933 4296 3224 2434 2250 7683 1815 9637 287 8589 9558 2497 3080 
51 389 2524 40 1148 2384 8327 3907 6278 4587 8046 908 7259 5706 9242 9883 2552 6364 1189 9857 9845 4776 95 2508 6968 1341 247 2029 5980 4595 2974 2449 6937 945 1478 3750 2476 9335 8160 2197 894 2618 6415 5559 6068 8918 6404 3633 4235 3444 6730 9307 
40 1134 9925 3877 7639 9884 4966 4307 1865 5506 4251 9495 8848 689 2318 9736 989 557 5767 8095 1702 7333 6685 3002 9722 4038 8112 1347 1378 4571 4666 9620 5907 940 9586 7843 5372 1678 3422 2957 2994 
54 4904 8097 2652 5325 9561 3209 7793 1712 7183 2916 6032 8699 8936 9880 8076 3234 6084 323 6188 6069 4140 2100 9529 8562 2946 6999 3356 4602 9830 8336 2229 8420 8921 5463 5078 6858 1061 8788 4407 2533 20 6704 8660 3734 5650 574 8272 4461 6633 3956 8298 8307 7021 6091 
41 5455 8653 9229 974 4272 1668 4178 9593 7056 3622 7620 603 9824 580 9060 4637 9810 9779 2473 3252 279 6132 9105 7971 7497 1475 8456 9514 6911 7354 6248 9667 3930 4271 5110 1937 6532 9161 8768 9354 4275 
54 6130 8598 602 7901 2091 5388 6062 7650 9752 3266 9874 3300 9622 7960 9870 8289 7784 8944 1694 5509 2924 3506 9844 9448 7344 4045 9800 7859 9707 4277 6743 8908 7591 3046 3088 9331 9496 1506 5088 1841 1997 2063 9579 731 166 6823 2380 1313 6149 6142 6371 5690 5211 3808 
42 2995 9392 7937 5955 7606 5008 5608 2785 4088 791 7327 5578 3670 5963 6773 2780 1044 331 1352 7739 1504 6846 7053 7515 5531 7437 8684 5902 7687 607 4409 4608 4798 3940 6377 5092 6029 5712 8771 3334 2155 3818 
52 7643 2734 1595 5595 8492 610 5496 4432 9203 893 8655 3336 8147 7032 8159 3631 9575 6456 5661 4823 5830 1413 4815 4232 9387 379 3089 8198 4464 2676 6219 9749 6642 1514 8622 1277 374 5515 787 2976 6828 3354 5633 7677 1967 556 3668 3816 119 9555 4556 2388 
39 2921 1822 4777 8471 2036 5478 9864 9439 9222 2833 5306 8142 5132 4598 1358 1706 5373 8990 5505 3253 9776 9480 9676 1823 8496 7600 372 7019 714 7754 7332 4631 8018 4058 8151 4526 6952 4875 4644 
56 3183 7653 4473 7760 377 8183 9868 8434 2069 1779 108 5751 3172 6382 1961 515 1042 9856 5580 565 2955 1103 6418 7199 169 8031 5662 9011 8269 9017 7447 5750 6589 1379 1230 622 1989 2471 5085 2483 1546 6569 8174 3111 7477 856 3214 6533 1943 5928 2532 5042 4339 977 1637 8909 
46 2822 701 598 2396 9545 7387 7188 6849 8801 907 778 4402 133 9792 1936 1146 1050 7438 7889 1632 9758 4359 3666 1940 9746 6458 959 3206 9744 8084 5665 9524 6366 7508 8559 5466 1820 4913 4352 439 2400 448 2349 8265 8314 8636 
46 7678 9890 7229 3832 4260 3104 596 6720 7569 4951 9441 89 4503 3560 5310 3953 8418 2569 970 590 2782 8968 9300 799 7549 1847 863 9769 6398 6483 2006 5652 9734 8643 7095 7646 3935 1077 9193 6907 105 4984 1705 2099 3375 7502 
48 3153 3902 4634 2864 6214 9695 6151 2604 8503 3149 968 7707 6748 1554 9751 4716 5868 1264 4782 6651 8347 1261 9233 7919 3723 8926 4139 9312 1876 1272 1567 5816 5733 9611 4826 3509 5743 146 5872 8672 3988 4682 1385 9422 4643 4832 9510 5193 
47 9053 9159 9014 2711 4949 2297 9288 8462 930 7800 3040 996 5639 4079 597 4638 168 1852 1419 9311 3981 680 2817 7702 5727 5270 9668 2292 4043 6443 3539 4879 774 5923 5288 1335 2750 4537 6761 6447 8792 8986 8037 8387 3062 1773 9438 
57 6885 2586 9340 6956 5160 9718 7720 4060 9853 5278 3770 6276 5235 1089 620 5055 6552 6471 6996 3942 7099 5752 1894 361 8295 211 7823 3327 8186 3737 4372 7083 3445 4711 6568 3861 7895 7967 8243 948 6324 6833 7746 6013 3015 7166 7968 7246 2273 6524 1270 4256 265 6173 7187 7688 2879 
53 9822 3709 1753 9360 994 6578 2195 1558 2168 7603 8549 5144 8728 6037 5322 3362 6138 5036 4519 6976 9007 8591 855 3317 6438 449 9730 4719 6087 272 1334 7599 9318 7562 5225 3424 3800 4416 5337 8533 7807 843 65 8596 2123 8270 145 8062 7806 2936 2406 4184 5921 
41 2717 1788 5944 9791 9851 5570 3167 1883 51 9839 4019 642 6814 8145 954 5072 7271 733 2466 7168 1850 776 7226 2932 6071 8881 206 8079 3676 5792 818 9661 47 8893 491 3349 9444 4586 4135 7774 6172 
45 835 8424 654 1817 3491 1846 6425 8798 5304 1709 9411 1963 6048 3400 7836 9659 9587 1584 840 8396 490 424 6307 4441 46 4725 6803 7211 1722 433 7137 1859 3469 2824 2498 2510 7050 5526 3289 9152 2786 1399 4419 4747 4678 
53 3117 1577 1187 1125 698 9366 1704 191 5462 173 5784 9848 9725 4017 1602 431 9482 5124 2548 9072 8337 5024 2606 683 2743 2903 9763 7146 3662 9297 244 8735 4041 1072 6733 8719 3165 4209 7445 2545 25 5196 6153 9613 4981 9474 1727 7903 2530 2134 7315 7215 3767 
43 8232 1641 1377 2496 612 9850 2096 6697 4130 7237 3923 8446 8963 4161 66 4845 1383 4656 7676 2047 7292 6019 9574 7954 9402 2438 8428 6316 661 3081 6339 6832 7730 2737 9003 5774 3008 7294 2901 6942 496 8670 4915 
75 3160 681 4078 2993 8184 2765 7607 343 6221 365 5587 1525 6559 6553 9314 4263 5700 9442 5879 9260 5749 4857 4665 1647 7672 7928 5291 4284 8455 4379 1128 428 3390 6291 1774 6873 9552 2970 5540 3137 3470 3512 8401 1231 4814 3031 3638 4837 4399 9005 5087 2641 469 5753 1202 9691 11 8838 8556 2991 8203 5946 7125 3649 8979 3712 796 3758 172 9573 6564 5991 9343 1651 870 
55 6340 152 1938 8502 9031 3632 5241 6245 1186 1066 3903 9606 6030 1175 1608 4355 8293 9494 7105 7703 2558 4040 8258 7536 4921 7925 1102 877 9757 7750 6039 5246 9656 2455 7913 3691 137 2669 1372 2905 10 7048 8803 8776 7789 1105 7852 7174 3826 3381 2267 9410 1864 75 8696 
54 7849 8946 601 5673 3704 3247 6497 2793 9591 5903 6093 1670 5156 167 5045 833 7409 392 7209 1557 3553 4873 3609 2549 6220 5758 6594 14 2224 5539 222 1495 7353 2366 5762 7827 3221 897 3023 1500 442 2885 2203 6136 7741 1369 9358 1607 6842 4708 5851 9404 8629 7577 
55 7851 2851 4852 9211 3827 275 9243 1575 6794 7637 5682 4514 7412 3079 4377 5376 5223 8859 5426 8780 8223 758 3370 3499 8764 9209 7733 8196 2299 5640 6691 9269 5807 7659 7197 7977 4999 3948 4584 4681 4138 8782 427 9563 3652 8105 7923 6626 3872 8216 3529 1778 3634 4916 6491 
63 7833 3249 6152 2332 3772 7496 3501 7529 6970 8003 7698 3462 2614 3331 2013 2555 4636 397 5522 2439 2868 901 5253 1028 7597 2183 257 1226 1158 868 6191 5379 6611 7307 2951 6384 56 7994 6204 4305 4924 8331 9429 8208 1180 7940 8075 9686 3727 2264 7542 4995 3796 8953 7900 3645 6442 836 3857 1738 4712 9204 2518 
41 8172 7584 736 1051 8950 8540 780 906 9835 5282 8148 7831 4230 7763 1832 8599 381 1224 9726 2754 1426 4208 579 3230 3725 3572 5785 9004 9638 1254 8081 6052 7731 3328 9542 9505 8412 503 6537 5486 7641 
46 2139 4616 8178 5125 9272 2908 9833 6780 1853 1451 9390 2077 7757 4080 2256 6653 1828 649 5464 4836 5150 4202 2131 3773 1101 8086 4854 9102 4968 2875 9572 160 8810 5813 8516 3760 5734 3308 368 953 8092 6650 6055 7722 6632 233 
65 2870 3831 4974 929 1831 846 726 330 8565 3519 9831 7016 5683 5188 4673 6437 8620 3420 5772 7317 4348 2542 4900 7835 5687 391 2629 5413 5420 9703 7701 2893 5800 8787 8597 6451 4113 635 8242 8804 5841 8107 2128 8379 7582 4899 4606 9711 4772 2579 5649 4270 2638 7306 6577 1543 9476 7604 497 1015 6266 2807 8514 447 4188 
40 811 883 9818 3794 3246 2404 8007 178 7077 2845 3096 7265 3525 611 7626 4893 4439 748 6834 136 8357 2934 6840 6917 6899 2285 5101 9124 9576 2311 7810 480 9383 2189 3202 4345 3913 8548 6179 8465 
56 9141 4753 9594 7179 3505 3128 7235 6959 243 266 6523 3648 6606 2068 9368 3330 5279 7213 9809 6693 4376 239 3094 1483 4090 8915 4226 1353 3896 9283 6539 2108 5187 6758 148 4649 6346 8021 8405 7454 8998 3626 1912 9364 6534 9353 8712 2749 8061 1601 1295 5849 1150 869 3188 2681 
53 6781 4071 7313 2607 1271 3765 8740 5097 4169 1909 1917 9461 6470 926 9338 5090 9815 2928 2325 1988 9057 564 8482 510 6406 9717 1033 538 4404 9626 2723 6863 3372 9432 5338 7446 9693 728 2159 6109 3990 7339 1628 9680 9652 2427 79 2170 9349 3038 7422 8395 8311 
66 6430 4768 9742 4442 8282 6283 6504 7910 7598 2238 5875 4950 6615 1253 7931 5293 3254 5976 8912 4997 5659 9690 6263 9812 2651 9127 1723 1206 2370 3416 6368 1796 6386 2463 604 982 9570 3657 2475 8370 6617 4946 4752 9706 8444 2596 5754 3475 8664 5607 3070 5011 8922 5184 8818 5158 9557 8219 1404 3369 9041 9188 4767 2431 2480 4254 
53 1111 4967 9826 1700 2145 2141 9817 1659 9678 6866 4520 7472 3280 6460 5018 6434 8666 5367 3807 9739 8436 2800 8341 5786 1613 4470 5422 744 5038 8119 6939 9701 9684 3154 9181 4741 1951 7119 7457 8994 7544 5549 860 8731 4698 340 2291 4897 7861 1791 6680 4977 6014 
57 4759 8406 2803 1468 9336 3630 8851 9816 9120 3696 2218 1165 6816 8012 6427 8877 2547 1708 5647 3298 8413 9780 3686 3771 6114 9694 2342 7238 6439 2581 1606 3576 6403 4244 9471 8113 9294 6949 4330 3789 3282 9374 1731 8576 1812 4615 509 205 6495 4518 637 1473 7697 845 3554 3386 6164 
71 2223 3875 9488 8579 2442 34 7120 7117 4692 484 6919 383 1895 2961 4229 7455 9808 332 4064 521 4591 741 5405 5137 2495 9655 5847 9716 1457 5268 9712 5730 9119 8087 5199 8519 3085 1 4609 7578 7141 6827 9316 4405 3428 3749 5888 8229 9013 6636 9539 9450 4039 3447 2328 5615 2214 5261 7618 2571 6637 5729 5032 2959 7965 7921 5930 4111 2249 7348 5707 
40 7331 6936 1278 2965 6073 5020 2339 3186 4627 9267 1219 9798 5121 9375 2355 115 387 8996 2432 9683 8155 8116 9682 8408 2162 898 7998 7601 1786 4337 6169 6074 4890 451 4502 6960 3829 8351 7652 7555 
43 1250 2186 5460 9625 1639 5084 5510 3532 1020 9760 8760 3146 2255 5442 6449 5290 9618 986 7860 1761 5627 4570 4133 3466 3788 3999 8656 2688 4939 9357 9657 3483 186 4020 8846 2308 3421 4962 5050 6587 8945 126 5953 
64 2600 570 6796 9811 1325 6177 6123 738 9467 4313 3669 5157 3203 5964 7267 5289 4074 8149 6591 1719 5114 9424 2326 7558 4118 3824 5123 8495 3473 6689 6054 1087 829 1844 7797 9649 3739 9146 1646 2619 2529 1331 1443 7512 1583 6769 4993 4008 8554 1947 5795 6360 4532 8582 5215 8928 2911 8583 7608 5562 4771 3531 4418 5517 
63 3187 9820 2890 182 3972 7421 2263 6117 2736 5109 7985 9073 627 9803 1243 3151 174 888 1724 872 3127 1126 6024 7884 3393 6345 5075 6156 5804 8578 6075 64 2043 180 5617 1625 8230 5111 2543 1355 6700 6886 317 217 4403 8716 9631 9025 3527 8567 6002 8068 616 5985 2041 3138 6496 6737 696 518 6647 7063 973 
48 9581 9371 4322 6557 6982 5116 2253 5258 8878 6238 6098 5890 4092 1176 8826 6728 7321 1721 6768 6962 7181 1336 3000 6108 7818 520 5358 2621 821 3688 4150 7868 8535 1728 9022 1305 2505 2712 8522 587 5543 2143 8187 103 2528 1793 7747 1851 
64 5831 3592 4760 8039 4303 839 4122 915 8297 26 6155 6509 3612 9076 2841 6657 2053 8381 5435 8365 8873 9762 9324 1549 7078 4732 7531 9092 1618 1695 198 9681 4112 3641 3814 5239 6760 9647 3162 3263 1084 7825 3296 6831 1388 1129 8126 7619 3838 7602 4450 9523 7970 882 2828 8487 8585 4422 4680 1350 2804 6843 1868 7690 
41 7708 8399 7976 6313 919 9489 7891 3281 7675 8292 3780 9240 2373 6318 5488 1935 8035 924 189 430 7290 3944 1458 5479 6146 4555 4653 463 9516 9608 889 5864 6222 2054 3404 6012 2585 7978 2952 7470 3642 
51 3353 4804 3233 6488 1247 2554 9219 2573 9454 1260 1515 8937 7149 1689 8924 1784 8022 8911 2310 4243 1799 9677 1747 916 2014 1642 2235 4925 4288 5220 533 4351 3211 9616 1122 274 725 4744 8508 7092 7055 4319 823 1237 5527 2093 1010 8443 5836 2007 3517 
60 295 1359 9417 5941 328 4751 5545 4650 8356 9806 8193 8615 5705 793 8874 465 1545 5119 8511 4431 3986 3035 3548 8558 609 3584 3152 5299 3067 86 9409 6104 9596 1858 8023 536 3602 9644 6987 8612 2628 1987 1814 4024 1362 6592 4426 732 8606 4927 2537 7107 9023 8305 6358 3697 2306 2814 8317 411 
51 7883 625 1204 6980 7574 8654 4989 8166 8481 3385 3324 2305 3278 7323 7579 5940 1123 3283 5053 87 5425 9793 1023 8931 2397 4952 9216 5417 2686 8020 4218 2413 4743 8601 3004 7964 4886 827 4012 3426 1374 6293 5764 5882 3958 4699 4274 6217 8743 6480 2791 
45 1407 8624 6910 229 9033 5086 8697 7180 3118 8992 8711 6551 7349 4383 6310 7958 2408 9674 9671 2270 1450 8973 6736 3337 5641 6923 5328 2575 4342 4176 9348 8088 441 1209 3859 4412 4841 1464 6184 5736 8195 8978 2157 900 6974 
63 4611 4052 8698 4944 6231 1100 7020 6973 9123 2021 22 4938 4831 8573 3191 5480 7076 1389 8844 6763 7645 6809 4423 673 4813 1170 8254 9547 6540 4488 9617 5026 7514 5484 8217 1611 6045 8259 8016 7283 6020 7959 3597 7686 1617 4155 1017 8433 8802 4369 2257 8146 4479 8244 7856 2999 2441 9164 7123 2456 4963 5897 6810 
44 3016 9804 5483 3950 2410 7561 4293 7007 5428 9372 7363 3920 1636 4027 5040 9021 3960 440 4261 4911 9641 847 6126 3726 3270 7452 4912 8905 7501 5873 9198 6799 1874 6086 4746 6583 5747 4561 5667 7801 7478 7593 5621 2494 
51 4115 7256 1568 553 5136 810 7014 2323 5313 7383 2221 5499 703 1542 1433 8914 2233 670 7745 6824 8309 3166 5222 8391 1166 6582 8892 8448 2984 6998 3343 5399 7975 7635 9605 4210 876 3542 6782 5380 6251 1974 1119 7738 7090 5430 5375 4540 764 7718 277 
44 2038 8273 941 5446 7347 3439 2613 530 9771 8260 3507 5000 2076 9 7114 5067 4312 210 9630 759 7624 1043 6193 6549 6468 6641 1513 6805 757 4810 1782 7902 1328 3352 1594 8685 1762 3196 3583 5918 3840 8060 6264 5269 
55 3387 7995 9740 1425 7096 4766 3937 7475 5475 8717 8885 9795 4577 8206 3813 4684 8862 8808 1889 8857 7432 5818 3174 8616 55 2977 1303 4343 6749 6006 4713 9326 9513 2200 5493 5468 5431 1901 5563 8301 8181 3924 269 4971 7169 9305 3977 6239 7520 9508 8043 9320 5787 1001 1484 
55 586 7662 6021 2550 1038 9797 8625 8464 1398 2051 184 8933 7489 5556 1306 6300 8627 6160 6515 2474 644 5106 4906 1934 9389 8864 6836 5477 2287 7909 4240 2972 4482 5957 3885 4016 348 6381 5961 3864 2074 8451 5305 1375 312 892 3014 6503 6901 4947 6059 2119 5161 4354 3472 
52 1408 4801 688 8468 9790 5516 4639 2106 6105 4975 9235 9395 6747 3465 4190 1620 1132 5763 7664 1680 8499 6820 413 9750 9628 8538 8140 8139 5616 9009 1332 3933 5788 8354 9603 3022 5319 8929 195 4705 978 6909 9244 7156 9113 7705 3719 1323 2105 24 5432 3048 
51 7277 9787 6655 3201 3746 8261 8910 768 1076 2359 6304 1009 4350 9107 4174 400 3908 3144 1837 5904 2120 3453 2124 4430 7692 4365 2527 4839 9564 2462 5394 9295 4686 2871 7547 1343 4029 1107 7567 9061 9063 6541 695 5316 1108 5521 7644 3979 9045 1928 6269 
64 8044 671 3562 4393 3703 2154 4069 8577 1821 9084 4889 4500 9737 7743 7610 2097 7091 1309 4168 9332 8350 6213 6993 6192 5073 9185 6544 5606 512 3888 6365 9609 9098 5642 5880 7103 307 5708 6777 6064 1757 2515 3738 3843 7565 5684 6855 9486 2865 6981 5686 2065 8520 3614 3239 3478 7717 749 127 7951 8830 9001 3601 950 
55 5014 6423 2381 7297 6319 9785 5826 9627 721 9777 8651 8281 878 5597 6707 3515 7377 3434 8824 322 9081 8066 6253 1553 2560 475 7102 7556 1488 8200 3650 6306 2568 4406 4103 1296 7571 9319 3658 5576 9341 1570 2160 2454 4042 6713 6797 9208 2706 7089 1550 5569 5915 8268 4685 
54 3873 9284 7382 6891 9447 8906 3682 3323 4655 1795 9258 3238 7381 9781 2937 1679 1971 4375 3975 7941 3124 2818 1621 2500 716 4865 8587 1652 6387 4618 179 1164 6525 2816 9265 1663 1208 6194 7204 4324 3521 8104 9602 735 2336 1538 2721 7453 2844 8077 6798 8895 5294 561 
45 8858 138 9773 1760 5126 5390 8441 4758 9415 987 8493 9254 7291 5781 8089 4687 4028 6954 4892 3314 865 1459 9158 5497 5122 1376 226 2333 5139 4508 4234 4007 7034 8633 7857 7128 7523 3842 9170 3959 2501 2572 2094 3083 120 
62 7006 6347 7191 2756 3347 589 5901 8865 8050 2644 5596 7227 3427 3341 6162 3887 5821 619 5142 6233 2835 8917 8668 203 7753 9187 403 567 8332 7612 3382 5577 8190 1536 1886 9598 5419 241 444 8429 8671 7372 8570 3966 6122 5089 9206 3309 2089 8853 1811 3438 9277 3943 2211 7858 2834 396 2345 4224 3467 4600 
43 3922 2823 5030 9772 4248 6971 5159 2707 111 9733 6385 1589 3131 2720 6025 1144 4930 6941 2790 9672 3446 6837 2979 6323 6376 7206 505 2087 9578 1949 1200 9479 5933 1501 7905 1086 2115 3208 262 7463 9143 6303 6821 
49 8786 422 421 2212 4192 8421 5610 7249 4566 7880 1541 2679 4025 685 8262 6567 9728 6862 2020 9689 116 5451 8124 245 1382 2187 6521 7159 2341 4522 5174 2411 2070 7143 260 4982 1775 8030 7897 3559 1337 7551 6040 7711 652 5996 8376 1486 3653 
51 8995 5354 1942 3665 8983 5815 4824 4415 4710 6113 9263 3647 252 5887 6331 5523 9720 70 1292 8611 1085 5027 2739 6742 6462 2193 6350 7499 5205 4085 595 7428 2988 7093 7127 875 4987 8098 6896 7530 8382 8789 8706 7972 9201 2398 7770 8981 5593 8165 1470 
62 526 1965 8299 9443 23 3929 7787 5973 4660 9761 7957 9754 1093 4730 7375 2608 9745 9533 1194 2983 3715 3130 2511 6268 6145 5352 3834 1489 2877 1952 7242 6457 6915 3054 9091 4213 5943 254 5622 7898 5415 6964 9195 3967 2458 8580 8600 6070 7113 3200 9569 8169 296 6317 8648 4733 9221 7106 1263 806 1798 1981 
53 8709 7205 1312 5952 5528 446 3333 1860 7449 8841 4046 684 6485 1994 147 8970 8285 6215 2797 4446 7812 2646 6719 1929 4986 5808 1135 1726 6624 4424 2245 3805 324 4860 1684 6528 3732 9532 4269 1234 9541 9373 2880 1381 1155 9536 752 2751 2927 6431 6356 6667 2938 
45 4764 2648 1512 2090 5049 9286 6620 6237 1448 1239 8530 7773 4567 8264 3608 8245 6287 6672 7525 3721 2416 2859 1962 1321 1467 7043 5093 844 4120 8882 8942 3378 7314 6394 8525 4675 5663 9167 18 9032 9176 1287 5711 1975 7164 
43 1808 9328 4447 5326 1348 9756 3640 2526 4455 8063 8820 6750 7045 7401 363 5429 5803 9666 5646 8759 3142 8703 2490 7685 1090 5165 5858 1251 9062 1843 9210 4484 298 8388 1633 6631 9205 5009 1266 4291 1449 31 253 
58 9413 3511 4529 1210 294 1923 795 4082 9537 3722 1854 5433 3486 3556 2499 6436 6236 2179 7629 8477 1671 8325 9664 8821 6178 8661 249 6174 2973 5015 922 628 4199 2671 7587 6100 9430 6362 3287 8051 2206 8960 5295 299 5554 9566 9142 6034 3093 707 8102 2987 5120 6053 8527 2862 4346 6022 
47 9049 1109 5370 8394 1896 7648 8130 3811 4219 2914 6681 2846 2722 1301 2286 9660 3058 1182 5169 2184 2520 4599 8329 9359 3684 96 3129 6725 3408 6417 3222 3776 2662 8738 3133 6548 1497 1153 6289 9291 4510 809 9069 2926 1227 4580 3547 
35 934 1141 9543 9246 4805 9251 2971 2037 3763 3164 9590 3272 2745 2313 9059 3882 7268 4201 4990 8505 2153 5332 9325 7366 4285 1162 9503 8188 9399 5342 8058 1527 8117 7152 2088 
54 5233 5583 9755 4717 2570 9175 5207 6410 2664 3821 8274 8783 7038 4527 5407 4958 3637 7950 38 9654 1436 600 4180 2645 7779 9588 8773 6905 5003 3594 9534 5043 1732 483 1400 742 7507 7640 6934 7303 1274 3673 9493 1669 8127 5017 8747 7289 5538 3713 2627 7791 3274 891 
49 78 1387 4392 4066 3258 4507 2693 2228 170 5128 3735 7742 7232 2147 8663 9721 3443 1521 5742 2574 7374 4241 7473 8677 1493 6997 8437 1742 8231 9567 5605 3761 28 6107 4308 8430 3223 267 2443 5558 1005 6659 2405 8742 6688 344 7713 3779 6921 
49 1717 13 1660 7781 352 9190 6677 8439 7436 3267 4304 5912 1414 3741 8423 1064 3912 3678 9562 5592 2656 4582 2262 3360 9553 3325 478 5773 7027 7262 4499 3751 9530 3809 3969 8091 7266 1324 5710 8531 5180 2392 5155 1878 6260 7666 3661 2691 1509 
68 5057 8372 94 1191 1062 9584 8850 702 7638 7458 676 5005 7482 3275 5714 971 1592 964 209 311 8235 6256 3742 6033 4657 5397 5083 4136 1919 7312 1091 6908 2017 4160 1914 1461 5718 7044 318 8860 6726 9040 6621 9077 6877 8847 6110 5655 6775 5636 5977 8403 9230 9386 4225 155 7391 5892 9449 8888 9036 459 5234 5560 6986 8393 6838 6181 
44 9747 2241 6623 1862 2244 3264 8872 3442 3 6869 4005 1604 5654 8754 7691 4828 8458 1370 7024 871 7815 3892 2050 9179 9528 7476 7943 772 7710 1970 4778 7669 139 3307 1982 4462 1311 1869 349 5776 8202 7505 8940 1393 
51 7426 4077 5524 5837 4397 476 1437 8678 9095 2085 5945 7721 7842 132 3225 1342 4387 4089 4385 3724 4885 1899 8214 1460 7423 8106 8769 2314 8775 7792 5909 7656 2949 3073 4167 2110 8133 6494 2488 355 8459 97 5891 9237 1569 7548 8252 7139 2486 2383 7617 
41 660 8546 9662 7918 1614 9719 7777 8673 3182 6538 8154 7483 1326 3086 5403 7955 3055 4515 4215 7300 700 1783 6432 8610 4033 4129 5013 9521 4928 5421 6608 9472 458 6355 6560 8852 6825 4366 5677 3998 8779 
56 8849 1587 9727 1364 552 6168 2771 7278 2541 1730 4021 6813 3290 6085 237 3685 6829 2944 2551 4748 1771 639 4332 6895 8732 5746 1840 4693 4610 7999 1240 912 1710 8827 7357 2259 761 8800 4786 935 4668 4626 890 4816 3087 9132 712 2588 4362 8985 6254 4790 4884 2978 2784 8695 
40 7148 7613 8128 4796 7984 5082 4165 289 3544 9425 5074 8588 1242 3774 3313 7462 4941 3825 6648 911 3078 6206 9518 2602 3976 9199 6023 9137 3342 7786 668 3617 242 9468 963 9379 29 1966 5702 2553 
28 9111 2563 6227 2992 194 2919 4396 2426 4290 2412 7554 3983 5732 984 7167 9512 19 5979 807 162 5995 5437 4449 783 6501 4121 149 3510 
41 7633 9236 3044 874 1380 3411 8108 3049 8957 3804 704 9546 8572 4394 9380 7316 6535 8191 8552 2148 3795 7157 1552 8475 7075 7172 7778 999 7570 2118 6678 6789 5203 2196 2210 506 8344 4848 5657 4036 7342 
46 7576 4830 9685 7894 2252 5263 9385 1422 879 6348 9097 6379 6731 2375 3001 9394 8897 939 2744 2409 6708 5189 7942 1622 5584 6252 8813 5309 8665 5894 8288 4149 5741 6180 6946 2362 8313 6043 5469 5623 3874 6679 6281 7714 6273 983 
51 5465 7609 8730 766 4170 128 8919 7982 3867 2649 2048 462 2352 3851 3755 4858 2918 9393 6793 7680 4110 7304 6412 3262 9526 7400 8967 5869 1439 4934 2837 2695 6807 9140 1654 7217 3125 481 8563 3394 1649 6984 4253 6342 8014 7498 3627 3994 1685 2376 6661 
42 7427 3581 3911 7380 6935 3618 5895 7890 9621 2752 4629 4175 8954 3881 5166 5022 6267 2748 8840 1007 1749 2502 9250 3893 5648 6518 5393 7879 9144 8817 864 5625 8136 6391 3793 6723 5765 4613 826 4651 1995 1529 
39 2378 8407 8896 5967 2358 1898 2433 2435 6205 8812 3802 5900 9270 1435 4095 1444 8047 3454 5834 3456 858 8639 8384 8334 5135 5947 2369 9016 151 6259 7274 1018 4242 7073 1857 5824 2694 2072 6077 
40 7566 9675 4575 9491 4562 4931 3340 6472 8689 7484 6715 7071 9087 3606 5404 2825 2935 4835 3095 6106 2740 8226 8210 4054 3184 1213 5060 7208 2460 7041 5697 8705 8340 6852 8449 7658 1900 3498 5452 2856 
47 4398 3198 8383 7946 6729 2365 9131 6699 7865 3292 8746 7870 402 7915 4478 3480 2194 5401 7693 2274 1120 7336 1861 84 4504 3368 6272 339 376 3220 2704 1142 3700 4148 7126 3677 9511 1884 8059 3862 786 8411 4427 5217 7486 5286 3699 
39 2265 482 5703 2395 443 9027 5949 5671 9669 9238 6112 2331 190 3037 6473 4370 1307 5490 4204 2044 7949 8686 4749 143 5839 7276 2032 713 1054 7783 9401 8524 9369 4000 6489 9306 3910 4255 8179 
35 8551 3756 9635 3316 350 5349 5797 2391 792 9184 7513 6744 6978 8322 5434 2689 1792 8593 3315 3229 3839 8989 259 3730 8868 1075 7819 7920 7736 8359 5518 1041 3586 3084 6801 
28 8057 9696 862 7216 4311 9658 9634 2055 1034 2465 4179 4425 2682 5840 2428 8675 3889 5191 1803 7945 1384 3593 5190 7461 6880 8748 5719 4721 
24 6845 9648 9437 1836 110 9507 6977 8571 9345 4023 5335 1510 2277 2861 364 6116 6467 2655 4620 7252 8010 7228 1447 3135 
54 6669 7855 405 4794 8205 9646 1140 3919 817 8726 3783 33 4076 0 4452 9619 8469 5704 2009 1074 2030 21 6574 7108 258 1319 2857 3284 2151 2060 8713 492 4955 4492 3890 2379 8984 8138 246 176 4876 2958 6645 5004 7469 4203 3413 9086 6241 2597 5445 7360 1297 3577 
39 9155 2414 1539 8835 9640 6280 9599 3997 4621 7866 4672 4185 8541 6675 8318 4374 8253 5701 2948 1262 7532 412 1870 4902 5731 1047 3007 8419 2073 122 8467 410 8951 5364 2831 880 3996 1318 1686 
47 395 8669 1035 3533 1040 4568 227 5476 7384 130 1560 7543 8751 4784 375 9583 2027 1012 3871 6163 8316 3683 7765 6989 6918 1168 5547 353 7082 1524 2705 4100 7882 1494 7615 7196 3047 3276 1955 1645 7398 4863 5363 2317 1455 6593 542 
53 7822 1030 256 1330 434 8162 2144 3992 504 1236 4948 7845 9565 93 7296 1735 8251 7916 1897 1555 8974 1193 2802 5350 1564 4898 5550 2643 140 3121 9303 2004 8762 2237 2015 3978 3599 8975 3535 6940 303 5495 7433 4245 5264 6477 5025 770 1703 3257 5589 7444 1112 
39 8404 9038 7222 1956 554 9636 2578 1229 380 8036 1767 7390 5012 7415 4679 4822 972 5501 9089 3273 3982 8721 394 4985 7308 6684 7118 6492 7236 7829 613 2792 3569 3053 4536 2117 401 4265 7987 
39 8085 7175 2335 9632 4436 6284 1220 2746 9554 5146 5838 4158 6015 1360 715 4844 9247 7939 5791 1960 3635 2019 6701 8015 125 9487 3329 5098 1591 508 3395 7814 4528 1979 885 7892 5243 8647 5624 
30 9054 6046 9612 1267 3623 1907 3610 6522 3018 6572 135 2243 9365 5848 2278 2564 6628 4645 5628 5272 2492 6958 3414 9298 8069 7451 3591 2503 3140 6913 
29 804 9592 4151 6445 1758 2049 706 5307 5296 1477 1317 789 9502 3879 3837 5242 3728 8608 2665 3690 5602 853 9271 7434 6383 8676 2172 5381 6196 
34 9589 5149 8927 1924 9227 747 5115 3598 5298 2535 6922 629 8072 8834 771 4882 4869 6674 7059 2923 8536 5327 7589 8248 8094 1406 9483 100 5573 3032 5735 8923 9226 6131 
46 2156 2086 1893 5334 2599 8204 979 4314 7158 9540 8958 9078 5850 5105 6800 1092 9490 8278 909 1056 5427 3003 2666 7844 5202 9421 8688 2034 4838 4740 4310 8041 1656 4187 7573 6682 1729 5929 1008 2222 1699 7250 6420 8785 1031 7799 
33 957 2698 27 9117 3534 7329 5206 7151 6000 8250 1283 4788 5348 9504 7878 7560 5356 9050 1057 3574 5056 1346 398 285 6336 3244 471 5103 9275 3980 4849 3768 346 
35 7794 3169 8472 5209 1751 7042 5112 7481 7798 4560 1390 3680 4739 8681 6292 2840 4137 7393 1420 1354 261 6630 3989 5530 3546 4652 7863 7681 4378 9473 438 6144 2377 3613 8557 
36 1691 7115 8781 7335 1152 2343 3380 9096 4983 9531 5757 9317 2116 5768 5828 1650 9455 559 5487 5447 834 2660 5186 9465 1903 9337 591 4861 2023 6373 867 1534 5141 4731 767 723 
48 4574 1143 5532 9559 1059 6516 6402 7144 7485 9302 6710 3090 6309 8718 3489 8793 2039 1610 2947 8122 9035 8215 8722 6951 5993 918 2617 3894 5006 4471 8355 8490 153 9400 2821 3567 6884 9426 7285 5131 4991 488 4220 4102 3564 1463 1658 3900 
43 2766 7030 9166 4067 8234 432 5416 6819 9520 215 5382 1986 6705 9412 1825 7873 3020 1698 4132 2589 8115 1314 3061 4128 8630 6175 3674 2697 3013 5154 4648 7881 2307 2521 3371 6967 913 8704 5745 657 8209 284 8101 
29 6257 9440 3991 8170 5721 5529 1139 1631 6822 9500 4945 1329 8832 8335 6882 9370 529 8509 9469 3319 6900 1733 5866 5871 3017 423 5494 765 1827 
45 2996 8543 9515 2201 6844 7185 2232 5512 2917 8528 8700 925 8755 1320 1490 5852 3502 6945 539 6228 1137 2348 7013 6698 5076 7546 6079 2425 1781 1973 4321 2173 801 8537 2941 2592 6788 2898 3792 921 2002 6089 7904 7302 6101 
37 8246 2795 8364 1285 7715 221 5878 848 8238 8680 7419 59 5951 7906 384 7282 9029 7345 781 2576 5820 1452 2464 6692 4317 9252 9122 5982 4750 8947 1366 8692 9245 8473 6031 2787 2102 
43 8977 8286 3679 3694 1217 4252 9329 6703 2637 3644 1440 2738 8581 2161 9466 2316 5108 4583 1829 5265 9453 4421 4157 7564 9427 9419 9323 2839 842 6792 1286 7762 6035 454 6529 1284 8064 4920 7311 3526 8163 7255 2363 
28 9446 3235 687 3855 5696 4186 9485 6902 6817 4724 9451 9464 382 895 4855 1068 4177 5972 6119 52 8156 9234 1755 9000 8071 3338 7749 3561 
39 9445 9538 6931 4543 3681 8017 502 8875 6889 7699 7295 1053 7769 2236 3332 4278 1198 1344 2136 8008 6208 9299 917 6380 802 131 2889 5590 9276 9262 4162 5357 4787 7479 3012 658 4558 3357 6081 
31 6493 4607 7980 1787 7240 7405 3156 8483 8794 7727 3603 9458 7288 9261 1482 8489 5104 4477 8373 4862 2727 1161 3718 3916 8312 1159 4198 7017 7263 5922 1432 
51 7581 2469 5668 2860 2906 5308 8714 8966 3318 3731 3091 7538 7751 106 9186 7142 3158 5277 7661 9376 4062 4460 3797 8623 7771 3817 1948 709 8371 2675 1188 861 2204 4368 1294 7088 5594 1918 461 1780 6124 5672 7133 8300 4842 5034 3787 672 7862 4142 3689 
32 7545 7343 9506 5675 9459 8431 2876 3373 7709 3835 3364 7767 2522 1045 584 5347 2869 1736 4525 1225 5252 9156 6853 7410 3261 7821 3255 7420 1922 6067 7 2347 
36 3288 7186 3701 6664 6258 7724 5860 2506 1302 177 437 2624 3069 4641 9093 1423 9414 9367 9334 4779 7431 1070 1507 2125 5378 2219 775 9066 386 3714 7098 1945 4206 3965 8342 2190 
28 3210 1492 3833 2954 271 487 2459 850 8083 8613 3177 8586 2430 3757 2519 5224 2590 8943 1395 1069 4456 9292 6991 4737 9169 9114 4755 4781 
27 4980 7251 9492 1037 1036 3659 8733 4689 2685 3180 2324 6545 4328 514 4059 6009 6850 9083 6839 5444 1252 3485 3189 7535 4563 3217 4022 
22 2198 9213 9457 1121 2788 7459 4511 6721 6484 9290 234 3458 3939 9264 4894 5194 7160 8930 944 5143 8822 3097 
32 4494 8026 7397 2 6234 7244 2239 9052 304 4628 5724 4096 8006 8913 8691 2092 2982 5095 3672 4434 633 2445 2407 5931 6469 4846 4554 201 1438 8280 7504 7657 
36 773 3496 4797 1768 5185 7060 6864 1197 5520 571 1890 3733 6464 2138 236 3019 6296 1693 313 1643 9363 8296 5096 8861 1244 6367 6772 3786 8276 5688 2112 7684 6349 1157 3115 8212 
36 8152 3551 3899 544 9408 7442 663 3405 1124 2775 7286 2058 5368 5438 710 6129 2354 8886 9256 406 5504 693 3108 369 2663 2910 4143 3852 9070 3945 7550 7225 2733 2180 1605 7067 
40 3720 5557 9428 8766 9165 7572 4221 7054 6994 1944 1411 8389 425 902 5769 9308 8040 4992 3629 9068 805 7696 1885 522 1453 367 938 5924 3639 1088 3820 5884 507 1619 6247 1273 562 3736 5572 4333 
33 5966 5345 2858 1675 2350 4926 4195 9382 9115 2126 1969 6746 5052 3346 204 965 99 7012 998 3961 8221 6714 2485 1403 4493 5389 905 524 1480 8304 4498 5362 988 
41 474 8207 7395 7031 8710 1021 4068 3921 5153 7744 6961 4400 3702 6718 5726 5210 4579 886 452 3194 9090 2320 4344 9012 4547 6115 7623 7258 4448 7493 3753 9196 1114 4549 6223 3927 8866 1523 5179 2605 4429 
32 4662 523 1365 6778 1562 1588 208 1794 4914 7443 3241 6486 6187 3269 6665 7130 2010 2540 1535 9232 1616 101 5692 3359 8291 2045 6199 2696 3365 6297 7193 4233 
26 8961 9420 997 1548 1920 3798 5219 9280 9279 7058 1517 2757 407 4843 1640 4704 4475 8056 1190 1582 5047 5094 2035 329 5164 7145 
21 5997 4200 6102 8884 5585 200 664 5152 830 5958 8034 2899 6938 646 7585 2726 342 2361 6401 8457 4073 
38 5130 4701 6461 5213 8080 5031 2012 1818 9079 291 718 7352 359 4988 8284 6612 4919 7557 6502 5842 4883 6565 7200 3895 7500 3113 3596 4847 755 4812 6195 7510 763 8233 7716 5283 6604 8674 
38 5383 7487 1196 7752 338 5400 1681 73 1095 1412 6859 5138 943 2960 3388 2011 1002 8013 5249 7429 71 6010 3321 3974 3147 8279 5048 1156 4070 5236 1265 326 1502 2580 495 1065 1561 5626 
33 3181 457 336 7929 3005 2140 60 3429 6230 5071 5935 1269 1849 7503 7466 2826 7596 8507 7846 1544 6063 3065 9207 5230 7834 1906 2806 2133 992 6739 2127 4604 5414 
45 9136 68 656 2512 1410 9224 2293 4622 5968 678 1257 8266 3537 6566 6826 6990 6359 107 8256 2064 1609 5502 6979 4444 5474 8652 7243 4153 9287 8605 4603 4420 2171 2220 5214 6841 3886 4541 1741 6083 8491 967 1563 3964 7293 
42 5336 5756 5865 3643 4239 7279 2353 6444 1644 7430 6580 7719 5925 679 7896 1932 2674 1657 1882 841 9362 3865 7328 9228 3228 4382 2967 8109 585 9047 8614 6861 2945 1195 7808 8321 302 1565 6127 6870 8795 2081 
45 3179 1060 6265 2747 2018 9055 7379 6419 7392 9406 117 141 1039 8988 1256 4497 4544 1233 594 3110 2276 2121 3449 6757 2615 8796 8422 1409 4335 2753 3463 5541 2231 6802 3293 1941 2684 3822 4357 2420 7325 3245 7170 1026 6514 
37 2583 3693 1531 5898 2933 2482 3866 1597 5598 5829 5251 605 3573 6395 5353 4264 1259 5064 7761 3565 1172 3134 1308 6450 8550 157 4614 6315 4035 1338 599 985 6232 8161 7241 8767 1116 
41 2202 4754 7871 2777 7230 7109 5910 931 6876 5182 9416 9391 7872 5177 3243 9044 2989 734 1218 4124 5192 4440 6586 4262 76 4612 3849 7712 4546 388 6924 3869 5287 2447 4056 4654 1578 2344 4513 7506 631 
21 6671 1734 1505 6790 4391 9356 3917 3297 3335 1203 8828 7111 4147 225 8939 7388 6414 4706 2026 8856 4211 
34 6597 314 910 4386 3410 2768 5102 290 5023 7135 360 1688 7122 6183 4818 5601 6044 2114 305 751 3897 7124 3747 7622 8843 8837 8702 5331 4596 6527 6505 7826 6285 3052 
28 1424 4994 417 854 4769 2005 5713 2562 8889 54 9178 7039 57 6147 7853 5409 6930 1391 4496 3213 6649 2227 2798 255 7732 500 1471 6558 
32 8432 1805 5077 4870 3987 4957 273 9384 7528 4227 4001 1016 4495 8634 7299 3587 4134 3277 3392 2178 4696 3819 4438 6512 3109 4191 8414 248 1246 6695 4299 8303 
32 1067 4214 8237 6421 7061 1160 8488 8553 5862 4457 8904 2680 1692 790 7257 4281 2943 9217 838 7953 3806 7171 2872 1456 6607 494 4509 6466 8480 8367 7832 1394 
31 4338 5653 3027 7394 1590 5942 3064 3268 6983 1178 3557 7147 1430 5167 3326 4273 2334 8263 6562 4194 4953 7671 6097 8466 1972 2724 958 5720 2364 6343 4763 
28 9378 2169 1080 1964 5066 2701 5542 9350 2322 1149 2525 2931 9067 5059 7407 5817 1280 3963 6166 981 7155 5081 5810 4738 1763 923 8028 2639 
41 4390 534 49 479 1205 896 3518 3150 4910 952 3391 7667 6150 5525 1138 9339 5355 1871 546 5314 300 4565 527 228 8512 7740 7247 6892 1145 1662 1856 8348 3389 1094 7033 2631 2692 7218 2929 3068 3204 
26 7026 8053 9139 3036 9241 81 6411 1487 8249 980 5369 4413 2176 7651 9056 2998 3011 2811 4727 7912 8758 6712 4557 1720 2312 3077 
43 6610 5934 6888 4802 3350 8324 3844 1737 7625 5855 4867 5744 899 9121 5670 8649 8641 2601 3654 5843 9231 1096 2725 5983 7334 2647 1526 5281 9118 4011 7112 1063 6072 1530 8175 1173 8999 3552 762 2113 1351 7040 3740 
27 8177 7439 5965 5129 7526 4550 2489 3905 8687 2832 5183 7755 468 6666 4489 2867 6026 3063 2730 3692 4109 1169 8029 5899 5385 7079 4742 
36 3361 5984 5908 7361 3348 5218 499 36 2477 8638 5297 6914 7876 2808 5699 4401 3484 7370 686 5080 5874 7809 5833 8390 3514 9002 4723 6629 3026 4700 7212 335 8425 4534 3880 370 
32 9361 3051 6250 16 5244 9310 4205 8377 2403 4588 2132 2595 5508 8628 8602 3431 7068 1880 7838 6018 8352 6082 6298 4098 8650 3461 920 1892 112 588 3419 1581 
31 498 3575 1976 1926 1049 1465 8277 2755 5151 1674 3500 8369 648 4720 1915 4266 6927 2878 2577 6878 8814 2534 5994 8560 6448 3568 5443 1511 887 5340 2321 
40 5846 8903 5938 1014 9352 2003 4050 5148 309 7723 7679 949 7203 5883 4302 7467 4356 2794 3195 8517 4004 4247 4864 1980 7614 1683 5514 3925 2760 6590 3310 3435 231 914 4761 5978 1469 8283 6965 7813 
28 9104 4126 9268 6255 1913 4887 2429 8727 6676 8004 3784 6329 2415 9153 7847 1349 532 3105 8815 4212 4667 2852 7005 7346 5581 4125 3884 884 
36 7015 5555 4808 6635 8778 8438 7084 7575 9304 4018 15 4152 4942 606 4231 1245 6369 7768 5176 1759 6328 3777 3487 3850 2909 615 4223 7766 5811 7706 1866 7385 7725 2130 325 5614 
25 8934 7011 5472 6003 6363 2129 4015 975 1299 690 8518 6550 2142 409 2843 7748 4163 6893 881 4101 4538 3971 1848 1789 4800 
29 8227 4996 8797 7689 667 3126 1600 357 3785 5133 4726 3863 2052 4443 3846 5770 2610 7150 8842 7298 1838 2424 7962 7035 1496 6953 1013 7365 7273 
16 1556 5740 4327 5028 2799 8131 5311 3743 643 8807 6706 8498 1221 6334 6353 6050 
24 2152 7358 6416 9042 9128 6407 4480 6312 1839 9182 8976 1630 2040 3415 3926 5330 4551 2981 4756 4970 2653 645 583 6326 
17 4765 5917 1241 3707 8445 4104 4183 6049 7406 8938 6735 1029 8378 4371 5248 3043 1950 
22 8415 7611 9273 5117 4476 5 6393 1770 1777 2470 5343 6361 3304 7993 8894 831 3828 1873 1819 7184 8319 2593 
11 9223 8737 1127 5168 8761 6426 7893 6851 418 2226 1117 
22 7402 1192 9075 158 53 35 4486 232 2242 3854 8478 8920 8723 7580 8025 3398 8358 2207 6644 6078 2111 414 
27 1807 9202 3476 5534 4034 3291 779 3139 3845 5318 6618 3479 1593 6244 5070 6225 5100 223 5905 3543 7663 8137 3941 6375 3401 4676 1537 
13 1746 5315 8001 5170 358 4193 8617 3286 6711 4617 1968 3477 7630 
15 3460 8134 4458 3367 1462 4181 7952 2057 3545 1228 2986 4081 3132 6741 5037 
18 2000 3099 540 3396 9150 4031 3212 5068 4856 1104 2230 2513 7935 5694 39 7877 32 7491 
20 8952 4238 6857 429 1835 1745 1429 5632 659 3898 8831 6652 5739 1707 3791 6856 1000 5793 560 6224 
21 5069 8073 4803 1275 9130 4909 3744 164 8328 4315 8460 7981 2175 1304 1011 373 7131 1248 1163 7776 7340 
6 8566 1282 4044 8067 7195 3563 
23 6595 5886 1772 1520 7116 1985 6995 813 4722 4298 3528 1368 3513 927 5312 8679 2281 4880 1872 8224 753 4292 3407 
13 563 4535 4006 1863 69 5301 4483 4559 7190 6609 5440 4047 7522 
7 6186 5975 6847 4363 7305 7284 7811 
14 5564 5881 3932 6092 2205 6351 6764 7660 8042 150 1207 2078 5906 199 
20 8969 8513 8118 9019 1499 3582 5333 9129 7177 4834 3836 4030 216 5796 4969 572 8506 8005 4774 7037 
26 2813 665 3914 5247 8829 7867 3009 3764 4917 8594 1547 8201 185 5916 1174 1222 5406 4003 5760 4306 4542 1519 2028 2763 7875 3379 
23 1816 5511 7922 7516 2304 7351 7367 8890 1417 5574 2920 4597 6128 5303 4395 8646 8486 576 8150 4929 6531 6171 2122 
11 3312 3260 8949 4279 5461 3858 4048 230 5802 5035 5238 
8 6482 4734 7840 4545 1603 1904 8463 8213 
17 6475 7219 2769 5237 61 6563 4530 2710 8454 2642 4524 3520 7202 3205 2083 7036 2735 
17 6928 8745 6871 1809 5680 1055 3114 7944 2838 5457 2853 5439 1167 8182 7163 5384 995 
9 4937 3781 6474 5181 5759 4117 5969 1151 1516 
7 5377 4718 745 7369 6752 720 5856 
8 5127 1750 2301 5228 6616 794 6218 134 
8 7969 961 5999 2468 956 6274 7356 1258 
3 4217 6519 6944 
10 9039 1855 1612 2346 2673 4282 2531 3103 5163 6547 
7 2963 82 3536 385 6686 2450 3299 
5 1131 5857 6446 3830 4745 
2 4795 4472 
3 3949 5323 308 
2 8320 2536 
0 
0 
0 
0 
0 
0 
0 
0 
0 
0 
0 
0 
0 
0 
0 
0 
0 
0 
0 
0 
0 
0 
0 
0 
0 
0 
0 
0 
0 
0 
0 
0 
0 
0 
0 
0 
0 
0 
0 
0 
0 
0 
0 
0 
0 
0 
0 
0 
0 
0 
0 
0 
0 
0 
0 
0 
0 
0 
0 
0 
0 
0 
0 
0 
0 
0 
0 
0 
0 
0 
0 
0 
0 
0 
0 
0 
0 
0 
